AccessList,AccessMask,Account_Domain,Account_Name,Caller_Computer_Name,Caller_Domain,Caller_Logon_ID,Caller_Machine_Name,Caller_User_Name,CategoryString,Change_Type,Channel,Client_Address,Client_Domain,Client_Logon_ID,Client_Machine_Name,Client_User_Name,CommandLine,Computer,ComputerName,Description,Domain,Error_Code,EventCode,EventData_Xml,EventID,EventRecordID,FileName,Group_Domain,Group_Name,Group_Type_Change,Guid,HandleId,Image_File_Name,IpAddress,IpPort,KeyFilePath,Keywords,Level,LogFileCleared_Xml,LogonType,Logon_Account,Logon_ID,Logon_account,MandatoryLabel,MemberName,Member_ID,Member_Name,Message,Name,NewProcessId,NewProcessName,New_Account_Name,New_Domain,ObjectName,ObjectServer,ObjectType,Opcode,ParentProcessName,Primary_Domain,Primary_User_Name,PrivilegeList,ProcessID,ProcessId,ProcessName,Process_Command_Line,Qualifiers,RecordNumber,RenderingInfo_Xml,ResourceAttributes,Security_ID,Source_Network_Address,Source_Workstation,SubStatus,SubjectDomainName,SubjectLogonId,SubjectUserName,SubjectUserSid,Supplied_Realm_Name,SystemTime,System_Props_Xml,TargetDomainName,TargetLogonId,TargetProcessName,TargetServerName,TargetUserName,TargetUserSid,Target_Account_ID,Target_Account_Name,Target_Domain,Target_Server_Name,Target_User_Name,Task,ThreadID,TokenElevationType,Token_Elevation_Type,Token_Elevation_Type_id,User,UserData_Xml,User_ID,User_Name,Version,Workstation,WorkstationName,Workstation_Name,_raw,_time,action,app,authentication_method,body,category,change_type,dest,dest_nt_domain,dvc,dvc_nt_host,event_id,eventtype,file_name,file_path,host,id,index,linecount,name,new_process,new_process_id,new_process_name,object,object_attrs,object_category,object_file_name,object_file_path,object_id,parent_process,parent_process_id,parent_process_name,parent_process_path,process,process_command_line_arguments,process_command_line_process,process_exec,process_id,process_name,process_path,product,punct,registry_path,registry_value_name,registry_value_type,result,service,service_id,service_name,session_id,severity,severity_id,signature,signature_id,source,sourcetype,splunk_server,splunk_server_group,src,src_nt_domain,src_port,src_user,src_user_name,status,subject,ta_windows_action,ta_windows_security_CategoryString,ta_windows_status,tag,tag::Token_Elevation_Type_id,tag::action,tag::app,tag::eventtype,tag::object_category,tag::sourcetype,user,user_group,user_group_id,user_id,user_name,user_type,vendor,vendor_privilege,vendor_product
,,,,,MMM,,,ppppVWBXADC02$,,,Security,,,,,,"""C:\Windows\system32\WindowsPowerShell\v1.0\PowerShell.exe"" -Nologo -Noninteractive -NoProfile -ExecutionPolicy Bypass; Get-DeliveryOptimizationStatus | where-object {($_.Sourceurl -CLike 'http://localhost:8005*') -AND (($_.FileSize -ge '52428800') -or ($_.BytesFromPeers -ne '0') -or (($_.BytesFromCacheServer -ne '0') -and ($_.BytesFromCacheServer -ne $null)))} | select-object -Property BytesFromHttp, FileId, BytesFromPeers,Status,BytesFromCacheServer,SourceURL | ConvertTo-Xml -as string -NoTypeInformation",ppppvwbxadc02.mmm.hhh.ggg,,,,-,4688,"<Data Name='SubjectUserSid'>NT AUTHORITY\SYSTEM</Data><Data Name='SubjectUserName'>ppppVWBXADC02$</Data><Data Name='SubjectDomainName'>MMM</Data><Data Name='SubjectLogonId'>0x3e7</Data><Data Name='NewProcessId'>0x2588</Data><Data Name='NewProcessName'>C:\Windows\System32\WindowsPowerShell\v1.0\powershell.exe</Data><Data Name='TokenElevationType'>%%1936</Data><Data Name='ProcessId'>0x15e4</Data><Data Name='CommandLine'>""C:\Windows\system32\WindowsPowerShell\v1.0\PowerShell.exe"" -Nologo -Noninteractive -NoProfile -ExecutionPolicy Bypass; Get-DeliveryOptimizationStatus | where-object {($_.Sourceurl -CLike 'http://localhost:8005*') -AND (($_.FileSize -ge '52428800') -or ($_.BytesFromPeers -ne '0') -or (($_.BytesFromCacheServer -ne '0') -and ($_.BytesFromCacheServer -ne $null)))} | select-object -Property BytesFromHttp, FileId, BytesFromPeers,Status,BytesFromCacheServer,SourceURL | ConvertTo-Xml -as string -NoTypeInformation</Data><Data Name='TargetUserSid'>NULL SID</Data><Data Name='TargetUserName'>-</Data><Data Name='TargetDomainName'>-</Data><Data Name='TargetLogonId'>0x0</Data><Data Name='ParentProcessName'>C:\Windows\CCM\CcmExec.exe</Data><Data Name='MandatoryLabel'>Mandatory Label\System Mandatory Level</Data>",4688.0,26119762,,,,,,,,,,,0x8020000000000000,0,,,,0x3e7,,Mandatory Label\System Mandatory Level,,,,,'Microsoft-Windows-Security-Auditing',0x2588,C:\Windows\System32\WindowsPowerShell\v1.0\powershell.exe,,,,,,0,C:\Windows\CCM\CcmExec.exe,,,,'4',0x15e4,,"""C:\Windows\system32\WindowsPowerShell\v1.0\PowerShell.exe"" -Nologo -Noninteractive -NoProfile -ExecutionPolicy Bypass; Get-DeliveryOptimizationStatus | where-object {($_.Sourceurl -CLike 'http://localhost:8005*') -AND (($_.FileSize -ge '52428800') -or ($_.BytesFromPeers -ne '0') -or (($_.BytesFromCacheServer -ne '0') -and ($_.BytesFromCacheServer -ne $null)))} | select-object -Property BytesFromHttp, FileId, BytesFromPeers,Status,BytesFromCacheServer,SourceURL | ConvertTo-Xml -as string -NoTypeInformation",,26119762,,,,,,,MMM,0x3e7,ppppVWBXADC02$,NT AUTHORITY\SYSTEM,,'2026-05-19T12:08:39.642941400Z',<Provider Name='Microsoft-Windows-Security-Auditing' Guid='{54849625-5478-4994-a5ba-3e3b0328c30d}'/><EventID>4688</EventID><Version>2</Version><Level>0</Level><Task>13312</Task><Opcode>0</Opcode><Keywords>0x8020000000000000</Keywords><TimeCreated SystemTime='2026-05-19T12:08:39.642941400Z'/><EventRecordID>26119762</EventRecordID><Correlation/><Execution ProcessID='4' ThreadID='8788'/><Channel>Security</Channel><Computer>ppppvwbxadc02.mmm.hhh.ggg</Computer><Security/>,-,0x0,,,-,NULL SID,,,-,,-,13312,'8788',%%1936,%%1936,1936.0,,,,,2,,,,,2026-05-19T08:08:39.642-0400,allowed,win:unknown,,,,,ppppvwbxadc02.mmm.hhh.ggg,,ppppvwbxadc02.mmm.hhh.ggg,ppppvwbxadc02,26119762,endpoint_services_processes windows_endpoint_processes windows_event_signature windows_process_new wineventlog_security wineventlog_windows winsec,,,ppppvwbxadc02,26119762,occs-sss-windows,1,A new process has been created,C:\Windows\System32\WindowsPowerShell\v1.0\powershell.exe,0x2588,powershell.exe,,,,,,,C:\Windows\CCM\CcmExec.exe,0x15e4,CcmExec.exe,C:\Windows\CCM\CcmExec.exe,"""C:\Windows\system32\WindowsPowerShell\v1.0\PowerShell.exe"" -Nologo -Noninteractive -NoProfile -ExecutionPolicy Bypass; Get-DeliveryOptimizationStatus | where-object {($_.Sourceurl -CLike 'http://localhost:8005*') -AND (($_.FileSize -ge '52428800') -or ($_.BytesFromPeers -ne '0') -or (($_.BytesFromCacheServer -ne '0') -and ($_.BytesFromCacheServer -ne $null)))} | select-object -Property BytesFromHttp, FileId, BytesFromPeers,Status,BytesFromCacheServer,SourceURL | ConvertTo-Xml -as string -NoTypeInformation","-Nologo -Noninteractive -NoProfile -ExecutionPolicy Bypass; Get-DeliveryOptimizationStatus | where-object {($_.Sourceurl -CLike 'http://localhost:8005*') -AND (($_.FileSize -ge '52428800') -or ($_.BytesFromPeers -ne '0') -or (($_.BytesFromCacheServer -ne '0') -and ($_.BytesFromCacheServer -ne $null)))} | select-object -Property BytesFromHttp, FileId, BytesFromPeers,Status,BytesFromCacheServer,SourceURL | ConvertTo-Xml -as string -NoTypeInformation","""C:\Windows\system32\WindowsPowerShell\v1.0\PowerShell.exe""",powershell.exe,0x2588,powershell.exe,C:\Windows\System32\WindowsPowerShell\v1.0\powershell.exe,Windows,<_='://../////'><><_='---'_='{----}'/><></><></><>,,,,,,,,0x3e7,,,A new process has been created,4688,XmlWinEventLog:Security,XmlWinEventLog,bbbbbsplunkes03,,,MMM,,ppppVWBXADC02$,,success,A new process has been created,failure,,,"execute
os
process
report
security
start
track_event_signatures
windows",,,,"execute
os
process
report
security
start
track_event_signatures
windows",,,ppppVWBXADC02$,-,,,,,Microsoft,,Microsoft Windows
,,,,,MMM,,,ppppVWBXADC02$,,,Security,,,,,,"""C:\Windows\system32\WindowsPowerShell\v1.0\PowerShell.exe"" -Nologo -Noninteractive -NoProfile -ExecutionPolicy Bypass; Get-DeliveryOptimizationStatus | where-object {($_.Sourceurl -CLike 'http://localhost:8005*') -AND (($_.FileSize -ge '52428800') -or ($_.BytesFromPeers -ne '0') -or (($_.BytesFromCacheServer -ne '0') -and ($_.BytesFromCacheServer -ne $null)))} | select-object -Property BytesFromHttp, FileId, BytesFromPeers,Status,BytesFromCacheServer,SourceURL | ConvertTo-Xml -as string -NoTypeInformation",ppppvwbxadc02.mmm.hhh.ggg,,,,-,4688,"<Data Name='SubjectUserSid'>NT AUTHORITY\SYSTEM</Data><Data Name='SubjectUserName'>ppppVWBXADC02$</Data><Data Name='SubjectDomainName'>MMM</Data><Data Name='SubjectLogonId'>0x3e7</Data><Data Name='NewProcessId'>0x1d5c</Data><Data Name='NewProcessName'>C:\Windows\System32\WindowsPowerShell\v1.0\powershell.exe</Data><Data Name='TokenElevationType'>%%1936</Data><Data Name='ProcessId'>0x15e4</Data><Data Name='CommandLine'>""C:\Windows\system32\WindowsPowerShell\v1.0\PowerShell.exe"" -Nologo -Noninteractive -NoProfile -ExecutionPolicy Bypass; Get-DeliveryOptimizationStatus | where-object {($_.Sourceurl -CLike 'http://localhost:8005*') -AND (($_.FileSize -ge '52428800') -or ($_.BytesFromPeers -ne '0') -or (($_.BytesFromCacheServer -ne '0') -and ($_.BytesFromCacheServer -ne $null)))} | select-object -Property BytesFromHttp, FileId, BytesFromPeers,Status,BytesFromCacheServer,SourceURL | ConvertTo-Xml -as string -NoTypeInformation</Data><Data Name='TargetUserSid'>NULL SID</Data><Data Name='TargetUserName'>-</Data><Data Name='TargetDomainName'>-</Data><Data Name='TargetLogonId'>0x0</Data><Data Name='ParentProcessName'>C:\Windows\CCM\CcmExec.exe</Data><Data Name='MandatoryLabel'>Mandatory Label\System Mandatory Level</Data>",4688.0,26117198,,,,,,,,,,,0x8020000000000000,0,,,,0x3e7,,Mandatory Label\System Mandatory Level,,,,,'Microsoft-Windows-Security-Auditing',0x1d5c,C:\Windows\System32\WindowsPowerShell\v1.0\powershell.exe,,,,,,0,C:\Windows\CCM\CcmExec.exe,,,,'4',0x15e4,,"""C:\Windows\system32\WindowsPowerShell\v1.0\PowerShell.exe"" -Nologo -Noninteractive -NoProfile -ExecutionPolicy Bypass; Get-DeliveryOptimizationStatus | where-object {($_.Sourceurl -CLike 'http://localhost:8005*') -AND (($_.FileSize -ge '52428800') -or ($_.BytesFromPeers -ne '0') -or (($_.BytesFromCacheServer -ne '0') -and ($_.BytesFromCacheServer -ne $null)))} | select-object -Property BytesFromHttp, FileId, BytesFromPeers,Status,BytesFromCacheServer,SourceURL | ConvertTo-Xml -as string -NoTypeInformation",,26117198,,,,,,,MMM,0x3e7,ppppVWBXADC02$,NT AUTHORITY\SYSTEM,,'2026-05-19T11:23:38.451513200Z',<Provider Name='Microsoft-Windows-Security-Auditing' Guid='{54849625-5478-4994-a5ba-3e3b0328c30d}'/><EventID>4688</EventID><Version>2</Version><Level>0</Level><Task>13312</Task><Opcode>0</Opcode><Keywords>0x8020000000000000</Keywords><TimeCreated SystemTime='2026-05-19T11:23:38.451513200Z'/><EventRecordID>26117198</EventRecordID><Correlation/><Execution ProcessID='4' ThreadID='11668'/><Channel>Security</Channel><Computer>ppppvwbxadc02.mmm.hhh.ggg</Computer><Security/>,-,0x0,,,-,NULL SID,,,-,,-,13312,'11668',%%1936,%%1936,1936.0,,,,,2,,,,,2026-05-19T07:23:38.451-0400,allowed,win:unknown,,,,,ppppvwbxadc02.mmm.hhh.ggg,,ppppvwbxadc02.mmm.hhh.ggg,ppppvwbxadc02,26117198,endpoint_services_processes windows_endpoint_processes windows_event_signature windows_process_new wineventlog_security wineventlog_windows winsec,,,ppppvwbxadc02,26117198,occs-sss-windows,1,A new process has been created,C:\Windows\System32\WindowsPowerShell\v1.0\powershell.exe,0x1d5c,powershell.exe,,,,,,,C:\Windows\CCM\CcmExec.exe,0x15e4,CcmExec.exe,C:\Windows\CCM\CcmExec.exe,"""C:\Windows\system32\WindowsPowerShell\v1.0\PowerShell.exe"" -Nologo -Noninteractive -NoProfile -ExecutionPolicy Bypass; Get-DeliveryOptimizationStatus | where-object {($_.Sourceurl -CLike 'http://localhost:8005*') -AND (($_.FileSize -ge '52428800') -or ($_.BytesFromPeers -ne '0') -or (($_.BytesFromCacheServer -ne '0') -and ($_.BytesFromCacheServer -ne $null)))} | select-object -Property BytesFromHttp, FileId, BytesFromPeers,Status,BytesFromCacheServer,SourceURL | ConvertTo-Xml -as string -NoTypeInformation","-Nologo -Noninteractive -NoProfile -ExecutionPolicy Bypass; Get-DeliveryOptimizationStatus | where-object {($_.Sourceurl -CLike 'http://localhost:8005*') -AND (($_.FileSize -ge '52428800') -or ($_.BytesFromPeers -ne '0') -or (($_.BytesFromCacheServer -ne '0') -and ($_.BytesFromCacheServer -ne $null)))} | select-object -Property BytesFromHttp, FileId, BytesFromPeers,Status,BytesFromCacheServer,SourceURL | ConvertTo-Xml -as string -NoTypeInformation","""C:\Windows\system32\WindowsPowerShell\v1.0\PowerShell.exe""",powershell.exe,0x1d5c,powershell.exe,C:\Windows\System32\WindowsPowerShell\v1.0\powershell.exe,Windows,<_='://../////'><><_='---'_='{----}'/><></><></><>,,,,,,,,0x3e7,,,A new process has been created,4688,XmlWinEventLog:Security,XmlWinEventLog,bbbbbsplunkes02,,,MMM,,ppppVWBXADC02$,,success,A new process has been created,failure,,,"execute
os
process
report
security
start
track_event_signatures
windows",,,,"execute
os
process
report
security
start
track_event_signatures
windows",,,ppppVWBXADC02$,-,,,,,Microsoft,,Microsoft Windows
,,,,,MMM,,,ppppVWBXADC02$,,,Security,,,,,,"""C:\Windows\system32\WindowsPowerShell\v1.0\PowerShell.exe"" -Nologo -Noninteractive -NoProfile -ExecutionPolicy Bypass; Get-DeliveryOptimizationStatus | where-object {($_.Sourceurl -CLike 'http://localhost:8005*') -AND (($_.FileSize -ge '52428800') -or ($_.BytesFromPeers -ne '0') -or (($_.BytesFromCacheServer -ne '0') -and ($_.BytesFromCacheServer -ne $null)))} | select-object -Property BytesFromHttp, FileId, BytesFromPeers,Status,BytesFromCacheServer,SourceURL | ConvertTo-Xml -as string -NoTypeInformation",ppppvwbxadc02.mmm.hhh.ggg,,,,-,4688,"<Data Name='SubjectUserSid'>NT AUTHORITY\SYSTEM</Data><Data Name='SubjectUserName'>ppppVWBXADC02$</Data><Data Name='SubjectDomainName'>MMM</Data><Data Name='SubjectLogonId'>0x3e7</Data><Data Name='NewProcessId'>0x2df4</Data><Data Name='NewProcessName'>C:\Windows\System32\WindowsPowerShell\v1.0\powershell.exe</Data><Data Name='TokenElevationType'>%%1936</Data><Data Name='ProcessId'>0x15e4</Data><Data Name='CommandLine'>""C:\Windows\system32\WindowsPowerShell\v1.0\PowerShell.exe"" -Nologo -Noninteractive -NoProfile -ExecutionPolicy Bypass; Get-DeliveryOptimizationStatus | where-object {($_.Sourceurl -CLike 'http://localhost:8005*') -AND (($_.FileSize -ge '52428800') -or ($_.BytesFromPeers -ne '0') -or (($_.BytesFromCacheServer -ne '0') -and ($_.BytesFromCacheServer -ne $null)))} | select-object -Property BytesFromHttp, FileId, BytesFromPeers,Status,BytesFromCacheServer,SourceURL | ConvertTo-Xml -as string -NoTypeInformation</Data><Data Name='TargetUserSid'>NULL SID</Data><Data Name='TargetUserName'>-</Data><Data Name='TargetDomainName'>-</Data><Data Name='TargetLogonId'>0x0</Data><Data Name='ParentProcessName'>C:\Windows\CCM\CcmExec.exe</Data><Data Name='MandatoryLabel'>Mandatory Label\System Mandatory Level</Data>",4688.0,26115646,,,,,,,,,,,0x8020000000000000,0,,,,0x3e7,,Mandatory Label\System Mandatory Level,,,,,'Microsoft-Windows-Security-Auditing',0x2df4,C:\Windows\System32\WindowsPowerShell\v1.0\powershell.exe,,,,,,0,C:\Windows\CCM\CcmExec.exe,,,,'4',0x15e4,,"""C:\Windows\system32\WindowsPowerShell\v1.0\PowerShell.exe"" -Nologo -Noninteractive -NoProfile -ExecutionPolicy Bypass; Get-DeliveryOptimizationStatus | where-object {($_.Sourceurl -CLike 'http://localhost:8005*') -AND (($_.FileSize -ge '52428800') -or ($_.BytesFromPeers -ne '0') -or (($_.BytesFromCacheServer -ne '0') -and ($_.BytesFromCacheServer -ne $null)))} | select-object -Property BytesFromHttp, FileId, BytesFromPeers,Status,BytesFromCacheServer,SourceURL | ConvertTo-Xml -as string -NoTypeInformation",,26115646,,,,,,,MMM,0x3e7,ppppVWBXADC02$,NT AUTHORITY\SYSTEM,,'2026-05-19T10:38:37.237485500Z',<Provider Name='Microsoft-Windows-Security-Auditing' Guid='{54849625-5478-4994-a5ba-3e3b0328c30d}'/><EventID>4688</EventID><Version>2</Version><Level>0</Level><Task>13312</Task><Opcode>0</Opcode><Keywords>0x8020000000000000</Keywords><TimeCreated SystemTime='2026-05-19T10:38:37.237485500Z'/><EventRecordID>26115646</EventRecordID><Correlation/><Execution ProcessID='4' ThreadID='11668'/><Channel>Security</Channel><Computer>ppppvwbxadc02.mmm.hhh.ggg</Computer><Security/>,-,0x0,,,-,NULL SID,,,-,,-,13312,'11668',%%1936,%%1936,1936.0,,,,,2,,,,,2026-05-19T06:38:37.237-0400,allowed,win:unknown,,,,,ppppvwbxadc02.mmm.hhh.ggg,,ppppvwbxadc02.mmm.hhh.ggg,ppppvwbxadc02,26115646,endpoint_services_processes windows_endpoint_processes windows_event_signature windows_process_new wineventlog_security wineventlog_windows winsec,,,ppppvwbxadc02,26115646,occs-sss-windows,1,A new process has been created,C:\Windows\System32\WindowsPowerShell\v1.0\powershell.exe,0x2df4,powershell.exe,,,,,,,C:\Windows\CCM\CcmExec.exe,0x15e4,CcmExec.exe,C:\Windows\CCM\CcmExec.exe,"""C:\Windows\system32\WindowsPowerShell\v1.0\PowerShell.exe"" -Nologo -Noninteractive -NoProfile -ExecutionPolicy Bypass; Get-DeliveryOptimizationStatus | where-object {($_.Sourceurl -CLike 'http://localhost:8005*') -AND (($_.FileSize -ge '52428800') -or ($_.BytesFromPeers -ne '0') -or (($_.BytesFromCacheServer -ne '0') -and ($_.BytesFromCacheServer -ne $null)))} | select-object -Property BytesFromHttp, FileId, BytesFromPeers,Status,BytesFromCacheServer,SourceURL | ConvertTo-Xml -as string -NoTypeInformation","-Nologo -Noninteractive -NoProfile -ExecutionPolicy Bypass; Get-DeliveryOptimizationStatus | where-object {($_.Sourceurl -CLike 'http://localhost:8005*') -AND (($_.FileSize -ge '52428800') -or ($_.BytesFromPeers -ne '0') -or (($_.BytesFromCacheServer -ne '0') -and ($_.BytesFromCacheServer -ne $null)))} | select-object -Property BytesFromHttp, FileId, BytesFromPeers,Status,BytesFromCacheServer,SourceURL | ConvertTo-Xml -as string -NoTypeInformation","""C:\Windows\system32\WindowsPowerShell\v1.0\PowerShell.exe""",powershell.exe,0x2df4,powershell.exe,C:\Windows\System32\WindowsPowerShell\v1.0\powershell.exe,Windows,<_='://../////'><><_='---'_='{----}'/><></><></><>,,,,,,,,0x3e7,,,A new process has been created,4688,XmlWinEventLog:Security,XmlWinEventLog,bbbbbsplunkes03,,,MMM,,ppppVWBXADC02$,,success,A new process has been created,failure,,,"execute
os
process
report
security
start
track_event_signatures
windows",,,,"execute
os
process
report
security
start
track_event_signatures
windows",,,ppppVWBXADC02$,-,,,,,Microsoft,,Microsoft Windows
,,,,,MMM,,,ppppVWBXADC02$,,,Security,,,,,,"""C:\Windows\system32\WindowsPowerShell\v1.0\PowerShell.exe"" -Nologo -Noninteractive -NoProfile -ExecutionPolicy Bypass; Get-DeliveryOptimizationStatus | where-object {($_.Sourceurl -CLike 'http://localhost:8005*') -AND (($_.FileSize -ge '52428800') -or ($_.BytesFromPeers -ne '0') -or (($_.BytesFromCacheServer -ne '0') -and ($_.BytesFromCacheServer -ne $null)))} | select-object -Property BytesFromHttp, FileId, BytesFromPeers,Status,BytesFromCacheServer,SourceURL | ConvertTo-Xml -as string -NoTypeInformation",ppppvwbxadc02.mmm.hhh.ggg,,,,-,4688,"<Data Name='SubjectUserSid'>NT AUTHORITY\SYSTEM</Data><Data Name='SubjectUserName'>ppppVWBXADC02$</Data><Data Name='SubjectDomainName'>MMM</Data><Data Name='SubjectLogonId'>0x3e7</Data><Data Name='NewProcessId'>0x28d4</Data><Data Name='NewProcessName'>C:\Windows\System32\WindowsPowerShell\v1.0\powershell.exe</Data><Data Name='TokenElevationType'>%%1936</Data><Data Name='ProcessId'>0x15e4</Data><Data Name='CommandLine'>""C:\Windows\system32\WindowsPowerShell\v1.0\PowerShell.exe"" -Nologo -Noninteractive -NoProfile -ExecutionPolicy Bypass; Get-DeliveryOptimizationStatus | where-object {($_.Sourceurl -CLike 'http://localhost:8005*') -AND (($_.FileSize -ge '52428800') -or ($_.BytesFromPeers -ne '0') -or (($_.BytesFromCacheServer -ne '0') -and ($_.BytesFromCacheServer -ne $null)))} | select-object -Property BytesFromHttp, FileId, BytesFromPeers,Status,BytesFromCacheServer,SourceURL | ConvertTo-Xml -as string -NoTypeInformation</Data><Data Name='TargetUserSid'>NULL SID</Data><Data Name='TargetUserName'>-</Data><Data Name='TargetDomainName'>-</Data><Data Name='TargetLogonId'>0x0</Data><Data Name='ParentProcessName'>C:\Windows\CCM\CcmExec.exe</Data><Data Name='MandatoryLabel'>Mandatory Label\System Mandatory Level</Data>",4688.0,26113619,,,,,,,,,,,0x8020000000000000,0,,,,0x3e7,,Mandatory Label\System Mandatory Level,,,,,'Microsoft-Windows-Security-Auditing',0x28d4,C:\Windows\System32\WindowsPowerShell\v1.0\powershell.exe,,,,,,0,C:\Windows\CCM\CcmExec.exe,,,,'4',0x15e4,,"""C:\Windows\system32\WindowsPowerShell\v1.0\PowerShell.exe"" -Nologo -Noninteractive -NoProfile -ExecutionPolicy Bypass; Get-DeliveryOptimizationStatus | where-object {($_.Sourceurl -CLike 'http://localhost:8005*') -AND (($_.FileSize -ge '52428800') -or ($_.BytesFromPeers -ne '0') -or (($_.BytesFromCacheServer -ne '0') -and ($_.BytesFromCacheServer -ne $null)))} | select-object -Property BytesFromHttp, FileId, BytesFromPeers,Status,BytesFromCacheServer,SourceURL | ConvertTo-Xml -as string -NoTypeInformation",,26113619,,,,,,,MMM,0x3e7,ppppVWBXADC02$,NT AUTHORITY\SYSTEM,,'2026-05-19T09:53:36.075892500Z',<Provider Name='Microsoft-Windows-Security-Auditing' Guid='{54849625-5478-4994-a5ba-3e3b0328c30d}'/><EventID>4688</EventID><Version>2</Version><Level>0</Level><Task>13312</Task><Opcode>0</Opcode><Keywords>0x8020000000000000</Keywords><TimeCreated SystemTime='2026-05-19T09:53:36.075892500Z'/><EventRecordID>26113619</EventRecordID><Correlation/><Execution ProcessID='4' ThreadID='11668'/><Channel>Security</Channel><Computer>ppppvwbxadc02.mmm.hhh.ggg</Computer><Security/>,-,0x0,,,-,NULL SID,,,-,,-,13312,'11668',%%1936,%%1936,1936.0,,,,,2,,,,,2026-05-19T05:53:36.075-0400,allowed,win:unknown,,,,,ppppvwbxadc02.mmm.hhh.ggg,,ppppvwbxadc02.mmm.hhh.ggg,ppppvwbxadc02,26113619,endpoint_services_processes windows_endpoint_processes windows_event_signature windows_process_new wineventlog_security wineventlog_windows winsec,,,ppppvwbxadc02,26113619,occs-sss-windows,1,A new process has been created,C:\Windows\System32\WindowsPowerShell\v1.0\powershell.exe,0x28d4,powershell.exe,,,,,,,C:\Windows\CCM\CcmExec.exe,0x15e4,CcmExec.exe,C:\Windows\CCM\CcmExec.exe,"""C:\Windows\system32\WindowsPowerShell\v1.0\PowerShell.exe"" -Nologo -Noninteractive -NoProfile -ExecutionPolicy Bypass; Get-DeliveryOptimizationStatus | where-object {($_.Sourceurl -CLike 'http://localhost:8005*') -AND (($_.FileSize -ge '52428800') -or ($_.BytesFromPeers -ne '0') -or (($_.BytesFromCacheServer -ne '0') -and ($_.BytesFromCacheServer -ne $null)))} | select-object -Property BytesFromHttp, FileId, BytesFromPeers,Status,BytesFromCacheServer,SourceURL | ConvertTo-Xml -as string -NoTypeInformation","-Nologo -Noninteractive -NoProfile -ExecutionPolicy Bypass; Get-DeliveryOptimizationStatus | where-object {($_.Sourceurl -CLike 'http://localhost:8005*') -AND (($_.FileSize -ge '52428800') -or ($_.BytesFromPeers -ne '0') -or (($_.BytesFromCacheServer -ne '0') -and ($_.BytesFromCacheServer -ne $null)))} | select-object -Property BytesFromHttp, FileId, BytesFromPeers,Status,BytesFromCacheServer,SourceURL | ConvertTo-Xml -as string -NoTypeInformation","""C:\Windows\system32\WindowsPowerShell\v1.0\PowerShell.exe""",powershell.exe,0x28d4,powershell.exe,C:\Windows\System32\WindowsPowerShell\v1.0\powershell.exe,Windows,<_='://../////'><><_='---'_='{----}'/><></><></><>,,,,,,,,0x3e7,,,A new process has been created,4688,XmlWinEventLog:Security,XmlWinEventLog,bbbbbsplunkes01,,,MMM,,ppppVWBXADC02$,,success,A new process has been created,failure,,,"execute
os
process
report
security
start
track_event_signatures
windows",,,,"execute
os
process
report
security
start
track_event_signatures
windows",,,ppppVWBXADC02$,-,,,,,Microsoft,,Microsoft Windows
,,,,,MMM,,,ppppVWBXADC02$,,,Security,,,,,,"""C:\Windows\system32\WindowsPowerShell\v1.0\PowerShell.exe"" -Nologo -Noninteractive -NoProfile -ExecutionPolicy Bypass; Get-DeliveryOptimizationStatus | where-object {($_.Sourceurl -CLike 'http://localhost:8005*') -AND (($_.FileSize -ge '52428800') -or ($_.BytesFromPeers -ne '0') -or (($_.BytesFromCacheServer -ne '0') -and ($_.BytesFromCacheServer -ne $null)))} | select-object -Property BytesFromHttp, FileId, BytesFromPeers,Status,BytesFromCacheServer,SourceURL | ConvertTo-Xml -as string -NoTypeInformation",ppppvwbxadc02.mmm.hhh.ggg,,,,-,4688,"<Data Name='SubjectUserSid'>NT AUTHORITY\SYSTEM</Data><Data Name='SubjectUserName'>ppppVWBXADC02$</Data><Data Name='SubjectDomainName'>MMM</Data><Data Name='SubjectLogonId'>0x3e7</Data><Data Name='NewProcessId'>0x60c</Data><Data Name='NewProcessName'>C:\Windows\System32\WindowsPowerShell\v1.0\powershell.exe</Data><Data Name='TokenElevationType'>%%1936</Data><Data Name='ProcessId'>0x15e4</Data><Data Name='CommandLine'>""C:\Windows\system32\WindowsPowerShell\v1.0\PowerShell.exe"" -Nologo -Noninteractive -NoProfile -ExecutionPolicy Bypass; Get-DeliveryOptimizationStatus | where-object {($_.Sourceurl -CLike 'http://localhost:8005*') -AND (($_.FileSize -ge '52428800') -or ($_.BytesFromPeers -ne '0') -or (($_.BytesFromCacheServer -ne '0') -and ($_.BytesFromCacheServer -ne $null)))} | select-object -Property BytesFromHttp, FileId, BytesFromPeers,Status,BytesFromCacheServer,SourceURL | ConvertTo-Xml -as string -NoTypeInformation</Data><Data Name='TargetUserSid'>NULL SID</Data><Data Name='TargetUserName'>-</Data><Data Name='TargetDomainName'>-</Data><Data Name='TargetLogonId'>0x0</Data><Data Name='ParentProcessName'>C:\Windows\CCM\CcmExec.exe</Data><Data Name='MandatoryLabel'>Mandatory Label\System Mandatory Level</Data>",4688.0,26111726,,,,,,,,,,,0x8020000000000000,0,,,,0x3e7,,Mandatory Label\System Mandatory Level,,,,,'Microsoft-Windows-Security-Auditing',0x60c,C:\Windows\System32\WindowsPowerShell\v1.0\powershell.exe,,,,,,0,C:\Windows\CCM\CcmExec.exe,,,,'4',0x15e4,,"""C:\Windows\system32\WindowsPowerShell\v1.0\PowerShell.exe"" -Nologo -Noninteractive -NoProfile -ExecutionPolicy Bypass; Get-DeliveryOptimizationStatus | where-object {($_.Sourceurl -CLike 'http://localhost:8005*') -AND (($_.FileSize -ge '52428800') -or ($_.BytesFromPeers -ne '0') -or (($_.BytesFromCacheServer -ne '0') -and ($_.BytesFromCacheServer -ne $null)))} | select-object -Property BytesFromHttp, FileId, BytesFromPeers,Status,BytesFromCacheServer,SourceURL | ConvertTo-Xml -as string -NoTypeInformation",,26111726,,,,,,,MMM,0x3e7,ppppVWBXADC02$,NT AUTHORITY\SYSTEM,,'2026-05-19T09:08:34.932705000Z',<Provider Name='Microsoft-Windows-Security-Auditing' Guid='{54849625-5478-4994-a5ba-3e3b0328c30d}'/><EventID>4688</EventID><Version>2</Version><Level>0</Level><Task>13312</Task><Opcode>0</Opcode><Keywords>0x8020000000000000</Keywords><TimeCreated SystemTime='2026-05-19T09:08:34.932705000Z'/><EventRecordID>26111726</EventRecordID><Correlation/><Execution ProcessID='4' ThreadID='1404'/><Channel>Security</Channel><Computer>ppppvwbxadc02.mmm.hhh.ggg</Computer><Security/>,-,0x0,,,-,NULL SID,,,-,,-,13312,'1404',%%1936,%%1936,1936.0,,,,,2,,,,,2026-05-19T05:08:34.932-0400,allowed,win:unknown,,,,,ppppvwbxadc02.mmm.hhh.ggg,,ppppvwbxadc02.mmm.hhh.ggg,ppppvwbxadc02,26111726,endpoint_services_processes windows_endpoint_processes windows_event_signature windows_process_new wineventlog_security wineventlog_windows winsec,,,ppppvwbxadc02,26111726,occs-sss-windows,1,A new process has been created,C:\Windows\System32\WindowsPowerShell\v1.0\powershell.exe,0x60c,powershell.exe,,,,,,,C:\Windows\CCM\CcmExec.exe,0x15e4,CcmExec.exe,C:\Windows\CCM\CcmExec.exe,"""C:\Windows\system32\WindowsPowerShell\v1.0\PowerShell.exe"" -Nologo -Noninteractive -NoProfile -ExecutionPolicy Bypass; Get-DeliveryOptimizationStatus | where-object {($_.Sourceurl -CLike 'http://localhost:8005*') -AND (($_.FileSize -ge '52428800') -or ($_.BytesFromPeers -ne '0') -or (($_.BytesFromCacheServer -ne '0') -and ($_.BytesFromCacheServer -ne $null)))} | select-object -Property BytesFromHttp, FileId, BytesFromPeers,Status,BytesFromCacheServer,SourceURL | ConvertTo-Xml -as string -NoTypeInformation","-Nologo -Noninteractive -NoProfile -ExecutionPolicy Bypass; Get-DeliveryOptimizationStatus | where-object {($_.Sourceurl -CLike 'http://localhost:8005*') -AND (($_.FileSize -ge '52428800') -or ($_.BytesFromPeers -ne '0') -or (($_.BytesFromCacheServer -ne '0') -and ($_.BytesFromCacheServer -ne $null)))} | select-object -Property BytesFromHttp, FileId, BytesFromPeers,Status,BytesFromCacheServer,SourceURL | ConvertTo-Xml -as string -NoTypeInformation","""C:\Windows\system32\WindowsPowerShell\v1.0\PowerShell.exe""",powershell.exe,0x60c,powershell.exe,C:\Windows\System32\WindowsPowerShell\v1.0\powershell.exe,Windows,<_='://../////'><><_='---'_='{----}'/><></><></><>,,,,,,,,0x3e7,,,A new process has been created,4688,XmlWinEventLog:Security,XmlWinEventLog,bbbbbsplunkes02,,,MMM,,ppppVWBXADC02$,,success,A new process has been created,failure,,,"execute
os
process
report
security
start
track_event_signatures
windows",,,,"execute
os
process
report
security
start
track_event_signatures
windows",,,ppppVWBXADC02$,-,,,,,Microsoft,,Microsoft Windows
,,,,,MMM,,,ppppVWBXADC02$,,,Security,,,,,,"""C:\Windows\system32\WindowsPowerShell\v1.0\PowerShell.exe"" -Nologo -Noninteractive -NoProfile -ExecutionPolicy Bypass; Get-DeliveryOptimizationStatus | where-object {($_.Sourceurl -CLike 'http://localhost:8005*') -AND (($_.FileSize -ge '52428800') -or ($_.BytesFromPeers -ne '0') -or (($_.BytesFromCacheServer -ne '0') -and ($_.BytesFromCacheServer -ne $null)))} | select-object -Property BytesFromHttp, FileId, BytesFromPeers,Status,BytesFromCacheServer,SourceURL | ConvertTo-Xml -as string -NoTypeInformation",ppppvwbxadc02.mmm.hhh.ggg,,,,-,4688,"<Data Name='SubjectUserSid'>NT AUTHORITY\SYSTEM</Data><Data Name='SubjectUserName'>ppppVWBXADC02$</Data><Data Name='SubjectDomainName'>MMM</Data><Data Name='SubjectLogonId'>0x3e7</Data><Data Name='NewProcessId'>0x27bc</Data><Data Name='NewProcessName'>C:\Windows\System32\WindowsPowerShell\v1.0\powershell.exe</Data><Data Name='TokenElevationType'>%%1936</Data><Data Name='ProcessId'>0x15e4</Data><Data Name='CommandLine'>""C:\Windows\system32\WindowsPowerShell\v1.0\PowerShell.exe"" -Nologo -Noninteractive -NoProfile -ExecutionPolicy Bypass; Get-DeliveryOptimizationStatus | where-object {($_.Sourceurl -CLike 'http://localhost:8005*') -AND (($_.FileSize -ge '52428800') -or ($_.BytesFromPeers -ne '0') -or (($_.BytesFromCacheServer -ne '0') -and ($_.BytesFromCacheServer -ne $null)))} | select-object -Property BytesFromHttp, FileId, BytesFromPeers,Status,BytesFromCacheServer,SourceURL | ConvertTo-Xml -as string -NoTypeInformation</Data><Data Name='TargetUserSid'>NULL SID</Data><Data Name='TargetUserName'>-</Data><Data Name='TargetDomainName'>-</Data><Data Name='TargetLogonId'>0x0</Data><Data Name='ParentProcessName'>C:\Windows\CCM\CcmExec.exe</Data><Data Name='MandatoryLabel'>Mandatory Label\System Mandatory Level</Data>",4688.0,26109737,,,,,,,,,,,0x8020000000000000,0,,,,0x3e7,,Mandatory Label\System Mandatory Level,,,,,'Microsoft-Windows-Security-Auditing',0x27bc,C:\Windows\System32\WindowsPowerShell\v1.0\powershell.exe,,,,,,0,C:\Windows\CCM\CcmExec.exe,,,,'4',0x15e4,,"""C:\Windows\system32\WindowsPowerShell\v1.0\PowerShell.exe"" -Nologo -Noninteractive -NoProfile -ExecutionPolicy Bypass; Get-DeliveryOptimizationStatus | where-object {($_.Sourceurl -CLike 'http://localhost:8005*') -AND (($_.FileSize -ge '52428800') -or ($_.BytesFromPeers -ne '0') -or (($_.BytesFromCacheServer -ne '0') -and ($_.BytesFromCacheServer -ne $null)))} | select-object -Property BytesFromHttp, FileId, BytesFromPeers,Status,BytesFromCacheServer,SourceURL | ConvertTo-Xml -as string -NoTypeInformation",,26109737,,,,,,,MMM,0x3e7,ppppVWBXADC02$,NT AUTHORITY\SYSTEM,,'2026-05-19T08:23:33.784747100Z',<Provider Name='Microsoft-Windows-Security-Auditing' Guid='{54849625-5478-4994-a5ba-3e3b0328c30d}'/><EventID>4688</EventID><Version>2</Version><Level>0</Level><Task>13312</Task><Opcode>0</Opcode><Keywords>0x8020000000000000</Keywords><TimeCreated SystemTime='2026-05-19T08:23:33.784747100Z'/><EventRecordID>26109737</EventRecordID><Correlation/><Execution ProcessID='4' ThreadID='11468'/><Channel>Security</Channel><Computer>ppppvwbxadc02.mmm.hhh.ggg</Computer><Security/>,-,0x0,,,-,NULL SID,,,-,,-,13312,'11468',%%1936,%%1936,1936.0,,,,,2,,,,,2026-05-19T04:23:33.784-0400,allowed,win:unknown,,,,,ppppvwbxadc02.mmm.hhh.ggg,,ppppvwbxadc02.mmm.hhh.ggg,ppppvwbxadc02,26109737,endpoint_services_processes windows_endpoint_processes windows_event_signature windows_process_new wineventlog_security wineventlog_windows winsec,,,ppppvwbxadc02,26109737,occs-sss-windows,1,A new process has been created,C:\Windows\System32\WindowsPowerShell\v1.0\powershell.exe,0x27bc,powershell.exe,,,,,,,C:\Windows\CCM\CcmExec.exe,0x15e4,CcmExec.exe,C:\Windows\CCM\CcmExec.exe,"""C:\Windows\system32\WindowsPowerShell\v1.0\PowerShell.exe"" -Nologo -Noninteractive -NoProfile -ExecutionPolicy Bypass; Get-DeliveryOptimizationStatus | where-object {($_.Sourceurl -CLike 'http://localhost:8005*') -AND (($_.FileSize -ge '52428800') -or ($_.BytesFromPeers -ne '0') -or (($_.BytesFromCacheServer -ne '0') -and ($_.BytesFromCacheServer -ne $null)))} | select-object -Property BytesFromHttp, FileId, BytesFromPeers,Status,BytesFromCacheServer,SourceURL | ConvertTo-Xml -as string -NoTypeInformation","-Nologo -Noninteractive -NoProfile -ExecutionPolicy Bypass; Get-DeliveryOptimizationStatus | where-object {($_.Sourceurl -CLike 'http://localhost:8005*') -AND (($_.FileSize -ge '52428800') -or ($_.BytesFromPeers -ne '0') -or (($_.BytesFromCacheServer -ne '0') -and ($_.BytesFromCacheServer -ne $null)))} | select-object -Property BytesFromHttp, FileId, BytesFromPeers,Status,BytesFromCacheServer,SourceURL | ConvertTo-Xml -as string -NoTypeInformation","""C:\Windows\system32\WindowsPowerShell\v1.0\PowerShell.exe""",powershell.exe,0x27bc,powershell.exe,C:\Windows\System32\WindowsPowerShell\v1.0\powershell.exe,Windows,<_='://../////'><><_='---'_='{----}'/><></><></><>,,,,,,,,0x3e7,,,A new process has been created,4688,XmlWinEventLog:Security,XmlWinEventLog,bbbbbsplunkes02,,,MMM,,ppppVWBXADC02$,,success,A new process has been created,failure,,,"execute
os
process
report
security
start
track_event_signatures
windows",,,,"execute
os
process
report
security
start
track_event_signatures
windows",,,ppppVWBXADC02$,-,,,,,Microsoft,,Microsoft Windows
,,,,,MMM,,,ppppVWBXADC02$,,,Security,,,,,,"C:\Windows\System32\WindowsPowershell\v1.0\powershell  -NoProfile -Command ""&amp; {$j = sajb {Get-WindowsFeature | Where {$_.Name -like 'ADCS*'} | SELECT 'InstallState' | Format-List};$r = wjb $j -Timeout 300; rcjb $j;}""",ppppvwbxadc02.mmm.hhh.ggg,,,,-,4688,"<Data Name='SubjectUserSid'>NT AUTHORITY\SYSTEM</Data><Data Name='SubjectUserName'>ppppVWBXADC02$</Data><Data Name='SubjectDomainName'>MMM</Data><Data Name='SubjectLogonId'>0x3e7</Data><Data Name='NewProcessId'>0x1524</Data><Data Name='NewProcessName'>C:\Windows\System32\WindowsPowerShell\v1.0\powershell.exe</Data><Data Name='TokenElevationType'>%%1936</Data><Data Name='ProcessId'>0x2cd4</Data><Data Name='CommandLine'>C:\Windows\System32\WindowsPowershell\v1.0\powershell  -NoProfile -Command ""&amp; {$j = sajb {Get-WindowsFeature | Where {$_.Name -like 'ADCS*'} | SELECT 'InstallState' | Format-List};$r = wjb $j -Timeout 300; rcjb $j;}""</Data><Data Name='TargetUserSid'>NULL SID</Data><Data Name='TargetUserName'>-</Data><Data Name='TargetDomainName'>-</Data><Data Name='TargetLogonId'>0x0</Data><Data Name='ParentProcessName'>C:\Windows\System32\cmd.exe</Data><Data Name='MandatoryLabel'>Mandatory Label\System Mandatory Level</Data>",4688.0,26109560,,,,,,,,,,,0x8020000000000000,0,,,,0x3e7,,Mandatory Label\System Mandatory Level,,,,,'Microsoft-Windows-Security-Auditing',0x1524,C:\Windows\System32\WindowsPowerShell\v1.0\powershell.exe,,,,,,0,C:\Windows\System32\cmd.exe,,,,'4',0x2cd4,,"C:\Windows\System32\WindowsPowershell\v1.0\powershell  -NoProfile -Command ""&amp; {$j = sajb {Get-WindowsFeature | Where {$_.Name -like 'ADCS*'} | SELECT 'InstallState' | Format-List};$r = wjb $j -Timeout 300; rcjb $j;}""",,26109560,,,,,,,MMM,0x3e7,ppppVWBXADC02$,NT AUTHORITY\SYSTEM,,'2026-05-19T08:14:35.679088200Z',<Provider Name='Microsoft-Windows-Security-Auditing' Guid='{54849625-5478-4994-a5ba-3e3b0328c30d}'/><EventID>4688</EventID><Version>2</Version><Level>0</Level><Task>13312</Task><Opcode>0</Opcode><Keywords>0x8020000000000000</Keywords><TimeCreated SystemTime='2026-05-19T08:14:35.679088200Z'/><EventRecordID>26109560</EventRecordID><Correlation/><Execution ProcessID='4' ThreadID='9792'/><Channel>Security</Channel><Computer>ppppvwbxadc02.mmm.hhh.ggg</Computer><Security/>,-,0x0,,,-,NULL SID,,,-,,-,13312,'9792',%%1936,%%1936,1936.0,,,,,2,,,,,2026-05-19T04:14:35.679-0400,allowed,win:unknown,,,,,ppppvwbxadc02.mmm.hhh.ggg,,ppppvwbxadc02.mmm.hhh.ggg,ppppvwbxadc02,26109560,endpoint_services_processes windows_endpoint_processes windows_event_signature windows_process_new wineventlog_security wineventlog_windows winsec,,,ppppvwbxadc02,26109560,occs-sss-windows,1,A new process has been created,C:\Windows\System32\WindowsPowerShell\v1.0\powershell.exe,0x1524,powershell.exe,,,,,,,C:\Windows\System32\cmd.exe,0x2cd4,cmd.exe,C:\Windows\System32\cmd.exe,"C:\Windows\System32\WindowsPowershell\v1.0\powershell  -NoProfile -Command ""&amp; {$j = sajb {Get-WindowsFeature | Where {$_.Name -like 'ADCS*'} | SELECT 'InstallState' | Format-List};$r = wjb $j -Timeout 300; rcjb $j;}""","-NoProfile -Command ""&amp; {$j = sajb {Get-WindowsFeature | Where {$_.Name -like 'ADCS*'} | SELECT 'InstallState' | Format-List};$r = wjb $j -Timeout 300; rcjb $j;}""",C:\Windows\System32\WindowsPowershell\v1.0\powershell,powershell.exe,0x1524,powershell.exe,C:\Windows\System32\WindowsPowerShell\v1.0\powershell.exe,Windows,<_='://../////'><><_='---'_='{----}'/><></><></><>,,,,,,,,0x3e7,,,A new process has been created,4688,XmlWinEventLog:Security,XmlWinEventLog,bbbbbsplunkes01,,,MMM,,ppppVWBXADC02$,,success,A new process has been created,failure,,,"execute
os
process
report
security
start
track_event_signatures
windows",,,,"execute
os
process
report
security
start
track_event_signatures
windows",,,ppppVWBXADC02$,-,,,,,Microsoft,,Microsoft Windows
,,,,,MMM,,,ppppVWBXADC02$,,,Security,,,,,,"C:\Windows\System32\cmd.exe /c C:\Windows\System32\WindowsPowershell\v1.0\powershell -NoProfile -Command ""&amp; {$j = sajb {Get-WindowsFeature | Where {$_.Name -like 'ADCS*'} | SELECT 'InstallState' | Format-List};$r = wjb $j -Timeout 300; rcjb $j;}""",ppppvwbxadc02.mmm.hhh.ggg,,,,-,4688,"<Data Name='SubjectUserSid'>NT AUTHORITY\SYSTEM</Data><Data Name='SubjectUserName'>ppppVWBXADC02$</Data><Data Name='SubjectDomainName'>MMM</Data><Data Name='SubjectLogonId'>0x3e7</Data><Data Name='NewProcessId'>0x2cd4</Data><Data Name='NewProcessName'>C:\Windows\System32\cmd.exe</Data><Data Name='TokenElevationType'>%%1936</Data><Data Name='ProcessId'>0x3274</Data><Data Name='CommandLine'>C:\Windows\System32\cmd.exe /c C:\Windows\System32\WindowsPowershell\v1.0\powershell -NoProfile -Command ""&amp; {$j = sajb {Get-WindowsFeature | Where {$_.Name -like 'ADCS*'} | SELECT 'InstallState' | Format-List};$r = wjb $j -Timeout 300; rcjb $j;}""</Data><Data Name='TargetUserSid'>NULL SID</Data><Data Name='TargetUserName'>-</Data><Data Name='TargetDomainName'>-</Data><Data Name='TargetLogonId'>0x0</Data><Data Name='ParentProcessName'>C:\Program Files\Tenable\Nessus Agent\nessus-agent-module.exe</Data><Data Name='MandatoryLabel'>Mandatory Label\System Mandatory Level</Data>",4688.0,26109559,,,,,,,,,,,0x8020000000000000,0,,,,0x3e7,,Mandatory Label\System Mandatory Level,,,,,'Microsoft-Windows-Security-Auditing',0x2cd4,C:\Windows\System32\cmd.exe,,,,,,0,C:\Program Files\Tenable\Nessus Agent\nessus-agent-module.exe,,,,'4',0x3274,,"C:\Windows\System32\cmd.exe /c C:\Windows\System32\WindowsPowershell\v1.0\powershell -NoProfile -Command ""&amp; {$j = sajb {Get-WindowsFeature | Where {$_.Name -like 'ADCS*'} | SELECT 'InstallState' | Format-List};$r = wjb $j -Timeout 300; rcjb $j;}""",,26109559,,,,,,,MMM,0x3e7,ppppVWBXADC02$,NT AUTHORITY\SYSTEM,,'2026-05-19T08:14:35.650856700Z',<Provider Name='Microsoft-Windows-Security-Auditing' Guid='{54849625-5478-4994-a5ba-3e3b0328c30d}'/><EventID>4688</EventID><Version>2</Version><Level>0</Level><Task>13312</Task><Opcode>0</Opcode><Keywords>0x8020000000000000</Keywords><TimeCreated SystemTime='2026-05-19T08:14:35.650856700Z'/><EventRecordID>26109559</EventRecordID><Correlation/><Execution ProcessID='4' ThreadID='9792'/><Channel>Security</Channel><Computer>ppppvwbxadc02.mmm.hhh.ggg</Computer><Security/>,-,0x0,,,-,NULL SID,,,-,,-,13312,'9792',%%1936,%%1936,1936.0,,,,,2,,,,,2026-05-19T04:14:35.650-0400,allowed,win:unknown,,,,,ppppvwbxadc02.mmm.hhh.ggg,,ppppvwbxadc02.mmm.hhh.ggg,ppppvwbxadc02,26109559,endpoint_services_processes windows_endpoint_processes windows_event_signature windows_process_new wineventlog_security wineventlog_windows winsec,,,ppppvwbxadc02,26109559,occs-sss-windows,1,A new process has been created,C:\Windows\System32\cmd.exe,0x2cd4,cmd.exe,,,,,,,C:\Program Files\Tenable\Nessus Agent\nessus-agent-module.exe,0x3274,nessus-agent-module.exe,C:\Program Files\Tenable\Nessus Agent\nessus-agent-module.exe,"C:\Windows\System32\cmd.exe /c C:\Windows\System32\WindowsPowershell\v1.0\powershell -NoProfile -Command ""&amp; {$j = sajb {Get-WindowsFeature | Where {$_.Name -like 'ADCS*'} | SELECT 'InstallState' | Format-List};$r = wjb $j -Timeout 300; rcjb $j;}""","/c C:\Windows\System32\WindowsPowershell\v1.0\powershell -NoProfile -Command ""&amp; {$j = sajb {Get-WindowsFeature | Where {$_.Name -like 'ADCS*'} | SELECT 'InstallState' | Format-List};$r = wjb $j -Timeout 300; rcjb $j;}""",C:\Windows\System32\cmd.exe,cmd.exe,0x2cd4,cmd.exe,C:\Windows\System32\cmd.exe,Windows,<_='://../////'><><_='---'_='{----}'/><></><></><>,,,,,,,,0x3e7,,,A new process has been created,4688,XmlWinEventLog:Security,XmlWinEventLog,bbbbbsplunkes01,,,MMM,,ppppVWBXADC02$,,success,A new process has been created,failure,,,"execute
os
process
report
security
start
track_event_signatures
windows",,,,"execute
os
process
report
security
start
track_event_signatures
windows",,,ppppVWBXADC02$,-,,,,,Microsoft,,Microsoft Windows
,,,,,MMM,,,ppppVWBXADC02$,,,Security,,,,,,"C:\Windows\System32\WindowsPowershell\v1.0\powershell  -NoProfile -Command ""&amp; {$j = sajb {Get-WindowsFeature | Where {$_.Name -eq 'WINS'} | SELECT 'InstallState' | Format-List};$r = wjb $j -Timeout 300; rcjb $j;}""",ppppvwbxadc02.mmm.hhh.ggg,,,,-,4688,"<Data Name='SubjectUserSid'>NT AUTHORITY\SYSTEM</Data><Data Name='SubjectUserName'>ppppVWBXADC02$</Data><Data Name='SubjectDomainName'>MMM</Data><Data Name='SubjectLogonId'>0x3e7</Data><Data Name='NewProcessId'>0x2f24</Data><Data Name='NewProcessName'>C:\Windows\System32\WindowsPowerShell\v1.0\powershell.exe</Data><Data Name='TokenElevationType'>%%1936</Data><Data Name='ProcessId'>0x2684</Data><Data Name='CommandLine'>C:\Windows\System32\WindowsPowershell\v1.0\powershell  -NoProfile -Command ""&amp; {$j = sajb {Get-WindowsFeature | Where {$_.Name -eq 'WINS'} | SELECT 'InstallState' | Format-List};$r = wjb $j -Timeout 300; rcjb $j;}""</Data><Data Name='TargetUserSid'>NULL SID</Data><Data Name='TargetUserName'>-</Data><Data Name='TargetDomainName'>-</Data><Data Name='TargetLogonId'>0x0</Data><Data Name='ParentProcessName'>C:\Windows\System32\cmd.exe</Data><Data Name='MandatoryLabel'>Mandatory Label\System Mandatory Level</Data>",4688.0,26109551,,,,,,,,,,,0x8020000000000000,0,,,,0x3e7,,Mandatory Label\System Mandatory Level,,,,,'Microsoft-Windows-Security-Auditing',0x2f24,C:\Windows\System32\WindowsPowerShell\v1.0\powershell.exe,,,,,,0,C:\Windows\System32\cmd.exe,,,,'4',0x2684,,"C:\Windows\System32\WindowsPowershell\v1.0\powershell  -NoProfile -Command ""&amp; {$j = sajb {Get-WindowsFeature | Where {$_.Name -eq 'WINS'} | SELECT 'InstallState' | Format-List};$r = wjb $j -Timeout 300; rcjb $j;}""",,26109551,,,,,,,MMM,0x3e7,ppppVWBXADC02$,NT AUTHORITY\SYSTEM,,'2026-05-19T08:14:33.720613300Z',<Provider Name='Microsoft-Windows-Security-Auditing' Guid='{54849625-5478-4994-a5ba-3e3b0328c30d}'/><EventID>4688</EventID><Version>2</Version><Level>0</Level><Task>13312</Task><Opcode>0</Opcode><Keywords>0x8020000000000000</Keywords><TimeCreated SystemTime='2026-05-19T08:14:33.720613300Z'/><EventRecordID>26109551</EventRecordID><Correlation/><Execution ProcessID='4' ThreadID='3572'/><Channel>Security</Channel><Computer>ppppvwbxadc02.mmm.hhh.ggg</Computer><Security/>,-,0x0,,,-,NULL SID,,,-,,-,13312,'3572',%%1936,%%1936,1936.0,,,,,2,,,,,2026-05-19T04:14:33.720-0400,allowed,win:unknown,,,,,ppppvwbxadc02.mmm.hhh.ggg,,ppppvwbxadc02.mmm.hhh.ggg,ppppvwbxadc02,26109551,endpoint_services_processes windows_endpoint_processes windows_event_signature windows_process_new wineventlog_security wineventlog_windows winsec,,,ppppvwbxadc02,26109551,occs-sss-windows,1,A new process has been created,C:\Windows\System32\WindowsPowerShell\v1.0\powershell.exe,0x2f24,powershell.exe,,,,,,,C:\Windows\System32\cmd.exe,0x2684,cmd.exe,C:\Windows\System32\cmd.exe,"C:\Windows\System32\WindowsPowershell\v1.0\powershell  -NoProfile -Command ""&amp; {$j = sajb {Get-WindowsFeature | Where {$_.Name -eq 'WINS'} | SELECT 'InstallState' | Format-List};$r = wjb $j -Timeout 300; rcjb $j;}""","-NoProfile -Command ""&amp; {$j = sajb {Get-WindowsFeature | Where {$_.Name -eq 'WINS'} | SELECT 'InstallState' | Format-List};$r = wjb $j -Timeout 300; rcjb $j;}""",C:\Windows\System32\WindowsPowershell\v1.0\powershell,powershell.exe,0x2f24,powershell.exe,C:\Windows\System32\WindowsPowerShell\v1.0\powershell.exe,Windows,<_='://../////'><><_='---'_='{----}'/><></><></><>,,,,,,,,0x3e7,,,A new process has been created,4688,XmlWinEventLog:Security,XmlWinEventLog,bbbbbsplunkes01,,,MMM,,ppppVWBXADC02$,,success,A new process has been created,failure,,,"execute
os
process
report
security
start
track_event_signatures
windows",,,,"execute
os
process
report
security
start
track_event_signatures
windows",,,ppppVWBXADC02$,-,,,,,Microsoft,,Microsoft Windows
