,,,,,MMM,,,ppppVWBXADC02$,,,Security,,,,,,"""C:\Windows\system32\WindowsPowerShell\v1.0\PowerShell.exe"" -Nologo -Noninteractive -NoProfile -ExecutionPolicy Bypass; Get-DeliveryOptimizationStatus | where-object {($_.Sourceurl -CLike 'http://localhost:8005*') -AND (($_.FileSize -ge '52428800') -or ($_.BytesFromPeers -ne '0') -or (($_.BytesFromCacheServer -ne '0') -and ($_.BytesFromCacheServer -ne $null)))} | select-object -Property BytesFromHttp, FileId, BytesFromPeers,Status,BytesFromCacheServer,SourceURL | ConvertTo-Xml -as string -NoTypeInformation",ppppvwbxadc02.mmm.hhh.ggg,,,,-,4688,"<Data Name='SubjectUserSid'>NT AUTHORITY\SYSTEM</Data><Data Name='SubjectUserName'>ppppVWBXADC02$</Data><Data Name='SubjectDomainName'>MMM</Data><Data Name='SubjectLogonId'>0x3e7</Data><Data Name='NewProcessId'>0x2d7c</Data><Data Name='NewProcessName'>C:\Windows\System32\WindowsPowerShell\v1.0\powershell.exe</Data><Data Name='TokenElevationType'>%%1936</Data><Data Name='ProcessId'>0x15e4</Data><Data Name='CommandLine'>""C:\Windows\system32\WindowsPowerShell\v1.0\PowerShell.exe"" -Nologo -Noninteractive -NoProfile -ExecutionPolicy Bypass; Get-DeliveryOptimizationStatus | where-object {($_.Sourceurl -CLike 'http://localhost:8005*') -AND (($_.FileSize -ge '52428800') -or ($_.BytesFromPeers -ne '0') -or (($_.BytesFromCacheServer -ne '0') -and ($_.BytesFromCacheServer -ne $null)))} | select-object -Property BytesFromHttp, FileId, BytesFromPeers,Status,BytesFromCacheServer,SourceURL | ConvertTo-Xml -as string -NoTypeInformation</Data><Data Name='TargetUserSid'>NULL SID</Data><Data Name='TargetUserName'>-</Data><Data Name='TargetDomainName'>-</Data><Data Name='TargetLogonId'>0x0</Data><Data Name='ParentProcessName'>C:\Windows\CCM\CcmExec.exe</Data><Data Name='MandatoryLabel'>Mandatory Label\System Mandatory Level</Data>",4688.0,26102256,,,,,,,,,,,0x8020000000000000,0,,,,0x3e7,,Mandatory Label\System Mandatory Level,,,,,'Microsoft-Windows-Security-Auditing',0x2d7c,C:\Windows\System32\WindowsPowerShell\v1.0\powershell.exe,,,,,,0,C:\Windows\CCM\CcmExec.exe,,,,'4',0x15e4,,"""C:\Windows\system32\WindowsPowerShell\v1.0\PowerShell.exe"" -Nologo -Noninteractive -NoProfile -ExecutionPolicy Bypass; Get-DeliveryOptimizationStatus | where-object {($_.Sourceurl -CLike 'http://localhost:8005*') -AND (($_.FileSize -ge '52428800') -or ($_.BytesFromPeers -ne '0') -or (($_.BytesFromCacheServer -ne '0') -and ($_.BytesFromCacheServer -ne $null)))} | select-object -Property BytesFromHttp, FileId, BytesFromPeers,Status,BytesFromCacheServer,SourceURL | ConvertTo-Xml -as string -NoTypeInformation",,26102256,,,,,,,MMM,0x3e7,ppppVWBXADC02$,NT AUTHORITY\SYSTEM,,'2026-05-19T05:23:28.925755600Z',<Provider Name='Microsoft-Windows-Security-Auditing' Guid='{54849625-5478-4994-a5ba-3e3b0328c30d}'/><EventID>4688</EventID><Version>2</Version><Level>0</Level><Task>13312</Task><Opcode>0</Opcode><Keywords>0x8020000000000000</Keywords><TimeCreated SystemTime='2026-05-19T05:23:28.925755600Z'/><EventRecordID>26102256</EventRecordID><Correlation/><Execution ProcessID='4' ThreadID='11908'/><Channel>Security</Channel><Computer>ppppvwbxadc02.mmm.hhh.ggg</Computer><Security/>,-,0x0,,,-,NULL SID,,,-,,-,13312,'11908',%%1936,%%1936,1936.0,,,,,2,,,,,2026-05-19T01:23:28.925-0400,allowed,win:unknown,,,,,ppppvwbxadc02.mmm.hhh.ggg,,ppppvwbxadc02.mmm.hhh.ggg,ppppvwbxadc02,26102256,endpoint_services_processes windows_endpoint_processes windows_event_signature windows_process_new wineventlog_security wineventlog_windows winsec,,,ppppvwbxadc02,26102256,occs-sss-windows,1,A new process has been created,C:\Windows\System32\WindowsPowerShell\v1.0\powershell.exe,0x2d7c,powershell.exe,,,,,,,C:\Windows\CCM\CcmExec.exe,0x15e4,CcmExec.exe,C:\Windows\CCM\CcmExec.exe,"""C:\Windows\system32\WindowsPowerShell\v1.0\PowerShell.exe"" -Nologo -Noninteractive -NoProfile -ExecutionPolicy Bypass; Get-DeliveryOptimizationStatus | where-object {($_.Sourceurl -CLike 'http://localhost:8005*') -AND (($_.FileSize -ge '52428800') -or ($_.BytesFromPeers -ne '0') -or (($_.BytesFromCacheServer -ne '0') -and ($_.BytesFromCacheServer -ne $null)))} | select-object -Property BytesFromHttp, FileId, BytesFromPeers,Status,BytesFromCacheServer,SourceURL | ConvertTo-Xml -as string -NoTypeInformation","-Nologo -Noninteractive -NoProfile -ExecutionPolicy Bypass; Get-DeliveryOptimizationStatus | where-object {($_.Sourceurl -CLike 'http://localhost:8005*') -AND (($_.FileSize -ge '52428800') -or ($_.BytesFromPeers -ne '0') -or (($_.BytesFromCacheServer -ne '0') -and ($_.BytesFromCacheServer -ne $null)))} | select-object -Property BytesFromHttp, FileId, BytesFromPeers,Status,BytesFromCacheServer,SourceURL | ConvertTo-Xml -as string -NoTypeInformation","""C:\Windows\system32\WindowsPowerShell\v1.0\PowerShell.exe""",powershell.exe,0x2d7c,powershell.exe,C:\Windows\System32\WindowsPowerShell\v1.0\powershell.exe,Windows,<_='://../////'><><_='---'_='{----}'/><></><></><>,,,,,,,,0x3e7,,,A new process has been created,4688,XmlWinEventLog:Security,XmlWinEventLog,bbbbbsplunkes02,,,MMM,,ppppVWBXADC02$,,success,A new process has been created,failure,,,"execute
os
process
report
security
start
track_event_signatures
windows",,,,"execute
os
process
report
security
start
track_event_signatures
windows",,,ppppVWBXADC02$,-,,,,,Microsoft,,Microsoft Windows
,,,,,MMM,,,ppppVWBXADC02$,,,Security,,,,,,"""C:\Windows\system32\WindowsPowerShell\v1.0\PowerShell.exe"" -Nologo -Noninteractive -NoProfile -ExecutionPolicy Bypass; Get-DeliveryOptimizationStatus | where-object {($_.Sourceurl -CLike 'http://localhost:8005*') -AND (($_.FileSize -ge '52428800') -or ($_.BytesFromPeers -ne '0') -or (($_.BytesFromCacheServer -ne '0') -and ($_.BytesFromCacheServer -ne $null)))} | select-object -Property BytesFromHttp, FileId, BytesFromPeers,Status,BytesFromCacheServer,SourceURL | ConvertTo-Xml -as string -NoTypeInformation",ppppvwbxadc02.mmm.hhh.ggg,,,,-,4688,"<Data Name='SubjectUserSid'>NT AUTHORITY\SYSTEM</Data><Data Name='SubjectUserName'>ppppVWBXADC02$</Data><Data Name='SubjectDomainName'>MMM</Data><Data Name='SubjectLogonId'>0x3e7</Data><Data Name='NewProcessId'>0x2b68</Data><Data Name='NewProcessName'>C:\Windows\System32\WindowsPowerShell\v1.0\powershell.exe</Data><Data Name='TokenElevationType'>%%1936</Data><Data Name='ProcessId'>0x15e4</Data><Data Name='CommandLine'>""C:\Windows\system32\WindowsPowerShell\v1.0\PowerShell.exe"" -Nologo -Noninteractive -NoProfile -ExecutionPolicy Bypass; Get-DeliveryOptimizationStatus | where-object {($_.Sourceurl -CLike 'http://localhost:8005*') -AND (($_.FileSize -ge '52428800') -or ($_.BytesFromPeers -ne '0') -or (($_.BytesFromCacheServer -ne '0') -and ($_.BytesFromCacheServer -ne $null)))} | select-object -Property BytesFromHttp, FileId, BytesFromPeers,Status,BytesFromCacheServer,SourceURL | ConvertTo-Xml -as string -NoTypeInformation</Data><Data Name='TargetUserSid'>NULL SID</Data><Data Name='TargetUserName'>-</Data><Data Name='TargetDomainName'>-</Data><Data Name='TargetLogonId'>0x0</Data><Data Name='ParentProcessName'>C:\Windows\CCM\CcmExec.exe</Data><Data Name='MandatoryLabel'>Mandatory Label\System Mandatory Level</Data>",4688.0,26099633,,,,,,,,,,,0x8020000000000000,0,,,,0x3e7,,Mandatory Label\System Mandatory Level,,,,,'Microsoft-Windows-Security-Auditing',0x2b68,C:\Windows\System32\WindowsPowerShell\v1.0\powershell.exe,,,,,,0,C:\Windows\CCM\CcmExec.exe,,,,'4',0x15e4,,"""C:\Windows\system32\WindowsPowerShell\v1.0\PowerShell.exe"" -Nologo -Noninteractive -NoProfile -ExecutionPolicy Bypass; Get-DeliveryOptimizationStatus | where-object {($_.Sourceurl -CLike 'http://localhost:8005*') -AND (($_.FileSize -ge '52428800') -or ($_.BytesFromPeers -ne '0') -or (($_.BytesFromCacheServer -ne '0') -and ($_.BytesFromCacheServer -ne $null)))} | select-object -Property BytesFromHttp, FileId, BytesFromPeers,Status,BytesFromCacheServer,SourceURL | ConvertTo-Xml -as string -NoTypeInformation",,26099633,,,,,,,MMM,0x3e7,ppppVWBXADC02$,NT AUTHORITY\SYSTEM,,'2026-05-19T04:38:27.314892700Z',<Provider Name='Microsoft-Windows-Security-Auditing' Guid='{54849625-5478-4994-a5ba-3e3b0328c30d}'/><EventID>4688</EventID><Version>2</Version><Level>0</Level><Task>13312</Task><Opcode>0</Opcode><Keywords>0x8020000000000000</Keywords><TimeCreated SystemTime='2026-05-19T04:38:27.314892700Z'/><EventRecordID>26099633</EventRecordID><Correlation/><Execution ProcessID='4' ThreadID='11856'/><Channel>Security</Channel><Computer>ppppvwbxadc02.mmm.hhh.ggg</Computer><Security/>,-,0x0,,,-,NULL SID,,,-,,-,13312,'11856',%%1936,%%1936,1936.0,,,,,2,,,,,2026-05-19T00:38:27.314-0400,allowed,win:unknown,,,,,ppppvwbxadc02.mmm.hhh.ggg,,ppppvwbxadc02.mmm.hhh.ggg,ppppvwbxadc02,26099633,endpoint_services_processes windows_endpoint_processes windows_event_signature windows_process_new wineventlog_security wineventlog_windows winsec,,,ppppvwbxadc02,26099633,occs-sss-windows,1,A new process has been created,C:\Windows\System32\WindowsPowerShell\v1.0\powershell.exe,0x2b68,powershell.exe,,,,,,,C:\Windows\CCM\CcmExec.exe,0x15e4,CcmExec.exe,C:\Windows\CCM\CcmExec.exe,"""C:\Windows\system32\WindowsPowerShell\v1.0\PowerShell.exe"" -Nologo -Noninteractive -NoProfile -ExecutionPolicy Bypass; Get-DeliveryOptimizationStatus | where-object {($_.Sourceurl -CLike 'http://localhost:8005*') -AND (($_.FileSize -ge '52428800') -or ($_.BytesFromPeers -ne '0') -or (($_.BytesFromCacheServer -ne '0') -and ($_.BytesFromCacheServer -ne $null)))} | select-object -Property BytesFromHttp, FileId, BytesFromPeers,Status,BytesFromCacheServer,SourceURL | ConvertTo-Xml -as string -NoTypeInformation","-Nologo -Noninteractive -NoProfile -ExecutionPolicy Bypass; Get-DeliveryOptimizationStatus | where-object {($_.Sourceurl -CLike 'http://localhost:8005*') -AND (($_.FileSize -ge '52428800') -or ($_.BytesFromPeers -ne '0') -or (($_.BytesFromCacheServer -ne '0') -and ($_.BytesFromCacheServer -ne $null)))} | select-object -Property BytesFromHttp, FileId, BytesFromPeers,Status,BytesFromCacheServer,SourceURL | ConvertTo-Xml -as string -NoTypeInformation","""C:\Windows\system32\WindowsPowerShell\v1.0\PowerShell.exe""",powershell.exe,0x2b68,powershell.exe,C:\Windows\System32\WindowsPowerShell\v1.0\powershell.exe,Windows,<_='://../////'><><_='---'_='{----}'/><></><></><>,,,,,,,,0x3e7,,,A new process has been created,4688,XmlWinEventLog:Security,XmlWinEventLog,bbbbbsplunkes01,,,MMM,,ppppVWBXADC02$,,success,A new process has been created,failure,,,"execute
os
process
report
security
start
track_event_signatures
windows",,,,"execute
os
process
report
security
start
track_event_signatures
windows",,,ppppVWBXADC02$,-,,,,,Microsoft,,Microsoft Windows
,,,,,MMM,,,ppppVWBXADC02$,,,Security,,,,,,"""C:\Windows\system32\WindowsPowerShell\v1.0\PowerShell.exe"" -Nologo -Noninteractive -NoProfile -ExecutionPolicy Bypass; Get-DeliveryOptimizationStatus | where-object {($_.Sourceurl -CLike 'http://localhost:8005*') -AND (($_.FileSize -ge '52428800') -or ($_.BytesFromPeers -ne '0') -or (($_.BytesFromCacheServer -ne '0') -and ($_.BytesFromCacheServer -ne $null)))} | select-object -Property BytesFromHttp, FileId, BytesFromPeers,Status,BytesFromCacheServer,SourceURL | ConvertTo-Xml -as string -NoTypeInformation",ppppvwbxadc02.mmm.hhh.ggg,,,,-,4688,"<Data Name='SubjectUserSid'>NT AUTHORITY\SYSTEM</Data><Data Name='SubjectUserName'>ppppVWBXADC02$</Data><Data Name='SubjectDomainName'>MMM</Data><Data Name='SubjectLogonId'>0x3e7</Data><Data Name='NewProcessId'>0x1684</Data><Data Name='NewProcessName'>C:\Windows\System32\WindowsPowerShell\v1.0\powershell.exe</Data><Data Name='TokenElevationType'>%%1936</Data><Data Name='ProcessId'>0x15e4</Data><Data Name='CommandLine'>""C:\Windows\system32\WindowsPowerShell\v1.0\PowerShell.exe"" -Nologo -Noninteractive -NoProfile -ExecutionPolicy Bypass; Get-DeliveryOptimizationStatus | where-object {($_.Sourceurl -CLike 'http://localhost:8005*') -AND (($_.FileSize -ge '52428800') -or ($_.BytesFromPeers -ne '0') -or (($_.BytesFromCacheServer -ne '0') -and ($_.BytesFromCacheServer -ne $null)))} | select-object -Property BytesFromHttp, FileId, BytesFromPeers,Status,BytesFromCacheServer,SourceURL | ConvertTo-Xml -as string -NoTypeInformation</Data><Data Name='TargetUserSid'>NULL SID</Data><Data Name='TargetUserName'>-</Data><Data Name='TargetDomainName'>-</Data><Data Name='TargetLogonId'>0x0</Data><Data Name='ParentProcessName'>C:\Windows\CCM\CcmExec.exe</Data><Data Name='MandatoryLabel'>Mandatory Label\System Mandatory Level</Data>",4688.0,26098556,,,,,,,,,,,0x8020000000000000,0,,,,0x3e7,,Mandatory Label\System Mandatory Level,,,,,'Microsoft-Windows-Security-Auditing',0x1684,C:\Windows\System32\WindowsPowerShell\v1.0\powershell.exe,,,,,,0,C:\Windows\CCM\CcmExec.exe,,,,'4',0x15e4,,"""C:\Windows\system32\WindowsPowerShell\v1.0\PowerShell.exe"" -Nologo -Noninteractive -NoProfile -ExecutionPolicy Bypass; Get-DeliveryOptimizationStatus | where-object {($_.Sourceurl -CLike 'http://localhost:8005*') -AND (($_.FileSize -ge '52428800') -or ($_.BytesFromPeers -ne '0') -or (($_.BytesFromCacheServer -ne '0') -and ($_.BytesFromCacheServer -ne $null)))} | select-object -Property BytesFromHttp, FileId, BytesFromPeers,Status,BytesFromCacheServer,SourceURL | ConvertTo-Xml -as string -NoTypeInformation",,26098556,,,,,,,MMM,0x3e7,ppppVWBXADC02$,NT AUTHORITY\SYSTEM,,'2026-05-19T03:53:26.120979600Z',<Provider Name='Microsoft-Windows-Security-Auditing' Guid='{54849625-5478-4994-a5ba-3e3b0328c30d}'/><EventID>4688</EventID><Version>2</Version><Level>0</Level><Task>13312</Task><Opcode>0</Opcode><Keywords>0x8020000000000000</Keywords><TimeCreated SystemTime='2026-05-19T03:53:26.120979600Z'/><EventRecordID>26098556</EventRecordID><Correlation/><Execution ProcessID='4' ThreadID='9792'/><Channel>Security</Channel><Computer>ppppvwbxadc02.mmm.hhh.ggg</Computer><Security/>,-,0x0,,,-,NULL SID,,,-,,-,13312,'9792',%%1936,%%1936,1936.0,,,,,2,,,,,2026-05-18T23:53:26.120-0400,allowed,win:unknown,,,,,ppppvwbxadc02.mmm.hhh.ggg,,ppppvwbxadc02.mmm.hhh.ggg,ppppvwbxadc02,26098556,endpoint_services_processes windows_endpoint_processes windows_event_signature windows_process_new wineventlog_security wineventlog_windows winsec,,,ppppvwbxadc02,26098556,occs-sss-windows,1,A new process has been created,C:\Windows\System32\WindowsPowerShell\v1.0\powershell.exe,0x1684,powershell.exe,,,,,,,C:\Windows\CCM\CcmExec.exe,0x15e4,CcmExec.exe,C:\Windows\CCM\CcmExec.exe,"""C:\Windows\system32\WindowsPowerShell\v1.0\PowerShell.exe"" -Nologo -Noninteractive -NoProfile -ExecutionPolicy Bypass; Get-DeliveryOptimizationStatus | where-object {($_.Sourceurl -CLike 'http://localhost:8005*') -AND (($_.FileSize -ge '52428800') -or ($_.BytesFromPeers -ne '0') -or (($_.BytesFromCacheServer -ne '0') -and ($_.BytesFromCacheServer -ne $null)))} | select-object -Property BytesFromHttp, FileId, BytesFromPeers,Status,BytesFromCacheServer,SourceURL | ConvertTo-Xml -as string -NoTypeInformation","-Nologo -Noninteractive -NoProfile -ExecutionPolicy Bypass; Get-DeliveryOptimizationStatus | where-object {($_.Sourceurl -CLike 'http://localhost:8005*') -AND (($_.FileSize -ge '52428800') -or ($_.BytesFromPeers -ne '0') -or (($_.BytesFromCacheServer -ne '0') -and ($_.BytesFromCacheServer -ne $null)))} | select-object -Property BytesFromHttp, FileId, BytesFromPeers,Status,BytesFromCacheServer,SourceURL | ConvertTo-Xml -as string -NoTypeInformation","""C:\Windows\system32\WindowsPowerShell\v1.0\PowerShell.exe""",powershell.exe,0x1684,powershell.exe,C:\Windows\System32\WindowsPowerShell\v1.0\powershell.exe,Windows,<_='://../////'><><_='---'_='{----}'/><></><></><>,,,,,,,,0x3e7,,,A new process has been created,4688,XmlWinEventLog:Security,XmlWinEventLog,bbbbbsplunkes01,,,MMM,,ppppVWBXADC02$,,success,A new process has been created,failure,,,"execute
os
process
report
security
start
track_event_signatures
windows",,,,"execute
os
process
report
security
start
track_event_signatures
windows",,,ppppVWBXADC02$,-,,,,,Microsoft,,Microsoft Windows
,,,,,MMM,,,ppppVWBXADC02$,,,Security,,,,,,"""C:\Windows\system32\WindowsPowerShell\v1.0\PowerShell.exe"" -Nologo -Noninteractive -NoProfile -ExecutionPolicy Bypass; Get-DeliveryOptimizationStatus | where-object {($_.Sourceurl -CLike 'http://localhost:8005*') -AND (($_.FileSize -ge '52428800') -or ($_.BytesFromPeers -ne '0') -or (($_.BytesFromCacheServer -ne '0') -and ($_.BytesFromCacheServer -ne $null)))} | select-object -Property BytesFromHttp, FileId, BytesFromPeers,Status,BytesFromCacheServer,SourceURL | ConvertTo-Xml -as string -NoTypeInformation",ppppvwbxadc02.mmm.hhh.ggg,,,,-,4688,"<Data Name='SubjectUserSid'>NT AUTHORITY\SYSTEM</Data><Data Name='SubjectUserName'>ppppVWBXADC02$</Data><Data Name='SubjectDomainName'>MMM</Data><Data Name='SubjectLogonId'>0x3e7</Data><Data Name='NewProcessId'>0x3018</Data><Data Name='NewProcessName'>C:\Windows\System32\WindowsPowerShell\v1.0\powershell.exe</Data><Data Name='TokenElevationType'>%%1936</Data><Data Name='ProcessId'>0x15e4</Data><Data Name='CommandLine'>""C:\Windows\system32\WindowsPowerShell\v1.0\PowerShell.exe"" -Nologo -Noninteractive -NoProfile -ExecutionPolicy Bypass; Get-DeliveryOptimizationStatus | where-object {($_.Sourceurl -CLike 'http://localhost:8005*') -AND (($_.FileSize -ge '52428800') -or ($_.BytesFromPeers -ne '0') -or (($_.BytesFromCacheServer -ne '0') -and ($_.BytesFromCacheServer -ne $null)))} | select-object -Property BytesFromHttp, FileId, BytesFromPeers,Status,BytesFromCacheServer,SourceURL | ConvertTo-Xml -as string -NoTypeInformation</Data><Data Name='TargetUserSid'>NULL SID</Data><Data Name='TargetUserName'>-</Data><Data Name='TargetDomainName'>-</Data><Data Name='TargetLogonId'>0x0</Data><Data Name='ParentProcessName'>C:\Windows\CCM\CcmExec.exe</Data><Data Name='MandatoryLabel'>Mandatory Label\System Mandatory Level</Data>",4688.0,26096537,,,,,,,,,,,0x8020000000000000,0,,,,0x3e7,,Mandatory Label\System Mandatory Level,,,,,'Microsoft-Windows-Security-Auditing',0x3018,C:\Windows\System32\WindowsPowerShell\v1.0\powershell.exe,,,,,,0,C:\Windows\CCM\CcmExec.exe,,,,'4',0x15e4,,"""C:\Windows\system32\WindowsPowerShell\v1.0\PowerShell.exe"" -Nologo -Noninteractive -NoProfile -ExecutionPolicy Bypass; Get-DeliveryOptimizationStatus | where-object {($_.Sourceurl -CLike 'http://localhost:8005*') -AND (($_.FileSize -ge '52428800') -or ($_.BytesFromPeers -ne '0') -or (($_.BytesFromCacheServer -ne '0') -and ($_.BytesFromCacheServer -ne $null)))} | select-object -Property BytesFromHttp, FileId, BytesFromPeers,Status,BytesFromCacheServer,SourceURL | ConvertTo-Xml -as string -NoTypeInformation",,26096537,,,,,,,MMM,0x3e7,ppppVWBXADC02$,NT AUTHORITY\SYSTEM,,'2026-05-19T03:08:24.981691200Z',<Provider Name='Microsoft-Windows-Security-Auditing' Guid='{54849625-5478-4994-a5ba-3e3b0328c30d}'/><EventID>4688</EventID><Version>2</Version><Level>0</Level><Task>13312</Task><Opcode>0</Opcode><Keywords>0x8020000000000000</Keywords><TimeCreated SystemTime='2026-05-19T03:08:24.981691200Z'/><EventRecordID>26096537</EventRecordID><Correlation/><Execution ProcessID='4' ThreadID='11856'/><Channel>Security</Channel><Computer>ppppvwbxadc02.mmm.hhh.ggg</Computer><Security/>,-,0x0,,,-,NULL SID,,,-,,-,13312,'11856',%%1936,%%1936,1936.0,,,,,2,,,,,2026-05-18T23:08:24.981-0400,allowed,win:unknown,,,,,ppppvwbxadc02.mmm.hhh.ggg,,ppppvwbxadc02.mmm.hhh.ggg,ppppvwbxadc02,26096537,endpoint_services_processes windows_endpoint_processes windows_event_signature windows_process_new wineventlog_security wineventlog_windows winsec,,,ppppvwbxadc02,26096537,occs-sss-windows,1,A new process has been created,C:\Windows\System32\WindowsPowerShell\v1.0\powershell.exe,0x3018,powershell.exe,,,,,,,C:\Windows\CCM\CcmExec.exe,0x15e4,CcmExec.exe,C:\Windows\CCM\CcmExec.exe,"""C:\Windows\system32\WindowsPowerShell\v1.0\PowerShell.exe"" -Nologo -Noninteractive -NoProfile -ExecutionPolicy Bypass; Get-DeliveryOptimizationStatus | where-object {($_.Sourceurl -CLike 'http://localhost:8005*') -AND (($_.FileSize -ge '52428800') -or ($_.BytesFromPeers -ne '0') -or (($_.BytesFromCacheServer -ne '0') -and ($_.BytesFromCacheServer -ne $null)))} | select-object -Property BytesFromHttp, FileId, BytesFromPeers,Status,BytesFromCacheServer,SourceURL | ConvertTo-Xml -as string -NoTypeInformation","-Nologo -Noninteractive -NoProfile -ExecutionPolicy Bypass; Get-DeliveryOptimizationStatus | where-object {($_.Sourceurl -CLike 'http://localhost:8005*') -AND (($_.FileSize -ge '52428800') -or ($_.BytesFromPeers -ne '0') -or (($_.BytesFromCacheServer -ne '0') -and ($_.BytesFromCacheServer -ne $null)))} | select-object -Property BytesFromHttp, FileId, BytesFromPeers,Status,BytesFromCacheServer,SourceURL | ConvertTo-Xml -as string -NoTypeInformation","""C:\Windows\system32\WindowsPowerShell\v1.0\PowerShell.exe""",powershell.exe,0x3018,powershell.exe,C:\Windows\System32\WindowsPowerShell\v1.0\powershell.exe,Windows,<_='://../////'><><_='---'_='{----}'/><></><></><>,,,,,,,,0x3e7,,,A new process has been created,4688,XmlWinEventLog:Security,XmlWinEventLog,bbbbbsplunkes02,,,MMM,,ppppVWBXADC02$,,success,A new process has been created,failure,,,"execute
os
process
report
security
start
track_event_signatures
windows",,,,"execute
os
process
report
security
start
track_event_signatures
windows",,,ppppVWBXADC02$,-,,,,,Microsoft,,Microsoft Windows
,,,,,MMM,,,ppppVWBXADC02$,,,Security,,,,,,"""C:\Windows\system32\WindowsPowerShell\v1.0\PowerShell.exe"" -Nologo -Noninteractive -NoProfile -ExecutionPolicy Bypass; Get-DeliveryOptimizationStatus | where-object {($_.Sourceurl -CLike 'http://localhost:8005*') -AND (($_.FileSize -ge '52428800') -or ($_.BytesFromPeers -ne '0') -or (($_.BytesFromCacheServer -ne '0') -and ($_.BytesFromCacheServer -ne $null)))} | select-object -Property BytesFromHttp, FileId, BytesFromPeers,Status,BytesFromCacheServer,SourceURL | ConvertTo-Xml -as string -NoTypeInformation",ppppvwbxadc02.mmm.hhh.ggg,,,,-,4688,"<Data Name='SubjectUserSid'>NT AUTHORITY\SYSTEM</Data><Data Name='SubjectUserName'>ppppVWBXADC02$</Data><Data Name='SubjectDomainName'>MMM</Data><Data Name='SubjectLogonId'>0x3e7</Data><Data Name='NewProcessId'>0x2eb4</Data><Data Name='NewProcessName'>C:\Windows\System32\WindowsPowerShell\v1.0\powershell.exe</Data><Data Name='TokenElevationType'>%%1936</Data><Data Name='ProcessId'>0x15e4</Data><Data Name='CommandLine'>""C:\Windows\system32\WindowsPowerShell\v1.0\PowerShell.exe"" -Nologo -Noninteractive -NoProfile -ExecutionPolicy Bypass; Get-DeliveryOptimizationStatus | where-object {($_.Sourceurl -CLike 'http://localhost:8005*') -AND (($_.FileSize -ge '52428800') -or ($_.BytesFromPeers -ne '0') -or (($_.BytesFromCacheServer -ne '0') -and ($_.BytesFromCacheServer -ne $null)))} | select-object -Property BytesFromHttp, FileId, BytesFromPeers,Status,BytesFromCacheServer,SourceURL | ConvertTo-Xml -as string -NoTypeInformation</Data><Data Name='TargetUserSid'>NULL SID</Data><Data Name='TargetUserName'>-</Data><Data Name='TargetDomainName'>-</Data><Data Name='TargetLogonId'>0x0</Data><Data Name='ParentProcessName'>C:\Windows\CCM\CcmExec.exe</Data><Data Name='MandatoryLabel'>Mandatory Label\System Mandatory Level</Data>",4688.0,26094658,,,,,,,,,,,0x8020000000000000,0,,,,0x3e7,,Mandatory Label\System Mandatory Level,,,,,'Microsoft-Windows-Security-Auditing',0x2eb4,C:\Windows\System32\WindowsPowerShell\v1.0\powershell.exe,,,,,,0,C:\Windows\CCM\CcmExec.exe,,,,'4',0x15e4,,"""C:\Windows\system32\WindowsPowerShell\v1.0\PowerShell.exe"" -Nologo -Noninteractive -NoProfile -ExecutionPolicy Bypass; Get-DeliveryOptimizationStatus | where-object {($_.Sourceurl -CLike 'http://localhost:8005*') -AND (($_.FileSize -ge '52428800') -or ($_.BytesFromPeers -ne '0') -or (($_.BytesFromCacheServer -ne '0') -and ($_.BytesFromCacheServer -ne $null)))} | select-object -Property BytesFromHttp, FileId, BytesFromPeers,Status,BytesFromCacheServer,SourceURL | ConvertTo-Xml -as string -NoTypeInformation",,26094658,,,,,,,MMM,0x3e7,ppppVWBXADC02$,NT AUTHORITY\SYSTEM,,'2026-05-19T02:23:23.834135400Z',<Provider Name='Microsoft-Windows-Security-Auditing' Guid='{54849625-5478-4994-a5ba-3e3b0328c30d}'/><EventID>4688</EventID><Version>2</Version><Level>0</Level><Task>13312</Task><Opcode>0</Opcode><Keywords>0x8020000000000000</Keywords><TimeCreated SystemTime='2026-05-19T02:23:23.834135400Z'/><EventRecordID>26094658</EventRecordID><Correlation/><Execution ProcessID='4' ThreadID='1332'/><Channel>Security</Channel><Computer>ppppvwbxadc02.mmm.hhh.ggg</Computer><Security/>,-,0x0,,,-,NULL SID,,,-,,-,13312,'1332',%%1936,%%1936,1936.0,,,,,2,,,,,2026-05-18T22:23:23.834-0400,allowed,win:unknown,,,,,ppppvwbxadc02.mmm.hhh.ggg,,ppppvwbxadc02.mmm.hhh.ggg,ppppvwbxadc02,26094658,endpoint_services_processes windows_endpoint_processes windows_event_signature windows_process_new wineventlog_security wineventlog_windows winsec,,,ppppvwbxadc02,26094658,occs-sss-windows,1,A new process has been created,C:\Windows\System32\WindowsPowerShell\v1.0\powershell.exe,0x2eb4,powershell.exe,,,,,,,C:\Windows\CCM\CcmExec.exe,0x15e4,CcmExec.exe,C:\Windows\CCM\CcmExec.exe,"""C:\Windows\system32\WindowsPowerShell\v1.0\PowerShell.exe"" -Nologo -Noninteractive -NoProfile -ExecutionPolicy Bypass; Get-DeliveryOptimizationStatus | where-object {($_.Sourceurl -CLike 'http://localhost:8005*') -AND (($_.FileSize -ge '52428800') -or ($_.BytesFromPeers -ne '0') -or (($_.BytesFromCacheServer -ne '0') -and ($_.BytesFromCacheServer -ne $null)))} | select-object -Property BytesFromHttp, FileId, BytesFromPeers,Status,BytesFromCacheServer,SourceURL | ConvertTo-Xml -as string -NoTypeInformation","-Nologo -Noninteractive -NoProfile -ExecutionPolicy Bypass; Get-DeliveryOptimizationStatus | where-object {($_.Sourceurl -CLike 'http://localhost:8005*') -AND (($_.FileSize -ge '52428800') -or ($_.BytesFromPeers -ne '0') -or (($_.BytesFromCacheServer -ne '0') -and ($_.BytesFromCacheServer -ne $null)))} | select-object -Property BytesFromHttp, FileId, BytesFromPeers,Status,BytesFromCacheServer,SourceURL | ConvertTo-Xml -as string -NoTypeInformation","""C:\Windows\system32\WindowsPowerShell\v1.0\PowerShell.exe""",powershell.exe,0x2eb4,powershell.exe,C:\Windows\System32\WindowsPowerShell\v1.0\powershell.exe,Windows,<_='://../////'><><_='---'_='{----}'/><></><></><>,,,,,,,,0x3e7,,,A new process has been created,4688,XmlWinEventLog:Security,XmlWinEventLog,bbbbbsplunkes02,,,MMM,,ppppVWBXADC02$,,success,A new process has been created,failure,,,"execute
os
process
report
security
start
track_event_signatures
windows",,,,"execute
os
process
report
security
start
track_event_signatures
windows",,,ppppVWBXADC02$,-,,,,,Microsoft,,Microsoft Windows
,,,,,MMM,,,ppppVWBXADC02$,,,Security,,,,,,"""C:\Windows\system32\WindowsPowerShell\v1.0\PowerShell.exe"" -Nologo -Noninteractive -NoProfile -ExecutionPolicy Bypass; Get-DeliveryOptimizationStatus | where-object {($_.Sourceurl -CLike 'http://localhost:8005*') -AND (($_.FileSize -ge '52428800') -or ($_.BytesFromPeers -ne '0') -or (($_.BytesFromCacheServer -ne '0') -and ($_.BytesFromCacheServer -ne $null)))} | select-object -Property BytesFromHttp, FileId, BytesFromPeers,Status,BytesFromCacheServer,SourceURL | ConvertTo-Xml -as string -NoTypeInformation",ppppvwbxadc02.mmm.hhh.ggg,,,,-,4688,"<Data Name='SubjectUserSid'>NT AUTHORITY\SYSTEM</Data><Data Name='SubjectUserName'>ppppVWBXADC02$</Data><Data Name='SubjectDomainName'>MMM</Data><Data Name='SubjectLogonId'>0x3e7</Data><Data Name='NewProcessId'>0x10d4</Data><Data Name='NewProcessName'>C:\Windows\System32\WindowsPowerShell\v1.0\powershell.exe</Data><Data Name='TokenElevationType'>%%1936</Data><Data Name='ProcessId'>0x15e4</Data><Data Name='CommandLine'>""C:\Windows\system32\WindowsPowerShell\v1.0\PowerShell.exe"" -Nologo -Noninteractive -NoProfile -ExecutionPolicy Bypass; Get-DeliveryOptimizationStatus | where-object {($_.Sourceurl -CLike 'http://localhost:8005*') -AND (($_.FileSize -ge '52428800') -or ($_.BytesFromPeers -ne '0') -or (($_.BytesFromCacheServer -ne '0') -and ($_.BytesFromCacheServer -ne $null)))} | select-object -Property BytesFromHttp, FileId, BytesFromPeers,Status,BytesFromCacheServer,SourceURL | ConvertTo-Xml -as string -NoTypeInformation</Data><Data Name='TargetUserSid'>NULL SID</Data><Data Name='TargetUserName'>-</Data><Data Name='TargetDomainName'>-</Data><Data Name='TargetLogonId'>0x0</Data><Data Name='ParentProcessName'>C:\Windows\CCM\CcmExec.exe</Data><Data Name='MandatoryLabel'>Mandatory Label\System Mandatory Level</Data>",4688.0,26092609,,,,,,,,,,,0x8020000000000000,0,,,,0x3e7,,Mandatory Label\System Mandatory Level,,,,,'Microsoft-Windows-Security-Auditing',0x10d4,C:\Windows\System32\WindowsPowerShell\v1.0\powershell.exe,,,,,,0,C:\Windows\CCM\CcmExec.exe,,,,'4',0x15e4,,"""C:\Windows\system32\WindowsPowerShell\v1.0\PowerShell.exe"" -Nologo -Noninteractive -NoProfile -ExecutionPolicy Bypass; Get-DeliveryOptimizationStatus | where-object {($_.Sourceurl -CLike 'http://localhost:8005*') -AND (($_.FileSize -ge '52428800') -or ($_.BytesFromPeers -ne '0') -or (($_.BytesFromCacheServer -ne '0') -and ($_.BytesFromCacheServer -ne $null)))} | select-object -Property BytesFromHttp, FileId, BytesFromPeers,Status,BytesFromCacheServer,SourceURL | ConvertTo-Xml -as string -NoTypeInformation",,26092609,,,,,,,MMM,0x3e7,ppppVWBXADC02$,NT AUTHORITY\SYSTEM,,'2026-05-19T01:38:22.627682000Z',<Provider Name='Microsoft-Windows-Security-Auditing' Guid='{54849625-5478-4994-a5ba-3e3b0328c30d}'/><EventID>4688</EventID><Version>2</Version><Level>0</Level><Task>13312</Task><Opcode>0</Opcode><Keywords>0x8020000000000000</Keywords><TimeCreated SystemTime='2026-05-19T01:38:22.627682000Z'/><EventRecordID>26092609</EventRecordID><Correlation/><Execution ProcessID='4' ThreadID='9792'/><Channel>Security</Channel><Computer>ppppvwbxadc02.mmm.hhh.ggg</Computer><Security/>,-,0x0,,,-,NULL SID,,,-,,-,13312,'9792',%%1936,%%1936,1936.0,,,,,2,,,,,2026-05-18T21:38:22.627-0400,allowed,win:unknown,,,,,ppppvwbxadc02.mmm.hhh.ggg,,ppppvwbxadc02.mmm.hhh.ggg,ppppvwbxadc02,26092609,endpoint_services_processes windows_endpoint_processes windows_event_signature windows_process_new wineventlog_security wineventlog_windows winsec,,,ppppvwbxadc02,26092609,occs-sss-windows,1,A new process has been created,C:\Windows\System32\WindowsPowerShell\v1.0\powershell.exe,0x10d4,powershell.exe,,,,,,,C:\Windows\CCM\CcmExec.exe,0x15e4,CcmExec.exe,C:\Windows\CCM\CcmExec.exe,"""C:\Windows\system32\WindowsPowerShell\v1.0\PowerShell.exe"" -Nologo -Noninteractive -NoProfile -ExecutionPolicy Bypass; Get-DeliveryOptimizationStatus | where-object {($_.Sourceurl -CLike 'http://localhost:8005*') -AND (($_.FileSize -ge '52428800') -or ($_.BytesFromPeers -ne '0') -or (($_.BytesFromCacheServer -ne '0') -and ($_.BytesFromCacheServer -ne $null)))} | select-object -Property BytesFromHttp, FileId, BytesFromPeers,Status,BytesFromCacheServer,SourceURL | ConvertTo-Xml -as string -NoTypeInformation","-Nologo -Noninteractive -NoProfile -ExecutionPolicy Bypass; Get-DeliveryOptimizationStatus | where-object {($_.Sourceurl -CLike 'http://localhost:8005*') -AND (($_.FileSize -ge '52428800') -or ($_.BytesFromPeers -ne '0') -or (($_.BytesFromCacheServer -ne '0') -and ($_.BytesFromCacheServer -ne $null)))} | select-object -Property BytesFromHttp, FileId, BytesFromPeers,Status,BytesFromCacheServer,SourceURL | ConvertTo-Xml -as string -NoTypeInformation","""C:\Windows\system32\WindowsPowerShell\v1.0\PowerShell.exe""",powershell.exe,0x10d4,powershell.exe,C:\Windows\System32\WindowsPowerShell\v1.0\powershell.exe,Windows,<_='://../////'><><_='---'_='{----}'/><></><></><>,,,,,,,,0x3e7,,,A new process has been created,4688,XmlWinEventLog:Security,XmlWinEventLog,bbbbbsplunkes02,,,MMM,,ppppVWBXADC02$,,success,A new process has been created,failure,,,"execute
os
process
report
security
start
track_event_signatures
windows",,,,"execute
os
process
report
security
start
track_event_signatures
windows",,,ppppVWBXADC02$,-,,,,,Microsoft,,Microsoft Windows
,,,,,MMM,,,ppppVWBXADC02$,,,Security,,,,,,"""C:\Windows\system32\WindowsPowerShell\v1.0\PowerShell.exe"" -Nologo -Noninteractive -NoProfile -ExecutionPolicy Bypass; Get-DeliveryOptimizationStatus | where-object {($_.Sourceurl -CLike 'http://localhost:8005*') -AND (($_.FileSize -ge '52428800') -or ($_.BytesFromPeers -ne '0') -or (($_.BytesFromCacheServer -ne '0') -and ($_.BytesFromCacheServer -ne $null)))} | select-object -Property BytesFromHttp, FileId, BytesFromPeers,Status,BytesFromCacheServer,SourceURL | ConvertTo-Xml -as string -NoTypeInformation",ppppvwbxadc02.mmm.hhh.ggg,,,,-,4688,"<Data Name='SubjectUserSid'>NT AUTHORITY\SYSTEM</Data><Data Name='SubjectUserName'>ppppVWBXADC02$</Data><Data Name='SubjectDomainName'>MMM</Data><Data Name='SubjectLogonId'>0x3e7</Data><Data Name='NewProcessId'>0x102c</Data><Data Name='NewProcessName'>C:\Windows\System32\WindowsPowerShell\v1.0\powershell.exe</Data><Data Name='TokenElevationType'>%%1936</Data><Data Name='ProcessId'>0x15e4</Data><Data Name='CommandLine'>""C:\Windows\system32\WindowsPowerShell\v1.0\PowerShell.exe"" -Nologo -Noninteractive -NoProfile -ExecutionPolicy Bypass; Get-DeliveryOptimizationStatus | where-object {($_.Sourceurl -CLike 'http://localhost:8005*') -AND (($_.FileSize -ge '52428800') -or ($_.BytesFromPeers -ne '0') -or (($_.BytesFromCacheServer -ne '0') -and ($_.BytesFromCacheServer -ne $null)))} | select-object -Property BytesFromHttp, FileId, BytesFromPeers,Status,BytesFromCacheServer,SourceURL | ConvertTo-Xml -as string -NoTypeInformation</Data><Data Name='TargetUserSid'>NULL SID</Data><Data Name='TargetUserName'>-</Data><Data Name='TargetDomainName'>-</Data><Data Name='TargetLogonId'>0x0</Data><Data Name='ParentProcessName'>C:\Windows\CCM\CcmExec.exe</Data><Data Name='MandatoryLabel'>Mandatory Label\System Mandatory Level</Data>",4688.0,26090754,,,,,,,,,,,0x8020000000000000,0,,,,0x3e7,,Mandatory Label\System Mandatory Level,,,,,'Microsoft-Windows-Security-Auditing',0x102c,C:\Windows\System32\WindowsPowerShell\v1.0\powershell.exe,,,,,,0,C:\Windows\CCM\CcmExec.exe,,,,'4',0x15e4,,"""C:\Windows\system32\WindowsPowerShell\v1.0\PowerShell.exe"" -Nologo -Noninteractive -NoProfile -ExecutionPolicy Bypass; Get-DeliveryOptimizationStatus | where-object {($_.Sourceurl -CLike 'http://localhost:8005*') -AND (($_.FileSize -ge '52428800') -or ($_.BytesFromPeers -ne '0') -or (($_.BytesFromCacheServer -ne '0') -and ($_.BytesFromCacheServer -ne $null)))} | select-object -Property BytesFromHttp, FileId, BytesFromPeers,Status,BytesFromCacheServer,SourceURL | ConvertTo-Xml -as string -NoTypeInformation",,26090754,,,,,,,MMM,0x3e7,ppppVWBXADC02$,NT AUTHORITY\SYSTEM,,'2026-05-19T00:53:21.430027100Z',<Provider Name='Microsoft-Windows-Security-Auditing' Guid='{54849625-5478-4994-a5ba-3e3b0328c30d}'/><EventID>4688</EventID><Version>2</Version><Level>0</Level><Task>13312</Task><Opcode>0</Opcode><Keywords>0x8020000000000000</Keywords><TimeCreated SystemTime='2026-05-19T00:53:21.430027100Z'/><EventRecordID>26090754</EventRecordID><Correlation/><Execution ProcessID='4' ThreadID='1364'/><Channel>Security</Channel><Computer>ppppvwbxadc02.mmm.hhh.ggg</Computer><Security/>,-,0x0,,,-,NULL SID,,,-,,-,13312,'1364',%%1936,%%1936,1936.0,,,,,2,,,,,2026-05-18T20:53:21.430-0400,allowed,win:unknown,,,,,ppppvwbxadc02.mmm.hhh.ggg,,ppppvwbxadc02.mmm.hhh.ggg,ppppvwbxadc02,26090754,endpoint_services_processes windows_endpoint_processes windows_event_signature windows_process_new wineventlog_security wineventlog_windows winsec,,,ppppvwbxadc02,26090754,occs-sss-windows,1,A new process has been created,C:\Windows\System32\WindowsPowerShell\v1.0\powershell.exe,0x102c,powershell.exe,,,,,,,C:\Windows\CCM\CcmExec.exe,0x15e4,CcmExec.exe,C:\Windows\CCM\CcmExec.exe,"""C:\Windows\system32\WindowsPowerShell\v1.0\PowerShell.exe"" -Nologo -Noninteractive -NoProfile -ExecutionPolicy Bypass; Get-DeliveryOptimizationStatus | where-object {($_.Sourceurl -CLike 'http://localhost:8005*') -AND (($_.FileSize -ge '52428800') -or ($_.BytesFromPeers -ne '0') -or (($_.BytesFromCacheServer -ne '0') -and ($_.BytesFromCacheServer -ne $null)))} | select-object -Property BytesFromHttp, FileId, BytesFromPeers,Status,BytesFromCacheServer,SourceURL | ConvertTo-Xml -as string -NoTypeInformation","-Nologo -Noninteractive -NoProfile -ExecutionPolicy Bypass; Get-DeliveryOptimizationStatus | where-object {($_.Sourceurl -CLike 'http://localhost:8005*') -AND (($_.FileSize -ge '52428800') -or ($_.BytesFromPeers -ne '0') -or (($_.BytesFromCacheServer -ne '0') -and ($_.BytesFromCacheServer -ne $null)))} | select-object -Property BytesFromHttp, FileId, BytesFromPeers,Status,BytesFromCacheServer,SourceURL | ConvertTo-Xml -as string -NoTypeInformation","""C:\Windows\system32\WindowsPowerShell\v1.0\PowerShell.exe""",powershell.exe,0x102c,powershell.exe,C:\Windows\System32\WindowsPowerShell\v1.0\powershell.exe,Windows,<_='://../////'><><_='---'_='{----}'/><></><></><>,,,,,,,,0x3e7,,,A new process has been created,4688,XmlWinEventLog:Security,XmlWinEventLog,bbbbbsplunkes02,,,MMM,,ppppVWBXADC02$,,success,A new process has been created,failure,,,"execute
os
process
report
security
start
track_event_signatures
windows",,,,"execute
os
process
report
security
start
track_event_signatures
windows",,,ppppVWBXADC02$,-,,,,,Microsoft,,Microsoft Windows
,,,,,MMM,,,ppppVWBXADC02$,,,Security,,,,,,"""C:\Windows\system32\WindowsPowerShell\v1.0\PowerShell.exe"" -Nologo -Noninteractive -NoProfile -ExecutionPolicy Bypass; Get-DeliveryOptimizationStatus | where-object {($_.Sourceurl -CLike 'http://localhost:8005*') -AND (($_.FileSize -ge '52428800') -or ($_.BytesFromPeers -ne '0') -or (($_.BytesFromCacheServer -ne '0') -and ($_.BytesFromCacheServer -ne $null)))} | select-object -Property BytesFromHttp, FileId, BytesFromPeers,Status,BytesFromCacheServer,SourceURL | ConvertTo-Xml -as string -NoTypeInformation",ppppvwbxadc02.mmm.hhh.ggg,,,,-,4688,"<Data Name='SubjectUserSid'>NT AUTHORITY\SYSTEM</Data><Data Name='SubjectUserName'>ppppVWBXADC02$</Data><Data Name='SubjectDomainName'>MMM</Data><Data Name='SubjectLogonId'>0x3e7</Data><Data Name='NewProcessId'>0x22cc</Data><Data Name='NewProcessName'>C:\Windows\System32\WindowsPowerShell\v1.0\powershell.exe</Data><Data Name='TokenElevationType'>%%1936</Data><Data Name='ProcessId'>0x15e4</Data><Data Name='CommandLine'>""C:\Windows\system32\WindowsPowerShell\v1.0\PowerShell.exe"" -Nologo -Noninteractive -NoProfile -ExecutionPolicy Bypass; Get-DeliveryOptimizationStatus | where-object {($_.Sourceurl -CLike 'http://localhost:8005*') -AND (($_.FileSize -ge '52428800') -or ($_.BytesFromPeers -ne '0') -or (($_.BytesFromCacheServer -ne '0') -and ($_.BytesFromCacheServer -ne $null)))} | select-object -Property BytesFromHttp, FileId, BytesFromPeers,Status,BytesFromCacheServer,SourceURL | ConvertTo-Xml -as string -NoTypeInformation</Data><Data Name='TargetUserSid'>NULL SID</Data><Data Name='TargetUserName'>-</Data><Data Name='TargetDomainName'>-</Data><Data Name='TargetLogonId'>0x0</Data><Data Name='ParentProcessName'>C:\Windows\CCM\CcmExec.exe</Data><Data Name='MandatoryLabel'>Mandatory Label\System Mandatory Level</Data>",4688.0,26089881,,,,,,,,,,,0x8020000000000000,0,,,,0x3e7,,Mandatory Label\System Mandatory Level,,,,,'Microsoft-Windows-Security-Auditing',0x22cc,C:\Windows\System32\WindowsPowerShell\v1.0\powershell.exe,,,,,,0,C:\Windows\CCM\CcmExec.exe,,,,'4',0x15e4,,"""C:\Windows\system32\WindowsPowerShell\v1.0\PowerShell.exe"" -Nologo -Noninteractive -NoProfile -ExecutionPolicy Bypass; Get-DeliveryOptimizationStatus | where-object {($_.Sourceurl -CLike 'http://localhost:8005*') -AND (($_.FileSize -ge '52428800') -or ($_.BytesFromPeers -ne '0') -or (($_.BytesFromCacheServer -ne '0') -and ($_.BytesFromCacheServer -ne $null)))} | select-object -Property BytesFromHttp, FileId, BytesFromPeers,Status,BytesFromCacheServer,SourceURL | ConvertTo-Xml -as string -NoTypeInformation",,26089881,,,,,,,MMM,0x3e7,ppppVWBXADC02$,NT AUTHORITY\SYSTEM,,'2026-05-19T00:08:20.237715700Z',<Provider Name='Microsoft-Windows-Security-Auditing' Guid='{54849625-5478-4994-a5ba-3e3b0328c30d}'/><EventID>4688</EventID><Version>2</Version><Level>0</Level><Task>13312</Task><Opcode>0</Opcode><Keywords>0x8020000000000000</Keywords><TimeCreated SystemTime='2026-05-19T00:08:20.237715700Z'/><EventRecordID>26089881</EventRecordID><Correlation/><Execution ProcessID='4' ThreadID='12576'/><Channel>Security</Channel><Computer>ppppvwbxadc02.mmm.hhh.ggg</Computer><Security/>,-,0x0,,,-,NULL SID,,,-,,-,13312,'12576',%%1936,%%1936,1936.0,,,,,2,,,,,2026-05-18T20:08:20.237-0400,allowed,win:unknown,,,,,ppppvwbxadc02.mmm.hhh.ggg,,ppppvwbxadc02.mmm.hhh.ggg,ppppvwbxadc02,26089881,endpoint_services_processes windows_endpoint_processes windows_event_signature windows_process_new wineventlog_security wineventlog_windows winsec,,,ppppvwbxadc02,26089881,occs-sss-windows,1,A new process has been created,C:\Windows\System32\WindowsPowerShell\v1.0\powershell.exe,0x22cc,powershell.exe,,,,,,,C:\Windows\CCM\CcmExec.exe,0x15e4,CcmExec.exe,C:\Windows\CCM\CcmExec.exe,"""C:\Windows\system32\WindowsPowerShell\v1.0\PowerShell.exe"" -Nologo -Noninteractive -NoProfile -ExecutionPolicy Bypass; Get-DeliveryOptimizationStatus | where-object {($_.Sourceurl -CLike 'http://localhost:8005*') -AND (($_.FileSize -ge '52428800') -or ($_.BytesFromPeers -ne '0') -or (($_.BytesFromCacheServer -ne '0') -and ($_.BytesFromCacheServer -ne $null)))} | select-object -Property BytesFromHttp, FileId, BytesFromPeers,Status,BytesFromCacheServer,SourceURL | ConvertTo-Xml -as string -NoTypeInformation","-Nologo -Noninteractive -NoProfile -ExecutionPolicy Bypass; Get-DeliveryOptimizationStatus | where-object {($_.Sourceurl -CLike 'http://localhost:8005*') -AND (($_.FileSize -ge '52428800') -or ($_.BytesFromPeers -ne '0') -or (($_.BytesFromCacheServer -ne '0') -and ($_.BytesFromCacheServer -ne $null)))} | select-object -Property BytesFromHttp, FileId, BytesFromPeers,Status,BytesFromCacheServer,SourceURL | ConvertTo-Xml -as string -NoTypeInformation","""C:\Windows\system32\WindowsPowerShell\v1.0\PowerShell.exe""",powershell.exe,0x22cc,powershell.exe,C:\Windows\System32\WindowsPowerShell\v1.0\powershell.exe,Windows,<_='://../////'><><_='---'_='{----}'/><></><></><>,,,,,,,,0x3e7,,,A new process has been created,4688,XmlWinEventLog:Security,XmlWinEventLog,bbbbbsplunkes01,,,MMM,,ppppVWBXADC02$,,success,A new process has been created,failure,,,"execute
os
process
report
security
start
track_event_signatures
windows",,,,"execute
os
process
report
security
start
track_event_signatures
windows",,,ppppVWBXADC02$,-,,,,,Microsoft,,Microsoft Windows
,,,,,MMM,,,ppppVWBXADC02$,,,Security,,,,,,"""C:\Windows\system32\WindowsPowerShell\v1.0\PowerShell.exe"" -Nologo -Noninteractive -NoProfile -ExecutionPolicy Bypass; Get-DeliveryOptimizationStatus | where-object {($_.Sourceurl -CLike 'http://localhost:8005*') -AND (($_.FileSize -ge '52428800') -or ($_.BytesFromPeers -ne '0') -or (($_.BytesFromCacheServer -ne '0') -and ($_.BytesFromCacheServer -ne $null)))} | select-object -Property BytesFromHttp, FileId, BytesFromPeers,Status,BytesFromCacheServer,SourceURL | ConvertTo-Xml -as string -NoTypeInformation",ppppvwbxadc02.mmm.hhh.ggg,,,,-,4688,"<Data Name='SubjectUserSid'>NT AUTHORITY\SYSTEM</Data><Data Name='SubjectUserName'>ppppVWBXADC02$</Data><Data Name='SubjectDomainName'>MMM</Data><Data Name='SubjectLogonId'>0x3e7</Data><Data Name='NewProcessId'>0x1148</Data><Data Name='NewProcessName'>C:\Windows\System32\WindowsPowerShell\v1.0\powershell.exe</Data><Data Name='TokenElevationType'>%%1936</Data><Data Name='ProcessId'>0x15e4</Data><Data Name='CommandLine'>""C:\Windows\system32\WindowsPowerShell\v1.0\PowerShell.exe"" -Nologo -Noninteractive -NoProfile -ExecutionPolicy Bypass; Get-DeliveryOptimizationStatus | where-object {($_.Sourceurl -CLike 'http://localhost:8005*') -AND (($_.FileSize -ge '52428800') -or ($_.BytesFromPeers -ne '0') -or (($_.BytesFromCacheServer -ne '0') -and ($_.BytesFromCacheServer -ne $null)))} | select-object -Property BytesFromHttp, FileId, BytesFromPeers,Status,BytesFromCacheServer,SourceURL | ConvertTo-Xml -as string -NoTypeInformation</Data><Data Name='TargetUserSid'>NULL SID</Data><Data Name='TargetUserName'>-</Data><Data Name='TargetDomainName'>-</Data><Data Name='TargetLogonId'>0x0</Data><Data Name='ParentProcessName'>C:\Windows\CCM\CcmExec.exe</Data><Data Name='MandatoryLabel'>Mandatory Label\System Mandatory Level</Data>",4688.0,26087856,,,,,,,,,,,0x8020000000000000,0,,,,0x3e7,,Mandatory Label\System Mandatory Level,,,,,'Microsoft-Windows-Security-Auditing',0x1148,C:\Windows\System32\WindowsPowerShell\v1.0\powershell.exe,,,,,,0,C:\Windows\CCM\CcmExec.exe,,,,'4',0x15e4,,"""C:\Windows\system32\WindowsPowerShell\v1.0\PowerShell.exe"" -Nologo -Noninteractive -NoProfile -ExecutionPolicy Bypass; Get-DeliveryOptimizationStatus | where-object {($_.Sourceurl -CLike 'http://localhost:8005*') -AND (($_.FileSize -ge '52428800') -or ($_.BytesFromPeers -ne '0') -or (($_.BytesFromCacheServer -ne '0') -and ($_.BytesFromCacheServer -ne $null)))} | select-object -Property BytesFromHttp, FileId, BytesFromPeers,Status,BytesFromCacheServer,SourceURL | ConvertTo-Xml -as string -NoTypeInformation",,26087856,,,,,,,MMM,0x3e7,ppppVWBXADC02$,NT AUTHORITY\SYSTEM,,'2026-05-18T23:23:18.985596500Z',<Provider Name='Microsoft-Windows-Security-Auditing' Guid='{54849625-5478-4994-a5ba-3e3b0328c30d}'/><EventID>4688</EventID><Version>2</Version><Level>0</Level><Task>13312</Task><Opcode>0</Opcode><Keywords>0x8020000000000000</Keywords><TimeCreated SystemTime='2026-05-18T23:23:18.985596500Z'/><EventRecordID>26087856</EventRecordID><Correlation/><Execution ProcessID='4' ThreadID='8'/><Channel>Security</Channel><Computer>ppppvwbxadc02.mmm.hhh.ggg</Computer><Security/>,-,0x0,,,-,NULL SID,,,-,,-,13312,'8',%%1936,%%1936,1936.0,,,,,2,,,,,2026-05-18T19:23:18.985-0400,allowed,win:unknown,,,,,ppppvwbxadc02.mmm.hhh.ggg,,ppppvwbxadc02.mmm.hhh.ggg,ppppvwbxadc02,26087856,endpoint_services_processes windows_endpoint_processes windows_event_signature windows_process_new wineventlog_security wineventlog_windows winsec,,,ppppvwbxadc02,26087856,occs-sss-windows,1,A new process has been created,C:\Windows\System32\WindowsPowerShell\v1.0\powershell.exe,0x1148,powershell.exe,,,,,,,C:\Windows\CCM\CcmExec.exe,0x15e4,CcmExec.exe,C:\Windows\CCM\CcmExec.exe,"""C:\Windows\system32\WindowsPowerShell\v1.0\PowerShell.exe"" -Nologo -Noninteractive -NoProfile -ExecutionPolicy Bypass; Get-DeliveryOptimizationStatus | where-object {($_.Sourceurl -CLike 'http://localhost:8005*') -AND (($_.FileSize -ge '52428800') -or ($_.BytesFromPeers -ne '0') -or (($_.BytesFromCacheServer -ne '0') -and ($_.BytesFromCacheServer -ne $null)))} | select-object -Property BytesFromHttp, FileId, BytesFromPeers,Status,BytesFromCacheServer,SourceURL | ConvertTo-Xml -as string -NoTypeInformation","-Nologo -Noninteractive -NoProfile -ExecutionPolicy Bypass; Get-DeliveryOptimizationStatus | where-object {($_.Sourceurl -CLike 'http://localhost:8005*') -AND (($_.FileSize -ge '52428800') -or ($_.BytesFromPeers -ne '0') -or (($_.BytesFromCacheServer -ne '0') -and ($_.BytesFromCacheServer -ne $null)))} | select-object -Property BytesFromHttp, FileId, BytesFromPeers,Status,BytesFromCacheServer,SourceURL | ConvertTo-Xml -as string -NoTypeInformation","""C:\Windows\system32\WindowsPowerShell\v1.0\PowerShell.exe""",powershell.exe,0x1148,powershell.exe,C:\Windows\System32\WindowsPowerShell\v1.0\powershell.exe,Windows,<_='://../////'><><_='---'_='{----}'/><></><></><>,,,,,,,,0x3e7,,,A new process has been created,4688,XmlWinEventLog:Security,XmlWinEventLog,bbbbbsplunkes03,,,MMM,,ppppVWBXADC02$,,success,A new process has been created,failure,,,"execute
os
process
report
security
start
track_event_signatures
windows",,,,"execute
os
process
report
security
start
track_event_signatures
windows",,,ppppVWBXADC02$,-,,,,,Microsoft,,Microsoft Windows
