,,,,,MMM,,,ppppVWBXADC02$,,,Security,,,,,,"""C:\Windows\system32\WindowsPowerShell\v1.0\PowerShell.exe"" -Nologo -Noninteractive -NoProfile -ExecutionPolicy Bypass; Get-DeliveryOptimizationStatus | where-object {($_.Sourceurl -CLike 'http://localhost:8005*') -AND (($_.FileSize -ge '52428800') -or ($_.BytesFromPeers -ne '0') -or (($_.BytesFromCacheServer -ne '0') -and ($_.BytesFromCacheServer -ne $null)))} | select-object -Property BytesFromHttp, FileId, BytesFromPeers,Status,BytesFromCacheServer,SourceURL | ConvertTo-Xml -as string -NoTypeInformation",ppppvwbxadc02.mmm.hhh.ggg,,,,-,4688,"<Data Name='SubjectUserSid'>NT AUTHORITY\SYSTEM</Data><Data Name='SubjectUserName'>ppppVWBXADC02$</Data><Data Name='SubjectDomainName'>MMM</Data><Data Name='SubjectLogonId'>0x3e7</Data><Data Name='NewProcessId'>0x1038</Data><Data Name='NewProcessName'>C:\Windows\System32\WindowsPowerShell\v1.0\powershell.exe</Data><Data Name='TokenElevationType'>%%1936</Data><Data Name='ProcessId'>0x15e4</Data><Data Name='CommandLine'>""C:\Windows\system32\WindowsPowerShell\v1.0\PowerShell.exe"" -Nologo -Noninteractive -NoProfile -ExecutionPolicy Bypass; Get-DeliveryOptimizationStatus | where-object {($_.Sourceurl -CLike 'http://localhost:8005*') -AND (($_.FileSize -ge '52428800') -or ($_.BytesFromPeers -ne '0') -or (($_.BytesFromCacheServer -ne '0') -and ($_.BytesFromCacheServer -ne $null)))} | select-object -Property BytesFromHttp, FileId, BytesFromPeers,Status,BytesFromCacheServer,SourceURL | ConvertTo-Xml -as string -NoTypeInformation</Data><Data Name='TargetUserSid'>NULL SID</Data><Data Name='TargetUserName'>-</Data><Data Name='TargetDomainName'>-</Data><Data Name='TargetLogonId'>0x0</Data><Data Name='ParentProcessName'>C:\Windows\CCM\CcmExec.exe</Data><Data Name='MandatoryLabel'>Mandatory Label\System Mandatory Level</Data>",4688.0,26085983,,,,,,,,,,,0x8020000000000000,0,,,,0x3e7,,Mandatory Label\System Mandatory Level,,,,,'Microsoft-Windows-Security-Auditing',0x1038,C:\Windows\System32\WindowsPowerShell\v1.0\powershell.exe,,,,,,0,C:\Windows\CCM\CcmExec.exe,,,,'4',0x15e4,,"""C:\Windows\system32\WindowsPowerShell\v1.0\PowerShell.exe"" -Nologo -Noninteractive -NoProfile -ExecutionPolicy Bypass; Get-DeliveryOptimizationStatus | where-object {($_.Sourceurl -CLike 'http://localhost:8005*') -AND (($_.FileSize -ge '52428800') -or ($_.BytesFromPeers -ne '0') -or (($_.BytesFromCacheServer -ne '0') -and ($_.BytesFromCacheServer -ne $null)))} | select-object -Property BytesFromHttp, FileId, BytesFromPeers,Status,BytesFromCacheServer,SourceURL | ConvertTo-Xml -as string -NoTypeInformation",,26085983,,,,,,,MMM,0x3e7,ppppVWBXADC02$,NT AUTHORITY\SYSTEM,,'2026-05-18T22:38:17.911501900Z',<Provider Name='Microsoft-Windows-Security-Auditing' Guid='{54849625-5478-4994-a5ba-3e3b0328c30d}'/><EventID>4688</EventID><Version>2</Version><Level>0</Level><Task>13312</Task><Opcode>0</Opcode><Keywords>0x8020000000000000</Keywords><TimeCreated SystemTime='2026-05-18T22:38:17.911501900Z'/><EventRecordID>26085983</EventRecordID><Correlation/><Execution ProcessID='4' ThreadID='11044'/><Channel>Security</Channel><Computer>ppppvwbxadc02.mmm.hhh.ggg</Computer><Security/>,-,0x0,,,-,NULL SID,,,-,,-,13312,'11044',%%1936,%%1936,1936.0,,,,,2,,,,,2026-05-18T18:38:17.911-0400,allowed,win:unknown,,,,,ppppvwbxadc02.mmm.hhh.ggg,,ppppvwbxadc02.mmm.hhh.ggg,ppppvwbxadc02,26085983,endpoint_services_processes windows_endpoint_processes windows_event_signature windows_process_new wineventlog_security wineventlog_windows winsec,,,ppppvwbxadc02,26085983,occs-sss-windows,1,A new process has been created,C:\Windows\System32\WindowsPowerShell\v1.0\powershell.exe,0x1038,powershell.exe,,,,,,,C:\Windows\CCM\CcmExec.exe,0x15e4,CcmExec.exe,C:\Windows\CCM\CcmExec.exe,"""C:\Windows\system32\WindowsPowerShell\v1.0\PowerShell.exe"" -Nologo -Noninteractive -NoProfile -ExecutionPolicy Bypass; Get-DeliveryOptimizationStatus | where-object {($_.Sourceurl -CLike 'http://localhost:8005*') -AND (($_.FileSize -ge '52428800') -or ($_.BytesFromPeers -ne '0') -or (($_.BytesFromCacheServer -ne '0') -and ($_.BytesFromCacheServer -ne $null)))} | select-object -Property BytesFromHttp, FileId, BytesFromPeers,Status,BytesFromCacheServer,SourceURL | ConvertTo-Xml -as string -NoTypeInformation","-Nologo -Noninteractive -NoProfile -ExecutionPolicy Bypass; Get-DeliveryOptimizationStatus | where-object {($_.Sourceurl -CLike 'http://localhost:8005*') -AND (($_.FileSize -ge '52428800') -or ($_.BytesFromPeers -ne '0') -or (($_.BytesFromCacheServer -ne '0') -and ($_.BytesFromCacheServer -ne $null)))} | select-object -Property BytesFromHttp, FileId, BytesFromPeers,Status,BytesFromCacheServer,SourceURL | ConvertTo-Xml -as string -NoTypeInformation","""C:\Windows\system32\WindowsPowerShell\v1.0\PowerShell.exe""",powershell.exe,0x1038,powershell.exe,C:\Windows\System32\WindowsPowerShell\v1.0\powershell.exe,Windows,<_='://../////'><><_='---'_='{----}'/><></><></><>,,,,,,,,0x3e7,,,A new process has been created,4688,XmlWinEventLog:Security,XmlWinEventLog,bbbbbsplunkes03,,,MMM,,ppppVWBXADC02$,,success,A new process has been created,failure,,,"execute
os
process
report
security
start
track_event_signatures
windows",,,,"execute
os
process
report
security
start
track_event_signatures
windows",,,ppppVWBXADC02$,-,,,,,Microsoft,,Microsoft Windows
,,,,,MMM,,,ppppVWBXADC02$,,,Security,,,,,,"""C:\Windows\system32\WindowsPowerShell\v1.0\PowerShell.exe"" -Nologo -Noninteractive -NoProfile -ExecutionPolicy Bypass; Get-DeliveryOptimizationStatus | where-object {($_.Sourceurl -CLike 'http://localhost:8005*') -AND (($_.FileSize -ge '52428800') -or ($_.BytesFromPeers -ne '0') -or (($_.BytesFromCacheServer -ne '0') -and ($_.BytesFromCacheServer -ne $null)))} | select-object -Property BytesFromHttp, FileId, BytesFromPeers,Status,BytesFromCacheServer,SourceURL | ConvertTo-Xml -as string -NoTypeInformation",ppppvwbxadc02.mmm.hhh.ggg,,,,-,4688,"<Data Name='SubjectUserSid'>NT AUTHORITY\SYSTEM</Data><Data Name='SubjectUserName'>ppppVWBXADC02$</Data><Data Name='SubjectDomainName'>MMM</Data><Data Name='SubjectLogonId'>0x3e7</Data><Data Name='NewProcessId'>0x74</Data><Data Name='NewProcessName'>C:\Windows\System32\WindowsPowerShell\v1.0\powershell.exe</Data><Data Name='TokenElevationType'>%%1936</Data><Data Name='ProcessId'>0x15e4</Data><Data Name='CommandLine'>""C:\Windows\system32\WindowsPowerShell\v1.0\PowerShell.exe"" -Nologo -Noninteractive -NoProfile -ExecutionPolicy Bypass; Get-DeliveryOptimizationStatus | where-object {($_.Sourceurl -CLike 'http://localhost:8005*') -AND (($_.FileSize -ge '52428800') -or ($_.BytesFromPeers -ne '0') -or (($_.BytesFromCacheServer -ne '0') -and ($_.BytesFromCacheServer -ne $null)))} | select-object -Property BytesFromHttp, FileId, BytesFromPeers,Status,BytesFromCacheServer,SourceURL | ConvertTo-Xml -as string -NoTypeInformation</Data><Data Name='TargetUserSid'>NULL SID</Data><Data Name='TargetUserName'>-</Data><Data Name='TargetDomainName'>-</Data><Data Name='TargetLogonId'>0x0</Data><Data Name='ParentProcessName'>C:\Windows\CCM\CcmExec.exe</Data><Data Name='MandatoryLabel'>Mandatory Label\System Mandatory Level</Data>",4688.0,26083948,,,,,,,,,,,0x8020000000000000,0,,,,0x3e7,,Mandatory Label\System Mandatory Level,,,,,'Microsoft-Windows-Security-Auditing',0x74,C:\Windows\System32\WindowsPowerShell\v1.0\powershell.exe,,,,,,0,C:\Windows\CCM\CcmExec.exe,,,,'4',0x15e4,,"""C:\Windows\system32\WindowsPowerShell\v1.0\PowerShell.exe"" -Nologo -Noninteractive -NoProfile -ExecutionPolicy Bypass; Get-DeliveryOptimizationStatus | where-object {($_.Sourceurl -CLike 'http://localhost:8005*') -AND (($_.FileSize -ge '52428800') -or ($_.BytesFromPeers -ne '0') -or (($_.BytesFromCacheServer -ne '0') -and ($_.BytesFromCacheServer -ne $null)))} | select-object -Property BytesFromHttp, FileId, BytesFromPeers,Status,BytesFromCacheServer,SourceURL | ConvertTo-Xml -as string -NoTypeInformation",,26083948,,,,,,,MMM,0x3e7,ppppVWBXADC02$,NT AUTHORITY\SYSTEM,,'2026-05-18T21:53:16.704986000Z',<Provider Name='Microsoft-Windows-Security-Auditing' Guid='{54849625-5478-4994-a5ba-3e3b0328c30d}'/><EventID>4688</EventID><Version>2</Version><Level>0</Level><Task>13312</Task><Opcode>0</Opcode><Keywords>0x8020000000000000</Keywords><TimeCreated SystemTime='2026-05-18T21:53:16.704986000Z'/><EventRecordID>26083948</EventRecordID><Correlation/><Execution ProcessID='4' ThreadID='1364'/><Channel>Security</Channel><Computer>ppppvwbxadc02.mmm.hhh.ggg</Computer><Security/>,-,0x0,,,-,NULL SID,,,-,,-,13312,'1364',%%1936,%%1936,1936.0,,,,,2,,,,,2026-05-18T17:53:16.704-0400,allowed,win:unknown,,,,,ppppvwbxadc02.mmm.hhh.ggg,,ppppvwbxadc02.mmm.hhh.ggg,ppppvwbxadc02,26083948,endpoint_services_processes windows_endpoint_processes windows_event_signature windows_process_new wineventlog_security wineventlog_windows winsec,,,ppppvwbxadc02,26083948,occs-sss-windows,1,A new process has been created,C:\Windows\System32\WindowsPowerShell\v1.0\powershell.exe,0x74,powershell.exe,,,,,,,C:\Windows\CCM\CcmExec.exe,0x15e4,CcmExec.exe,C:\Windows\CCM\CcmExec.exe,"""C:\Windows\system32\WindowsPowerShell\v1.0\PowerShell.exe"" -Nologo -Noninteractive -NoProfile -ExecutionPolicy Bypass; Get-DeliveryOptimizationStatus | where-object {($_.Sourceurl -CLike 'http://localhost:8005*') -AND (($_.FileSize -ge '52428800') -or ($_.BytesFromPeers -ne '0') -or (($_.BytesFromCacheServer -ne '0') -and ($_.BytesFromCacheServer -ne $null)))} | select-object -Property BytesFromHttp, FileId, BytesFromPeers,Status,BytesFromCacheServer,SourceURL | ConvertTo-Xml -as string -NoTypeInformation","-Nologo -Noninteractive -NoProfile -ExecutionPolicy Bypass; Get-DeliveryOptimizationStatus | where-object {($_.Sourceurl -CLike 'http://localhost:8005*') -AND (($_.FileSize -ge '52428800') -or ($_.BytesFromPeers -ne '0') -or (($_.BytesFromCacheServer -ne '0') -and ($_.BytesFromCacheServer -ne $null)))} | select-object -Property BytesFromHttp, FileId, BytesFromPeers,Status,BytesFromCacheServer,SourceURL | ConvertTo-Xml -as string -NoTypeInformation","""C:\Windows\system32\WindowsPowerShell\v1.0\PowerShell.exe""",powershell.exe,0x74,powershell.exe,C:\Windows\System32\WindowsPowerShell\v1.0\powershell.exe,Windows,<_='://../////'><><_='---'_='{----}'/><></><></><>,,,,,,,,0x3e7,,,A new process has been created,4688,XmlWinEventLog:Security,XmlWinEventLog,bbbbbsplunkes02,,,MMM,,ppppVWBXADC02$,,success,A new process has been created,failure,,,"execute
os
process
report
security
start
track_event_signatures
windows",,,,"execute
os
process
report
security
start
track_event_signatures
windows",,,ppppVWBXADC02$,-,,,,,Microsoft,,Microsoft Windows
,,,,,MMM,,,ppppVWBXADC02$,,,Security,,,,,,"""C:\Windows\system32\WindowsPowerShell\v1.0\PowerShell.exe"" -Nologo -Noninteractive -NoProfile -ExecutionPolicy Bypass; Get-DeliveryOptimizationStatus | where-object {($_.Sourceurl -CLike 'http://localhost:8005*') -AND (($_.FileSize -ge '52428800') -or ($_.BytesFromPeers -ne '0') -or (($_.BytesFromCacheServer -ne '0') -and ($_.BytesFromCacheServer -ne $null)))} | select-object -Property BytesFromHttp, FileId, BytesFromPeers,Status,BytesFromCacheServer,SourceURL | ConvertTo-Xml -as string -NoTypeInformation",ppppvwbxadc02.mmm.hhh.ggg,,,,-,4688,"<Data Name='SubjectUserSid'>NT AUTHORITY\SYSTEM</Data><Data Name='SubjectUserName'>ppppVWBXADC02$</Data><Data Name='SubjectDomainName'>MMM</Data><Data Name='SubjectLogonId'>0x3e7</Data><Data Name='NewProcessId'>0x1e88</Data><Data Name='NewProcessName'>C:\Windows\System32\WindowsPowerShell\v1.0\powershell.exe</Data><Data Name='TokenElevationType'>%%1936</Data><Data Name='ProcessId'>0x15e4</Data><Data Name='CommandLine'>""C:\Windows\system32\WindowsPowerShell\v1.0\PowerShell.exe"" -Nologo -Noninteractive -NoProfile -ExecutionPolicy Bypass; Get-DeliveryOptimizationStatus | where-object {($_.Sourceurl -CLike 'http://localhost:8005*') -AND (($_.FileSize -ge '52428800') -or ($_.BytesFromPeers -ne '0') -or (($_.BytesFromCacheServer -ne '0') -and ($_.BytesFromCacheServer -ne $null)))} | select-object -Property BytesFromHttp, FileId, BytesFromPeers,Status,BytesFromCacheServer,SourceURL | ConvertTo-Xml -as string -NoTypeInformation</Data><Data Name='TargetUserSid'>NULL SID</Data><Data Name='TargetUserName'>-</Data><Data Name='TargetDomainName'>-</Data><Data Name='TargetLogonId'>0x0</Data><Data Name='ParentProcessName'>C:\Windows\CCM\CcmExec.exe</Data><Data Name='MandatoryLabel'>Mandatory Label\System Mandatory Level</Data>",4688.0,26081767,,,,,,,,,,,0x8020000000000000,0,,,,0x3e7,,Mandatory Label\System Mandatory Level,,,,,'Microsoft-Windows-Security-Auditing',0x1e88,C:\Windows\System32\WindowsPowerShell\v1.0\powershell.exe,,,,,,0,C:\Windows\CCM\CcmExec.exe,,,,'4',0x15e4,,"""C:\Windows\system32\WindowsPowerShell\v1.0\PowerShell.exe"" -Nologo -Noninteractive -NoProfile -ExecutionPolicy Bypass; Get-DeliveryOptimizationStatus | where-object {($_.Sourceurl -CLike 'http://localhost:8005*') -AND (($_.FileSize -ge '52428800') -or ($_.BytesFromPeers -ne '0') -or (($_.BytesFromCacheServer -ne '0') -and ($_.BytesFromCacheServer -ne $null)))} | select-object -Property BytesFromHttp, FileId, BytesFromPeers,Status,BytesFromCacheServer,SourceURL | ConvertTo-Xml -as string -NoTypeInformation",,26081767,,,,,,,MMM,0x3e7,ppppVWBXADC02$,NT AUTHORITY\SYSTEM,,'2026-05-18T21:08:15.517935300Z',<Provider Name='Microsoft-Windows-Security-Auditing' Guid='{54849625-5478-4994-a5ba-3e3b0328c30d}'/><EventID>4688</EventID><Version>2</Version><Level>0</Level><Task>13312</Task><Opcode>0</Opcode><Keywords>0x8020000000000000</Keywords><TimeCreated SystemTime='2026-05-18T21:08:15.517935300Z'/><EventRecordID>26081767</EventRecordID><Correlation/><Execution ProcessID='4' ThreadID='10836'/><Channel>Security</Channel><Computer>ppppvwbxadc02.mmm.hhh.ggg</Computer><Security/>,-,0x0,,,-,NULL SID,,,-,,-,13312,'10836',%%1936,%%1936,1936.0,,,,,2,,,,,2026-05-18T17:08:15.517-0400,allowed,win:unknown,,,,,ppppvwbxadc02.mmm.hhh.ggg,,ppppvwbxadc02.mmm.hhh.ggg,ppppvwbxadc02,26081767,endpoint_services_processes windows_endpoint_processes windows_event_signature windows_process_new wineventlog_security wineventlog_windows winsec,,,ppppvwbxadc02,26081767,occs-sss-windows,1,A new process has been created,C:\Windows\System32\WindowsPowerShell\v1.0\powershell.exe,0x1e88,powershell.exe,,,,,,,C:\Windows\CCM\CcmExec.exe,0x15e4,CcmExec.exe,C:\Windows\CCM\CcmExec.exe,"""C:\Windows\system32\WindowsPowerShell\v1.0\PowerShell.exe"" -Nologo -Noninteractive -NoProfile -ExecutionPolicy Bypass; Get-DeliveryOptimizationStatus | where-object {($_.Sourceurl -CLike 'http://localhost:8005*') -AND (($_.FileSize -ge '52428800') -or ($_.BytesFromPeers -ne '0') -or (($_.BytesFromCacheServer -ne '0') -and ($_.BytesFromCacheServer -ne $null)))} | select-object -Property BytesFromHttp, FileId, BytesFromPeers,Status,BytesFromCacheServer,SourceURL | ConvertTo-Xml -as string -NoTypeInformation","-Nologo -Noninteractive -NoProfile -ExecutionPolicy Bypass; Get-DeliveryOptimizationStatus | where-object {($_.Sourceurl -CLike 'http://localhost:8005*') -AND (($_.FileSize -ge '52428800') -or ($_.BytesFromPeers -ne '0') -or (($_.BytesFromCacheServer -ne '0') -and ($_.BytesFromCacheServer -ne $null)))} | select-object -Property BytesFromHttp, FileId, BytesFromPeers,Status,BytesFromCacheServer,SourceURL | ConvertTo-Xml -as string -NoTypeInformation","""C:\Windows\system32\WindowsPowerShell\v1.0\PowerShell.exe""",powershell.exe,0x1e88,powershell.exe,C:\Windows\System32\WindowsPowerShell\v1.0\powershell.exe,Windows,<_='://../////'><><_='---'_='{----}'/><></><></><>,,,,,,,,0x3e7,,,A new process has been created,4688,XmlWinEventLog:Security,XmlWinEventLog,bbbbbsplunkes03,,,MMM,,ppppVWBXADC02$,,success,A new process has been created,failure,,,"execute
os
process
report
security
start
track_event_signatures
windows",,,,"execute
os
process
report
security
start
track_event_signatures
windows",,,ppppVWBXADC02$,-,,,,,Microsoft,,Microsoft Windows
,,,,,MMM,,,ppppVWBXADC02$,,,Security,,,,,,"""C:\Windows\system32\WindowsPowerShell\v1.0\PowerShell.exe"" -Nologo -Noninteractive -NoProfile -ExecutionPolicy Bypass; Get-DeliveryOptimizationStatus | where-object {($_.Sourceurl -CLike 'http://localhost:8005*') -AND (($_.FileSize -ge '52428800') -or ($_.BytesFromPeers -ne '0') -or (($_.BytesFromCacheServer -ne '0') -and ($_.BytesFromCacheServer -ne $null)))} | select-object -Property BytesFromHttp, FileId, BytesFromPeers,Status,BytesFromCacheServer,SourceURL | ConvertTo-Xml -as string -NoTypeInformation",ppppvwbxadc02.mmm.hhh.ggg,,,,-,4688,"<Data Name='SubjectUserSid'>NT AUTHORITY\SYSTEM</Data><Data Name='SubjectUserName'>ppppVWBXADC02$</Data><Data Name='SubjectDomainName'>MMM</Data><Data Name='SubjectLogonId'>0x3e7</Data><Data Name='NewProcessId'>0x264</Data><Data Name='NewProcessName'>C:\Windows\System32\WindowsPowerShell\v1.0\powershell.exe</Data><Data Name='TokenElevationType'>%%1936</Data><Data Name='ProcessId'>0x15e4</Data><Data Name='CommandLine'>""C:\Windows\system32\WindowsPowerShell\v1.0\PowerShell.exe"" -Nologo -Noninteractive -NoProfile -ExecutionPolicy Bypass; Get-DeliveryOptimizationStatus | where-object {($_.Sourceurl -CLike 'http://localhost:8005*') -AND (($_.FileSize -ge '52428800') -or ($_.BytesFromPeers -ne '0') -or (($_.BytesFromCacheServer -ne '0') -and ($_.BytesFromCacheServer -ne $null)))} | select-object -Property BytesFromHttp, FileId, BytesFromPeers,Status,BytesFromCacheServer,SourceURL | ConvertTo-Xml -as string -NoTypeInformation</Data><Data Name='TargetUserSid'>NULL SID</Data><Data Name='TargetUserName'>-</Data><Data Name='TargetDomainName'>-</Data><Data Name='TargetLogonId'>0x0</Data><Data Name='ParentProcessName'>C:\Windows\CCM\CcmExec.exe</Data><Data Name='MandatoryLabel'>Mandatory Label\System Mandatory Level</Data>",4688.0,26080954,,,,,,,,,,,0x8020000000000000,0,,,,0x3e7,,Mandatory Label\System Mandatory Level,,,,,'Microsoft-Windows-Security-Auditing',0x264,C:\Windows\System32\WindowsPowerShell\v1.0\powershell.exe,,,,,,0,C:\Windows\CCM\CcmExec.exe,,,,'4',0x15e4,,"""C:\Windows\system32\WindowsPowerShell\v1.0\PowerShell.exe"" -Nologo -Noninteractive -NoProfile -ExecutionPolicy Bypass; Get-DeliveryOptimizationStatus | where-object {($_.Sourceurl -CLike 'http://localhost:8005*') -AND (($_.FileSize -ge '52428800') -or ($_.BytesFromPeers -ne '0') -or (($_.BytesFromCacheServer -ne '0') -and ($_.BytesFromCacheServer -ne $null)))} | select-object -Property BytesFromHttp, FileId, BytesFromPeers,Status,BytesFromCacheServer,SourceURL | ConvertTo-Xml -as string -NoTypeInformation",,26080954,,,,,,,MMM,0x3e7,ppppVWBXADC02$,NT AUTHORITY\SYSTEM,,'2026-05-18T20:23:14.409590900Z',<Provider Name='Microsoft-Windows-Security-Auditing' Guid='{54849625-5478-4994-a5ba-3e3b0328c30d}'/><EventID>4688</EventID><Version>2</Version><Level>0</Level><Task>13312</Task><Opcode>0</Opcode><Keywords>0x8020000000000000</Keywords><TimeCreated SystemTime='2026-05-18T20:23:14.409590900Z'/><EventRecordID>26080954</EventRecordID><Correlation/><Execution ProcessID='4' ThreadID='13272'/><Channel>Security</Channel><Computer>ppppvwbxadc02.mmm.hhh.ggg</Computer><Security/>,-,0x0,,,-,NULL SID,,,-,,-,13312,'13272',%%1936,%%1936,1936.0,,,,,2,,,,,2026-05-18T16:23:14.409-0400,allowed,win:unknown,,,,,ppppvwbxadc02.mmm.hhh.ggg,,ppppvwbxadc02.mmm.hhh.ggg,ppppvwbxadc02,26080954,endpoint_services_processes windows_endpoint_processes windows_event_signature windows_process_new wineventlog_security wineventlog_windows winsec,,,ppppvwbxadc02,26080954,occs-sss-windows,1,A new process has been created,C:\Windows\System32\WindowsPowerShell\v1.0\powershell.exe,0x264,powershell.exe,,,,,,,C:\Windows\CCM\CcmExec.exe,0x15e4,CcmExec.exe,C:\Windows\CCM\CcmExec.exe,"""C:\Windows\system32\WindowsPowerShell\v1.0\PowerShell.exe"" -Nologo -Noninteractive -NoProfile -ExecutionPolicy Bypass; Get-DeliveryOptimizationStatus | where-object {($_.Sourceurl -CLike 'http://localhost:8005*') -AND (($_.FileSize -ge '52428800') -or ($_.BytesFromPeers -ne '0') -or (($_.BytesFromCacheServer -ne '0') -and ($_.BytesFromCacheServer -ne $null)))} | select-object -Property BytesFromHttp, FileId, BytesFromPeers,Status,BytesFromCacheServer,SourceURL | ConvertTo-Xml -as string -NoTypeInformation","-Nologo -Noninteractive -NoProfile -ExecutionPolicy Bypass; Get-DeliveryOptimizationStatus | where-object {($_.Sourceurl -CLike 'http://localhost:8005*') -AND (($_.FileSize -ge '52428800') -or ($_.BytesFromPeers -ne '0') -or (($_.BytesFromCacheServer -ne '0') -and ($_.BytesFromCacheServer -ne $null)))} | select-object -Property BytesFromHttp, FileId, BytesFromPeers,Status,BytesFromCacheServer,SourceURL | ConvertTo-Xml -as string -NoTypeInformation","""C:\Windows\system32\WindowsPowerShell\v1.0\PowerShell.exe""",powershell.exe,0x264,powershell.exe,C:\Windows\System32\WindowsPowerShell\v1.0\powershell.exe,Windows,<_='://../////'><><_='---'_='{----}'/><></><></><>,,,,,,,,0x3e7,,,A new process has been created,4688,XmlWinEventLog:Security,XmlWinEventLog,bbbbbsplunkes03,,,MMM,,ppppVWBXADC02$,,success,A new process has been created,failure,,,"execute
os
process
report
security
start
track_event_signatures
windows",,,,"execute
os
process
report
security
start
track_event_signatures
windows",,,ppppVWBXADC02$,-,,,,,Microsoft,,Microsoft Windows
,,,,,MMM,,,ppppVWBXADC02$,,,Security,,,,,,"""C:\Windows\system32\WindowsPowerShell\v1.0\PowerShell.exe"" -Nologo -Noninteractive -NoProfile -ExecutionPolicy Bypass; Get-DeliveryOptimizationStatus | where-object {($_.Sourceurl -CLike 'http://localhost:8005*') -AND (($_.FileSize -ge '52428800') -or ($_.BytesFromPeers -ne '0') -or (($_.BytesFromCacheServer -ne '0') -and ($_.BytesFromCacheServer -ne $null)))} | select-object -Property BytesFromHttp, FileId, BytesFromPeers,Status,BytesFromCacheServer,SourceURL | ConvertTo-Xml -as string -NoTypeInformation",ppppvwbxadc02.mmm.hhh.ggg,,,,-,4688,"<Data Name='SubjectUserSid'>NT AUTHORITY\SYSTEM</Data><Data Name='SubjectUserName'>ppppVWBXADC02$</Data><Data Name='SubjectDomainName'>MMM</Data><Data Name='SubjectLogonId'>0x3e7</Data><Data Name='NewProcessId'>0x1f38</Data><Data Name='NewProcessName'>C:\Windows\System32\WindowsPowerShell\v1.0\powershell.exe</Data><Data Name='TokenElevationType'>%%1936</Data><Data Name='ProcessId'>0x15e4</Data><Data Name='CommandLine'>""C:\Windows\system32\WindowsPowerShell\v1.0\PowerShell.exe"" -Nologo -Noninteractive -NoProfile -ExecutionPolicy Bypass; Get-DeliveryOptimizationStatus | where-object {($_.Sourceurl -CLike 'http://localhost:8005*') -AND (($_.FileSize -ge '52428800') -or ($_.BytesFromPeers -ne '0') -or (($_.BytesFromCacheServer -ne '0') -and ($_.BytesFromCacheServer -ne $null)))} | select-object -Property BytesFromHttp, FileId, BytesFromPeers,Status,BytesFromCacheServer,SourceURL | ConvertTo-Xml -as string -NoTypeInformation</Data><Data Name='TargetUserSid'>NULL SID</Data><Data Name='TargetUserName'>-</Data><Data Name='TargetDomainName'>-</Data><Data Name='TargetLogonId'>0x0</Data><Data Name='ParentProcessName'>C:\Windows\CCM\CcmExec.exe</Data><Data Name='MandatoryLabel'>Mandatory Label\System Mandatory Level</Data>",4688.0,26077816,,,,,,,,,,,0x8020000000000000,0,,,,0x3e7,,Mandatory Label\System Mandatory Level,,,,,'Microsoft-Windows-Security-Auditing',0x1f38,C:\Windows\System32\WindowsPowerShell\v1.0\powershell.exe,,,,,,0,C:\Windows\CCM\CcmExec.exe,,,,'4',0x15e4,,"""C:\Windows\system32\WindowsPowerShell\v1.0\PowerShell.exe"" -Nologo -Noninteractive -NoProfile -ExecutionPolicy Bypass; Get-DeliveryOptimizationStatus | where-object {($_.Sourceurl -CLike 'http://localhost:8005*') -AND (($_.FileSize -ge '52428800') -or ($_.BytesFromPeers -ne '0') -or (($_.BytesFromCacheServer -ne '0') -and ($_.BytesFromCacheServer -ne $null)))} | select-object -Property BytesFromHttp, FileId, BytesFromPeers,Status,BytesFromCacheServer,SourceURL | ConvertTo-Xml -as string -NoTypeInformation",,26077816,,,,,,,MMM,0x3e7,ppppVWBXADC02$,NT AUTHORITY\SYSTEM,,'2026-05-18T19:38:13.179702900Z',<Provider Name='Microsoft-Windows-Security-Auditing' Guid='{54849625-5478-4994-a5ba-3e3b0328c30d}'/><EventID>4688</EventID><Version>2</Version><Level>0</Level><Task>13312</Task><Opcode>0</Opcode><Keywords>0x8020000000000000</Keywords><TimeCreated SystemTime='2026-05-18T19:38:13.179702900Z'/><EventRecordID>26077816</EventRecordID><Correlation/><Execution ProcessID='4' ThreadID='12576'/><Channel>Security</Channel><Computer>ppppvwbxadc02.mmm.hhh.ggg</Computer><Security/>,-,0x0,,,-,NULL SID,,,-,,-,13312,'12576',%%1936,%%1936,1936.0,,,,,2,,,,,2026-05-18T15:38:13.179-0400,allowed,win:unknown,,,,,ppppvwbxadc02.mmm.hhh.ggg,,ppppvwbxadc02.mmm.hhh.ggg,ppppvwbxadc02,26077816,endpoint_services_processes windows_endpoint_processes windows_event_signature windows_process_new wineventlog_security wineventlog_windows winsec,,,ppppvwbxadc02,26077816,occs-sss-windows,1,A new process has been created,C:\Windows\System32\WindowsPowerShell\v1.0\powershell.exe,0x1f38,powershell.exe,,,,,,,C:\Windows\CCM\CcmExec.exe,0x15e4,CcmExec.exe,C:\Windows\CCM\CcmExec.exe,"""C:\Windows\system32\WindowsPowerShell\v1.0\PowerShell.exe"" -Nologo -Noninteractive -NoProfile -ExecutionPolicy Bypass; Get-DeliveryOptimizationStatus | where-object {($_.Sourceurl -CLike 'http://localhost:8005*') -AND (($_.FileSize -ge '52428800') -or ($_.BytesFromPeers -ne '0') -or (($_.BytesFromCacheServer -ne '0') -and ($_.BytesFromCacheServer -ne $null)))} | select-object -Property BytesFromHttp, FileId, BytesFromPeers,Status,BytesFromCacheServer,SourceURL | ConvertTo-Xml -as string -NoTypeInformation","-Nologo -Noninteractive -NoProfile -ExecutionPolicy Bypass; Get-DeliveryOptimizationStatus | where-object {($_.Sourceurl -CLike 'http://localhost:8005*') -AND (($_.FileSize -ge '52428800') -or ($_.BytesFromPeers -ne '0') -or (($_.BytesFromCacheServer -ne '0') -and ($_.BytesFromCacheServer -ne $null)))} | select-object -Property BytesFromHttp, FileId, BytesFromPeers,Status,BytesFromCacheServer,SourceURL | ConvertTo-Xml -as string -NoTypeInformation","""C:\Windows\system32\WindowsPowerShell\v1.0\PowerShell.exe""",powershell.exe,0x1f38,powershell.exe,C:\Windows\System32\WindowsPowerShell\v1.0\powershell.exe,Windows,<_='://../////'><><_='---'_='{----}'/><></><></><>,,,,,,,,0x3e7,,,A new process has been created,4688,XmlWinEventLog:Security,XmlWinEventLog,bbbbbsplunkes03,,,MMM,,ppppVWBXADC02$,,success,A new process has been created,failure,,,"execute
os
process
report
security
start
track_event_signatures
windows",,,,"execute
os
process
report
security
start
track_event_signatures
windows",,,ppppVWBXADC02$,-,,,,,Microsoft,,Microsoft Windows
,,,,,MMM,,,ppppVWBXADC02$,,,Security,,,,,,"""C:\Windows\system32\WindowsPowerShell\v1.0\PowerShell.exe"" -Nologo -Noninteractive -NoProfile -ExecutionPolicy Bypass; Get-DeliveryOptimizationStatus | where-object {($_.Sourceurl -CLike 'http://localhost:8005*') -AND (($_.FileSize -ge '52428800') -or ($_.BytesFromPeers -ne '0') -or (($_.BytesFromCacheServer -ne '0') -and ($_.BytesFromCacheServer -ne $null)))} | select-object -Property BytesFromHttp, FileId, BytesFromPeers,Status,BytesFromCacheServer,SourceURL | ConvertTo-Xml -as string -NoTypeInformation",ppppvwbxadc02.mmm.hhh.ggg,,,,-,4688,"<Data Name='SubjectUserSid'>NT AUTHORITY\SYSTEM</Data><Data Name='SubjectUserName'>ppppVWBXADC02$</Data><Data Name='SubjectDomainName'>MMM</Data><Data Name='SubjectLogonId'>0x3e7</Data><Data Name='NewProcessId'>0x2d78</Data><Data Name='NewProcessName'>C:\Windows\System32\WindowsPowerShell\v1.0\powershell.exe</Data><Data Name='TokenElevationType'>%%1936</Data><Data Name='ProcessId'>0x15e4</Data><Data Name='CommandLine'>""C:\Windows\system32\WindowsPowerShell\v1.0\PowerShell.exe"" -Nologo -Noninteractive -NoProfile -ExecutionPolicy Bypass; Get-DeliveryOptimizationStatus | where-object {($_.Sourceurl -CLike 'http://localhost:8005*') -AND (($_.FileSize -ge '52428800') -or ($_.BytesFromPeers -ne '0') -or (($_.BytesFromCacheServer -ne '0') -and ($_.BytesFromCacheServer -ne $null)))} | select-object -Property BytesFromHttp, FileId, BytesFromPeers,Status,BytesFromCacheServer,SourceURL | ConvertTo-Xml -as string -NoTypeInformation</Data><Data Name='TargetUserSid'>NULL SID</Data><Data Name='TargetUserName'>-</Data><Data Name='TargetDomainName'>-</Data><Data Name='TargetLogonId'>0x0</Data><Data Name='ParentProcessName'>C:\Windows\CCM\CcmExec.exe</Data><Data Name='MandatoryLabel'>Mandatory Label\System Mandatory Level</Data>",4688.0,26077015,,,,,,,,,,,0x8020000000000000,0,,,,0x3e7,,Mandatory Label\System Mandatory Level,,,,,'Microsoft-Windows-Security-Auditing',0x2d78,C:\Windows\System32\WindowsPowerShell\v1.0\powershell.exe,,,,,,0,C:\Windows\CCM\CcmExec.exe,,,,'4',0x15e4,,"""C:\Windows\system32\WindowsPowerShell\v1.0\PowerShell.exe"" -Nologo -Noninteractive -NoProfile -ExecutionPolicy Bypass; Get-DeliveryOptimizationStatus | where-object {($_.Sourceurl -CLike 'http://localhost:8005*') -AND (($_.FileSize -ge '52428800') -or ($_.BytesFromPeers -ne '0') -or (($_.BytesFromCacheServer -ne '0') -and ($_.BytesFromCacheServer -ne $null)))} | select-object -Property BytesFromHttp, FileId, BytesFromPeers,Status,BytesFromCacheServer,SourceURL | ConvertTo-Xml -as string -NoTypeInformation",,26077015,,,,,,,MMM,0x3e7,ppppVWBXADC02$,NT AUTHORITY\SYSTEM,,'2026-05-18T18:53:11.971999100Z',<Provider Name='Microsoft-Windows-Security-Auditing' Guid='{54849625-5478-4994-a5ba-3e3b0328c30d}'/><EventID>4688</EventID><Version>2</Version><Level>0</Level><Task>13312</Task><Opcode>0</Opcode><Keywords>0x8020000000000000</Keywords><TimeCreated SystemTime='2026-05-18T18:53:11.971999100Z'/><EventRecordID>26077015</EventRecordID><Correlation/><Execution ProcessID='4' ThreadID='10836'/><Channel>Security</Channel><Computer>ppppvwbxadc02.mmm.hhh.ggg</Computer><Security/>,-,0x0,,,-,NULL SID,,,-,,-,13312,'10836',%%1936,%%1936,1936.0,,,,,2,,,,,2026-05-18T14:53:11.971-0400,allowed,win:unknown,,,,,ppppvwbxadc02.mmm.hhh.ggg,,ppppvwbxadc02.mmm.hhh.ggg,ppppvwbxadc02,26077015,endpoint_services_processes windows_endpoint_processes windows_event_signature windows_process_new wineventlog_security wineventlog_windows winsec,,,ppppvwbxadc02,26077015,occs-sss-windows,1,A new process has been created,C:\Windows\System32\WindowsPowerShell\v1.0\powershell.exe,0x2d78,powershell.exe,,,,,,,C:\Windows\CCM\CcmExec.exe,0x15e4,CcmExec.exe,C:\Windows\CCM\CcmExec.exe,"""C:\Windows\system32\WindowsPowerShell\v1.0\PowerShell.exe"" -Nologo -Noninteractive -NoProfile -ExecutionPolicy Bypass; Get-DeliveryOptimizationStatus | where-object {($_.Sourceurl -CLike 'http://localhost:8005*') -AND (($_.FileSize -ge '52428800') -or ($_.BytesFromPeers -ne '0') -or (($_.BytesFromCacheServer -ne '0') -and ($_.BytesFromCacheServer -ne $null)))} | select-object -Property BytesFromHttp, FileId, BytesFromPeers,Status,BytesFromCacheServer,SourceURL | ConvertTo-Xml -as string -NoTypeInformation","-Nologo -Noninteractive -NoProfile -ExecutionPolicy Bypass; Get-DeliveryOptimizationStatus | where-object {($_.Sourceurl -CLike 'http://localhost:8005*') -AND (($_.FileSize -ge '52428800') -or ($_.BytesFromPeers -ne '0') -or (($_.BytesFromCacheServer -ne '0') -and ($_.BytesFromCacheServer -ne $null)))} | select-object -Property BytesFromHttp, FileId, BytesFromPeers,Status,BytesFromCacheServer,SourceURL | ConvertTo-Xml -as string -NoTypeInformation","""C:\Windows\system32\WindowsPowerShell\v1.0\PowerShell.exe""",powershell.exe,0x2d78,powershell.exe,C:\Windows\System32\WindowsPowerShell\v1.0\powershell.exe,Windows,<_='://../////'><><_='---'_='{----}'/><></><></><>,,,,,,,,0x3e7,,,A new process has been created,4688,XmlWinEventLog:Security,XmlWinEventLog,bbbbbsplunkes01,,,MMM,,ppppVWBXADC02$,,success,A new process has been created,failure,,,"execute
os
process
report
security
start
track_event_signatures
windows",,,,"execute
os
process
report
security
start
track_event_signatures
windows",,,ppppVWBXADC02$,-,,,,,Microsoft,,Microsoft Windows
,,,,,MMM,,,ppppVWBXADC02$,,,Security,,,,,,"""C:\Windows\system32\WindowsPowerShell\v1.0\PowerShell.exe"" -Nologo -Noninteractive -NoProfile -ExecutionPolicy Bypass; Get-DeliveryOptimizationStatus | where-object {($_.Sourceurl -CLike 'http://localhost:8005*') -AND (($_.FileSize -ge '52428800') -or ($_.BytesFromPeers -ne '0') -or (($_.BytesFromCacheServer -ne '0') -and ($_.BytesFromCacheServer -ne $null)))} | select-object -Property BytesFromHttp, FileId, BytesFromPeers,Status,BytesFromCacheServer,SourceURL | ConvertTo-Xml -as string -NoTypeInformation",ppppvwbxadc02.mmm.hhh.ggg,,,,-,4688,"<Data Name='SubjectUserSid'>NT AUTHORITY\SYSTEM</Data><Data Name='SubjectUserName'>ppppVWBXADC02$</Data><Data Name='SubjectDomainName'>MMM</Data><Data Name='SubjectLogonId'>0x3e7</Data><Data Name='NewProcessId'>0x264</Data><Data Name='NewProcessName'>C:\Windows\System32\WindowsPowerShell\v1.0\powershell.exe</Data><Data Name='TokenElevationType'>%%1936</Data><Data Name='ProcessId'>0x15e4</Data><Data Name='CommandLine'>""C:\Windows\system32\WindowsPowerShell\v1.0\PowerShell.exe"" -Nologo -Noninteractive -NoProfile -ExecutionPolicy Bypass; Get-DeliveryOptimizationStatus | where-object {($_.Sourceurl -CLike 'http://localhost:8005*') -AND (($_.FileSize -ge '52428800') -or ($_.BytesFromPeers -ne '0') -or (($_.BytesFromCacheServer -ne '0') -and ($_.BytesFromCacheServer -ne $null)))} | select-object -Property BytesFromHttp, FileId, BytesFromPeers,Status,BytesFromCacheServer,SourceURL | ConvertTo-Xml -as string -NoTypeInformation</Data><Data Name='TargetUserSid'>NULL SID</Data><Data Name='TargetUserName'>-</Data><Data Name='TargetDomainName'>-</Data><Data Name='TargetLogonId'>0x0</Data><Data Name='ParentProcessName'>C:\Windows\CCM\CcmExec.exe</Data><Data Name='MandatoryLabel'>Mandatory Label\System Mandatory Level</Data>",4688.0,26074354,,,,,,,,,,,0x8020000000000000,0,,,,0x3e7,,Mandatory Label\System Mandatory Level,,,,,'Microsoft-Windows-Security-Auditing',0x264,C:\Windows\System32\WindowsPowerShell\v1.0\powershell.exe,,,,,,0,C:\Windows\CCM\CcmExec.exe,,,,'4',0x15e4,,"""C:\Windows\system32\WindowsPowerShell\v1.0\PowerShell.exe"" -Nologo -Noninteractive -NoProfile -ExecutionPolicy Bypass; Get-DeliveryOptimizationStatus | where-object {($_.Sourceurl -CLike 'http://localhost:8005*') -AND (($_.FileSize -ge '52428800') -or ($_.BytesFromPeers -ne '0') -or (($_.BytesFromCacheServer -ne '0') -and ($_.BytesFromCacheServer -ne $null)))} | select-object -Property BytesFromHttp, FileId, BytesFromPeers,Status,BytesFromCacheServer,SourceURL | ConvertTo-Xml -as string -NoTypeInformation",,26074354,,,,,,,MMM,0x3e7,ppppVWBXADC02$,NT AUTHORITY\SYSTEM,,'2026-05-18T18:08:10.796306100Z',<Provider Name='Microsoft-Windows-Security-Auditing' Guid='{54849625-5478-4994-a5ba-3e3b0328c30d}'/><EventID>4688</EventID><Version>2</Version><Level>0</Level><Task>13312</Task><Opcode>0</Opcode><Keywords>0x8020000000000000</Keywords><TimeCreated SystemTime='2026-05-18T18:08:10.796306100Z'/><EventRecordID>26074354</EventRecordID><Correlation/><Execution ProcessID='4' ThreadID='8'/><Channel>Security</Channel><Computer>ppppvwbxadc02.mmm.hhh.ggg</Computer><Security/>,-,0x0,,,-,NULL SID,,,-,,-,13312,'8',%%1936,%%1936,1936.0,,,,,2,,,,,2026-05-18T14:08:10.796-0400,allowed,win:unknown,,,,,ppppvwbxadc02.mmm.hhh.ggg,,ppppvwbxadc02.mmm.hhh.ggg,ppppvwbxadc02,26074354,endpoint_services_processes windows_endpoint_processes windows_event_signature windows_process_new wineventlog_security wineventlog_windows winsec,,,ppppvwbxadc02,26074354,occs-sss-windows,1,A new process has been created,C:\Windows\System32\WindowsPowerShell\v1.0\powershell.exe,0x264,powershell.exe,,,,,,,C:\Windows\CCM\CcmExec.exe,0x15e4,CcmExec.exe,C:\Windows\CCM\CcmExec.exe,"""C:\Windows\system32\WindowsPowerShell\v1.0\PowerShell.exe"" -Nologo -Noninteractive -NoProfile -ExecutionPolicy Bypass; Get-DeliveryOptimizationStatus | where-object {($_.Sourceurl -CLike 'http://localhost:8005*') -AND (($_.FileSize -ge '52428800') -or ($_.BytesFromPeers -ne '0') -or (($_.BytesFromCacheServer -ne '0') -and ($_.BytesFromCacheServer -ne $null)))} | select-object -Property BytesFromHttp, FileId, BytesFromPeers,Status,BytesFromCacheServer,SourceURL | ConvertTo-Xml -as string -NoTypeInformation","-Nologo -Noninteractive -NoProfile -ExecutionPolicy Bypass; Get-DeliveryOptimizationStatus | where-object {($_.Sourceurl -CLike 'http://localhost:8005*') -AND (($_.FileSize -ge '52428800') -or ($_.BytesFromPeers -ne '0') -or (($_.BytesFromCacheServer -ne '0') -and ($_.BytesFromCacheServer -ne $null)))} | select-object -Property BytesFromHttp, FileId, BytesFromPeers,Status,BytesFromCacheServer,SourceURL | ConvertTo-Xml -as string -NoTypeInformation","""C:\Windows\system32\WindowsPowerShell\v1.0\PowerShell.exe""",powershell.exe,0x264,powershell.exe,C:\Windows\System32\WindowsPowerShell\v1.0\powershell.exe,Windows,<_='://../////'><><_='---'_='{----}'/><></><></><>,,,,,,,,0x3e7,,,A new process has been created,4688,XmlWinEventLog:Security,XmlWinEventLog,bbbbbsplunkes03,,,MMM,,ppppVWBXADC02$,,success,A new process has been created,failure,,,"execute
os
process
report
security
start
track_event_signatures
windows",,,,"execute
os
process
report
security
start
track_event_signatures
windows",,,ppppVWBXADC02$,-,,,,,Microsoft,,Microsoft Windows
,,,,,MMM,,,ppppVWBXADC02$,,,Security,,,,,,"""C:\Windows\system32\WindowsPowerShell\v1.0\PowerShell.exe"" -Nologo -Noninteractive -NoProfile -ExecutionPolicy Bypass; Get-DeliveryOptimizationStatus | where-object {($_.Sourceurl -CLike 'http://localhost:8005*') -AND (($_.FileSize -ge '52428800') -or ($_.BytesFromPeers -ne '0') -or (($_.BytesFromCacheServer -ne '0') -and ($_.BytesFromCacheServer -ne $null)))} | select-object -Property BytesFromHttp, FileId, BytesFromPeers,Status,BytesFromCacheServer,SourceURL | ConvertTo-Xml -as string -NoTypeInformation",ppppvwbxadc02.mmm.hhh.ggg,,,,-,4688,"<Data Name='SubjectUserSid'>NT AUTHORITY\SYSTEM</Data><Data Name='SubjectUserName'>ppppVWBXADC02$</Data><Data Name='SubjectDomainName'>MMM</Data><Data Name='SubjectLogonId'>0x3e7</Data><Data Name='NewProcessId'>0x1974</Data><Data Name='NewProcessName'>C:\Windows\System32\WindowsPowerShell\v1.0\powershell.exe</Data><Data Name='TokenElevationType'>%%1936</Data><Data Name='ProcessId'>0x15e4</Data><Data Name='CommandLine'>""C:\Windows\system32\WindowsPowerShell\v1.0\PowerShell.exe"" -Nologo -Noninteractive -NoProfile -ExecutionPolicy Bypass; Get-DeliveryOptimizationStatus | where-object {($_.Sourceurl -CLike 'http://localhost:8005*') -AND (($_.FileSize -ge '52428800') -or ($_.BytesFromPeers -ne '0') -or (($_.BytesFromCacheServer -ne '0') -and ($_.BytesFromCacheServer -ne $null)))} | select-object -Property BytesFromHttp, FileId, BytesFromPeers,Status,BytesFromCacheServer,SourceURL | ConvertTo-Xml -as string -NoTypeInformation</Data><Data Name='TargetUserSid'>NULL SID</Data><Data Name='TargetUserName'>-</Data><Data Name='TargetDomainName'>-</Data><Data Name='TargetLogonId'>0x0</Data><Data Name='ParentProcessName'>C:\Windows\CCM\CcmExec.exe</Data><Data Name='MandatoryLabel'>Mandatory Label\System Mandatory Level</Data>",4688.0,26073028,,,,,,,,,,,0x8020000000000000,0,,,,0x3e7,,Mandatory Label\System Mandatory Level,,,,,'Microsoft-Windows-Security-Auditing',0x1974,C:\Windows\System32\WindowsPowerShell\v1.0\powershell.exe,,,,,,0,C:\Windows\CCM\CcmExec.exe,,,,'4',0x15e4,,"""C:\Windows\system32\WindowsPowerShell\v1.0\PowerShell.exe"" -Nologo -Noninteractive -NoProfile -ExecutionPolicy Bypass; Get-DeliveryOptimizationStatus | where-object {($_.Sourceurl -CLike 'http://localhost:8005*') -AND (($_.FileSize -ge '52428800') -or ($_.BytesFromPeers -ne '0') -or (($_.BytesFromCacheServer -ne '0') -and ($_.BytesFromCacheServer -ne $null)))} | select-object -Property BytesFromHttp, FileId, BytesFromPeers,Status,BytesFromCacheServer,SourceURL | ConvertTo-Xml -as string -NoTypeInformation",,26073028,,,,,,,MMM,0x3e7,ppppVWBXADC02$,NT AUTHORITY\SYSTEM,,'2026-05-18T17:23:09.678366200Z',<Provider Name='Microsoft-Windows-Security-Auditing' Guid='{54849625-5478-4994-a5ba-3e3b0328c30d}'/><EventID>4688</EventID><Version>2</Version><Level>0</Level><Task>13312</Task><Opcode>0</Opcode><Keywords>0x8020000000000000</Keywords><TimeCreated SystemTime='2026-05-18T17:23:09.678366200Z'/><EventRecordID>26073028</EventRecordID><Correlation/><Execution ProcessID='4' ThreadID='11044'/><Channel>Security</Channel><Computer>ppppvwbxadc02.mmm.hhh.ggg</Computer><Security/>,-,0x0,,,-,NULL SID,,,-,,-,13312,'11044',%%1936,%%1936,1936.0,,,,,2,,,,,2026-05-18T13:23:09.678-0400,allowed,win:unknown,,,,,ppppvwbxadc02.mmm.hhh.ggg,,ppppvwbxadc02.mmm.hhh.ggg,ppppvwbxadc02,26073028,endpoint_services_processes windows_endpoint_processes windows_event_signature windows_process_new wineventlog_security wineventlog_windows winsec,,,ppppvwbxadc02,26073028,occs-sss-windows,1,A new process has been created,C:\Windows\System32\WindowsPowerShell\v1.0\powershell.exe,0x1974,powershell.exe,,,,,,,C:\Windows\CCM\CcmExec.exe,0x15e4,CcmExec.exe,C:\Windows\CCM\CcmExec.exe,"""C:\Windows\system32\WindowsPowerShell\v1.0\PowerShell.exe"" -Nologo -Noninteractive -NoProfile -ExecutionPolicy Bypass; Get-DeliveryOptimizationStatus | where-object {($_.Sourceurl -CLike 'http://localhost:8005*') -AND (($_.FileSize -ge '52428800') -or ($_.BytesFromPeers -ne '0') -or (($_.BytesFromCacheServer -ne '0') -and ($_.BytesFromCacheServer -ne $null)))} | select-object -Property BytesFromHttp, FileId, BytesFromPeers,Status,BytesFromCacheServer,SourceURL | ConvertTo-Xml -as string -NoTypeInformation","-Nologo -Noninteractive -NoProfile -ExecutionPolicy Bypass; Get-DeliveryOptimizationStatus | where-object {($_.Sourceurl -CLike 'http://localhost:8005*') -AND (($_.FileSize -ge '52428800') -or ($_.BytesFromPeers -ne '0') -or (($_.BytesFromCacheServer -ne '0') -and ($_.BytesFromCacheServer -ne $null)))} | select-object -Property BytesFromHttp, FileId, BytesFromPeers,Status,BytesFromCacheServer,SourceURL | ConvertTo-Xml -as string -NoTypeInformation","""C:\Windows\system32\WindowsPowerShell\v1.0\PowerShell.exe""",powershell.exe,0x1974,powershell.exe,C:\Windows\System32\WindowsPowerShell\v1.0\powershell.exe,Windows,<_='://../////'><><_='---'_='{----}'/><></><></><>,,,,,,,,0x3e7,,,A new process has been created,4688,XmlWinEventLog:Security,XmlWinEventLog,bbbbbsplunkes01,,,MMM,,ppppVWBXADC02$,,success,A new process has been created,failure,,,"execute
os
process
report
security
start
track_event_signatures
windows",,,,"execute
os
process
report
security
start
track_event_signatures
windows",,,ppppVWBXADC02$,-,,,,,Microsoft,,Microsoft Windows
,,,,,MMM,,,ppppVWBXADC02$,,,Security,,,,,,"""C:\Windows\system32\WindowsPowerShell\v1.0\PowerShell.exe"" -Nologo -Noninteractive -NoProfile -ExecutionPolicy Bypass; Get-DeliveryOptimizationStatus | where-object {($_.Sourceurl -CLike 'http://localhost:8005*') -AND (($_.FileSize -ge '52428800') -or ($_.BytesFromPeers -ne '0') -or (($_.BytesFromCacheServer -ne '0') -and ($_.BytesFromCacheServer -ne $null)))} | select-object -Property BytesFromHttp, FileId, BytesFromPeers,Status,BytesFromCacheServer,SourceURL | ConvertTo-Xml -as string -NoTypeInformation",ppppvwbxadc02.mmm.hhh.ggg,,,,-,4688,"<Data Name='SubjectUserSid'>NT AUTHORITY\SYSTEM</Data><Data Name='SubjectUserName'>ppppVWBXADC02$</Data><Data Name='SubjectDomainName'>MMM</Data><Data Name='SubjectLogonId'>0x3e7</Data><Data Name='NewProcessId'>0x29d4</Data><Data Name='NewProcessName'>C:\Windows\System32\WindowsPowerShell\v1.0\powershell.exe</Data><Data Name='TokenElevationType'>%%1936</Data><Data Name='ProcessId'>0x15e4</Data><Data Name='CommandLine'>""C:\Windows\system32\WindowsPowerShell\v1.0\PowerShell.exe"" -Nologo -Noninteractive -NoProfile -ExecutionPolicy Bypass; Get-DeliveryOptimizationStatus | where-object {($_.Sourceurl -CLike 'http://localhost:8005*') -AND (($_.FileSize -ge '52428800') -or ($_.BytesFromPeers -ne '0') -or (($_.BytesFromCacheServer -ne '0') -and ($_.BytesFromCacheServer -ne $null)))} | select-object -Property BytesFromHttp, FileId, BytesFromPeers,Status,BytesFromCacheServer,SourceURL | ConvertTo-Xml -as string -NoTypeInformation</Data><Data Name='TargetUserSid'>NULL SID</Data><Data Name='TargetUserName'>-</Data><Data Name='TargetDomainName'>-</Data><Data Name='TargetLogonId'>0x0</Data><Data Name='ParentProcessName'>C:\Windows\CCM\CcmExec.exe</Data><Data Name='MandatoryLabel'>Mandatory Label\System Mandatory Level</Data>",4688.0,26071043,,,,,,,,,,,0x8020000000000000,0,,,,0x3e7,,Mandatory Label\System Mandatory Level,,,,,'Microsoft-Windows-Security-Auditing',0x29d4,C:\Windows\System32\WindowsPowerShell\v1.0\powershell.exe,,,,,,0,C:\Windows\CCM\CcmExec.exe,,,,'4',0x15e4,,"""C:\Windows\system32\WindowsPowerShell\v1.0\PowerShell.exe"" -Nologo -Noninteractive -NoProfile -ExecutionPolicy Bypass; Get-DeliveryOptimizationStatus | where-object {($_.Sourceurl -CLike 'http://localhost:8005*') -AND (($_.FileSize -ge '52428800') -or ($_.BytesFromPeers -ne '0') -or (($_.BytesFromCacheServer -ne '0') -and ($_.BytesFromCacheServer -ne $null)))} | select-object -Property BytesFromHttp, FileId, BytesFromPeers,Status,BytesFromCacheServer,SourceURL | ConvertTo-Xml -as string -NoTypeInformation",,26071043,,,,,,,MMM,0x3e7,ppppVWBXADC02$,NT AUTHORITY\SYSTEM,,'2026-05-18T16:38:08.491387300Z',<Provider Name='Microsoft-Windows-Security-Auditing' Guid='{54849625-5478-4994-a5ba-3e3b0328c30d}'/><EventID>4688</EventID><Version>2</Version><Level>0</Level><Task>13312</Task><Opcode>0</Opcode><Keywords>0x8020000000000000</Keywords><TimeCreated SystemTime='2026-05-18T16:38:08.491387300Z'/><EventRecordID>26071043</EventRecordID><Correlation/><Execution ProcessID='4' ThreadID='12576'/><Channel>Security</Channel><Computer>ppppvwbxadc02.mmm.hhh.ggg</Computer><Security/>,-,0x0,,,-,NULL SID,,,-,,-,13312,'12576',%%1936,%%1936,1936.0,,,,,2,,,,,2026-05-18T12:38:08.491-0400,allowed,win:unknown,,,,,ppppvwbxadc02.mmm.hhh.ggg,,ppppvwbxadc02.mmm.hhh.ggg,ppppvwbxadc02,26071043,endpoint_services_processes windows_endpoint_processes windows_event_signature windows_process_new wineventlog_security wineventlog_windows winsec,,,ppppvwbxadc02,26071043,occs-sss-windows,1,A new process has been created,C:\Windows\System32\WindowsPowerShell\v1.0\powershell.exe,0x29d4,powershell.exe,,,,,,,C:\Windows\CCM\CcmExec.exe,0x15e4,CcmExec.exe,C:\Windows\CCM\CcmExec.exe,"""C:\Windows\system32\WindowsPowerShell\v1.0\PowerShell.exe"" -Nologo -Noninteractive -NoProfile -ExecutionPolicy Bypass; Get-DeliveryOptimizationStatus | where-object {($_.Sourceurl -CLike 'http://localhost:8005*') -AND (($_.FileSize -ge '52428800') -or ($_.BytesFromPeers -ne '0') -or (($_.BytesFromCacheServer -ne '0') -and ($_.BytesFromCacheServer -ne $null)))} | select-object -Property BytesFromHttp, FileId, BytesFromPeers,Status,BytesFromCacheServer,SourceURL | ConvertTo-Xml -as string -NoTypeInformation","-Nologo -Noninteractive -NoProfile -ExecutionPolicy Bypass; Get-DeliveryOptimizationStatus | where-object {($_.Sourceurl -CLike 'http://localhost:8005*') -AND (($_.FileSize -ge '52428800') -or ($_.BytesFromPeers -ne '0') -or (($_.BytesFromCacheServer -ne '0') -and ($_.BytesFromCacheServer -ne $null)))} | select-object -Property BytesFromHttp, FileId, BytesFromPeers,Status,BytesFromCacheServer,SourceURL | ConvertTo-Xml -as string -NoTypeInformation","""C:\Windows\system32\WindowsPowerShell\v1.0\PowerShell.exe""",powershell.exe,0x29d4,powershell.exe,C:\Windows\System32\WindowsPowerShell\v1.0\powershell.exe,Windows,<_='://../////'><><_='---'_='{----}'/><></><></><>,,,,,,,,0x3e7,,,A new process has been created,4688,XmlWinEventLog:Security,XmlWinEventLog,bbbbbsplunkes01,,,MMM,,ppppVWBXADC02$,,success,A new process has been created,failure,,,"execute
os
process
report
security
start
track_event_signatures
windows",,,,"execute
os
process
report
security
start
track_event_signatures
windows",,,ppppVWBXADC02$,-,,,,,Microsoft,,Microsoft Windows
