,,,,,MMM,,,ppppPWBADDC03$,,,Security,,,,,,where  /Q repadmin,ppppPWBADDC03.mmm.hhh.ggg,,,,-,4688,<Data Name='SubjectUserSid'>NT AUTHORITY\SYSTEM</Data><Data Name='SubjectUserName'>ppppPWBADDC03$</Data><Data Name='SubjectDomainName'>MMM</Data><Data Name='SubjectLogonId'>0x3e7</Data><Data Name='NewProcessId'>0x3950</Data><Data Name='NewProcessName'>C:\Windows\System32\where.exe</Data><Data Name='TokenElevationType'>%%1936</Data><Data Name='ProcessId'>0x3b04</Data><Data Name='CommandLine'>where  /Q repadmin </Data><Data Name='TargetUserSid'>NULL SID</Data><Data Name='TargetUserName'>-</Data><Data Name='TargetDomainName'>-</Data><Data Name='TargetLogonId'>0x0</Data><Data Name='ParentProcessName'>C:\Windows\System32\cmd.exe</Data><Data Name='MandatoryLabel'>Mandatory Label\System Mandatory Level</Data>,4688.0,999308621,,,,,,,,,,,0x8020000000000000,0,,,,0x3e7,,Mandatory Label\System Mandatory Level,,,,,'Microsoft-Windows-Security-Auditing',0x3950,C:\Windows\System32\where.exe,,,,,,0,C:\Windows\System32\cmd.exe,,,,'4',0x3b04,,where  /Q repadmin,,999308621,,,,,,,MMM,0x3e7,ppppPWBADDC03$,NT AUTHORITY\SYSTEM,,'2026-05-19T04:44:22.7300067Z',<Provider Name='Microsoft-Windows-Security-Auditing' Guid='{54849625-5478-4994-a5ba-3e3b0328c30d}'/><EventID>4688</EventID><Version>2</Version><Level>0</Level><Task>13312</Task><Opcode>0</Opcode><Keywords>0x8020000000000000</Keywords><TimeCreated SystemTime='2026-05-19T04:44:22.7300067Z'/><EventRecordID>999308621</EventRecordID><Correlation/><Execution ProcessID='4' ThreadID='4208'/><Channel>Security</Channel><Computer>ppppPWBADDC03.mmm.hhh.ggg</Computer><Security/>,-,0x0,,,-,NULL SID,,,-,,-,13312,'4208',%%1936,%%1936,1936.0,,,,,2,,,,,2026-05-19T00:44:22.730-0400,allowed,win:unknown,,,,,ppppPWBADDC03.mmm.hhh.ggg,,ppppPWBADDC03.mmm.hhh.ggg,ppppPWBADDC03,999308621,endpoint_services_processes windows_endpoint_processes windows_event_signature windows_process_new wineventlog_security wineventlog_windows winsec,,,ppppPWBADDC03,999308621,occs-sss-windows,1,A new process has been created,C:\Windows\System32\where.exe,0x3950,where.exe,,,,,,,C:\Windows\System32\cmd.exe,0x3b04,cmd.exe,C:\Windows\System32\cmd.exe,C:\Windows\System32\where.exe /Q repadmin,/Q repadmin,where,where.exe,0x3950,where.exe,C:\Windows\System32\where.exe,Windows,<_='://../////'><><_='---'_='{----}'/><></><></><>,,,,,,,,0x3e7,,,A new process has been created,4688,XmlWinEventLog:Security,XmlWinEventLog,bbbbbsplunkes01,,,MMM,,ppppPWBADDC03$,,success,A new process has been created,failure,,,"execute
os
process
report
security
start
track_event_signatures
windows",,,,"execute
os
process
report
security
start
track_event_signatures
windows",,,ppppPWBADDC03$,-,,,,,Microsoft,,Microsoft Windows
,,,,,MMM,,,ppppPWBADDC03$,,,Security,,,,,,where  /Q repadmin,ppppPWBADDC03.mmm.hhh.ggg,,,,-,4688,<Data Name='SubjectUserSid'>NT AUTHORITY\SYSTEM</Data><Data Name='SubjectUserName'>ppppPWBADDC03$</Data><Data Name='SubjectDomainName'>MMM</Data><Data Name='SubjectLogonId'>0x3e7</Data><Data Name='NewProcessId'>0x2fbc</Data><Data Name='NewProcessName'>C:\Windows\System32\where.exe</Data><Data Name='TokenElevationType'>%%1936</Data><Data Name='ProcessId'>0x2d78</Data><Data Name='CommandLine'>where  /Q repadmin </Data><Data Name='TargetUserSid'>NULL SID</Data><Data Name='TargetUserName'>-</Data><Data Name='TargetDomainName'>-</Data><Data Name='TargetLogonId'>0x0</Data><Data Name='ParentProcessName'>C:\Windows\System32\cmd.exe</Data><Data Name='MandatoryLabel'>Mandatory Label\System Mandatory Level</Data>,4688.0,999299457,,,,,,,,,,,0x8020000000000000,0,,,,0x3e7,,Mandatory Label\System Mandatory Level,,,,,'Microsoft-Windows-Security-Auditing',0x2fbc,C:\Windows\System32\where.exe,,,,,,0,C:\Windows\System32\cmd.exe,,,,'4',0x2d78,,where  /Q repadmin,,999299457,,,,,,,MMM,0x3e7,ppppPWBADDC03$,NT AUTHORITY\SYSTEM,,'2026-05-19T04:39:19.8646232Z',<Provider Name='Microsoft-Windows-Security-Auditing' Guid='{54849625-5478-4994-a5ba-3e3b0328c30d}'/><EventID>4688</EventID><Version>2</Version><Level>0</Level><Task>13312</Task><Opcode>0</Opcode><Keywords>0x8020000000000000</Keywords><TimeCreated SystemTime='2026-05-19T04:39:19.8646232Z'/><EventRecordID>999299457</EventRecordID><Correlation/><Execution ProcessID='4' ThreadID='1004'/><Channel>Security</Channel><Computer>ppppPWBADDC03.mmm.hhh.ggg</Computer><Security/>,-,0x0,,,-,NULL SID,,,-,,-,13312,'1004',%%1936,%%1936,1936.0,,,,,2,,,,,2026-05-19T00:39:19.864-0400,allowed,win:unknown,,,,,ppppPWBADDC03.mmm.hhh.ggg,,ppppPWBADDC03.mmm.hhh.ggg,ppppPWBADDC03,999299457,endpoint_services_processes windows_endpoint_processes windows_event_signature windows_process_new wineventlog_security wineventlog_windows winsec,,,ppppPWBADDC03,999299457,occs-sss-windows,1,A new process has been created,C:\Windows\System32\where.exe,0x2fbc,where.exe,,,,,,,C:\Windows\System32\cmd.exe,0x2d78,cmd.exe,C:\Windows\System32\cmd.exe,C:\Windows\System32\where.exe /Q repadmin,/Q repadmin,where,where.exe,0x2fbc,where.exe,C:\Windows\System32\where.exe,Windows,<_='://../////'><><_='---'_='{----}'/><></><></><>,,,,,,,,0x3e7,,,A new process has been created,4688,XmlWinEventLog:Security,XmlWinEventLog,bbbbbsplunkes03,,,MMM,,ppppPWBADDC03$,,success,A new process has been created,failure,,,"execute
os
process
report
security
start
track_event_signatures
windows",,,,"execute
os
process
report
security
start
track_event_signatures
windows",,,ppppPWBADDC03$,-,,,,,Microsoft,,Microsoft Windows
,,,,,MMM,,,ppppPWBADDC03$,,,Security,,,,,,where  /Q repadmin,ppppPWBADDC03.mmm.hhh.ggg,,,,-,4688,<Data Name='SubjectUserSid'>NT AUTHORITY\SYSTEM</Data><Data Name='SubjectUserName'>ppppPWBADDC03$</Data><Data Name='SubjectDomainName'>MMM</Data><Data Name='SubjectLogonId'>0x3e7</Data><Data Name='NewProcessId'>0x2ef4</Data><Data Name='NewProcessName'>C:\Windows\System32\where.exe</Data><Data Name='TokenElevationType'>%%1936</Data><Data Name='ProcessId'>0x2e14</Data><Data Name='CommandLine'>where  /Q repadmin </Data><Data Name='TargetUserSid'>NULL SID</Data><Data Name='TargetUserName'>-</Data><Data Name='TargetDomainName'>-</Data><Data Name='TargetLogonId'>0x0</Data><Data Name='ParentProcessName'>C:\Windows\System32\cmd.exe</Data><Data Name='MandatoryLabel'>Mandatory Label\System Mandatory Level</Data>,4688.0,999291602,,,,,,,,,,,0x8020000000000000,0,,,,0x3e7,,Mandatory Label\System Mandatory Level,,,,,'Microsoft-Windows-Security-Auditing',0x2ef4,C:\Windows\System32\where.exe,,,,,,0,C:\Windows\System32\cmd.exe,,,,'4',0x2e14,,where  /Q repadmin,,999291602,,,,,,,MMM,0x3e7,ppppPWBADDC03$,NT AUTHORITY\SYSTEM,,'2026-05-19T04:34:15.9126495Z',<Provider Name='Microsoft-Windows-Security-Auditing' Guid='{54849625-5478-4994-a5ba-3e3b0328c30d}'/><EventID>4688</EventID><Version>2</Version><Level>0</Level><Task>13312</Task><Opcode>0</Opcode><Keywords>0x8020000000000000</Keywords><TimeCreated SystemTime='2026-05-19T04:34:15.9126495Z'/><EventRecordID>999291602</EventRecordID><Correlation/><Execution ProcessID='4' ThreadID='10092'/><Channel>Security</Channel><Computer>ppppPWBADDC03.mmm.hhh.ggg</Computer><Security/>,-,0x0,,,-,NULL SID,,,-,,-,13312,'10092',%%1936,%%1936,1936.0,,,,,2,,,,,2026-05-19T00:34:15.912-0400,allowed,win:unknown,,,,,ppppPWBADDC03.mmm.hhh.ggg,,ppppPWBADDC03.mmm.hhh.ggg,ppppPWBADDC03,999291602,endpoint_services_processes windows_endpoint_processes windows_event_signature windows_process_new wineventlog_security wineventlog_windows winsec,,,ppppPWBADDC03,999291602,occs-sss-windows,1,A new process has been created,C:\Windows\System32\where.exe,0x2ef4,where.exe,,,,,,,C:\Windows\System32\cmd.exe,0x2e14,cmd.exe,C:\Windows\System32\cmd.exe,C:\Windows\System32\where.exe /Q repadmin,/Q repadmin,where,where.exe,0x2ef4,where.exe,C:\Windows\System32\where.exe,Windows,<_='://../////'><><_='---'_='{----}'/><></><></><>,,,,,,,,0x3e7,,,A new process has been created,4688,XmlWinEventLog:Security,XmlWinEventLog,bbbbbsplunkes03,,,MMM,,ppppPWBADDC03$,,success,A new process has been created,failure,,,"execute
os
process
report
security
start
track_event_signatures
windows",,,,"execute
os
process
report
security
start
track_event_signatures
windows",,,ppppPWBADDC03$,-,,,,,Microsoft,,Microsoft Windows
%%4420,0x10,,,,MMM,,,ppppPWBADDC03$,,,Security,,,,,,,ppppPWBADDC03.mmm.hhh.ggg,,,,-,4663,"<Data Name='SubjectUserSid'>NT AUTHORITY\SYSTEM</Data><Data Name='SubjectUserName'>ppppPWBADDC03$</Data><Data Name='SubjectDomainName'>MMM</Data><Data Name='SubjectLogonId'>0x3e7</Data><Data Name='ObjectServer'>Security</Data><Data Name='ObjectType'>File</Data><Data Name='ObjectName'>C:\Windows\WinSxS\wow64_microsoft-windows-where_31bf3856ad364e35_10.0.20348.1_none_f196e0f5db91eb7b\where.exe</Data><Data Name='HandleId'>0x29cc</Data><Data Name='AccessList'>%%4420
				</Data><Data Name='AccessMask'>0x10</Data><Data Name='ProcessId'>0x45f8</Data><Data Name='ProcessName'>C:\Windows\WinSxS\amd64_microsoft-windows-servicingstack_31bf3856ad364e35_10.0.20348.5120_none_b1ebbd8af970f26e\TiWorker.exe</Data><Data Name='ResourceAttributes'>S:AI</Data>",4663.0,999274499,,,,,,0x29cc,,,,,0x8020000000000000,0,,,,0x3e7,,,,,,,'Microsoft-Windows-Security-Auditing',,,,,C:\Windows\WinSxS\wow64_microsoft-windows-where_31bf3856ad364e35_10.0.20348.1_none_f196e0f5db91eb7b\where.exe,Security,File,0,,,,,'4',0x45f8,C:\Windows\WinSxS\amd64_microsoft-windows-servicingstack_31bf3856ad364e35_10.0.20348.5120_none_b1ebbd8af970f26e\TiWorker.exe,,,999274499,,S:AI,,,,,MMM,0x3e7,ppppPWBADDC03$,NT AUTHORITY\SYSTEM,,'2026-05-19T04:24:46.9573705Z',<Provider Name='Microsoft-Windows-Security-Auditing' Guid='{54849625-5478-4994-a5ba-3e3b0328c30d}'/><EventID>4663</EventID><Version>1</Version><Level>0</Level><Task>12800</Task><Opcode>0</Opcode><Keywords>0x8020000000000000</Keywords><TimeCreated SystemTime='2026-05-19T04:24:46.9573705Z'/><EventRecordID>999274499</EventRecordID><Correlation/><Execution ProcessID='4' ThreadID='11248'/><Channel>Security</Channel><Computer>ppppPWBADDC03.mmm.hhh.ggg</Computer><Security/>,,,,,,,,,,,,12800,'11248',,,,,,,,1,,,,,2026-05-19T00:24:46.957-0400,success,win:unknown,,,,,ppppPWBADDC03.mmm.hhh.ggg,,ppppPWBADDC03.mmm.hhh.ggg,ppppPWBADDC03,999274499,endpoint_services_processes windows_event_signature wineventlog_security wineventlog_windows winsec,where.exe,C:\Windows\WinSxS\wow64_microsoft-windows-where_31bf3856ad364e35_10.0.20348.1_none_f196e0f5db91eb7b\where.exe,ppppPWBADDC03,999274499,occs-sss-windows,2,An attempt was made to access an object,,,,,,,where.exe,C:\Windows\WinSxS\wow64_microsoft-windows-where_31bf3856ad364e35_10.0.20348.1_none_f196e0f5db91eb7b\where.exe,,,,,,C:\Windows\WinSxS\amd64_microsoft-windows-servicingstack_31bf3856ad364e35_10.0.20348.5120_none_b1ebbd8af970f26e\TiWorker.exe,,,,0x45f8,C:\Windows\WinSxS\amd64_microsoft-windows-servicingstack_31bf3856ad364e35_10.0.20348.5120_none_b1ebbd8af970f26e\TiWorker.exe,C:\Windows\WinSxS\amd64_microsoft-windows-servicingstack_31bf3856ad364e35_10.0.20348.5120_none_b1ebbd8af970f26e\TiWorker.exe,Windows,<_='://../////'><><_='---'_='{----}'/><></><></><>,,,,,,,,0x3e7,,,An attempt was made to access an object,4663,XmlWinEventLog:Security,XmlWinEventLog,bbbbbsplunkes01,,,MMM,,ppppPWBADDC03$,,success,An attempt was made to access an object,failure,,,"os
security
success
track_event_signatures
windows",,success,,"os
security
track_event_signatures
windows",,,,,,,,,Microsoft,,Microsoft Windows
%%4420,0x10,,,,MMM,,,ppppPWBADDC03$,,,Security,,,,,,,ppppPWBADDC03.mmm.hhh.ggg,,,,-,4663,"<Data Name='SubjectUserSid'>NT AUTHORITY\SYSTEM</Data><Data Name='SubjectUserName'>ppppPWBADDC03$</Data><Data Name='SubjectDomainName'>MMM</Data><Data Name='SubjectLogonId'>0x3e7</Data><Data Name='ObjectServer'>Security</Data><Data Name='ObjectType'>File</Data><Data Name='ObjectName'>C:\Windows\WinSxS\wow64_microsoft-windows-where_31bf3856ad364e35_10.0.20348.1_none_f196e0f5db91eb7b\where.exe</Data><Data Name='HandleId'>0x39b8</Data><Data Name='AccessList'>%%4420
				</Data><Data Name='AccessMask'>0x10</Data><Data Name='ProcessId'>0x45f8</Data><Data Name='ProcessName'>C:\Windows\WinSxS\amd64_microsoft-windows-servicingstack_31bf3856ad364e35_10.0.20348.5120_none_b1ebbd8af970f26e\TiWorker.exe</Data><Data Name='ResourceAttributes'>S:AI</Data>",4663.0,999272834,,,,,,0x39b8,,,,,0x8020000000000000,0,,,,0x3e7,,,,,,,'Microsoft-Windows-Security-Auditing',,,,,C:\Windows\WinSxS\wow64_microsoft-windows-where_31bf3856ad364e35_10.0.20348.1_none_f196e0f5db91eb7b\where.exe,Security,File,0,,,,,'4',0x45f8,C:\Windows\WinSxS\amd64_microsoft-windows-servicingstack_31bf3856ad364e35_10.0.20348.5120_none_b1ebbd8af970f26e\TiWorker.exe,,,999272834,,S:AI,,,,,MMM,0x3e7,ppppPWBADDC03$,NT AUTHORITY\SYSTEM,,'2026-05-19T04:24:46.2589848Z',<Provider Name='Microsoft-Windows-Security-Auditing' Guid='{54849625-5478-4994-a5ba-3e3b0328c30d}'/><EventID>4663</EventID><Version>1</Version><Level>0</Level><Task>12800</Task><Opcode>0</Opcode><Keywords>0x8020000000000000</Keywords><TimeCreated SystemTime='2026-05-19T04:24:46.2589848Z'/><EventRecordID>999272834</EventRecordID><Correlation/><Execution ProcessID='4' ThreadID='11248'/><Channel>Security</Channel><Computer>ppppPWBADDC03.mmm.hhh.ggg</Computer><Security/>,,,,,,,,,,,,12800,'11248',,,,,,,,1,,,,,2026-05-19T00:24:46.258-0400,success,win:unknown,,,,,ppppPWBADDC03.mmm.hhh.ggg,,ppppPWBADDC03.mmm.hhh.ggg,ppppPWBADDC03,999272834,endpoint_services_processes windows_event_signature wineventlog_security wineventlog_windows winsec,where.exe,C:\Windows\WinSxS\wow64_microsoft-windows-where_31bf3856ad364e35_10.0.20348.1_none_f196e0f5db91eb7b\where.exe,ppppPWBADDC03,999272834,occs-sss-windows,2,An attempt was made to access an object,,,,,,,where.exe,C:\Windows\WinSxS\wow64_microsoft-windows-where_31bf3856ad364e35_10.0.20348.1_none_f196e0f5db91eb7b\where.exe,,,,,,C:\Windows\WinSxS\amd64_microsoft-windows-servicingstack_31bf3856ad364e35_10.0.20348.5120_none_b1ebbd8af970f26e\TiWorker.exe,,,,0x45f8,C:\Windows\WinSxS\amd64_microsoft-windows-servicingstack_31bf3856ad364e35_10.0.20348.5120_none_b1ebbd8af970f26e\TiWorker.exe,C:\Windows\WinSxS\amd64_microsoft-windows-servicingstack_31bf3856ad364e35_10.0.20348.5120_none_b1ebbd8af970f26e\TiWorker.exe,Windows,<_='://../////'><><_='---'_='{----}'/><></><></><>,,,,,,,,0x3e7,,,An attempt was made to access an object,4663,XmlWinEventLog:Security,XmlWinEventLog,bbbbbsplunkes01,,,MMM,,ppppPWBADDC03$,,success,An attempt was made to access an object,failure,,,"os
security
success
track_event_signatures
windows",,success,,"os
security
track_event_signatures
windows",,,,,,,,,Microsoft,,Microsoft Windows
%%4420,0x10,,,,MMM,,,ppppPWBADDC03$,,,Security,,,,,,,ppppPWBADDC03.mmm.hhh.ggg,,,,-,4663,"<Data Name='SubjectUserSid'>NT AUTHORITY\SYSTEM</Data><Data Name='SubjectUserName'>ppppPWBADDC03$</Data><Data Name='SubjectDomainName'>MMM</Data><Data Name='SubjectLogonId'>0x3e7</Data><Data Name='ObjectServer'>Security</Data><Data Name='ObjectType'>File</Data><Data Name='ObjectName'>C:\Windows\WinSxS\wow64_microsoft-windows-where_31bf3856ad364e35_10.0.20348.1_none_f196e0f5db91eb7b\where.exe</Data><Data Name='HandleId'>0x39b8</Data><Data Name='AccessList'>%%4420
				</Data><Data Name='AccessMask'>0x10</Data><Data Name='ProcessId'>0x45f8</Data><Data Name='ProcessName'>C:\Windows\WinSxS\amd64_microsoft-windows-servicingstack_31bf3856ad364e35_10.0.20348.5120_none_b1ebbd8af970f26e\TiWorker.exe</Data><Data Name='ResourceAttributes'>S:AI</Data>",4663.0,999272303,,,,,,0x39b8,,,,,0x8020000000000000,0,,,,0x3e7,,,,,,,'Microsoft-Windows-Security-Auditing',,,,,C:\Windows\WinSxS\wow64_microsoft-windows-where_31bf3856ad364e35_10.0.20348.1_none_f196e0f5db91eb7b\where.exe,Security,File,0,,,,,'4',0x45f8,C:\Windows\WinSxS\amd64_microsoft-windows-servicingstack_31bf3856ad364e35_10.0.20348.5120_none_b1ebbd8af970f26e\TiWorker.exe,,,999272303,,S:AI,,,,,MMM,0x3e7,ppppPWBADDC03$,NT AUTHORITY\SYSTEM,,'2026-05-19T04:24:46.2049298Z',<Provider Name='Microsoft-Windows-Security-Auditing' Guid='{54849625-5478-4994-a5ba-3e3b0328c30d}'/><EventID>4663</EventID><Version>1</Version><Level>0</Level><Task>12800</Task><Opcode>0</Opcode><Keywords>0x8020000000000000</Keywords><TimeCreated SystemTime='2026-05-19T04:24:46.2049298Z'/><EventRecordID>999272303</EventRecordID><Correlation/><Execution ProcessID='4' ThreadID='11904'/><Channel>Security</Channel><Computer>ppppPWBADDC03.mmm.hhh.ggg</Computer><Security/>,,,,,,,,,,,,12800,'11904',,,,,,,,1,,,,,2026-05-19T00:24:46.204-0400,success,win:unknown,,,,,ppppPWBADDC03.mmm.hhh.ggg,,ppppPWBADDC03.mmm.hhh.ggg,ppppPWBADDC03,999272303,endpoint_services_processes windows_event_signature wineventlog_security wineventlog_windows winsec,where.exe,C:\Windows\WinSxS\wow64_microsoft-windows-where_31bf3856ad364e35_10.0.20348.1_none_f196e0f5db91eb7b\where.exe,ppppPWBADDC03,999272303,occs-sss-windows,2,An attempt was made to access an object,,,,,,,where.exe,C:\Windows\WinSxS\wow64_microsoft-windows-where_31bf3856ad364e35_10.0.20348.1_none_f196e0f5db91eb7b\where.exe,,,,,,C:\Windows\WinSxS\amd64_microsoft-windows-servicingstack_31bf3856ad364e35_10.0.20348.5120_none_b1ebbd8af970f26e\TiWorker.exe,,,,0x45f8,C:\Windows\WinSxS\amd64_microsoft-windows-servicingstack_31bf3856ad364e35_10.0.20348.5120_none_b1ebbd8af970f26e\TiWorker.exe,C:\Windows\WinSxS\amd64_microsoft-windows-servicingstack_31bf3856ad364e35_10.0.20348.5120_none_b1ebbd8af970f26e\TiWorker.exe,Windows,<_='://../////'><><_='---'_='{----}'/><></><></><>,,,,,,,,0x3e7,,,An attempt was made to access an object,4663,XmlWinEventLog:Security,XmlWinEventLog,bbbbbsplunkes01,,,MMM,,ppppPWBADDC03$,,success,An attempt was made to access an object,failure,,,"os
security
success
track_event_signatures
windows",,success,,"os
security
track_event_signatures
windows",,,,,,,,,Microsoft,,Microsoft Windows
%%4420,0x10,,,,MMM,,,ppppPWBADDC03$,,,Security,,,,,,,ppppPWBADDC03.mmm.hhh.ggg,,,,-,4663,"<Data Name='SubjectUserSid'>NT AUTHORITY\SYSTEM</Data><Data Name='SubjectUserName'>ppppPWBADDC03$</Data><Data Name='SubjectDomainName'>MMM</Data><Data Name='SubjectLogonId'>0x3e7</Data><Data Name='ObjectServer'>Security</Data><Data Name='ObjectType'>File</Data><Data Name='ObjectName'>C:\Windows\WinSxS\amd64_microsoft-windows-where_31bf3856ad364e35_10.0.20348.1_none_e74236a3a7312980\where.exe</Data><Data Name='HandleId'>0x2238</Data><Data Name='AccessList'>%%4420
				</Data><Data Name='AccessMask'>0x10</Data><Data Name='ProcessId'>0x45f8</Data><Data Name='ProcessName'>C:\Windows\WinSxS\amd64_microsoft-windows-servicingstack_31bf3856ad364e35_10.0.20348.5120_none_b1ebbd8af970f26e\TiWorker.exe</Data><Data Name='ResourceAttributes'>S:AI</Data>",4663.0,999269274,,,,,,0x2238,,,,,0x8020000000000000,0,,,,0x3e7,,,,,,,'Microsoft-Windows-Security-Auditing',,,,,C:\Windows\WinSxS\amd64_microsoft-windows-where_31bf3856ad364e35_10.0.20348.1_none_e74236a3a7312980\where.exe,Security,File,0,,,,,'4',0x45f8,C:\Windows\WinSxS\amd64_microsoft-windows-servicingstack_31bf3856ad364e35_10.0.20348.5120_none_b1ebbd8af970f26e\TiWorker.exe,,,999269274,,S:AI,,,,,MMM,0x3e7,ppppPWBADDC03$,NT AUTHORITY\SYSTEM,,'2026-05-19T04:24:45.1846410Z',<Provider Name='Microsoft-Windows-Security-Auditing' Guid='{54849625-5478-4994-a5ba-3e3b0328c30d}'/><EventID>4663</EventID><Version>1</Version><Level>0</Level><Task>12800</Task><Opcode>0</Opcode><Keywords>0x8020000000000000</Keywords><TimeCreated SystemTime='2026-05-19T04:24:45.1846410Z'/><EventRecordID>999269274</EventRecordID><Correlation/><Execution ProcessID='4' ThreadID='11248'/><Channel>Security</Channel><Computer>ppppPWBADDC03.mmm.hhh.ggg</Computer><Security/>,,,,,,,,,,,,12800,'11248',,,,,,,,1,,,,,2026-05-19T00:24:45.184-0400,success,win:unknown,,,,,ppppPWBADDC03.mmm.hhh.ggg,,ppppPWBADDC03.mmm.hhh.ggg,ppppPWBADDC03,999269274,endpoint_services_processes windows_event_signature wineventlog_security wineventlog_windows winsec,where.exe,C:\Windows\WinSxS\amd64_microsoft-windows-where_31bf3856ad364e35_10.0.20348.1_none_e74236a3a7312980\where.exe,ppppPWBADDC03,999269274,occs-sss-windows,2,An attempt was made to access an object,,,,,,,where.exe,C:\Windows\WinSxS\amd64_microsoft-windows-where_31bf3856ad364e35_10.0.20348.1_none_e74236a3a7312980\where.exe,,,,,,C:\Windows\WinSxS\amd64_microsoft-windows-servicingstack_31bf3856ad364e35_10.0.20348.5120_none_b1ebbd8af970f26e\TiWorker.exe,,,,0x45f8,C:\Windows\WinSxS\amd64_microsoft-windows-servicingstack_31bf3856ad364e35_10.0.20348.5120_none_b1ebbd8af970f26e\TiWorker.exe,C:\Windows\WinSxS\amd64_microsoft-windows-servicingstack_31bf3856ad364e35_10.0.20348.5120_none_b1ebbd8af970f26e\TiWorker.exe,Windows,<_='://../////'><><_='---'_='{----}'/><></><></><>,,,,,,,,0x3e7,,,An attempt was made to access an object,4663,XmlWinEventLog:Security,XmlWinEventLog,bbbbbsplunkes01,,,MMM,,ppppPWBADDC03$,,success,An attempt was made to access an object,failure,,,"os
security
success
track_event_signatures
windows",,success,,"os
security
track_event_signatures
windows",,,,,,,,,Microsoft,,Microsoft Windows
%%4420,0x10,,,,MMM,,,ppppPWBADDC03$,,,Security,,,,,,,ppppPWBADDC03.mmm.hhh.ggg,,,,-,4663,"<Data Name='SubjectUserSid'>NT AUTHORITY\SYSTEM</Data><Data Name='SubjectUserName'>ppppPWBADDC03$</Data><Data Name='SubjectDomainName'>MMM</Data><Data Name='SubjectLogonId'>0x3e7</Data><Data Name='ObjectServer'>Security</Data><Data Name='ObjectType'>File</Data><Data Name='ObjectName'>C:\Windows\WinSxS\wow64_microsoft-windows-where_31bf3856ad364e35_10.0.20348.1_none_f196e0f5db91eb7b\where.exe</Data><Data Name='HandleId'>0x1074</Data><Data Name='AccessList'>%%4420
				</Data><Data Name='AccessMask'>0x10</Data><Data Name='ProcessId'>0x45f8</Data><Data Name='ProcessName'>C:\Windows\WinSxS\amd64_microsoft-windows-servicingstack_31bf3856ad364e35_10.0.20348.5120_none_b1ebbd8af970f26e\TiWorker.exe</Data><Data Name='ResourceAttributes'>S:AI</Data>",4663.0,999264266,,,,,,0x1074,,,,,0x8020000000000000,0,,,,0x3e7,,,,,,,'Microsoft-Windows-Security-Auditing',,,,,C:\Windows\WinSxS\wow64_microsoft-windows-where_31bf3856ad364e35_10.0.20348.1_none_f196e0f5db91eb7b\where.exe,Security,File,0,,,,,'4',0x45f8,C:\Windows\WinSxS\amd64_microsoft-windows-servicingstack_31bf3856ad364e35_10.0.20348.5120_none_b1ebbd8af970f26e\TiWorker.exe,,,999264266,,S:AI,,,,,MMM,0x3e7,ppppPWBADDC03$,NT AUTHORITY\SYSTEM,,'2026-05-19T04:24:42.9811512Z',<Provider Name='Microsoft-Windows-Security-Auditing' Guid='{54849625-5478-4994-a5ba-3e3b0328c30d}'/><EventID>4663</EventID><Version>1</Version><Level>0</Level><Task>12800</Task><Opcode>0</Opcode><Keywords>0x8020000000000000</Keywords><TimeCreated SystemTime='2026-05-19T04:24:42.9811512Z'/><EventRecordID>999264266</EventRecordID><Correlation/><Execution ProcessID='4' ThreadID='11904'/><Channel>Security</Channel><Computer>ppppPWBADDC03.mmm.hhh.ggg</Computer><Security/>,,,,,,,,,,,,12800,'11904',,,,,,,,1,,,,,2026-05-19T00:24:42.981-0400,success,win:unknown,,,,,ppppPWBADDC03.mmm.hhh.ggg,,ppppPWBADDC03.mmm.hhh.ggg,ppppPWBADDC03,999264266,endpoint_services_processes windows_event_signature wineventlog_security wineventlog_windows winsec,where.exe,C:\Windows\WinSxS\wow64_microsoft-windows-where_31bf3856ad364e35_10.0.20348.1_none_f196e0f5db91eb7b\where.exe,ppppPWBADDC03,999264266,occs-sss-windows,2,An attempt was made to access an object,,,,,,,where.exe,C:\Windows\WinSxS\wow64_microsoft-windows-where_31bf3856ad364e35_10.0.20348.1_none_f196e0f5db91eb7b\where.exe,,,,,,C:\Windows\WinSxS\amd64_microsoft-windows-servicingstack_31bf3856ad364e35_10.0.20348.5120_none_b1ebbd8af970f26e\TiWorker.exe,,,,0x45f8,C:\Windows\WinSxS\amd64_microsoft-windows-servicingstack_31bf3856ad364e35_10.0.20348.5120_none_b1ebbd8af970f26e\TiWorker.exe,C:\Windows\WinSxS\amd64_microsoft-windows-servicingstack_31bf3856ad364e35_10.0.20348.5120_none_b1ebbd8af970f26e\TiWorker.exe,Windows,<_='://../////'><><_='---'_='{----}'/><></><></><>,,,,,,,,0x3e7,,,An attempt was made to access an object,4663,XmlWinEventLog:Security,XmlWinEventLog,bbbbbsplunkes01,,,MMM,,ppppPWBADDC03$,,success,An attempt was made to access an object,failure,,,"os
security
success
track_event_signatures
windows",,success,,"os
security
track_event_signatures
windows",,,,,,,,,Microsoft,,Microsoft Windows
%%4420,0x10,,,,MMM,,,ppppPWBADDC03$,,,Security,,,,,,,ppppPWBADDC03.mmm.hhh.ggg,,,,-,4663,"<Data Name='SubjectUserSid'>NT AUTHORITY\SYSTEM</Data><Data Name='SubjectUserName'>ppppPWBADDC03$</Data><Data Name='SubjectDomainName'>MMM</Data><Data Name='SubjectLogonId'>0x3e7</Data><Data Name='ObjectServer'>Security</Data><Data Name='ObjectType'>File</Data><Data Name='ObjectName'>C:\Windows\WinSxS\amd64_microsoft-windows-where_31bf3856ad364e35_10.0.20348.1_none_e74236a3a7312980\where.exe</Data><Data Name='HandleId'>0x1efc</Data><Data Name='AccessList'>%%4420
				</Data><Data Name='AccessMask'>0x10</Data><Data Name='ProcessId'>0x45f8</Data><Data Name='ProcessName'>C:\Windows\WinSxS\amd64_microsoft-windows-servicingstack_31bf3856ad364e35_10.0.20348.5120_none_b1ebbd8af970f26e\TiWorker.exe</Data><Data Name='ResourceAttributes'>S:AI</Data>",4663.0,999262878,,,,,,0x1efc,,,,,0x8020000000000000,0,,,,0x3e7,,,,,,,'Microsoft-Windows-Security-Auditing',,,,,C:\Windows\WinSxS\amd64_microsoft-windows-where_31bf3856ad364e35_10.0.20348.1_none_e74236a3a7312980\where.exe,Security,File,0,,,,,'4',0x45f8,C:\Windows\WinSxS\amd64_microsoft-windows-servicingstack_31bf3856ad364e35_10.0.20348.5120_none_b1ebbd8af970f26e\TiWorker.exe,,,999262878,,S:AI,,,,,MMM,0x3e7,ppppPWBADDC03$,NT AUTHORITY\SYSTEM,,'2026-05-19T04:24:42.3016434Z',<Provider Name='Microsoft-Windows-Security-Auditing' Guid='{54849625-5478-4994-a5ba-3e3b0328c30d}'/><EventID>4663</EventID><Version>1</Version><Level>0</Level><Task>12800</Task><Opcode>0</Opcode><Keywords>0x8020000000000000</Keywords><TimeCreated SystemTime='2026-05-19T04:24:42.3016434Z'/><EventRecordID>999262878</EventRecordID><Correlation/><Execution ProcessID='4' ThreadID='11248'/><Channel>Security</Channel><Computer>ppppPWBADDC03.mmm.hhh.ggg</Computer><Security/>,,,,,,,,,,,,12800,'11248',,,,,,,,1,,,,,2026-05-19T00:24:42.301-0400,success,win:unknown,,,,,ppppPWBADDC03.mmm.hhh.ggg,,ppppPWBADDC03.mmm.hhh.ggg,ppppPWBADDC03,999262878,endpoint_services_processes windows_event_signature wineventlog_security wineventlog_windows winsec,where.exe,C:\Windows\WinSxS\amd64_microsoft-windows-where_31bf3856ad364e35_10.0.20348.1_none_e74236a3a7312980\where.exe,ppppPWBADDC03,999262878,occs-sss-windows,2,An attempt was made to access an object,,,,,,,where.exe,C:\Windows\WinSxS\amd64_microsoft-windows-where_31bf3856ad364e35_10.0.20348.1_none_e74236a3a7312980\where.exe,,,,,,C:\Windows\WinSxS\amd64_microsoft-windows-servicingstack_31bf3856ad364e35_10.0.20348.5120_none_b1ebbd8af970f26e\TiWorker.exe,,,,0x45f8,C:\Windows\WinSxS\amd64_microsoft-windows-servicingstack_31bf3856ad364e35_10.0.20348.5120_none_b1ebbd8af970f26e\TiWorker.exe,C:\Windows\WinSxS\amd64_microsoft-windows-servicingstack_31bf3856ad364e35_10.0.20348.5120_none_b1ebbd8af970f26e\TiWorker.exe,Windows,<_='://../////'><><_='---'_='{----}'/><></><></><>,,,,,,,,0x3e7,,,An attempt was made to access an object,4663,XmlWinEventLog:Security,XmlWinEventLog,bbbbbsplunkes01,,,MMM,,ppppPWBADDC03$,,success,An attempt was made to access an object,failure,,,"os
security
success
track_event_signatures
windows",,success,,"os
security
track_event_signatures
windows",,,,,,,,,Microsoft,,Microsoft Windows
%%4420,0x10,,,,MMM,,,ppppPWBADDC03$,,,Security,,,,,,,ppppPWBADDC03.mmm.hhh.ggg,,,,-,4663,"<Data Name='SubjectUserSid'>NT AUTHORITY\SYSTEM</Data><Data Name='SubjectUserName'>ppppPWBADDC03$</Data><Data Name='SubjectDomainName'>MMM</Data><Data Name='SubjectLogonId'>0x3e7</Data><Data Name='ObjectServer'>Security</Data><Data Name='ObjectType'>File</Data><Data Name='ObjectName'>C:\Windows\WinSxS\wow64_microsoft-windows-where_31bf3856ad364e35_10.0.20348.1_none_f196e0f5db91eb7b\where.exe</Data><Data Name='HandleId'>0x1efc</Data><Data Name='AccessList'>%%4420
				</Data><Data Name='AccessMask'>0x10</Data><Data Name='ProcessId'>0x45f8</Data><Data Name='ProcessName'>C:\Windows\WinSxS\amd64_microsoft-windows-servicingstack_31bf3856ad364e35_10.0.20348.5120_none_b1ebbd8af970f26e\TiWorker.exe</Data><Data Name='ResourceAttributes'>S:AI</Data>",4663.0,999261871,,,,,,0x1efc,,,,,0x8020000000000000,0,,,,0x3e7,,,,,,,'Microsoft-Windows-Security-Auditing',,,,,C:\Windows\WinSxS\wow64_microsoft-windows-where_31bf3856ad364e35_10.0.20348.1_none_f196e0f5db91eb7b\where.exe,Security,File,0,,,,,'4',0x45f8,C:\Windows\WinSxS\amd64_microsoft-windows-servicingstack_31bf3856ad364e35_10.0.20348.5120_none_b1ebbd8af970f26e\TiWorker.exe,,,999261871,,S:AI,,,,,MMM,0x3e7,ppppPWBADDC03$,NT AUTHORITY\SYSTEM,,'2026-05-19T04:24:41.6914175Z',<Provider Name='Microsoft-Windows-Security-Auditing' Guid='{54849625-5478-4994-a5ba-3e3b0328c30d}'/><EventID>4663</EventID><Version>1</Version><Level>0</Level><Task>12800</Task><Opcode>0</Opcode><Keywords>0x8020000000000000</Keywords><TimeCreated SystemTime='2026-05-19T04:24:41.6914175Z'/><EventRecordID>999261871</EventRecordID><Correlation/><Execution ProcessID='4' ThreadID='11248'/><Channel>Security</Channel><Computer>ppppPWBADDC03.mmm.hhh.ggg</Computer><Security/>,,,,,,,,,,,,12800,'11248',,,,,,,,1,,,,,2026-05-19T00:24:41.691-0400,success,win:unknown,,,,,ppppPWBADDC03.mmm.hhh.ggg,,ppppPWBADDC03.mmm.hhh.ggg,ppppPWBADDC03,999261871,endpoint_services_processes windows_event_signature wineventlog_security wineventlog_windows winsec,where.exe,C:\Windows\WinSxS\wow64_microsoft-windows-where_31bf3856ad364e35_10.0.20348.1_none_f196e0f5db91eb7b\where.exe,ppppPWBADDC03,999261871,occs-sss-windows,2,An attempt was made to access an object,,,,,,,where.exe,C:\Windows\WinSxS\wow64_microsoft-windows-where_31bf3856ad364e35_10.0.20348.1_none_f196e0f5db91eb7b\where.exe,,,,,,C:\Windows\WinSxS\amd64_microsoft-windows-servicingstack_31bf3856ad364e35_10.0.20348.5120_none_b1ebbd8af970f26e\TiWorker.exe,,,,0x45f8,C:\Windows\WinSxS\amd64_microsoft-windows-servicingstack_31bf3856ad364e35_10.0.20348.5120_none_b1ebbd8af970f26e\TiWorker.exe,C:\Windows\WinSxS\amd64_microsoft-windows-servicingstack_31bf3856ad364e35_10.0.20348.5120_none_b1ebbd8af970f26e\TiWorker.exe,Windows,<_='://../////'><><_='---'_='{----}'/><></><></><>,,,,,,,,0x3e7,,,An attempt was made to access an object,4663,XmlWinEventLog:Security,XmlWinEventLog,bbbbbsplunkes01,,,MMM,,ppppPWBADDC03$,,success,An attempt was made to access an object,failure,,,"os
security
success
track_event_signatures
windows",,success,,"os
security
track_event_signatures
windows",,,,,,,,,Microsoft,,Microsoft Windows
%%4420,0x10,,,,MMM,,,ppppPWBADDC03$,,,Security,,,,,,,ppppPWBADDC03.mmm.hhh.ggg,,,,-,4663,"<Data Name='SubjectUserSid'>NT AUTHORITY\SYSTEM</Data><Data Name='SubjectUserName'>ppppPWBADDC03$</Data><Data Name='SubjectDomainName'>MMM</Data><Data Name='SubjectLogonId'>0x3e7</Data><Data Name='ObjectServer'>Security</Data><Data Name='ObjectType'>File</Data><Data Name='ObjectName'>C:\Windows\WinSxS\wow64_microsoft-windows-where_31bf3856ad364e35_10.0.20348.1_none_f196e0f5db91eb7b\where.exe</Data><Data Name='HandleId'>0x1efc</Data><Data Name='AccessList'>%%4420
				</Data><Data Name='AccessMask'>0x10</Data><Data Name='ProcessId'>0x45f8</Data><Data Name='ProcessName'>C:\Windows\WinSxS\amd64_microsoft-windows-servicingstack_31bf3856ad364e35_10.0.20348.5120_none_b1ebbd8af970f26e\TiWorker.exe</Data><Data Name='ResourceAttributes'>S:AI</Data>",4663.0,999261338,,,,,,0x1efc,,,,,0x8020000000000000,0,,,,0x3e7,,,,,,,'Microsoft-Windows-Security-Auditing',,,,,C:\Windows\WinSxS\wow64_microsoft-windows-where_31bf3856ad364e35_10.0.20348.1_none_f196e0f5db91eb7b\where.exe,Security,File,0,,,,,'4',0x45f8,C:\Windows\WinSxS\amd64_microsoft-windows-servicingstack_31bf3856ad364e35_10.0.20348.5120_none_b1ebbd8af970f26e\TiWorker.exe,,,999261338,,S:AI,,,,,MMM,0x3e7,ppppPWBADDC03$,NT AUTHORITY\SYSTEM,,'2026-05-19T04:24:41.6488892Z',<Provider Name='Microsoft-Windows-Security-Auditing' Guid='{54849625-5478-4994-a5ba-3e3b0328c30d}'/><EventID>4663</EventID><Version>1</Version><Level>0</Level><Task>12800</Task><Opcode>0</Opcode><Keywords>0x8020000000000000</Keywords><TimeCreated SystemTime='2026-05-19T04:24:41.6488892Z'/><EventRecordID>999261338</EventRecordID><Correlation/><Execution ProcessID='4' ThreadID='18332'/><Channel>Security</Channel><Computer>ppppPWBADDC03.mmm.hhh.ggg</Computer><Security/>,,,,,,,,,,,,12800,'18332',,,,,,,,1,,,,,2026-05-19T00:24:41.648-0400,success,win:unknown,,,,,ppppPWBADDC03.mmm.hhh.ggg,,ppppPWBADDC03.mmm.hhh.ggg,ppppPWBADDC03,999261338,endpoint_services_processes windows_event_signature wineventlog_security wineventlog_windows winsec,where.exe,C:\Windows\WinSxS\wow64_microsoft-windows-where_31bf3856ad364e35_10.0.20348.1_none_f196e0f5db91eb7b\where.exe,ppppPWBADDC03,999261338,occs-sss-windows,2,An attempt was made to access an object,,,,,,,where.exe,C:\Windows\WinSxS\wow64_microsoft-windows-where_31bf3856ad364e35_10.0.20348.1_none_f196e0f5db91eb7b\where.exe,,,,,,C:\Windows\WinSxS\amd64_microsoft-windows-servicingstack_31bf3856ad364e35_10.0.20348.5120_none_b1ebbd8af970f26e\TiWorker.exe,,,,0x45f8,C:\Windows\WinSxS\amd64_microsoft-windows-servicingstack_31bf3856ad364e35_10.0.20348.5120_none_b1ebbd8af970f26e\TiWorker.exe,C:\Windows\WinSxS\amd64_microsoft-windows-servicingstack_31bf3856ad364e35_10.0.20348.5120_none_b1ebbd8af970f26e\TiWorker.exe,Windows,<_='://../////'><><_='---'_='{----}'/><></><></><>,,,,,,,,0x3e7,,,An attempt was made to access an object,4663,XmlWinEventLog:Security,XmlWinEventLog,bbbbbsplunkes01,,,MMM,,ppppPWBADDC03$,,success,An attempt was made to access an object,failure,,,"os
security
success
track_event_signatures
windows",,success,,"os
security
track_event_signatures
windows",,,,,,,,,Microsoft,,Microsoft Windows
%%4420,0x10,,,,MMM,,,ppppPWBADDC03$,,,Security,,,,,,,ppppPWBADDC03.mmm.hhh.ggg,,,,-,4663,"<Data Name='SubjectUserSid'>NT AUTHORITY\SYSTEM</Data><Data Name='SubjectUserName'>ppppPWBADDC03$</Data><Data Name='SubjectDomainName'>MMM</Data><Data Name='SubjectLogonId'>0x3e7</Data><Data Name='ObjectServer'>Security</Data><Data Name='ObjectType'>File</Data><Data Name='ObjectName'>C:\Windows\WinSxS\amd64_microsoft-windows-where_31bf3856ad364e35_10.0.20348.1_none_e74236a3a7312980\where.exe</Data><Data Name='HandleId'>0x1258</Data><Data Name='AccessList'>%%4420
				</Data><Data Name='AccessMask'>0x10</Data><Data Name='ProcessId'>0x45f8</Data><Data Name='ProcessName'>C:\Windows\WinSxS\amd64_microsoft-windows-servicingstack_31bf3856ad364e35_10.0.20348.5120_none_b1ebbd8af970f26e\TiWorker.exe</Data><Data Name='ResourceAttributes'>S:AI</Data>",4663.0,999258355,,,,,,0x1258,,,,,0x8020000000000000,0,,,,0x3e7,,,,,,,'Microsoft-Windows-Security-Auditing',,,,,C:\Windows\WinSxS\amd64_microsoft-windows-where_31bf3856ad364e35_10.0.20348.1_none_e74236a3a7312980\where.exe,Security,File,0,,,,,'4',0x45f8,C:\Windows\WinSxS\amd64_microsoft-windows-servicingstack_31bf3856ad364e35_10.0.20348.5120_none_b1ebbd8af970f26e\TiWorker.exe,,,999258355,,S:AI,,,,,MMM,0x3e7,ppppPWBADDC03$,NT AUTHORITY\SYSTEM,,'2026-05-19T04:24:40.7048975Z',<Provider Name='Microsoft-Windows-Security-Auditing' Guid='{54849625-5478-4994-a5ba-3e3b0328c30d}'/><EventID>4663</EventID><Version>1</Version><Level>0</Level><Task>12800</Task><Opcode>0</Opcode><Keywords>0x8020000000000000</Keywords><TimeCreated SystemTime='2026-05-19T04:24:40.7048975Z'/><EventRecordID>999258355</EventRecordID><Correlation/><Execution ProcessID='4' ThreadID='11904'/><Channel>Security</Channel><Computer>ppppPWBADDC03.mmm.hhh.ggg</Computer><Security/>,,,,,,,,,,,,12800,'11904',,,,,,,,1,,,,,2026-05-19T00:24:40.704-0400,success,win:unknown,,,,,ppppPWBADDC03.mmm.hhh.ggg,,ppppPWBADDC03.mmm.hhh.ggg,ppppPWBADDC03,999258355,endpoint_services_processes windows_event_signature wineventlog_security wineventlog_windows winsec,where.exe,C:\Windows\WinSxS\amd64_microsoft-windows-where_31bf3856ad364e35_10.0.20348.1_none_e74236a3a7312980\where.exe,ppppPWBADDC03,999258355,occs-sss-windows,2,An attempt was made to access an object,,,,,,,where.exe,C:\Windows\WinSxS\amd64_microsoft-windows-where_31bf3856ad364e35_10.0.20348.1_none_e74236a3a7312980\where.exe,,,,,,C:\Windows\WinSxS\amd64_microsoft-windows-servicingstack_31bf3856ad364e35_10.0.20348.5120_none_b1ebbd8af970f26e\TiWorker.exe,,,,0x45f8,C:\Windows\WinSxS\amd64_microsoft-windows-servicingstack_31bf3856ad364e35_10.0.20348.5120_none_b1ebbd8af970f26e\TiWorker.exe,C:\Windows\WinSxS\amd64_microsoft-windows-servicingstack_31bf3856ad364e35_10.0.20348.5120_none_b1ebbd8af970f26e\TiWorker.exe,Windows,<_='://../////'><><_='---'_='{----}'/><></><></><>,,,,,,,,0x3e7,,,An attempt was made to access an object,4663,XmlWinEventLog:Security,XmlWinEventLog,bbbbbsplunkes01,,,MMM,,ppppPWBADDC03$,,success,An attempt was made to access an object,failure,,,"os
security
success
track_event_signatures
windows",,success,,"os
security
track_event_signatures
windows",,,,,,,,,Microsoft,,Microsoft Windows
%%4420,0x10,,,,MMM,,,ppppPWBADDC03$,,,Security,,,,,,,ppppPWBADDC03.mmm.hhh.ggg,,,,-,4663,"<Data Name='SubjectUserSid'>NT AUTHORITY\SYSTEM</Data><Data Name='SubjectUserName'>ppppPWBADDC03$</Data><Data Name='SubjectDomainName'>MMM</Data><Data Name='SubjectLogonId'>0x3e7</Data><Data Name='ObjectServer'>Security</Data><Data Name='ObjectType'>File</Data><Data Name='ObjectName'>C:\Windows\WinSxS\wow64_microsoft-windows-where_31bf3856ad364e35_10.0.20348.1_none_f196e0f5db91eb7b\where.exe</Data><Data Name='HandleId'>0x1f44</Data><Data Name='AccessList'>%%4420
				</Data><Data Name='AccessMask'>0x10</Data><Data Name='ProcessId'>0x45f8</Data><Data Name='ProcessName'>C:\Windows\WinSxS\amd64_microsoft-windows-servicingstack_31bf3856ad364e35_10.0.20348.5120_none_b1ebbd8af970f26e\TiWorker.exe</Data><Data Name='ResourceAttributes'>S:AI</Data>",4663.0,999253424,,,,,,0x1f44,,,,,0x8020000000000000,0,,,,0x3e7,,,,,,,'Microsoft-Windows-Security-Auditing',,,,,C:\Windows\WinSxS\wow64_microsoft-windows-where_31bf3856ad364e35_10.0.20348.1_none_f196e0f5db91eb7b\where.exe,Security,File,0,,,,,'4',0x45f8,C:\Windows\WinSxS\amd64_microsoft-windows-servicingstack_31bf3856ad364e35_10.0.20348.5120_none_b1ebbd8af970f26e\TiWorker.exe,,,999253424,,S:AI,,,,,MMM,0x3e7,ppppPWBADDC03$,NT AUTHORITY\SYSTEM,,'2026-05-19T04:24:38.8361215Z',<Provider Name='Microsoft-Windows-Security-Auditing' Guid='{54849625-5478-4994-a5ba-3e3b0328c30d}'/><EventID>4663</EventID><Version>1</Version><Level>0</Level><Task>12800</Task><Opcode>0</Opcode><Keywords>0x8020000000000000</Keywords><TimeCreated SystemTime='2026-05-19T04:24:38.8361215Z'/><EventRecordID>999253424</EventRecordID><Correlation/><Execution ProcessID='4' ThreadID='11904'/><Channel>Security</Channel><Computer>ppppPWBADDC03.mmm.hhh.ggg</Computer><Security/>,,,,,,,,,,,,12800,'11904',,,,,,,,1,,,,,2026-05-19T00:24:38.836-0400,success,win:unknown,,,,,ppppPWBADDC03.mmm.hhh.ggg,,ppppPWBADDC03.mmm.hhh.ggg,ppppPWBADDC03,999253424,endpoint_services_processes windows_event_signature wineventlog_security wineventlog_windows winsec,where.exe,C:\Windows\WinSxS\wow64_microsoft-windows-where_31bf3856ad364e35_10.0.20348.1_none_f196e0f5db91eb7b\where.exe,ppppPWBADDC03,999253424,occs-sss-windows,2,An attempt was made to access an object,,,,,,,where.exe,C:\Windows\WinSxS\wow64_microsoft-windows-where_31bf3856ad364e35_10.0.20348.1_none_f196e0f5db91eb7b\where.exe,,,,,,C:\Windows\WinSxS\amd64_microsoft-windows-servicingstack_31bf3856ad364e35_10.0.20348.5120_none_b1ebbd8af970f26e\TiWorker.exe,,,,0x45f8,C:\Windows\WinSxS\amd64_microsoft-windows-servicingstack_31bf3856ad364e35_10.0.20348.5120_none_b1ebbd8af970f26e\TiWorker.exe,C:\Windows\WinSxS\amd64_microsoft-windows-servicingstack_31bf3856ad364e35_10.0.20348.5120_none_b1ebbd8af970f26e\TiWorker.exe,Windows,<_='://../////'><><_='---'_='{----}'/><></><></><>,,,,,,,,0x3e7,,,An attempt was made to access an object,4663,XmlWinEventLog:Security,XmlWinEventLog,bbbbbsplunkes01,,,MMM,,ppppPWBADDC03$,,success,An attempt was made to access an object,failure,,,"os
security
success
track_event_signatures
windows",,success,,"os
security
track_event_signatures
windows",,,,,,,,,Microsoft,,Microsoft Windows
%%4420,0x10,,,,MMM,,,ppppPWBADDC03$,,,Security,,,,,,,ppppPWBADDC03.mmm.hhh.ggg,,,,-,4663,"<Data Name='SubjectUserSid'>NT AUTHORITY\SYSTEM</Data><Data Name='SubjectUserName'>ppppPWBADDC03$</Data><Data Name='SubjectDomainName'>MMM</Data><Data Name='SubjectLogonId'>0x3e7</Data><Data Name='ObjectServer'>Security</Data><Data Name='ObjectType'>File</Data><Data Name='ObjectName'>C:\Windows\WinSxS\amd64_microsoft-windows-where_31bf3856ad364e35_10.0.20348.1_none_e74236a3a7312980\where.exe</Data><Data Name='HandleId'>0x1f44</Data><Data Name='AccessList'>%%4420
				</Data><Data Name='AccessMask'>0x10</Data><Data Name='ProcessId'>0x45f8</Data><Data Name='ProcessName'>C:\Windows\WinSxS\amd64_microsoft-windows-servicingstack_31bf3856ad364e35_10.0.20348.5120_none_b1ebbd8af970f26e\TiWorker.exe</Data><Data Name='ResourceAttributes'>S:AI</Data>",4663.0,999251694,,,,,,0x1f44,,,,,0x8020000000000000,0,,,,0x3e7,,,,,,,'Microsoft-Windows-Security-Auditing',,,,,C:\Windows\WinSxS\amd64_microsoft-windows-where_31bf3856ad364e35_10.0.20348.1_none_e74236a3a7312980\where.exe,Security,File,0,,,,,'4',0x45f8,C:\Windows\WinSxS\amd64_microsoft-windows-servicingstack_31bf3856ad364e35_10.0.20348.5120_none_b1ebbd8af970f26e\TiWorker.exe,,,999251694,,S:AI,,,,,MMM,0x3e7,ppppPWBADDC03$,NT AUTHORITY\SYSTEM,,'2026-05-19T04:24:38.2181956Z',<Provider Name='Microsoft-Windows-Security-Auditing' Guid='{54849625-5478-4994-a5ba-3e3b0328c30d}'/><EventID>4663</EventID><Version>1</Version><Level>0</Level><Task>12800</Task><Opcode>0</Opcode><Keywords>0x8020000000000000</Keywords><TimeCreated SystemTime='2026-05-19T04:24:38.2181956Z'/><EventRecordID>999251694</EventRecordID><Correlation/><Execution ProcessID='4' ThreadID='11904'/><Channel>Security</Channel><Computer>ppppPWBADDC03.mmm.hhh.ggg</Computer><Security/>,,,,,,,,,,,,12800,'11904',,,,,,,,1,,,,,2026-05-19T00:24:38.218-0400,success,win:unknown,,,,,ppppPWBADDC03.mmm.hhh.ggg,,ppppPWBADDC03.mmm.hhh.ggg,ppppPWBADDC03,999251694,endpoint_services_processes windows_event_signature wineventlog_security wineventlog_windows winsec,where.exe,C:\Windows\WinSxS\amd64_microsoft-windows-where_31bf3856ad364e35_10.0.20348.1_none_e74236a3a7312980\where.exe,ppppPWBADDC03,999251694,occs-sss-windows,2,An attempt was made to access an object,,,,,,,where.exe,C:\Windows\WinSxS\amd64_microsoft-windows-where_31bf3856ad364e35_10.0.20348.1_none_e74236a3a7312980\where.exe,,,,,,C:\Windows\WinSxS\amd64_microsoft-windows-servicingstack_31bf3856ad364e35_10.0.20348.5120_none_b1ebbd8af970f26e\TiWorker.exe,,,,0x45f8,C:\Windows\WinSxS\amd64_microsoft-windows-servicingstack_31bf3856ad364e35_10.0.20348.5120_none_b1ebbd8af970f26e\TiWorker.exe,C:\Windows\WinSxS\amd64_microsoft-windows-servicingstack_31bf3856ad364e35_10.0.20348.5120_none_b1ebbd8af970f26e\TiWorker.exe,Windows,<_='://../////'><><_='---'_='{----}'/><></><></><>,,,,,,,,0x3e7,,,An attempt was made to access an object,4663,XmlWinEventLog:Security,XmlWinEventLog,bbbbbsplunkes01,,,MMM,,ppppPWBADDC03$,,success,An attempt was made to access an object,failure,,,"os
security
success
track_event_signatures
windows",,success,,"os
security
track_event_signatures
windows",,,,,,,,,Microsoft,,Microsoft Windows
%%4420,0x10,,,,MMM,,,ppppPWBADDC03$,,,Security,,,,,,,ppppPWBADDC03.mmm.hhh.ggg,,,,-,4663,"<Data Name='SubjectUserSid'>NT AUTHORITY\SYSTEM</Data><Data Name='SubjectUserName'>ppppPWBADDC03$</Data><Data Name='SubjectDomainName'>MMM</Data><Data Name='SubjectLogonId'>0x3e7</Data><Data Name='ObjectServer'>Security</Data><Data Name='ObjectType'>File</Data><Data Name='ObjectName'>C:\Windows\WinSxS\wow64_microsoft-windows-where_31bf3856ad364e35_10.0.20348.1_none_f196e0f5db91eb7b\where.exe</Data><Data Name='HandleId'>0x37f8</Data><Data Name='AccessList'>%%4420
				</Data><Data Name='AccessMask'>0x10</Data><Data Name='ProcessId'>0x45f8</Data><Data Name='ProcessName'>C:\Windows\WinSxS\amd64_microsoft-windows-servicingstack_31bf3856ad364e35_10.0.20348.5120_none_b1ebbd8af970f26e\TiWorker.exe</Data><Data Name='ResourceAttributes'>S:AI</Data>",4663.0,999250125,,,,,,0x37f8,,,,,0x8020000000000000,0,,,,0x3e7,,,,,,,'Microsoft-Windows-Security-Auditing',,,,,C:\Windows\WinSxS\wow64_microsoft-windows-where_31bf3856ad364e35_10.0.20348.1_none_f196e0f5db91eb7b\where.exe,Security,File,0,,,,,'4',0x45f8,C:\Windows\WinSxS\amd64_microsoft-windows-servicingstack_31bf3856ad364e35_10.0.20348.5120_none_b1ebbd8af970f26e\TiWorker.exe,,,999250125,,S:AI,,,,,MMM,0x3e7,ppppPWBADDC03$,NT AUTHORITY\SYSTEM,,'2026-05-19T04:24:37.5005258Z',<Provider Name='Microsoft-Windows-Security-Auditing' Guid='{54849625-5478-4994-a5ba-3e3b0328c30d}'/><EventID>4663</EventID><Version>1</Version><Level>0</Level><Task>12800</Task><Opcode>0</Opcode><Keywords>0x8020000000000000</Keywords><TimeCreated SystemTime='2026-05-19T04:24:37.5005258Z'/><EventRecordID>999250125</EventRecordID><Correlation/><Execution ProcessID='4' ThreadID='8084'/><Channel>Security</Channel><Computer>ppppPWBADDC03.mmm.hhh.ggg</Computer><Security/>,,,,,,,,,,,,12800,'8084',,,,,,,,1,,,,,2026-05-19T00:24:37.500-0400,success,win:unknown,,,,,ppppPWBADDC03.mmm.hhh.ggg,,ppppPWBADDC03.mmm.hhh.ggg,ppppPWBADDC03,999250125,endpoint_services_processes windows_event_signature wineventlog_security wineventlog_windows winsec,where.exe,C:\Windows\WinSxS\wow64_microsoft-windows-where_31bf3856ad364e35_10.0.20348.1_none_f196e0f5db91eb7b\where.exe,ppppPWBADDC03,999250125,occs-sss-windows,2,An attempt was made to access an object,,,,,,,where.exe,C:\Windows\WinSxS\wow64_microsoft-windows-where_31bf3856ad364e35_10.0.20348.1_none_f196e0f5db91eb7b\where.exe,,,,,,C:\Windows\WinSxS\amd64_microsoft-windows-servicingstack_31bf3856ad364e35_10.0.20348.5120_none_b1ebbd8af970f26e\TiWorker.exe,,,,0x45f8,C:\Windows\WinSxS\amd64_microsoft-windows-servicingstack_31bf3856ad364e35_10.0.20348.5120_none_b1ebbd8af970f26e\TiWorker.exe,C:\Windows\WinSxS\amd64_microsoft-windows-servicingstack_31bf3856ad364e35_10.0.20348.5120_none_b1ebbd8af970f26e\TiWorker.exe,Windows,<_='://../////'><><_='---'_='{----}'/><></><></><>,,,,,,,,0x3e7,,,An attempt was made to access an object,4663,XmlWinEventLog:Security,XmlWinEventLog,bbbbbsplunkes01,,,MMM,,ppppPWBADDC03$,,success,An attempt was made to access an object,failure,,,"os
security
success
track_event_signatures
windows",,success,,"os
security
track_event_signatures
windows",,,,,,,,,Microsoft,,Microsoft Windows
%%4420,0x10,,,,MMM,,,ppppPWBADDC03$,,,Security,,,,,,,ppppPWBADDC03.mmm.hhh.ggg,,,,-,4663,"<Data Name='SubjectUserSid'>NT AUTHORITY\SYSTEM</Data><Data Name='SubjectUserName'>ppppPWBADDC03$</Data><Data Name='SubjectDomainName'>MMM</Data><Data Name='SubjectLogonId'>0x3e7</Data><Data Name='ObjectServer'>Security</Data><Data Name='ObjectType'>File</Data><Data Name='ObjectName'>C:\Windows\WinSxS\wow64_microsoft-windows-where_31bf3856ad364e35_10.0.20348.1_none_f196e0f5db91eb7b\where.exe</Data><Data Name='HandleId'>0x1258</Data><Data Name='AccessList'>%%4420
