,,,,,MMM,,,mmm22457337STB$,,,Security,,,,,,"""powershell.exe"" -Command ""if (!(Get-Process -Name ServicePortalAgent -ErrorAction SilentlyContinue) -and !(Get-Process -Name Update -ErrorAction SilentlyContinue | where {$_.Path.Contains('ServicePortalAgent')})) {&amp; $env:windir\ServiceProfiles\LocalService\AppData\Local\ServicePortalAgent\Update.exe start ServicePortalAgent.exe}""",mmm22457337STB.mmm.hhh.ggg,,,,-,4688,"<Data Name='SubjectUserSid'>NT AUTHORITY\SYSTEM</Data><Data Name='SubjectUserName'>mmm22457337STB$</Data><Data Name='SubjectDomainName'>MMM</Data><Data Name='SubjectLogonId'>0x3e7</Data><Data Name='NewProcessId'>0x38fc</Data><Data Name='NewProcessName'>C:\Windows\System32\WindowsPowerShell\v1.0\powershell.exe</Data><Data Name='TokenElevationType'>%%1936</Data><Data Name='ProcessId'>0x850</Data><Data Name='CommandLine'>""powershell.exe"" -Command ""if (!(Get-Process -Name ServicePortalAgent -ErrorAction SilentlyContinue) -and !(Get-Process -Name Update -ErrorAction SilentlyContinue | where {$_.Path.Contains('ServicePortalAgent')})) {&amp; $env:windir\ServiceProfiles\LocalService\AppData\Local\ServicePortalAgent\Update.exe start ServicePortalAgent.exe}""</Data><Data Name='TargetUserSid'>NULL SID</Data><Data Name='TargetUserName'>-</Data><Data Name='TargetDomainName'>-</Data><Data Name='TargetLogonId'>0x0</Data><Data Name='ParentProcessName'>C:\Windows\System32\svchost.exe</Data><Data Name='MandatoryLabel'>Mandatory Label\System Mandatory Level</Data>",4688,7463268,,,,,,,,,,,0x8020000000000000,0,,,,0x3e7,,Mandatory Label\System Mandatory Level,,,,,'Microsoft-Windows-Security-Auditing',0x38fc,C:\Windows\System32\WindowsPowerShell\v1.0\powershell.exe,,,,,,0,C:\Windows\System32\svchost.exe,,,,'4',0x850,,"""powershell.exe"" -Command ""if (!(Get-Process -Name ServicePortalAgent -ErrorAction SilentlyContinue) -and !(Get-Process -Name Update -ErrorAction SilentlyContinue | where {$_.Path.Contains('ServicePortalAgent')})) {&amp; $env:windir\ServiceProfiles\LocalService\AppData\Local\ServicePortalAgent\Update.exe start ServicePortalAgent.exe}""",,7463268,,,,,,,MMM,0x3e7,mmm22457337STB$,NT AUTHORITY\SYSTEM,,'2026-05-19T12:30:41.3220838Z',<Provider Name='Microsoft-Windows-Security-Auditing' Guid='{54849625-5478-4994-a5ba-3e3b0328c30d}'/><EventID>4688</EventID><Version>2</Version><Level>0</Level><Task>13312</Task><Opcode>0</Opcode><Keywords>0x8020000000000000</Keywords><TimeCreated SystemTime='2026-05-19T12:30:41.3220838Z'/><EventRecordID>7463268</EventRecordID><Correlation/><Execution ProcessID='4' ThreadID='7272'/><Channel>Security</Channel><Computer>mmm22457337STB.mmm.hhh.ggg</Computer><Security/>,-,0x0,,,-,NULL SID,,,-,,-,13312,'7272',%%1936,%%1936,1936,,,,,2,,,,,2026-05-19T08:30:41.322-0400,allowed,win:unknown,,,,,mmm22457337STB.mmm.hhh.ggg,,mmm22457337STB.mmm.hhh.ggg,mmm22457337STB,7463268,endpoint_services_processes windows_endpoint_processes windows_event_signature windows_process_new wineventlog_security wineventlog_windows winsec,,,mmm22457337STB,7463268,occs-sss-windows,1,A new process has been created,C:\Windows\System32\WindowsPowerShell\v1.0\powershell.exe,0x38fc,powershell.exe,,,,,,,C:\Windows\System32\svchost.exe,0x850,svchost.exe,C:\Windows\System32\svchost.exe,"C:\Windows\System32\WindowsPowerShell\v1.0\powershell.exe -Command ""if (!(Get-Process -Name ServicePortalAgent -ErrorAction SilentlyContinue) -and !(Get-Process -Name Update -ErrorAction SilentlyContinue | where {$_.Path.Contains('ServicePortalAgent')})) {&amp; $env:windir\ServiceProfiles\LocalService\AppData\Local\ServicePortalAgent\Update.exe start ServicePortalAgent.exe}""","-Command ""if (!(Get-Process -Name ServicePortalAgent -ErrorAction SilentlyContinue) -and !(Get-Process -Name Update -ErrorAction SilentlyContinue | where {$_.Path.Contains('ServicePortalAgent')})) {&amp; $env:windir\ServiceProfiles\LocalService\AppData\Local\ServicePortalAgent\Update.exe start ServicePortalAgent.exe}""","""powershell.exe""",powershell.exe,0x38fc,powershell.exe,C:\Windows\System32\WindowsPowerShell\v1.0\powershell.exe,Windows,<_='://../////'><><_='---'_='{----}'/><></><></><>,,,,,,,,0x3e7,,,A new process has been created,4688,XmlWinEventLog:Security,XmlWinEventLog,bbbbbsplunkes02,,,MMM,,mmm22457337STB$,,success,A new process has been created,failure,,,"execute
os
process
report
security
start
track_event_signatures
windows",,,,"execute
os
process
report
security
start
track_event_signatures
windows",,,mmm22457337STB$,-,,,,,Microsoft,,Microsoft Windows
,,,,,MMM,,,mmm22457339STB$,,,Security,,,,,,"""powershell.exe"" -Command ""if (!(Get-Process -Name ServicePortalAgent -ErrorAction SilentlyContinue) -and !(Get-Process -Name Update -ErrorAction SilentlyContinue | where {$_.Path.Contains('ServicePortalAgent')})) {&amp; $env:windir\ServiceProfiles\LocalService\AppData\Local\ServicePortalAgent\Update.exe start ServicePortalAgent.exe}""",mmm22457339STB.mmm.hhh.ggg,,,,-,4688,"<Data Name='SubjectUserSid'>NT AUTHORITY\SYSTEM</Data><Data Name='SubjectUserName'>mmm22457339STB$</Data><Data Name='SubjectDomainName'>MMM</Data><Data Name='SubjectLogonId'>0x3e7</Data><Data Name='NewProcessId'>0x2a94</Data><Data Name='NewProcessName'>C:\Windows\System32\WindowsPowerShell\v1.0\powershell.exe</Data><Data Name='TokenElevationType'>%%1936</Data><Data Name='ProcessId'>0x844</Data><Data Name='CommandLine'>""powershell.exe"" -Command ""if (!(Get-Process -Name ServicePortalAgent -ErrorAction SilentlyContinue) -and !(Get-Process -Name Update -ErrorAction SilentlyContinue | where {$_.Path.Contains('ServicePortalAgent')})) {&amp; $env:windir\ServiceProfiles\LocalService\AppData\Local\ServicePortalAgent\Update.exe start ServicePortalAgent.exe}""</Data><Data Name='TargetUserSid'>NULL SID</Data><Data Name='TargetUserName'>-</Data><Data Name='TargetDomainName'>-</Data><Data Name='TargetLogonId'>0x0</Data><Data Name='ParentProcessName'>C:\Windows\System32\svchost.exe</Data><Data Name='MandatoryLabel'>Mandatory Label\System Mandatory Level</Data>",4688,30364558,,,,,,,,,,,0x8020000000000000,0,,,,0x3e7,,Mandatory Label\System Mandatory Level,,,,,'Microsoft-Windows-Security-Auditing',0x2a94,C:\Windows\System32\WindowsPowerShell\v1.0\powershell.exe,,,,,,0,C:\Windows\System32\svchost.exe,,,,'4',0x844,,"""powershell.exe"" -Command ""if (!(Get-Process -Name ServicePortalAgent -ErrorAction SilentlyContinue) -and !(Get-Process -Name Update -ErrorAction SilentlyContinue | where {$_.Path.Contains('ServicePortalAgent')})) {&amp; $env:windir\ServiceProfiles\LocalService\AppData\Local\ServicePortalAgent\Update.exe start ServicePortalAgent.exe}""",,30364558,,,,,,,MMM,0x3e7,mmm22457339STB$,NT AUTHORITY\SYSTEM,,'2026-05-19T12:29:48.1562501Z',<Provider Name='Microsoft-Windows-Security-Auditing' Guid='{54849625-5478-4994-a5ba-3e3b0328c30d}'/><EventID>4688</EventID><Version>2</Version><Level>0</Level><Task>13312</Task><Opcode>0</Opcode><Keywords>0x8020000000000000</Keywords><TimeCreated SystemTime='2026-05-19T12:29:48.1562501Z'/><EventRecordID>30364558</EventRecordID><Correlation/><Execution ProcessID='4' ThreadID='2292'/><Channel>Security</Channel><Computer>mmm22457339STB.mmm.hhh.ggg</Computer><Security/>,-,0x0,,,-,NULL SID,,,-,,-,13312,'2292',%%1936,%%1936,1936,,,,,2,,,,,2026-05-19T08:29:48.156-0400,allowed,win:unknown,,,,,mmm22457339STB.mmm.hhh.ggg,,mmm22457339STB.mmm.hhh.ggg,mmm22457339STB,30364558,endpoint_services_processes windows_endpoint_processes windows_event_signature windows_process_new wineventlog_security wineventlog_windows winsec,,,mmm22457339STB,30364558,occs-sss-windows,1,A new process has been created,C:\Windows\System32\WindowsPowerShell\v1.0\powershell.exe,0x2a94,powershell.exe,,,,,,,C:\Windows\System32\svchost.exe,0x844,svchost.exe,C:\Windows\System32\svchost.exe,"C:\Windows\System32\WindowsPowerShell\v1.0\powershell.exe -Command ""if (!(Get-Process -Name ServicePortalAgent -ErrorAction SilentlyContinue) -and !(Get-Process -Name Update -ErrorAction SilentlyContinue | where {$_.Path.Contains('ServicePortalAgent')})) {&amp; $env:windir\ServiceProfiles\LocalService\AppData\Local\ServicePortalAgent\Update.exe start ServicePortalAgent.exe}""","-Command ""if (!(Get-Process -Name ServicePortalAgent -ErrorAction SilentlyContinue) -and !(Get-Process -Name Update -ErrorAction SilentlyContinue | where {$_.Path.Contains('ServicePortalAgent')})) {&amp; $env:windir\ServiceProfiles\LocalService\AppData\Local\ServicePortalAgent\Update.exe start ServicePortalAgent.exe}""","""powershell.exe""",powershell.exe,0x2a94,powershell.exe,C:\Windows\System32\WindowsPowerShell\v1.0\powershell.exe,Windows,<_='://../////'><><_='---'_='{----}'/><></><></><>,,,,,,,,0x3e7,,,A new process has been created,4688,XmlWinEventLog:Security,XmlWinEventLog,bbbbbsplunkes03,,,MMM,,mmm22457339STB$,,success,A new process has been created,failure,,,"execute
os
process
report
security
start
track_event_signatures
windows",,,,"execute
os
process
report
security
start
track_event_signatures
windows",,,mmm22457339STB$,-,,,,,Microsoft,,Microsoft Windows
,,,,,MMM,,,mmm22457337STB$,,,Security,,,,,,"""powershell.exe"" -Command ""if (!(Get-Process -Name ServicePortalAgent -ErrorAction SilentlyContinue) -and !(Get-Process -Name Update -ErrorAction SilentlyContinue | where {$_.Path.Contains('ServicePortalAgent')})) {&amp; $env:windir\ServiceProfiles\LocalService\AppData\Local\ServicePortalAgent\Update.exe start ServicePortalAgent.exe}""",mmm22457337STB.mmm.hhh.ggg,,,,-,4688,"<Data Name='SubjectUserSid'>NT AUTHORITY\SYSTEM</Data><Data Name='SubjectUserName'>mmm22457337STB$</Data><Data Name='SubjectDomainName'>MMM</Data><Data Name='SubjectLogonId'>0x3e7</Data><Data Name='NewProcessId'>0x1928</Data><Data Name='NewProcessName'>C:\Windows\System32\WindowsPowerShell\v1.0\powershell.exe</Data><Data Name='TokenElevationType'>%%1936</Data><Data Name='ProcessId'>0x850</Data><Data Name='CommandLine'>""powershell.exe"" -Command ""if (!(Get-Process -Name ServicePortalAgent -ErrorAction SilentlyContinue) -and !(Get-Process -Name Update -ErrorAction SilentlyContinue | where {$_.Path.Contains('ServicePortalAgent')})) {&amp; $env:windir\ServiceProfiles\LocalService\AppData\Local\ServicePortalAgent\Update.exe start ServicePortalAgent.exe}""</Data><Data Name='TargetUserSid'>NULL SID</Data><Data Name='TargetUserName'>-</Data><Data Name='TargetDomainName'>-</Data><Data Name='TargetLogonId'>0x0</Data><Data Name='ParentProcessName'>C:\Windows\System32\svchost.exe</Data><Data Name='MandatoryLabel'>Mandatory Label\System Mandatory Level</Data>",4688,7463242,,,,,,,,,,,0x8020000000000000,0,,,,0x3e7,,Mandatory Label\System Mandatory Level,,,,,'Microsoft-Windows-Security-Auditing',0x1928,C:\Windows\System32\WindowsPowerShell\v1.0\powershell.exe,,,,,,0,C:\Windows\System32\svchost.exe,,,,'4',0x850,,"""powershell.exe"" -Command ""if (!(Get-Process -Name ServicePortalAgent -ErrorAction SilentlyContinue) -and !(Get-Process -Name Update -ErrorAction SilentlyContinue | where {$_.Path.Contains('ServicePortalAgent')})) {&amp; $env:windir\ServiceProfiles\LocalService\AppData\Local\ServicePortalAgent\Update.exe start ServicePortalAgent.exe}""",,7463242,,,,,,,MMM,0x3e7,mmm22457337STB$,NT AUTHORITY\SYSTEM,,'2026-05-19T12:29:41.3167878Z',<Provider Name='Microsoft-Windows-Security-Auditing' Guid='{54849625-5478-4994-a5ba-3e3b0328c30d}'/><EventID>4688</EventID><Version>2</Version><Level>0</Level><Task>13312</Task><Opcode>0</Opcode><Keywords>0x8020000000000000</Keywords><TimeCreated SystemTime='2026-05-19T12:29:41.3167878Z'/><EventRecordID>7463242</EventRecordID><Correlation/><Execution ProcessID='4' ThreadID='13120'/><Channel>Security</Channel><Computer>mmm22457337STB.mmm.hhh.ggg</Computer><Security/>,-,0x0,,,-,NULL SID,,,-,,-,13312,'13120',%%1936,%%1936,1936,,,,,2,,,,,2026-05-19T08:29:41.316-0400,allowed,win:unknown,,,,,mmm22457337STB.mmm.hhh.ggg,,mmm22457337STB.mmm.hhh.ggg,mmm22457337STB,7463242,endpoint_services_processes windows_endpoint_processes windows_event_signature windows_process_new wineventlog_security wineventlog_windows winsec,,,mmm22457337STB,7463242,occs-sss-windows,1,A new process has been created,C:\Windows\System32\WindowsPowerShell\v1.0\powershell.exe,0x1928,powershell.exe,,,,,,,C:\Windows\System32\svchost.exe,0x850,svchost.exe,C:\Windows\System32\svchost.exe,"C:\Windows\System32\WindowsPowerShell\v1.0\powershell.exe -Command ""if (!(Get-Process -Name ServicePortalAgent -ErrorAction SilentlyContinue) -and !(Get-Process -Name Update -ErrorAction SilentlyContinue | where {$_.Path.Contains('ServicePortalAgent')})) {&amp; $env:windir\ServiceProfiles\LocalService\AppData\Local\ServicePortalAgent\Update.exe start ServicePortalAgent.exe}""","-Command ""if (!(Get-Process -Name ServicePortalAgent -ErrorAction SilentlyContinue) -and !(Get-Process -Name Update -ErrorAction SilentlyContinue | where {$_.Path.Contains('ServicePortalAgent')})) {&amp; $env:windir\ServiceProfiles\LocalService\AppData\Local\ServicePortalAgent\Update.exe start ServicePortalAgent.exe}""","""powershell.exe""",powershell.exe,0x1928,powershell.exe,C:\Windows\System32\WindowsPowerShell\v1.0\powershell.exe,Windows,<_='://../////'><><_='---'_='{----}'/><></><></><>,,,,,,,,0x3e7,,,A new process has been created,4688,XmlWinEventLog:Security,XmlWinEventLog,bbbbbsplunkes02,,,MMM,,mmm22457337STB$,,success,A new process has been created,failure,,,"execute
os
process
report
security
start
track_event_signatures
windows",,,,"execute
os
process
report
security
start
track_event_signatures
windows",,,mmm22457337STB$,-,,,,,Microsoft,,Microsoft Windows
,,,,,MMM,,,ppppVWBOPM$,,,Security,,,,,,"""C:\Windows\system32\WindowsPowerShell\v1.0\PowerShell.exe"" -Nologo -Noninteractive -NoProfile -ExecutionPolicy Bypass; Get-DeliveryOptimizationStatus | where-object {($_.Sourceurl -CLike 'http://localhost:8005*') -AND (($_.FileSize -ge '52428800') -or ($_.BytesFromPeers -ne '0') -or (($_.BytesFromCacheServer -ne '0') -and ($_.BytesFromCacheServer -ne $null)))} | select-object -Property BytesFromHttp, FileId, BytesFromPeers,Status,BytesFromCacheServer,SourceURL | ConvertTo-Xml -as string -NoTypeInformation",ppppVWBOPM.mmm.hhh.ggg,,,,-,4688,"<Data Name='SubjectUserSid'>NT AUTHORITY\SYSTEM</Data><Data Name='SubjectUserName'>ppppVWBOPM$</Data><Data Name='SubjectDomainName'>MMM</Data><Data Name='SubjectLogonId'>0x3e7</Data><Data Name='NewProcessId'>0x2128</Data><Data Name='NewProcessName'>C:\Windows\System32\WindowsPowerShell\v1.0\powershell.exe</Data><Data Name='TokenElevationType'>%%1936</Data><Data Name='ProcessId'>0x728</Data><Data Name='CommandLine'>""C:\Windows\system32\WindowsPowerShell\v1.0\PowerShell.exe"" -Nologo -Noninteractive -NoProfile -ExecutionPolicy Bypass; Get-DeliveryOptimizationStatus | where-object {($_.Sourceurl -CLike 'http://localhost:8005*') -AND (($_.FileSize -ge '52428800') -or ($_.BytesFromPeers -ne '0') -or (($_.BytesFromCacheServer -ne '0') -and ($_.BytesFromCacheServer -ne $null)))} | select-object -Property BytesFromHttp, FileId, BytesFromPeers,Status,BytesFromCacheServer,SourceURL | ConvertTo-Xml -as string -NoTypeInformation</Data><Data Name='TargetUserSid'>NULL SID</Data><Data Name='TargetUserName'>-</Data><Data Name='TargetDomainName'>-</Data><Data Name='TargetLogonId'>0x0</Data><Data Name='ParentProcessName'>C:\Windows\CCM\CcmExec.exe</Data><Data Name='MandatoryLabel'>Mandatory Label\System Mandatory Level</Data>",4688,185411999,,,,,,,,,,,0x8020000000000000,0,,,,0x3e7,,Mandatory Label\System Mandatory Level,,,,,'Microsoft-Windows-Security-Auditing',0x2128,C:\Windows\System32\WindowsPowerShell\v1.0\powershell.exe,,,,,,0,C:\Windows\CCM\CcmExec.exe,,,,'4',0x728,,"""C:\Windows\system32\WindowsPowerShell\v1.0\PowerShell.exe"" -Nologo -Noninteractive -NoProfile -ExecutionPolicy Bypass; Get-DeliveryOptimizationStatus | where-object {($_.Sourceurl -CLike 'http://localhost:8005*') -AND (($_.FileSize -ge '52428800') -or ($_.BytesFromPeers -ne '0') -or (($_.BytesFromCacheServer -ne '0') -and ($_.BytesFromCacheServer -ne $null)))} | select-object -Property BytesFromHttp, FileId, BytesFromPeers,Status,BytesFromCacheServer,SourceURL | ConvertTo-Xml -as string -NoTypeInformation",,185411999,,,,,,,MMM,0x3e7,ppppVWBOPM$,NT AUTHORITY\SYSTEM,,'2026-05-19T12:29:32.919202400Z',<Provider Name='Microsoft-Windows-Security-Auditing' Guid='{54849625-5478-4994-a5ba-3e3b0328c30d}'/><EventID>4688</EventID><Version>2</Version><Level>0</Level><Task>13312</Task><Opcode>0</Opcode><Keywords>0x8020000000000000</Keywords><TimeCreated SystemTime='2026-05-19T12:29:32.919202400Z'/><EventRecordID>185411999</EventRecordID><Correlation/><Execution ProcessID='4' ThreadID='3628'/><Channel>Security</Channel><Computer>ppppVWBOPM.mmm.hhh.ggg</Computer><Security/>,-,0x0,,,-,NULL SID,,,-,,-,13312,'3628',%%1936,%%1936,1936,,,,,2,,,,,2026-05-19T08:29:32.919-0400,allowed,win:unknown,,,,,ppppVWBOPM.mmm.hhh.ggg,,ppppVWBOPM.mmm.hhh.ggg,ppppVWBOPM,185411999,endpoint_services_processes windows_endpoint_processes windows_event_signature windows_process_new wineventlog_security wineventlog_windows winsec,,,ppppVWBOPM,185411999,occs-sss-windows,1,A new process has been created,C:\Windows\System32\WindowsPowerShell\v1.0\powershell.exe,0x2128,powershell.exe,,,,,,,C:\Windows\CCM\CcmExec.exe,0x728,CcmExec.exe,C:\Windows\CCM\CcmExec.exe,"""C:\Windows\system32\WindowsPowerShell\v1.0\PowerShell.exe"" -Nologo -Noninteractive -NoProfile -ExecutionPolicy Bypass; Get-DeliveryOptimizationStatus | where-object {($_.Sourceurl -CLike 'http://localhost:8005*') -AND (($_.FileSize -ge '52428800') -or ($_.BytesFromPeers -ne '0') -or (($_.BytesFromCacheServer -ne '0') -and ($_.BytesFromCacheServer -ne $null)))} | select-object -Property BytesFromHttp, FileId, BytesFromPeers,Status,BytesFromCacheServer,SourceURL | ConvertTo-Xml -as string -NoTypeInformation","-Nologo -Noninteractive -NoProfile -ExecutionPolicy Bypass; Get-DeliveryOptimizationStatus | where-object {($_.Sourceurl -CLike 'http://localhost:8005*') -AND (($_.FileSize -ge '52428800') -or ($_.BytesFromPeers -ne '0') -or (($_.BytesFromCacheServer -ne '0') -and ($_.BytesFromCacheServer -ne $null)))} | select-object -Property BytesFromHttp, FileId, BytesFromPeers,Status,BytesFromCacheServer,SourceURL | ConvertTo-Xml -as string -NoTypeInformation","""C:\Windows\system32\WindowsPowerShell\v1.0\PowerShell.exe""",powershell.exe,0x2128,powershell.exe,C:\Windows\System32\WindowsPowerShell\v1.0\powershell.exe,Windows,<_='://../////'><><_='---'_='{----}'/><></><></><>,,,,,,,,0x3e7,,,A new process has been created,4688,XmlWinEventLog:Security,XmlWinEventLog,bbbbbsplunkes03,,,MMM,,ppppVWBOPM$,,success,A new process has been created,failure,,,"execute
os
process
report
security
start
track_event_signatures
windows",,,,"execute
os
process
report
security
start
track_event_signatures
windows",,,ppppVWBOPM$,-,,,,,Microsoft,,Microsoft Windows
,,,,,,,,,,,Application,,,,,,,mmm22457339STB.mmm.hhh.ggg,,,,-,4096,"<Data>VBScript is scheduled for deprecation. Our telemetry indicates that your system is currently utilizing VBScript.
We strongly recommend identifying and migrating away from any VBScript dependencies at the earliest.

The following process has been detected as using VBScript. The associated process tree and call stack are provided below to assist in identifying the scenario in which VBScript was invoked.
</Data><Data>ProcessName = ""wmic.exe""</Data><Data>ProcessTree = ""WMIC.exe;WinAgentSvc.exe;services.exe;wininit.exe""</Data><Data>CallStack = ""vbscript.dll+0x687C6;vbscript.dll+0x553FF;vbscript.dll+0x4003A;msxml6.dll+0x112476;msxml6.dll+0x10F532;msxml6.dll+0x20DDC;msxml6.dll+0x45F3A;msxml6.dll+0xCB607;msxml6.dll+0xCCE95;msxml6.dll+0xCCD5D;wmic.exe+0x276BD;wmic.exe+0x2173E;wmic.exe+0x25D45;wmic.exe+0x3BCD0;wmic.exe+0x3909F;wmic.exe+0x18F4;KERNEL32.DLL+0x2E957;ntdll.dll+0x427C""</Data><Data>ProcessTreeEnhanced = ""WMIC.exe(""""wmic"" path Win32_NetworkAdapter where ""PhysicalAdapter = TRUE and pnpdeviceId like 'PCI%'"" get macaddress"");WinAgentSvc.exe(""&lt;path&gt;\Program &lt;path&gt;\WinAgentSvc.exe"""");services.exe;wininit.exe""</Data>",,38084,,,,,,,,,,,0x80000000000000,3,,,,,,,,,,,'VBScriptDeprecationAlert',,,,,,,,0,,,,,'11748',,,,'0',38084,,,,,,,,,,,,'2026-05-19T12:29:27.3990062Z',<Provider Name='VBScriptDeprecationAlert'/><EventID Qualifiers='0'>4096</EventID><Version>0</Version><Level>3</Level><Task>0</Task><Opcode>0</Opcode><Keywords>0x80000000000000</Keywords><TimeCreated SystemTime='2026-05-19T12:29:27.3990062Z'/><EventRecordID>38084</EventRecordID><Correlation/><Execution ProcessID='11748' ThreadID='0'/><Channel>Application</Channel><Computer>mmm22457339STB.mmm.hhh.ggg</Computer><Security/>,,,,,,,,,,,,0,'0',,,,,,,,0,,,,,2026-05-19T08:29:27.399-0400,,,,,,,mmm22457339STB.mmm.hhh.ggg,,mmm22457339STB.mmm.hhh.ggg,mmm22457339STB,38084,endpoint_services_processes winapp windows_event_signature wineventlog_application wineventlog_windows,,,mmm22457339STB,38084,occs-sss-windows,5,,,,,,,,,,,,,,,,,,,,,,,<_='://../////'><><_=''/><_=''></><></><></><></><,,,,,,,,,,,,4096,XmlWinEventLog:Application,XmlWinEventLog,bbbbbsplunkes02,,,,,,,,,,,,"os
track_event_signatures
windows",,,,"os
track_event_signatures
windows",,,,,,,,,,,Microsoft Windows
,,,,,MMM,,,mmm22457339STB$,,,Security,,,,,,"""wmic"" path Win32_NetworkAdapter where ""PhysicalAdapter = TRUE and pnpdeviceId like 'PCI%'"" get macaddress",mmm22457339STB.mmm.hhh.ggg,,,,-,4688,"<Data Name='SubjectUserSid'>NT AUTHORITY\SYSTEM</Data><Data Name='SubjectUserName'>mmm22457339STB$</Data><Data Name='SubjectDomainName'>MMM</Data><Data Name='SubjectLogonId'>0x3e7</Data><Data Name='NewProcessId'>0x2de4</Data><Data Name='NewProcessName'>C:\Windows\System32\wbem\WMIC.exe</Data><Data Name='TokenElevationType'>%%1936</Data><Data Name='ProcessId'>0x17e8</Data><Data Name='CommandLine'>""wmic"" path Win32_NetworkAdapter where ""PhysicalAdapter = TRUE and pnpdeviceId like 'PCI%'"" get macaddress</Data><Data Name='TargetUserSid'>NULL SID</Data><Data Name='TargetUserName'>-</Data><Data Name='TargetDomainName'>-</Data><Data Name='TargetLogonId'>0x0</Data><Data Name='ParentProcessName'>C:\Program Files\AdminAgent\WinAgentSvc.exe</Data><Data Name='MandatoryLabel'>Mandatory Label\System Mandatory Level</Data>",4688,30363968,,,,,,,,,,,0x8020000000000000,0,,,,0x3e7,,Mandatory Label\System Mandatory Level,,,,,'Microsoft-Windows-Security-Auditing',0x2de4,C:\Windows\System32\wbem\WMIC.exe,,,,,,0,C:\Program Files\AdminAgent\WinAgentSvc.exe,,,,'4',0x17e8,,"""wmic"" path Win32_NetworkAdapter where ""PhysicalAdapter = TRUE and pnpdeviceId like 'PCI%'"" get macaddress",,30363968,,,,,,,MMM,0x3e7,mmm22457339STB$,NT AUTHORITY\SYSTEM,,'2026-05-19T12:29:27.2154586Z',<Provider Name='Microsoft-Windows-Security-Auditing' Guid='{54849625-5478-4994-a5ba-3e3b0328c30d}'/><EventID>4688</EventID><Version>2</Version><Level>0</Level><Task>13312</Task><Opcode>0</Opcode><Keywords>0x8020000000000000</Keywords><TimeCreated SystemTime='2026-05-19T12:29:27.2154586Z'/><EventRecordID>30363968</EventRecordID><Correlation/><Execution ProcessID='4' ThreadID='2696'/><Channel>Security</Channel><Computer>mmm22457339STB.mmm.hhh.ggg</Computer><Security/>,-,0x0,,,-,NULL SID,,,-,,-,13312,'2696',%%1936,%%1936,1936,,,,,2,,,,,2026-05-19T08:29:27.215-0400,allowed,win:unknown,,,,,mmm22457339STB.mmm.hhh.ggg,,mmm22457339STB.mmm.hhh.ggg,mmm22457339STB,30363968,endpoint_services_processes windows_endpoint_processes windows_event_signature windows_process_new wineventlog_security wineventlog_windows winsec,,,mmm22457339STB,30363968,occs-sss-windows,1,A new process has been created,C:\Windows\System32\wbem\WMIC.exe,0x2de4,WMIC.exe,,,,,,,C:\Program Files\AdminAgent\WinAgentSvc.exe,0x17e8,WinAgentSvc.exe,C:\Program Files\AdminAgent\WinAgentSvc.exe,"C:\Windows\System32\wbem\WMIC.exe path Win32_NetworkAdapter where ""PhysicalAdapter = TRUE and pnpdeviceId like 'PCI%'"" get macaddress","path Win32_NetworkAdapter where ""PhysicalAdapter = TRUE and pnpdeviceId like 'PCI%'"" get macaddress","""wmic""",WMIC.exe,0x2de4,WMIC.exe,C:\Windows\System32\wbem\WMIC.exe,Windows,<_='://../////'><><_='---'_='{----}'/><></><></><>,,,,,,,,0x3e7,,,A new process has been created,4688,XmlWinEventLog:Security,XmlWinEventLog,bbbbbsplunkes02,,,MMM,,mmm22457339STB$,,success,A new process has been created,failure,,,"execute
os
process
report
security
start
track_event_signatures
windows",,,,"execute
os
process
report
security
start
track_event_signatures
windows",,,mmm22457339STB$,-,,,,,Microsoft,,Microsoft Windows
,,,,,MMM,,,ppppVWBIPTV$,,,Security,,,,,,"""C:\Windows\system32\WindowsPowerShell\v1.0\PowerShell.exe"" -Nologo -Noninteractive -NoProfile -ExecutionPolicy Bypass; Get-DeliveryOptimizationStatus | where-object {($_.Sourceurl -CLike 'http://localhost:8005*') -AND (($_.FileSize -ge '52428800') -or ($_.BytesFromPeers -ne '0') -or (($_.BytesFromCacheServer -ne '0') -and ($_.BytesFromCacheServer -ne $null)))} | select-object -Property BytesFromHttp, FileId, BytesFromPeers,Status,BytesFromCacheServer,SourceURL | ConvertTo-Xml -as string -NoTypeInformation",ppppvwbiptv.mmm.hhh.ggg,,,,-,4688,"<Data Name='SubjectUserSid'>NT AUTHORITY\SYSTEM</Data><Data Name='SubjectUserName'>ppppVWBIPTV$</Data><Data Name='SubjectDomainName'>MMM</Data><Data Name='SubjectLogonId'>0x3e7</Data><Data Name='NewProcessId'>0x34a4</Data><Data Name='NewProcessName'>C:\Windows\System32\WindowsPowerShell\v1.0\powershell.exe</Data><Data Name='TokenElevationType'>%%1936</Data><Data Name='ProcessId'>0xb18</Data><Data Name='CommandLine'>""C:\Windows\system32\WindowsPowerShell\v1.0\PowerShell.exe"" -Nologo -Noninteractive -NoProfile -ExecutionPolicy Bypass; Get-DeliveryOptimizationStatus | where-object {($_.Sourceurl -CLike 'http://localhost:8005*') -AND (($_.FileSize -ge '52428800') -or ($_.BytesFromPeers -ne '0') -or (($_.BytesFromCacheServer -ne '0') -and ($_.BytesFromCacheServer -ne $null)))} | select-object -Property BytesFromHttp, FileId, BytesFromPeers,Status,BytesFromCacheServer,SourceURL | ConvertTo-Xml -as string -NoTypeInformation</Data><Data Name='TargetUserSid'>NULL SID</Data><Data Name='TargetUserName'>-</Data><Data Name='TargetDomainName'>-</Data><Data Name='TargetLogonId'>0x0</Data><Data Name='ParentProcessName'>C:\Windows\CCM\CcmExec.exe</Data><Data Name='MandatoryLabel'>Mandatory Label\System Mandatory Level</Data>",4688,66900129,,,,,,,,,,,0x8020000000000000,0,,,,0x3e7,,Mandatory Label\System Mandatory Level,,,,,'Microsoft-Windows-Security-Auditing',0x34a4,C:\Windows\System32\WindowsPowerShell\v1.0\powershell.exe,,,,,,0,C:\Windows\CCM\CcmExec.exe,,,,'4',0xb18,,"""C:\Windows\system32\WindowsPowerShell\v1.0\PowerShell.exe"" -Nologo -Noninteractive -NoProfile -ExecutionPolicy Bypass; Get-DeliveryOptimizationStatus | where-object {($_.Sourceurl -CLike 'http://localhost:8005*') -AND (($_.FileSize -ge '52428800') -or ($_.BytesFromPeers -ne '0') -or (($_.BytesFromCacheServer -ne '0') -and ($_.BytesFromCacheServer -ne $null)))} | select-object -Property BytesFromHttp, FileId, BytesFromPeers,Status,BytesFromCacheServer,SourceURL | ConvertTo-Xml -as string -NoTypeInformation",,66900129,,,,,,,MMM,0x3e7,ppppVWBIPTV$,NT AUTHORITY\SYSTEM,,'2026-05-19T12:29:03.821906400Z',<Provider Name='Microsoft-Windows-Security-Auditing' Guid='{54849625-5478-4994-a5ba-3e3b0328c30d}'/><EventID>4688</EventID><Version>2</Version><Level>0</Level><Task>13312</Task><Opcode>0</Opcode><Keywords>0x8020000000000000</Keywords><TimeCreated SystemTime='2026-05-19T12:29:03.821906400Z'/><EventRecordID>66900129</EventRecordID><Correlation/><Execution ProcessID='4' ThreadID='5604'/><Channel>Security</Channel><Computer>ppppvwbiptv.mmm.hhh.ggg</Computer><Security/>,-,0x0,,,-,NULL SID,,,-,,-,13312,'5604',%%1936,%%1936,1936,,,,,2,,,,,2026-05-19T08:29:03.821-0400,allowed,win:unknown,,,,,ppppvwbiptv.mmm.hhh.ggg,,ppppvwbiptv.mmm.hhh.ggg,ppppvwbiptv,66900129,endpoint_services_processes windows_endpoint_processes windows_event_signature windows_process_new wineventlog_security wineventlog_windows winsec,,,ppppvwbiptv,66900129,occs-sss-windows,1,A new process has been created,C:\Windows\System32\WindowsPowerShell\v1.0\powershell.exe,0x34a4,powershell.exe,,,,,,,C:\Windows\CCM\CcmExec.exe,0xb18,CcmExec.exe,C:\Windows\CCM\CcmExec.exe,"""C:\Windows\system32\WindowsPowerShell\v1.0\PowerShell.exe"" -Nologo -Noninteractive -NoProfile -ExecutionPolicy Bypass; Get-DeliveryOptimizationStatus | where-object {($_.Sourceurl -CLike 'http://localhost:8005*') -AND (($_.FileSize -ge '52428800') -or ($_.BytesFromPeers -ne '0') -or (($_.BytesFromCacheServer -ne '0') -and ($_.BytesFromCacheServer -ne $null)))} | select-object -Property BytesFromHttp, FileId, BytesFromPeers,Status,BytesFromCacheServer,SourceURL | ConvertTo-Xml -as string -NoTypeInformation","-Nologo -Noninteractive -NoProfile -ExecutionPolicy Bypass; Get-DeliveryOptimizationStatus | where-object {($_.Sourceurl -CLike 'http://localhost:8005*') -AND (($_.FileSize -ge '52428800') -or ($_.BytesFromPeers -ne '0') -or (($_.BytesFromCacheServer -ne '0') -and ($_.BytesFromCacheServer -ne $null)))} | select-object -Property BytesFromHttp, FileId, BytesFromPeers,Status,BytesFromCacheServer,SourceURL | ConvertTo-Xml -as string -NoTypeInformation","""C:\Windows\system32\WindowsPowerShell\v1.0\PowerShell.exe""",powershell.exe,0x34a4,powershell.exe,C:\Windows\System32\WindowsPowerShell\v1.0\powershell.exe,Windows,<_='://../////'><><_='---'_='{----}'/><></><></><>,,,,,,,,0x3e7,,,A new process has been created,4688,XmlWinEventLog:Security,XmlWinEventLog,bbbbbsplunkes02,,,MMM,,ppppVWBIPTV$,,success,A new process has been created,failure,,,"execute
os
process
report
security
start
track_event_signatures
windows",,,,"execute
os
process
report
security
start
track_event_signatures
windows",,,ppppVWBIPTV$,-,,,,,Microsoft,,Microsoft Windows
,,,,,MMM,,,mmm22457339STB$,,,Security,,,,,,"""powershell.exe"" -Command ""if (!(Get-Process -Name ServicePortalAgent -ErrorAction SilentlyContinue) -and !(Get-Process -Name Update -ErrorAction SilentlyContinue | where {$_.Path.Contains('ServicePortalAgent')})) {&amp; $env:windir\ServiceProfiles\LocalService\AppData\Local\ServicePortalAgent\Update.exe start ServicePortalAgent.exe}""",mmm22457339STB.mmm.hhh.ggg,,,,-,4688,"<Data Name='SubjectUserSid'>NT AUTHORITY\SYSTEM</Data><Data Name='SubjectUserName'>mmm22457339STB$</Data><Data Name='SubjectDomainName'>MMM</Data><Data Name='SubjectLogonId'>0x3e7</Data><Data Name='NewProcessId'>0x13e4</Data><Data Name='NewProcessName'>C:\Windows\System32\WindowsPowerShell\v1.0\powershell.exe</Data><Data Name='TokenElevationType'>%%1936</Data><Data Name='ProcessId'>0x844</Data><Data Name='CommandLine'>""powershell.exe"" -Command ""if (!(Get-Process -Name ServicePortalAgent -ErrorAction SilentlyContinue) -and !(Get-Process -Name Update -ErrorAction SilentlyContinue | where {$_.Path.Contains('ServicePortalAgent')})) {&amp; $env:windir\ServiceProfiles\LocalService\AppData\Local\ServicePortalAgent\Update.exe start ServicePortalAgent.exe}""</Data><Data Name='TargetUserSid'>NULL SID</Data><Data Name='TargetUserName'>-</Data><Data Name='TargetDomainName'>-</Data><Data Name='TargetLogonId'>0x0</Data><Data Name='ParentProcessName'>C:\Windows\System32\svchost.exe</Data><Data Name='MandatoryLabel'>Mandatory Label\System Mandatory Level</Data>",4688,30363201,,,,,,,,,,,0x8020000000000000,0,,,,0x3e7,,Mandatory Label\System Mandatory Level,,,,,'Microsoft-Windows-Security-Auditing',0x13e4,C:\Windows\System32\WindowsPowerShell\v1.0\powershell.exe,,,,,,0,C:\Windows\System32\svchost.exe,,,,'4',0x844,,"""powershell.exe"" -Command ""if (!(Get-Process -Name ServicePortalAgent -ErrorAction SilentlyContinue) -and !(Get-Process -Name Update -ErrorAction SilentlyContinue | where {$_.Path.Contains('ServicePortalAgent')})) {&amp; $env:windir\ServiceProfiles\LocalService\AppData\Local\ServicePortalAgent\Update.exe start ServicePortalAgent.exe}""",,30363201,,,,,,,MMM,0x3e7,mmm22457339STB$,NT AUTHORITY\SYSTEM,,'2026-05-19T12:28:48.1540384Z',<Provider Name='Microsoft-Windows-Security-Auditing' Guid='{54849625-5478-4994-a5ba-3e3b0328c30d}'/><EventID>4688</EventID><Version>2</Version><Level>0</Level><Task>13312</Task><Opcode>0</Opcode><Keywords>0x8020000000000000</Keywords><TimeCreated SystemTime='2026-05-19T12:28:48.1540384Z'/><EventRecordID>30363201</EventRecordID><Correlation/><Execution ProcessID='4' ThreadID='2696'/><Channel>Security</Channel><Computer>mmm22457339STB.mmm.hhh.ggg</Computer><Security/>,-,0x0,,,-,NULL SID,,,-,,-,13312,'2696',%%1936,%%1936,1936,,,,,2,,,,,2026-05-19T08:28:48.154-0400,allowed,win:unknown,,,,,mmm22457339STB.mmm.hhh.ggg,,mmm22457339STB.mmm.hhh.ggg,mmm22457339STB,30363201,endpoint_services_processes windows_endpoint_processes windows_event_signature windows_process_new wineventlog_security wineventlog_windows winsec,,,mmm22457339STB,30363201,occs-sss-windows,1,A new process has been created,C:\Windows\System32\WindowsPowerShell\v1.0\powershell.exe,0x13e4,powershell.exe,,,,,,,C:\Windows\System32\svchost.exe,0x844,svchost.exe,C:\Windows\System32\svchost.exe,"C:\Windows\System32\WindowsPowerShell\v1.0\powershell.exe -Command ""if (!(Get-Process -Name ServicePortalAgent -ErrorAction SilentlyContinue) -and !(Get-Process -Name Update -ErrorAction SilentlyContinue | where {$_.Path.Contains('ServicePortalAgent')})) {&amp; $env:windir\ServiceProfiles\LocalService\AppData\Local\ServicePortalAgent\Update.exe start ServicePortalAgent.exe}""","-Command ""if (!(Get-Process -Name ServicePortalAgent -ErrorAction SilentlyContinue) -and !(Get-Process -Name Update -ErrorAction SilentlyContinue | where {$_.Path.Contains('ServicePortalAgent')})) {&amp; $env:windir\ServiceProfiles\LocalService\AppData\Local\ServicePortalAgent\Update.exe start ServicePortalAgent.exe}""","""powershell.exe""",powershell.exe,0x13e4,powershell.exe,C:\Windows\System32\WindowsPowerShell\v1.0\powershell.exe,Windows,<_='://../////'><><_='---'_='{----}'/><></><></><>,,,,,,,,0x3e7,,,A new process has been created,4688,XmlWinEventLog:Security,XmlWinEventLog,bbbbbsplunkes02,,,MMM,,mmm22457339STB$,,success,A new process has been created,failure,,,"execute
os
process
report
security
start
track_event_signatures
windows",,,,"execute
os
process
report
security
start
track_event_signatures
windows",,,mmm22457339STB$,-,,,,,Microsoft,,Microsoft Windows
