,,,,,MMM,,,ppppVWBSF01$,,,Security,,,,,,"""C:\Windows\system32\WindowsPowerShell\v1.0\PowerShell.exe"" -Nologo -Noninteractive -NoProfile -ExecutionPolicy Bypass; Get-DeliveryOptimizationStatus | where-object {($_.Sourceurl -CLike 'http://localhost:8005*') -AND (($_.FileSize -ge '52428800') -or ($_.BytesFromPeers -ne '0') -or (($_.BytesFromCacheServer -ne '0') -and ($_.BytesFromCacheServer -ne $null)))} | select-object -Property BytesFromHttp, FileId, BytesFromPeers,Status,BytesFromCacheServer,SourceURL | ConvertTo-Xml -as string -NoTypeInformation",ppppvwbsf01.mmm.hhh.ggg,,,,-,4688,"<Data Name='SubjectUserSid'>NT AUTHORITY\SYSTEM</Data><Data Name='SubjectUserName'>ppppVWBSF01$</Data><Data Name='SubjectDomainName'>MMM</Data><Data Name='SubjectLogonId'>0x3e7</Data><Data Name='NewProcessId'>0x1e48</Data><Data Name='NewProcessName'>C:\Windows\System32\WindowsPowerShell\v1.0\powershell.exe</Data><Data Name='TokenElevationType'>%%1936</Data><Data Name='ProcessId'>0x1154</Data><Data Name='CommandLine'>""C:\Windows\system32\WindowsPowerShell\v1.0\PowerShell.exe"" -Nologo -Noninteractive -NoProfile -ExecutionPolicy Bypass; Get-DeliveryOptimizationStatus | where-object {($_.Sourceurl -CLike 'http://localhost:8005*') -AND (($_.FileSize -ge '52428800') -or ($_.BytesFromPeers -ne '0') -or (($_.BytesFromCacheServer -ne '0') -and ($_.BytesFromCacheServer -ne $null)))} | select-object -Property BytesFromHttp, FileId, BytesFromPeers,Status,BytesFromCacheServer,SourceURL | ConvertTo-Xml -as string -NoTypeInformation</Data><Data Name='TargetUserSid'>NULL SID</Data><Data Name='TargetUserName'>-</Data><Data Name='TargetDomainName'>-</Data><Data Name='TargetLogonId'>0x0</Data><Data Name='ParentProcessName'>C:\Windows\CCM\CcmExec.exe</Data><Data Name='MandatoryLabel'>Mandatory Label\System Mandatory Level</Data>",4688,175773826,,,,,,,,,,,0x8020000000000000,0,,,,0x3e7,,Mandatory Label\System Mandatory Level,,,,,'Microsoft-Windows-Security-Auditing',0x1e48,C:\Windows\System32\WindowsPowerShell\v1.0\powershell.exe,,,,,,0,C:\Windows\CCM\CcmExec.exe,,,,'4',0x1154,,"""C:\Windows\system32\WindowsPowerShell\v1.0\PowerShell.exe"" -Nologo -Noninteractive -NoProfile -ExecutionPolicy Bypass; Get-DeliveryOptimizationStatus | where-object {($_.Sourceurl -CLike 'http://localhost:8005*') -AND (($_.FileSize -ge '52428800') -or ($_.BytesFromPeers -ne '0') -or (($_.BytesFromCacheServer -ne '0') -and ($_.BytesFromCacheServer -ne $null)))} | select-object -Property BytesFromHttp, FileId, BytesFromPeers,Status,BytesFromCacheServer,SourceURL | ConvertTo-Xml -as string -NoTypeInformation",,175773826,,,,,,,MMM,0x3e7,ppppVWBSF01$,NT AUTHORITY\SYSTEM,,'2026-05-19T12:35:25.427167300Z',<Provider Name='Microsoft-Windows-Security-Auditing' Guid='{54849625-5478-4994-a5ba-3e3b0328c30d}'/><EventID>4688</EventID><Version>2</Version><Level>0</Level><Task>13312</Task><Opcode>0</Opcode><Keywords>0x8020000000000000</Keywords><TimeCreated SystemTime='2026-05-19T12:35:25.427167300Z'/><EventRecordID>175773826</EventRecordID><Correlation/><Execution ProcessID='4' ThreadID='388'/><Channel>Security</Channel><Computer>ppppvwbsf01.mmm.hhh.ggg</Computer><Security/>,-,0x0,,,-,NULL SID,,,-,,-,13312,'388',%%1936,%%1936,1936,,,,,2,,,,,2026-05-19T08:35:25.427-0400,allowed,win:unknown,,,,,ppppvwbsf01.mmm.hhh.ggg,,ppppvwbsf01.mmm.hhh.ggg,ppppvwbsf01,175773826,endpoint_services_processes windows_endpoint_processes windows_event_signature windows_process_new wineventlog_security wineventlog_windows winsec,,,ppppvwbsf01,175773826,occs-sss-windows,1,A new process has been created,C:\Windows\System32\WindowsPowerShell\v1.0\powershell.exe,0x1e48,powershell.exe,,,,,,,C:\Windows\CCM\CcmExec.exe,0x1154,CcmExec.exe,C:\Windows\CCM\CcmExec.exe,"""C:\Windows\system32\WindowsPowerShell\v1.0\PowerShell.exe"" -Nologo -Noninteractive -NoProfile -ExecutionPolicy Bypass; Get-DeliveryOptimizationStatus | where-object {($_.Sourceurl -CLike 'http://localhost:8005*') -AND (($_.FileSize -ge '52428800') -or ($_.BytesFromPeers -ne '0') -or (($_.BytesFromCacheServer -ne '0') -and ($_.BytesFromCacheServer -ne $null)))} | select-object -Property BytesFromHttp, FileId, BytesFromPeers,Status,BytesFromCacheServer,SourceURL | ConvertTo-Xml -as string -NoTypeInformation","-Nologo -Noninteractive -NoProfile -ExecutionPolicy Bypass; Get-DeliveryOptimizationStatus | where-object {($_.Sourceurl -CLike 'http://localhost:8005*') -AND (($_.FileSize -ge '52428800') -or ($_.BytesFromPeers -ne '0') -or (($_.BytesFromCacheServer -ne '0') -and ($_.BytesFromCacheServer -ne $null)))} | select-object -Property BytesFromHttp, FileId, BytesFromPeers,Status,BytesFromCacheServer,SourceURL | ConvertTo-Xml -as string -NoTypeInformation","""C:\Windows\system32\WindowsPowerShell\v1.0\PowerShell.exe""",powershell.exe,0x1e48,powershell.exe,C:\Windows\System32\WindowsPowerShell\v1.0\powershell.exe,Windows,<_='://../////'><><_='---'_='{----}'/><></><></><>,,,,,,,,0x3e7,,,A new process has been created,4688,XmlWinEventLog:Security,XmlWinEventLog,bbbbbsplunkes01,,,MMM,,ppppVWBSF01$,,success,A new process has been created,failure,,,"execute
os
process
report
security
start
track_event_signatures
windows",,,,"execute
os
process
report
security
start
track_event_signatures
windows",,,ppppVWBSF01$,-,,,,,Microsoft,,Microsoft Windows
,,,,,MMM,,,mmm22457339STB$,,,Security,,,,,,"""powershell.exe"" -Command ""if (!(Get-Process -Name ServicePortalAgent -ErrorAction SilentlyContinue) -and !(Get-Process -Name Update -ErrorAction SilentlyContinue | where {$_.Path.Contains('ServicePortalAgent')})) {&amp; $env:windir\ServiceProfiles\LocalService\AppData\Local\ServicePortalAgent\Update.exe start ServicePortalAgent.exe}""",mmm22457339STB.mmm.hhh.ggg,,,,-,4688,"<Data Name='SubjectUserSid'>NT AUTHORITY\SYSTEM</Data><Data Name='SubjectUserName'>mmm22457339STB$</Data><Data Name='SubjectDomainName'>MMM</Data><Data Name='SubjectLogonId'>0x3e7</Data><Data Name='NewProcessId'>0x4214</Data><Data Name='NewProcessName'>C:\Windows\System32\WindowsPowerShell\v1.0\powershell.exe</Data><Data Name='TokenElevationType'>%%1936</Data><Data Name='ProcessId'>0x844</Data><Data Name='CommandLine'>""powershell.exe"" -Command ""if (!(Get-Process -Name ServicePortalAgent -ErrorAction SilentlyContinue) -and !(Get-Process -Name Update -ErrorAction SilentlyContinue | where {$_.Path.Contains('ServicePortalAgent')})) {&amp; $env:windir\ServiceProfiles\LocalService\AppData\Local\ServicePortalAgent\Update.exe start ServicePortalAgent.exe}""</Data><Data Name='TargetUserSid'>NULL SID</Data><Data Name='TargetUserName'>-</Data><Data Name='TargetDomainName'>-</Data><Data Name='TargetLogonId'>0x0</Data><Data Name='ParentProcessName'>C:\Windows\System32\svchost.exe</Data><Data Name='MandatoryLabel'>Mandatory Label\System Mandatory Level</Data>",4688,30370002,,,,,,,,,,,0x8020000000000000,0,,,,0x3e7,,Mandatory Label\System Mandatory Level,,,,,'Microsoft-Windows-Security-Auditing',0x4214,C:\Windows\System32\WindowsPowerShell\v1.0\powershell.exe,,,,,,0,C:\Windows\System32\svchost.exe,,,,'4',0x844,,"""powershell.exe"" -Command ""if (!(Get-Process -Name ServicePortalAgent -ErrorAction SilentlyContinue) -and !(Get-Process -Name Update -ErrorAction SilentlyContinue | where {$_.Path.Contains('ServicePortalAgent')})) {&amp; $env:windir\ServiceProfiles\LocalService\AppData\Local\ServicePortalAgent\Update.exe start ServicePortalAgent.exe}""",,30370002,,,,,,,MMM,0x3e7,mmm22457339STB$,NT AUTHORITY\SYSTEM,,'2026-05-19T12:34:48.1681213Z',<Provider Name='Microsoft-Windows-Security-Auditing' Guid='{54849625-5478-4994-a5ba-3e3b0328c30d}'/><EventID>4688</EventID><Version>2</Version><Level>0</Level><Task>13312</Task><Opcode>0</Opcode><Keywords>0x8020000000000000</Keywords><TimeCreated SystemTime='2026-05-19T12:34:48.1681213Z'/><EventRecordID>30370002</EventRecordID><Correlation/><Execution ProcessID='4' ThreadID='3592'/><Channel>Security</Channel><Computer>mmm22457339STB.mmm.hhh.ggg</Computer><Security/>,-,0x0,,,-,NULL SID,,,-,,-,13312,'3592',%%1936,%%1936,1936,,,,,2,,,,,2026-05-19T08:34:48.168-0400,allowed,win:unknown,,,,,mmm22457339STB.mmm.hhh.ggg,,mmm22457339STB.mmm.hhh.ggg,mmm22457339STB,30370002,endpoint_services_processes windows_endpoint_processes windows_event_signature windows_process_new wineventlog_security wineventlog_windows winsec,,,mmm22457339STB,30370002,occs-sss-windows,1,A new process has been created,C:\Windows\System32\WindowsPowerShell\v1.0\powershell.exe,0x4214,powershell.exe,,,,,,,C:\Windows\System32\svchost.exe,0x844,svchost.exe,C:\Windows\System32\svchost.exe,"C:\Windows\System32\WindowsPowerShell\v1.0\powershell.exe -Command ""if (!(Get-Process -Name ServicePortalAgent -ErrorAction SilentlyContinue) -and !(Get-Process -Name Update -ErrorAction SilentlyContinue | where {$_.Path.Contains('ServicePortalAgent')})) {&amp; $env:windir\ServiceProfiles\LocalService\AppData\Local\ServicePortalAgent\Update.exe start ServicePortalAgent.exe}""","-Command ""if (!(Get-Process -Name ServicePortalAgent -ErrorAction SilentlyContinue) -and !(Get-Process -Name Update -ErrorAction SilentlyContinue | where {$_.Path.Contains('ServicePortalAgent')})) {&amp; $env:windir\ServiceProfiles\LocalService\AppData\Local\ServicePortalAgent\Update.exe start ServicePortalAgent.exe}""","""powershell.exe""",powershell.exe,0x4214,powershell.exe,C:\Windows\System32\WindowsPowerShell\v1.0\powershell.exe,Windows,<_='://../////'><><_='---'_='{----}'/><></><></><>,,,,,,,,0x3e7,,,A new process has been created,4688,XmlWinEventLog:Security,XmlWinEventLog,bbbbbsplunkes01,,,MMM,,mmm22457339STB$,,success,A new process has been created,failure,,,"execute
os
process
report
security
start
track_event_signatures
windows",,,,"execute
os
process
report
security
start
track_event_signatures
windows",,,mmm22457339STB$,-,,,,,Microsoft,,Microsoft Windows
,,,,,MMM,,,mmm22457337STB$,,,Security,,,,,,"""powershell.exe"" -Command ""if (!(Get-Process -Name ServicePortalAgent -ErrorAction SilentlyContinue) -and !(Get-Process -Name Update -ErrorAction SilentlyContinue | where {$_.Path.Contains('ServicePortalAgent')})) {&amp; $env:windir\ServiceProfiles\LocalService\AppData\Local\ServicePortalAgent\Update.exe start ServicePortalAgent.exe}""",mmm22457337STB.mmm.hhh.ggg,,,,-,4688,"<Data Name='SubjectUserSid'>NT AUTHORITY\SYSTEM</Data><Data Name='SubjectUserName'>mmm22457337STB$</Data><Data Name='SubjectDomainName'>MMM</Data><Data Name='SubjectLogonId'>0x3e7</Data><Data Name='NewProcessId'>0x3378</Data><Data Name='NewProcessName'>C:\Windows\System32\WindowsPowerShell\v1.0\powershell.exe</Data><Data Name='TokenElevationType'>%%1936</Data><Data Name='ProcessId'>0x850</Data><Data Name='CommandLine'>""powershell.exe"" -Command ""if (!(Get-Process -Name ServicePortalAgent -ErrorAction SilentlyContinue) -and !(Get-Process -Name Update -ErrorAction SilentlyContinue | where {$_.Path.Contains('ServicePortalAgent')})) {&amp; $env:windir\ServiceProfiles\LocalService\AppData\Local\ServicePortalAgent\Update.exe start ServicePortalAgent.exe}""</Data><Data Name='TargetUserSid'>NULL SID</Data><Data Name='TargetUserName'>-</Data><Data Name='TargetDomainName'>-</Data><Data Name='TargetLogonId'>0x0</Data><Data Name='ParentProcessName'>C:\Windows\System32\svchost.exe</Data><Data Name='MandatoryLabel'>Mandatory Label\System Mandatory Level</Data>",4688,7463513,,,,,,,,,,,0x8020000000000000,0,,,,0x3e7,,Mandatory Label\System Mandatory Level,,,,,'Microsoft-Windows-Security-Auditing',0x3378,C:\Windows\System32\WindowsPowerShell\v1.0\powershell.exe,,,,,,0,C:\Windows\System32\svchost.exe,,,,'4',0x850,,"""powershell.exe"" -Command ""if (!(Get-Process -Name ServicePortalAgent -ErrorAction SilentlyContinue) -and !(Get-Process -Name Update -ErrorAction SilentlyContinue | where {$_.Path.Contains('ServicePortalAgent')})) {&amp; $env:windir\ServiceProfiles\LocalService\AppData\Local\ServicePortalAgent\Update.exe start ServicePortalAgent.exe}""",,7463513,,,,,,,MMM,0x3e7,mmm22457337STB$,NT AUTHORITY\SYSTEM,,'2026-05-19T12:34:41.3225020Z',<Provider Name='Microsoft-Windows-Security-Auditing' Guid='{54849625-5478-4994-a5ba-3e3b0328c30d}'/><EventID>4688</EventID><Version>2</Version><Level>0</Level><Task>13312</Task><Opcode>0</Opcode><Keywords>0x8020000000000000</Keywords><TimeCreated SystemTime='2026-05-19T12:34:41.3225020Z'/><EventRecordID>7463513</EventRecordID><Correlation/><Execution ProcessID='4' ThreadID='1872'/><Channel>Security</Channel><Computer>mmm22457337STB.mmm.hhh.ggg</Computer><Security/>,-,0x0,,,-,NULL SID,,,-,,-,13312,'1872',%%1936,%%1936,1936,,,,,2,,,,,2026-05-19T08:34:41.322-0400,allowed,win:unknown,,,,,mmm22457337STB.mmm.hhh.ggg,,mmm22457337STB.mmm.hhh.ggg,mmm22457337STB,7463513,endpoint_services_processes windows_endpoint_processes windows_event_signature windows_process_new wineventlog_security wineventlog_windows winsec,,,mmm22457337STB,7463513,occs-sss-windows,1,A new process has been created,C:\Windows\System32\WindowsPowerShell\v1.0\powershell.exe,0x3378,powershell.exe,,,,,,,C:\Windows\System32\svchost.exe,0x850,svchost.exe,C:\Windows\System32\svchost.exe,"C:\Windows\System32\WindowsPowerShell\v1.0\powershell.exe -Command ""if (!(Get-Process -Name ServicePortalAgent -ErrorAction SilentlyContinue) -and !(Get-Process -Name Update -ErrorAction SilentlyContinue | where {$_.Path.Contains('ServicePortalAgent')})) {&amp; $env:windir\ServiceProfiles\LocalService\AppData\Local\ServicePortalAgent\Update.exe start ServicePortalAgent.exe}""","-Command ""if (!(Get-Process -Name ServicePortalAgent -ErrorAction SilentlyContinue) -and !(Get-Process -Name Update -ErrorAction SilentlyContinue | where {$_.Path.Contains('ServicePortalAgent')})) {&amp; $env:windir\ServiceProfiles\LocalService\AppData\Local\ServicePortalAgent\Update.exe start ServicePortalAgent.exe}""","""powershell.exe""",powershell.exe,0x3378,powershell.exe,C:\Windows\System32\WindowsPowerShell\v1.0\powershell.exe,Windows,<_='://../////'><><_='---'_='{----}'/><></><></><>,,,,,,,,0x3e7,,,A new process has been created,4688,XmlWinEventLog:Security,XmlWinEventLog,bbbbbsplunkes03,,,MMM,,mmm22457337STB$,,success,A new process has been created,failure,,,"execute
os
process
report
security
start
track_event_signatures
windows",,,,"execute
os
process
report
security
start
track_event_signatures
windows",,,mmm22457337STB$,-,,,,,Microsoft,,Microsoft Windows
,,,,,MMM,,,ppppPWBSWNODE04$,,,Security,,,,,,"""C:\Windows\system32\WindowsPowerShell\v1.0\PowerShell.exe"" -Nologo -Noninteractive -NoProfile -ExecutionPolicy Bypass; Get-DeliveryOptimizationStatus | where-object {($_.Sourceurl -CLike 'http://localhost:8005*') -AND (($_.FileSize -ge '52428800') -or ($_.BytesFromPeers -ne '0') -or (($_.BytesFromCacheServer -ne '0') -and ($_.BytesFromCacheServer -ne $null)))} | select-object -Property BytesFromHttp, FileId, BytesFromPeers,Status,BytesFromCacheServer,SourceURL | ConvertTo-Xml -as string -NoTypeInformation",pppppwbswnode04.mmm.hhh.ggg,,,,-,4688,"<Data Name='SubjectUserSid'>NT AUTHORITY\SYSTEM</Data><Data Name='SubjectUserName'>ppppPWBSWNODE04$</Data><Data Name='SubjectDomainName'>MMM</Data><Data Name='SubjectLogonId'>0x3e7</Data><Data Name='NewProcessId'>0x3340</Data><Data Name='NewProcessName'>C:\Windows\System32\WindowsPowerShell\v1.0\powershell.exe</Data><Data Name='TokenElevationType'>%%1936</Data><Data Name='ProcessId'>0x760</Data><Data Name='CommandLine'>""C:\Windows\system32\WindowsPowerShell\v1.0\PowerShell.exe"" -Nologo -Noninteractive -NoProfile -ExecutionPolicy Bypass; Get-DeliveryOptimizationStatus | where-object {($_.Sourceurl -CLike 'http://localhost:8005*') -AND (($_.FileSize -ge '52428800') -or ($_.BytesFromPeers -ne '0') -or (($_.BytesFromCacheServer -ne '0') -and ($_.BytesFromCacheServer -ne $null)))} | select-object -Property BytesFromHttp, FileId, BytesFromPeers,Status,BytesFromCacheServer,SourceURL | ConvertTo-Xml -as string -NoTypeInformation</Data><Data Name='TargetUserSid'>NULL SID</Data><Data Name='TargetUserName'>-</Data><Data Name='TargetDomainName'>-</Data><Data Name='TargetLogonId'>0x0</Data><Data Name='ParentProcessName'>C:\Windows\CCM\CcmExec.exe</Data><Data Name='MandatoryLabel'>Mandatory Label\System Mandatory Level</Data>",4688,167573777,,,,,,,,,,,0x8020000000000000,0,,,,0x3e7,,Mandatory Label\System Mandatory Level,,,,,'Microsoft-Windows-Security-Auditing',0x3340,C:\Windows\System32\WindowsPowerShell\v1.0\powershell.exe,,,,,,0,C:\Windows\CCM\CcmExec.exe,,,,'4',0x760,,"""C:\Windows\system32\WindowsPowerShell\v1.0\PowerShell.exe"" -Nologo -Noninteractive -NoProfile -ExecutionPolicy Bypass; Get-DeliveryOptimizationStatus | where-object {($_.Sourceurl -CLike 'http://localhost:8005*') -AND (($_.FileSize -ge '52428800') -or ($_.BytesFromPeers -ne '0') -or (($_.BytesFromCacheServer -ne '0') -and ($_.BytesFromCacheServer -ne $null)))} | select-object -Property BytesFromHttp, FileId, BytesFromPeers,Status,BytesFromCacheServer,SourceURL | ConvertTo-Xml -as string -NoTypeInformation",,167573777,,,,,,,MMM,0x3e7,ppppPWBSWNODE04$,NT AUTHORITY\SYSTEM,,'2026-05-19T12:33:59.706774800Z',<Provider Name='Microsoft-Windows-Security-Auditing' Guid='{54849625-5478-4994-a5ba-3e3b0328c30d}'/><EventID>4688</EventID><Version>2</Version><Level>0</Level><Task>13312</Task><Opcode>0</Opcode><Keywords>0x8020000000000000</Keywords><TimeCreated SystemTime='2026-05-19T12:33:59.706774800Z'/><EventRecordID>167573777</EventRecordID><Correlation/><Execution ProcessID='4' ThreadID='10576'/><Channel>Security</Channel><Computer>pppppwbswnode04.mmm.hhh.ggg</Computer><Security/>,-,0x0,,,-,NULL SID,,,-,,-,13312,'10576',%%1936,%%1936,1936,,,,,2,,,,,2026-05-19T08:33:59.706-0400,allowed,win:unknown,,,,,pppppwbswnode04.mmm.hhh.ggg,,pppppwbswnode04.mmm.hhh.ggg,pppppwbswnode04,167573777,endpoint_services_processes windows_endpoint_processes windows_event_signature windows_process_new wineventlog_security wineventlog_windows winsec,,,pppppwbswnode04,167573777,occs-sss-windows,1,A new process has been created,C:\Windows\System32\WindowsPowerShell\v1.0\powershell.exe,0x3340,powershell.exe,,,,,,,C:\Windows\CCM\CcmExec.exe,0x760,CcmExec.exe,C:\Windows\CCM\CcmExec.exe,"""C:\Windows\system32\WindowsPowerShell\v1.0\PowerShell.exe"" -Nologo -Noninteractive -NoProfile -ExecutionPolicy Bypass; Get-DeliveryOptimizationStatus | where-object {($_.Sourceurl -CLike 'http://localhost:8005*') -AND (($_.FileSize -ge '52428800') -or ($_.BytesFromPeers -ne '0') -or (($_.BytesFromCacheServer -ne '0') -and ($_.BytesFromCacheServer -ne $null)))} | select-object -Property BytesFromHttp, FileId, BytesFromPeers,Status,BytesFromCacheServer,SourceURL | ConvertTo-Xml -as string -NoTypeInformation","-Nologo -Noninteractive -NoProfile -ExecutionPolicy Bypass; Get-DeliveryOptimizationStatus | where-object {($_.Sourceurl -CLike 'http://localhost:8005*') -AND (($_.FileSize -ge '52428800') -or ($_.BytesFromPeers -ne '0') -or (($_.BytesFromCacheServer -ne '0') -and ($_.BytesFromCacheServer -ne $null)))} | select-object -Property BytesFromHttp, FileId, BytesFromPeers,Status,BytesFromCacheServer,SourceURL | ConvertTo-Xml -as string -NoTypeInformation","""C:\Windows\system32\WindowsPowerShell\v1.0\PowerShell.exe""",powershell.exe,0x3340,powershell.exe,C:\Windows\System32\WindowsPowerShell\v1.0\powershell.exe,Windows,<_='://../////'><><_='---'_='{----}'/><></><></><>,,,,,,,,0x3e7,,,A new process has been created,4688,XmlWinEventLog:Security,XmlWinEventLog,bbbbbsplunkes02,,,MMM,,ppppPWBSWNODE04$,,success,A new process has been created,failure,,,"execute
os
process
report
security
start
track_event_signatures
windows",,,,"execute
os
process
report
security
start
track_event_signatures
windows",,,ppppPWBSWNODE04$,-,,,,,Microsoft,,Microsoft Windows
,,,,,MMM,,,mmm22457339STB$,,,Security,,,,,,"""powershell.exe"" -Command ""if (!(Get-Process -Name ServicePortalAgent -ErrorAction SilentlyContinue) -and !(Get-Process -Name Update -ErrorAction SilentlyContinue | where {$_.Path.Contains('ServicePortalAgent')})) {&amp; $env:windir\ServiceProfiles\LocalService\AppData\Local\ServicePortalAgent\Update.exe start ServicePortalAgent.exe}""",mmm22457339STB.mmm.hhh.ggg,,,,-,4688,"<Data Name='SubjectUserSid'>NT AUTHORITY\SYSTEM</Data><Data Name='SubjectUserName'>mmm22457339STB$</Data><Data Name='SubjectDomainName'>MMM</Data><Data Name='SubjectLogonId'>0x3e7</Data><Data Name='NewProcessId'>0x9dc</Data><Data Name='NewProcessName'>C:\Windows\System32\WindowsPowerShell\v1.0\powershell.exe</Data><Data Name='TokenElevationType'>%%1936</Data><Data Name='ProcessId'>0x844</Data><Data Name='CommandLine'>""powershell.exe"" -Command ""if (!(Get-Process -Name ServicePortalAgent -ErrorAction SilentlyContinue) -and !(Get-Process -Name Update -ErrorAction SilentlyContinue | where {$_.Path.Contains('ServicePortalAgent')})) {&amp; $env:windir\ServiceProfiles\LocalService\AppData\Local\ServicePortalAgent\Update.exe start ServicePortalAgent.exe}""</Data><Data Name='TargetUserSid'>NULL SID</Data><Data Name='TargetUserName'>-</Data><Data Name='TargetDomainName'>-</Data><Data Name='TargetLogonId'>0x0</Data><Data Name='ParentProcessName'>C:\Windows\System32\svchost.exe</Data><Data Name='MandatoryLabel'>Mandatory Label\System Mandatory Level</Data>",4688,30368802,,,,,,,,,,,0x8020000000000000,0,,,,0x3e7,,Mandatory Label\System Mandatory Level,,,,,'Microsoft-Windows-Security-Auditing',0x9dc,C:\Windows\System32\WindowsPowerShell\v1.0\powershell.exe,,,,,,0,C:\Windows\System32\svchost.exe,,,,'4',0x844,,"""powershell.exe"" -Command ""if (!(Get-Process -Name ServicePortalAgent -ErrorAction SilentlyContinue) -and !(Get-Process -Name Update -ErrorAction SilentlyContinue | where {$_.Path.Contains('ServicePortalAgent')})) {&amp; $env:windir\ServiceProfiles\LocalService\AppData\Local\ServicePortalAgent\Update.exe start ServicePortalAgent.exe}""",,30368802,,,,,,,MMM,0x3e7,mmm22457339STB$,NT AUTHORITY\SYSTEM,,'2026-05-19T12:33:48.1558805Z',<Provider Name='Microsoft-Windows-Security-Auditing' Guid='{54849625-5478-4994-a5ba-3e3b0328c30d}'/><EventID>4688</EventID><Version>2</Version><Level>0</Level><Task>13312</Task><Opcode>0</Opcode><Keywords>0x8020000000000000</Keywords><TimeCreated SystemTime='2026-05-19T12:33:48.1558805Z'/><EventRecordID>30368802</EventRecordID><Correlation/><Execution ProcessID='4' ThreadID='9792'/><Channel>Security</Channel><Computer>mmm22457339STB.mmm.hhh.ggg</Computer><Security/>,-,0x0,,,-,NULL SID,,,-,,-,13312,'9792',%%1936,%%1936,1936,,,,,2,,,,,2026-05-19T08:33:48.155-0400,allowed,win:unknown,,,,,mmm22457339STB.mmm.hhh.ggg,,mmm22457339STB.mmm.hhh.ggg,mmm22457339STB,30368802,endpoint_services_processes windows_endpoint_processes windows_event_signature windows_process_new wineventlog_security wineventlog_windows winsec,,,mmm22457339STB,30368802,occs-sss-windows,1,A new process has been created,C:\Windows\System32\WindowsPowerShell\v1.0\powershell.exe,0x9dc,powershell.exe,,,,,,,C:\Windows\System32\svchost.exe,0x844,svchost.exe,C:\Windows\System32\svchost.exe,"C:\Windows\System32\WindowsPowerShell\v1.0\powershell.exe -Command ""if (!(Get-Process -Name ServicePortalAgent -ErrorAction SilentlyContinue) -and !(Get-Process -Name Update -ErrorAction SilentlyContinue | where {$_.Path.Contains('ServicePortalAgent')})) {&amp; $env:windir\ServiceProfiles\LocalService\AppData\Local\ServicePortalAgent\Update.exe start ServicePortalAgent.exe}""","-Command ""if (!(Get-Process -Name ServicePortalAgent -ErrorAction SilentlyContinue) -and !(Get-Process -Name Update -ErrorAction SilentlyContinue | where {$_.Path.Contains('ServicePortalAgent')})) {&amp; $env:windir\ServiceProfiles\LocalService\AppData\Local\ServicePortalAgent\Update.exe start ServicePortalAgent.exe}""","""powershell.exe""",powershell.exe,0x9dc,powershell.exe,C:\Windows\System32\WindowsPowerShell\v1.0\powershell.exe,Windows,<_='://../////'><><_='---'_='{----}'/><></><></><>,,,,,,,,0x3e7,,,A new process has been created,4688,XmlWinEventLog:Security,XmlWinEventLog,bbbbbsplunkes01,,,MMM,,mmm22457339STB$,,success,A new process has been created,failure,,,"execute
os
process
report
security
start
track_event_signatures
windows",,,,"execute
os
process
report
security
start
track_event_signatures
windows",,,mmm22457339STB$,-,,,,,Microsoft,,Microsoft Windows
,,,,,MMM,,,mmm22457337STB$,,,Security,,,,,,"""powershell.exe"" -Command ""if (!(Get-Process -Name ServicePortalAgent -ErrorAction SilentlyContinue) -and !(Get-Process -Name Update -ErrorAction SilentlyContinue | where {$_.Path.Contains('ServicePortalAgent')})) {&amp; $env:windir\ServiceProfiles\LocalService\AppData\Local\ServicePortalAgent\Update.exe start ServicePortalAgent.exe}""",mmm22457337STB.mmm.hhh.ggg,,,,-,4688,"<Data Name='SubjectUserSid'>NT AUTHORITY\SYSTEM</Data><Data Name='SubjectUserName'>mmm22457337STB$</Data><Data Name='SubjectDomainName'>MMM</Data><Data Name='SubjectLogonId'>0x3e7</Data><Data Name='NewProcessId'>0x14ec</Data><Data Name='NewProcessName'>C:\Windows\System32\WindowsPowerShell\v1.0\powershell.exe</Data><Data Name='TokenElevationType'>%%1936</Data><Data Name='ProcessId'>0x850</Data><Data Name='CommandLine'>""powershell.exe"" -Command ""if (!(Get-Process -Name ServicePortalAgent -ErrorAction SilentlyContinue) -and !(Get-Process -Name Update -ErrorAction SilentlyContinue | where {$_.Path.Contains('ServicePortalAgent')})) {&amp; $env:windir\ServiceProfiles\LocalService\AppData\Local\ServicePortalAgent\Update.exe start ServicePortalAgent.exe}""</Data><Data Name='TargetUserSid'>NULL SID</Data><Data Name='TargetUserName'>-</Data><Data Name='TargetDomainName'>-</Data><Data Name='TargetLogonId'>0x0</Data><Data Name='ParentProcessName'>C:\Windows\System32\svchost.exe</Data><Data Name='MandatoryLabel'>Mandatory Label\System Mandatory Level</Data>",4688,7463483,,,,,,,,,,,0x8020000000000000,0,,,,0x3e7,,Mandatory Label\System Mandatory Level,,,,,'Microsoft-Windows-Security-Auditing',0x14ec,C:\Windows\System32\WindowsPowerShell\v1.0\powershell.exe,,,,,,0,C:\Windows\System32\svchost.exe,,,,'4',0x850,,"""powershell.exe"" -Command ""if (!(Get-Process -Name ServicePortalAgent -ErrorAction SilentlyContinue) -and !(Get-Process -Name Update -ErrorAction SilentlyContinue | where {$_.Path.Contains('ServicePortalAgent')})) {&amp; $env:windir\ServiceProfiles\LocalService\AppData\Local\ServicePortalAgent\Update.exe start ServicePortalAgent.exe}""",,7463483,,,,,,,MMM,0x3e7,mmm22457337STB$,NT AUTHORITY\SYSTEM,,'2026-05-19T12:33:40.4759871Z',<Provider Name='Microsoft-Windows-Security-Auditing' Guid='{54849625-5478-4994-a5ba-3e3b0328c30d}'/><EventID>4688</EventID><Version>2</Version><Level>0</Level><Task>13312</Task><Opcode>0</Opcode><Keywords>0x8020000000000000</Keywords><TimeCreated SystemTime='2026-05-19T12:33:40.4759871Z'/><EventRecordID>7463483</EventRecordID><Correlation/><Execution ProcessID='4' ThreadID='7272'/><Channel>Security</Channel><Computer>mmm22457337STB.mmm.hhh.ggg</Computer><Security/>,-,0x0,,,-,NULL SID,,,-,,-,13312,'7272',%%1936,%%1936,1936,,,,,2,,,,,2026-05-19T08:33:40.475-0400,allowed,win:unknown,,,,,mmm22457337STB.mmm.hhh.ggg,,mmm22457337STB.mmm.hhh.ggg,mmm22457337STB,7463483,endpoint_services_processes windows_endpoint_processes windows_event_signature windows_process_new wineventlog_security wineventlog_windows winsec,,,mmm22457337STB,7463483,occs-sss-windows,1,A new process has been created,C:\Windows\System32\WindowsPowerShell\v1.0\powershell.exe,0x14ec,powershell.exe,,,,,,,C:\Windows\System32\svchost.exe,0x850,svchost.exe,C:\Windows\System32\svchost.exe,"C:\Windows\System32\WindowsPowerShell\v1.0\powershell.exe -Command ""if (!(Get-Process -Name ServicePortalAgent -ErrorAction SilentlyContinue) -and !(Get-Process -Name Update -ErrorAction SilentlyContinue | where {$_.Path.Contains('ServicePortalAgent')})) {&amp; $env:windir\ServiceProfiles\LocalService\AppData\Local\ServicePortalAgent\Update.exe start ServicePortalAgent.exe}""","-Command ""if (!(Get-Process -Name ServicePortalAgent -ErrorAction SilentlyContinue) -and !(Get-Process -Name Update -ErrorAction SilentlyContinue | where {$_.Path.Contains('ServicePortalAgent')})) {&amp; $env:windir\ServiceProfiles\LocalService\AppData\Local\ServicePortalAgent\Update.exe start ServicePortalAgent.exe}""","""powershell.exe""",powershell.exe,0x14ec,powershell.exe,C:\Windows\System32\WindowsPowerShell\v1.0\powershell.exe,Windows,<_='://../////'><><_='---'_='{----}'/><></><></><>,,,,,,,,0x3e7,,,A new process has been created,4688,XmlWinEventLog:Security,XmlWinEventLog,bbbbbsplunkes03,,,MMM,,mmm22457337STB$,,success,A new process has been created,failure,,,"execute
os
process
report
security
start
track_event_signatures
windows",,,,"execute
os
process
report
security
start
track_event_signatures
windows",,,mmm22457337STB$,-,,,,,Microsoft,,Microsoft Windows
,,,,,MMM,,,ppppPWBADDC03$,,,Security,,,,,,where  /Q repadmin,ppppPWBADDC03.mmm.hhh.ggg,,,,-,4688,<Data Name='SubjectUserSid'>NT AUTHORITY\SYSTEM</Data><Data Name='SubjectUserName'>ppppPWBADDC03$</Data><Data Name='SubjectDomainName'>MMM</Data><Data Name='SubjectLogonId'>0x3e7</Data><Data Name='NewProcessId'>0x6fc</Data><Data Name='NewProcessName'>C:\Windows\System32\where.exe</Data><Data Name='TokenElevationType'>%%1936</Data><Data Name='ProcessId'>0x176c</Data><Data Name='CommandLine'>where  /Q repadmin </Data><Data Name='TargetUserSid'>NULL SID</Data><Data Name='TargetUserName'>-</Data><Data Name='TargetDomainName'>-</Data><Data Name='TargetLogonId'>0x0</Data><Data Name='ParentProcessName'>C:\Windows\System32\cmd.exe</Data><Data Name='MandatoryLabel'>Mandatory Label\System Mandatory Level</Data>,4688,999706510,,,,,,,,,,,0x8020000000000000,0,,,,0x3e7,,Mandatory Label\System Mandatory Level,,,,,'Microsoft-Windows-Security-Auditing',0x6fc,C:\Windows\System32\where.exe,,,,,,0,C:\Windows\System32\cmd.exe,,,,'4',0x176c,,where  /Q repadmin,,999706510,,,,,,,MMM,0x3e7,ppppPWBADDC03$,NT AUTHORITY\SYSTEM,,'2026-05-19T12:33:36.0502808Z',<Provider Name='Microsoft-Windows-Security-Auditing' Guid='{54849625-5478-4994-a5ba-3e3b0328c30d}'/><EventID>4688</EventID><Version>2</Version><Level>0</Level><Task>13312</Task><Opcode>0</Opcode><Keywords>0x8020000000000000</Keywords><TimeCreated SystemTime='2026-05-19T12:33:36.0502808Z'/><EventRecordID>999706510</EventRecordID><Correlation/><Execution ProcessID='4' ThreadID='13988'/><Channel>Security</Channel><Computer>ppppPWBADDC03.mmm.hhh.ggg</Computer><Security/>,-,0x0,,,-,NULL SID,,,-,,-,13312,'13988',%%1936,%%1936,1936,,,,,2,,,,,2026-05-19T08:33:36.050-0400,allowed,win:unknown,,,,,ppppPWBADDC03.mmm.hhh.ggg,,ppppPWBADDC03.mmm.hhh.ggg,ppppPWBADDC03,999706510,endpoint_services_processes windows_endpoint_processes windows_event_signature windows_process_new wineventlog_security wineventlog_windows winsec,,,ppppPWBADDC03,999706510,occs-sss-windows,1,A new process has been created,C:\Windows\System32\where.exe,0x6fc,where.exe,,,,,,,C:\Windows\System32\cmd.exe,0x176c,cmd.exe,C:\Windows\System32\cmd.exe,C:\Windows\System32\where.exe /Q repadmin,/Q repadmin,where,where.exe,0x6fc,where.exe,C:\Windows\System32\where.exe,Windows,<_='://../////'><><_='---'_='{----}'/><></><></><>,,,,,,,,0x3e7,,,A new process has been created,4688,XmlWinEventLog:Security,XmlWinEventLog,bbbbbsplunkes03,,,MMM,,ppppPWBADDC03$,,success,A new process has been created,failure,,,"execute
os
process
report
security
start
track_event_signatures
windows",,,,"execute
os
process
report
security
start
track_event_signatures
windows",,,ppppPWBADDC03$,-,,,,,Microsoft,,Microsoft Windows
,,,,,MMM,,,ppppPWBSWNODE01$,,,Security,,,,,,"""C:\Windows\system32\WindowsPowerShell\v1.0\PowerShell.exe"" -Nologo -Noninteractive -NoProfile -ExecutionPolicy Bypass; Get-DeliveryOptimizationStatus | where-object {($_.Sourceurl -CLike 'http://localhost:8005*') -AND (($_.FileSize -ge '52428800') -or ($_.BytesFromPeers -ne '0') -or (($_.BytesFromCacheServer -ne '0') -and ($_.BytesFromCacheServer -ne $null)))} | select-object -Property BytesFromHttp, FileId, BytesFromPeers,Status,BytesFromCacheServer,SourceURL | ConvertTo-Xml -as string -NoTypeInformation",pppppwbswnode01.mmm.hhh.ggg,,,,-,4688,"<Data Name='SubjectUserSid'>NT AUTHORITY\SYSTEM</Data><Data Name='SubjectUserName'>ppppPWBSWNODE01$</Data><Data Name='SubjectDomainName'>MMM</Data><Data Name='SubjectLogonId'>0x3e7</Data><Data Name='NewProcessId'>0x251c</Data><Data Name='NewProcessName'>C:\Windows\System32\WindowsPowerShell\v1.0\powershell.exe</Data><Data Name='TokenElevationType'>%%1936</Data><Data Name='ProcessId'>0x16c8</Data><Data Name='CommandLine'>""C:\Windows\system32\WindowsPowerShell\v1.0\PowerShell.exe"" -Nologo -Noninteractive -NoProfile -ExecutionPolicy Bypass; Get-DeliveryOptimizationStatus | where-object {($_.Sourceurl -CLike 'http://localhost:8005*') -AND (($_.FileSize -ge '52428800') -or ($_.BytesFromPeers -ne '0') -or (($_.BytesFromCacheServer -ne '0') -and ($_.BytesFromCacheServer -ne $null)))} | select-object -Property BytesFromHttp, FileId, BytesFromPeers,Status,BytesFromCacheServer,SourceURL | ConvertTo-Xml -as string -NoTypeInformation</Data><Data Name='TargetUserSid'>NULL SID</Data><Data Name='TargetUserName'>-</Data><Data Name='TargetDomainName'>-</Data><Data Name='TargetLogonId'>0x0</Data><Data Name='ParentProcessName'>C:\Windows\CCM\CcmExec.exe</Data><Data Name='MandatoryLabel'>Mandatory Label\System Mandatory Level</Data>",4688,148941243,,,,,,,,,,,0x8020000000000000,0,,,,0x3e7,,Mandatory Label\System Mandatory Level,,,,,'Microsoft-Windows-Security-Auditing',0x251c,C:\Windows\System32\WindowsPowerShell\v1.0\powershell.exe,,,,,,0,C:\Windows\CCM\CcmExec.exe,,,,'4',0x16c8,,"""C:\Windows\system32\WindowsPowerShell\v1.0\PowerShell.exe"" -Nologo -Noninteractive -NoProfile -ExecutionPolicy Bypass; Get-DeliveryOptimizationStatus | where-object {($_.Sourceurl -CLike 'http://localhost:8005*') -AND (($_.FileSize -ge '52428800') -or ($_.BytesFromPeers -ne '0') -or (($_.BytesFromCacheServer -ne '0') -and ($_.BytesFromCacheServer -ne $null)))} | select-object -Property BytesFromHttp, FileId, BytesFromPeers,Status,BytesFromCacheServer,SourceURL | ConvertTo-Xml -as string -NoTypeInformation",,148941243,,,,,,,MMM,0x3e7,ppppPWBSWNODE01$,NT AUTHORITY\SYSTEM,,'2026-05-19T12:33:32.418617100Z',<Provider Name='Microsoft-Windows-Security-Auditing' Guid='{54849625-5478-4994-a5ba-3e3b0328c30d}'/><EventID>4688</EventID><Version>2</Version><Level>0</Level><Task>13312</Task><Opcode>0</Opcode><Keywords>0x8020000000000000</Keywords><TimeCreated SystemTime='2026-05-19T12:33:32.418617100Z'/><EventRecordID>148941243</EventRecordID><Correlation/><Execution ProcessID='4' ThreadID='10496'/><Channel>Security</Channel><Computer>pppppwbswnode01.mmm.hhh.ggg</Computer><Security/>,-,0x0,,,-,NULL SID,,,-,,-,13312,'10496',%%1936,%%1936,1936,,,,,2,,,,,2026-05-19T08:33:32.418-0400,allowed,win:unknown,,,,,pppppwbswnode01.mmm.hhh.ggg,,pppppwbswnode01.mmm.hhh.ggg,pppppwbswnode01,148941243,endpoint_services_processes windows_endpoint_processes windows_event_signature windows_process_new wineventlog_security wineventlog_windows winsec,,,pppppwbswnode01,148941243,occs-sss-windows,1,A new process has been created,C:\Windows\System32\WindowsPowerShell\v1.0\powershell.exe,0x251c,powershell.exe,,,,,,,C:\Windows\CCM\CcmExec.exe,0x16c8,CcmExec.exe,C:\Windows\CCM\CcmExec.exe,"""C:\Windows\system32\WindowsPowerShell\v1.0\PowerShell.exe"" -Nologo -Noninteractive -NoProfile -ExecutionPolicy Bypass; Get-DeliveryOptimizationStatus | where-object {($_.Sourceurl -CLike 'http://localhost:8005*') -AND (($_.FileSize -ge '52428800') -or ($_.BytesFromPeers -ne '0') -or (($_.BytesFromCacheServer -ne '0') -and ($_.BytesFromCacheServer -ne $null)))} | select-object -Property BytesFromHttp, FileId, BytesFromPeers,Status,BytesFromCacheServer,SourceURL | ConvertTo-Xml -as string -NoTypeInformation","-Nologo -Noninteractive -NoProfile -ExecutionPolicy Bypass; Get-DeliveryOptimizationStatus | where-object {($_.Sourceurl -CLike 'http://localhost:8005*') -AND (($_.FileSize -ge '52428800') -or ($_.BytesFromPeers -ne '0') -or (($_.BytesFromCacheServer -ne '0') -and ($_.BytesFromCacheServer -ne $null)))} | select-object -Property BytesFromHttp, FileId, BytesFromPeers,Status,BytesFromCacheServer,SourceURL | ConvertTo-Xml -as string -NoTypeInformation","""C:\Windows\system32\WindowsPowerShell\v1.0\PowerShell.exe""",powershell.exe,0x251c,powershell.exe,C:\Windows\System32\WindowsPowerShell\v1.0\powershell.exe,Windows,<_='://../////'><><_='---'_='{----}'/><></><></><>,,,,,,,,0x3e7,,,A new process has been created,4688,XmlWinEventLog:Security,XmlWinEventLog,bbbbbsplunkes01,,,MMM,,ppppPWBSWNODE01$,,success,A new process has been created,failure,,,"execute
os
process
report
security
start
track_event_signatures
windows",,,,"execute
os
process
report
security
start
track_event_signatures
windows",,,ppppPWBSWNODE01$,-,,,,,Microsoft,,Microsoft Windows
,,,,,MMM,,,MMMXDDC02$,,,Security,,,,,,"""C:\Windows\system32\WindowsPowerShell\v1.0\PowerShell.exe"" -Nologo -Noninteractive -NoProfile -ExecutionPolicy Bypass; Get-DeliveryOptimizationStatus | where-object {($_.Sourceurl -CLike 'http://localhost:8005*') -AND (($_.FileSize -ge '52428800') -or ($_.BytesFromPeers -ne '0') -or (($_.BytesFromCacheServer -ne '0') -and ($_.BytesFromCacheServer -ne $null)))} | select-object -Property BytesFromHttp, FileId, BytesFromPeers,Status,BytesFromCacheServer,SourceURL | ConvertTo-Xml -as string -NoTypeInformation",MMMxddc02.mmm.hhh.ggg,,,,-,4688,"<Data Name='SubjectUserSid'>NT AUTHORITY\SYSTEM</Data><Data Name='SubjectUserName'>MMMXDDC02$</Data><Data Name='SubjectDomainName'>MMM</Data><Data Name='SubjectLogonId'>0x3e7</Data><Data Name='NewProcessId'>0x2774</Data><Data Name='NewProcessName'>C:\Windows\System32\WindowsPowerShell\v1.0\powershell.exe</Data><Data Name='TokenElevationType'>%%1936</Data><Data Name='ProcessId'>0x710</Data><Data Name='CommandLine'>""C:\Windows\system32\WindowsPowerShell\v1.0\PowerShell.exe"" -Nologo -Noninteractive -NoProfile -ExecutionPolicy Bypass; Get-DeliveryOptimizationStatus | where-object {($_.Sourceurl -CLike 'http://localhost:8005*') -AND (($_.FileSize -ge '52428800') -or ($_.BytesFromPeers -ne '0') -or (($_.BytesFromCacheServer -ne '0') -and ($_.BytesFromCacheServer -ne $null)))} | select-object -Property BytesFromHttp, FileId, BytesFromPeers,Status,BytesFromCacheServer,SourceURL | ConvertTo-Xml -as string -NoTypeInformation</Data><Data Name='TargetUserSid'>NULL SID</Data><Data Name='TargetUserName'>-</Data><Data Name='TargetDomainName'>-</Data><Data Name='TargetLogonId'>0x0</Data><Data Name='ParentProcessName'>C:\Windows\CCM\CcmExec.exe</Data><Data Name='MandatoryLabel'>Mandatory Label\System Mandatory Level</Data>",4688,25946784,,,,,,,,,,,0x8020000000000000,0,,,,0x3e7,,Mandatory Label\System Mandatory Level,,,,,'Microsoft-Windows-Security-Auditing',0x2774,C:\Windows\System32\WindowsPowerShell\v1.0\powershell.exe,,,,,,0,C:\Windows\CCM\CcmExec.exe,,,,'4',0x710,,"""C:\Windows\system32\WindowsPowerShell\v1.0\PowerShell.exe"" -Nologo -Noninteractive -NoProfile -ExecutionPolicy Bypass; Get-DeliveryOptimizationStatus | where-object {($_.Sourceurl -CLike 'http://localhost:8005*') -AND (($_.FileSize -ge '52428800') -or ($_.BytesFromPeers -ne '0') -or (($_.BytesFromCacheServer -ne '0') -and ($_.BytesFromCacheServer -ne $null)))} | select-object -Property BytesFromHttp, FileId, BytesFromPeers,Status,BytesFromCacheServer,SourceURL | ConvertTo-Xml -as string -NoTypeInformation",,25946784,,,,,,,MMM,0x3e7,MMMXDDC02$,NT AUTHORITY\SYSTEM,,'2026-05-19T12:33:03.996888800Z',<Provider Name='Microsoft-Windows-Security-Auditing' Guid='{54849625-5478-4994-a5ba-3e3b0328c30d}'/><EventID>4688</EventID><Version>2</Version><Level>0</Level><Task>13312</Task><Opcode>0</Opcode><Keywords>0x8020000000000000</Keywords><TimeCreated SystemTime='2026-05-19T12:33:03.996888800Z'/><EventRecordID>25946784</EventRecordID><Correlation/><Execution ProcessID='4' ThreadID='7728'/><Channel>Security</Channel><Computer>MMMxddc02.mmm.hhh.ggg</Computer><Security/>,-,0x0,,,-,NULL SID,,,-,,-,13312,'7728',%%1936,%%1936,1936,,,,,2,,,,,2026-05-19T08:33:03.996-0400,allowed,win:unknown,,,,,MMMxddc02.mmm.hhh.ggg,,MMMxddc02.mmm.hhh.ggg,MMMxddc02,25946784,endpoint_services_processes windows_endpoint_processes windows_event_signature windows_process_new wineventlog_security wineventlog_windows winsec,,,MMMxddc02,25946784,occs-sss-windows,1,A new process has been created,C:\Windows\System32\WindowsPowerShell\v1.0\powershell.exe,0x2774,powershell.exe,,,,,,,C:\Windows\CCM\CcmExec.exe,0x710,CcmExec.exe,C:\Windows\CCM\CcmExec.exe,"""C:\Windows\system32\WindowsPowerShell\v1.0\PowerShell.exe"" -Nologo -Noninteractive -NoProfile -ExecutionPolicy Bypass; Get-DeliveryOptimizationStatus | where-object {($_.Sourceurl -CLike 'http://localhost:8005*') -AND (($_.FileSize -ge '52428800') -or ($_.BytesFromPeers -ne '0') -or (($_.BytesFromCacheServer -ne '0') -and ($_.BytesFromCacheServer -ne $null)))} | select-object -Property BytesFromHttp, FileId, BytesFromPeers,Status,BytesFromCacheServer,SourceURL | ConvertTo-Xml -as string -NoTypeInformation","-Nologo -Noninteractive -NoProfile -ExecutionPolicy Bypass; Get-DeliveryOptimizationStatus | where-object {($_.Sourceurl -CLike 'http://localhost:8005*') -AND (($_.FileSize -ge '52428800') -or ($_.BytesFromPeers -ne '0') -or (($_.BytesFromCacheServer -ne '0') -and ($_.BytesFromCacheServer -ne $null)))} | select-object -Property BytesFromHttp, FileId, BytesFromPeers,Status,BytesFromCacheServer,SourceURL | ConvertTo-Xml -as string -NoTypeInformation","""C:\Windows\system32\WindowsPowerShell\v1.0\PowerShell.exe""",powershell.exe,0x2774,powershell.exe,C:\Windows\System32\WindowsPowerShell\v1.0\powershell.exe,Windows,<_='://../////'><><_='---'_='{----}'/><></><></><>,,,,,,,,0x3e7,,,A new process has been created,4688,XmlWinEventLog:Security,XmlWinEventLog,bbbbbsplunkes01,,,MMM,,MMMXDDC02$,,success,A new process has been created,failure,,,"execute
os
process
report
security
start
track_event_signatures
windows",,,,"execute
os
process
report
security
start
track_event_signatures
windows",,,MMMXDDC02$,-,,,,,Microsoft,,Microsoft Windows
,,,,,MMM,,,mmm22457339STB$,,,Security,,,,,,"""powershell.exe"" -Command ""if (!(Get-Process -Name ServicePortalAgent -ErrorAction SilentlyContinue) -and !(Get-Process -Name Update -ErrorAction SilentlyContinue | where {$_.Path.Contains('ServicePortalAgent')})) {&amp; $env:windir\ServiceProfiles\LocalService\AppData\Local\ServicePortalAgent\Update.exe start ServicePortalAgent.exe}""",mmm22457339STB.mmm.hhh.ggg,,,,-,4688,"<Data Name='SubjectUserSid'>NT AUTHORITY\SYSTEM</Data><Data Name='SubjectUserName'>mmm22457339STB$</Data><Data Name='SubjectDomainName'>MMM</Data><Data Name='SubjectLogonId'>0x3e7</Data><Data Name='NewProcessId'>0x2f8c</Data><Data Name='NewProcessName'>C:\Windows\System32\WindowsPowerShell\v1.0\powershell.exe</Data><Data Name='TokenElevationType'>%%1936</Data><Data Name='ProcessId'>0x844</Data><Data Name='CommandLine'>""powershell.exe"" -Command ""if (!(Get-Process -Name ServicePortalAgent -ErrorAction SilentlyContinue) -and !(Get-Process -Name Update -ErrorAction SilentlyContinue | where {$_.Path.Contains('ServicePortalAgent')})) {&amp; $env:windir\ServiceProfiles\LocalService\AppData\Local\ServicePortalAgent\Update.exe start ServicePortalAgent.exe}""</Data><Data Name='TargetUserSid'>NULL SID</Data><Data Name='TargetUserName'>-</Data><Data Name='TargetDomainName'>-</Data><Data Name='TargetLogonId'>0x0</Data><Data Name='ParentProcessName'>C:\Windows\System32\svchost.exe</Data><Data Name='MandatoryLabel'>Mandatory Label\System Mandatory Level</Data>",4688,30367601,,,,,,,,,,,0x8020000000000000,0,,,,0x3e7,,Mandatory Label\System Mandatory Level,,,,,'Microsoft-Windows-Security-Auditing',0x2f8c,C:\Windows\System32\WindowsPowerShell\v1.0\powershell.exe,,,,,,0,C:\Windows\System32\svchost.exe,,,,'4',0x844,,"""powershell.exe"" -Command ""if (!(Get-Process -Name ServicePortalAgent -ErrorAction SilentlyContinue) -and !(Get-Process -Name Update -ErrorAction SilentlyContinue | where {$_.Path.Contains('ServicePortalAgent')})) {&amp; $env:windir\ServiceProfiles\LocalService\AppData\Local\ServicePortalAgent\Update.exe start ServicePortalAgent.exe}""",,30367601,,,,,,,MMM,0x3e7,mmm22457339STB$,NT AUTHORITY\SYSTEM,,'2026-05-19T12:32:48.1674870Z',<Provider Name='Microsoft-Windows-Security-Auditing' Guid='{54849625-5478-4994-a5ba-3e3b0328c30d}'/><EventID>4688</EventID><Version>2</Version><Level>0</Level><Task>13312</Task><Opcode>0</Opcode><Keywords>0x8020000000000000</Keywords><TimeCreated SystemTime='2026-05-19T12:32:48.1674870Z'/><EventRecordID>30367601</EventRecordID><Correlation/><Execution ProcessID='4' ThreadID='10500'/><Channel>Security</Channel><Computer>mmm22457339STB.mmm.hhh.ggg</Computer><Security/>,-,0x0,,,-,NULL SID,,,-,,-,13312,'10500',%%1936,%%1936,1936,,,,,2,,,,,2026-05-19T08:32:48.167-0400,allowed,win:unknown,,,,,mmm22457339STB.mmm.hhh.ggg,,mmm22457339STB.mmm.hhh.ggg,mmm22457339STB,30367601,endpoint_services_processes windows_endpoint_processes windows_event_signature windows_process_new wineventlog_security wineventlog_windows winsec,,,mmm22457339STB,30367601,occs-sss-windows,1,A new process has been created,C:\Windows\System32\WindowsPowerShell\v1.0\powershell.exe,0x2f8c,powershell.exe,,,,,,,C:\Windows\System32\svchost.exe,0x844,svchost.exe,C:\Windows\System32\svchost.exe,"C:\Windows\System32\WindowsPowerShell\v1.0\powershell.exe -Command ""if (!(Get-Process -Name ServicePortalAgent -ErrorAction SilentlyContinue) -and !(Get-Process -Name Update -ErrorAction SilentlyContinue | where {$_.Path.Contains('ServicePortalAgent')})) {&amp; $env:windir\ServiceProfiles\LocalService\AppData\Local\ServicePortalAgent\Update.exe start ServicePortalAgent.exe}""","-Command ""if (!(Get-Process -Name ServicePortalAgent -ErrorAction SilentlyContinue) -and !(Get-Process -Name Update -ErrorAction SilentlyContinue | where {$_.Path.Contains('ServicePortalAgent')})) {&amp; $env:windir\ServiceProfiles\LocalService\AppData\Local\ServicePortalAgent\Update.exe start ServicePortalAgent.exe}""","""powershell.exe""",powershell.exe,0x2f8c,powershell.exe,C:\Windows\System32\WindowsPowerShell\v1.0\powershell.exe,Windows,<_='://../////'><><_='---'_='{----}'/><></><></><>,,,,,,,,0x3e7,,,A new process has been created,4688,XmlWinEventLog:Security,XmlWinEventLog,bbbbbsplunkes01,,,MMM,,mmm22457339STB$,,success,A new process has been created,failure,,,"execute
os
process
report
security
start
track_event_signatures
windows",,,,"execute
os
process
report
security
start
track_event_signatures
windows",,,mmm22457339STB$,-,,,,,Microsoft,,Microsoft Windows
