,,,,,MMM,,,ppppPWBADDC03$,,,Security,,,,,,where  /Q repadmin,ppppPWBADDC03.mmm.hhh.ggg,,,,-,4688,<Data Name='SubjectUserSid'>NT AUTHORITY\SYSTEM</Data><Data Name='SubjectUserName'>ppppPWBADDC03$</Data><Data Name='SubjectDomainName'>MMM</Data><Data Name='SubjectLogonId'>0x3e7</Data><Data Name='NewProcessId'>0x15a0</Data><Data Name='NewProcessName'>C:\Windows\System32\where.exe</Data><Data Name='TokenElevationType'>%%1936</Data><Data Name='ProcessId'>0x2c54</Data><Data Name='CommandLine'>where  /Q repadmin </Data><Data Name='TargetUserSid'>NULL SID</Data><Data Name='TargetUserName'>-</Data><Data Name='TargetDomainName'>-</Data><Data Name='TargetLogonId'>0x0</Data><Data Name='ParentProcessName'>C:\Windows\System32\cmd.exe</Data><Data Name='MandatoryLabel'>Mandatory Label\System Mandatory Level</Data>,4688.0,998159869,,,,,,,,,,,0x8020000000000000,0,,,,0x3e7,,Mandatory Label\System Mandatory Level,,,,,'Microsoft-Windows-Security-Auditing',0x15a0,C:\Windows\System32\where.exe,,,,,,0,C:\Windows\System32\cmd.exe,,,,'4',0x2c54,,where  /Q repadmin,,998159869,,,,,,,MMM,0x3e7,ppppPWBADDC03$,NT AUTHORITY\SYSTEM,,'2026-05-18T13:30:45.5465829Z',<Provider Name='Microsoft-Windows-Security-Auditing' Guid='{54849625-5478-4994-a5ba-3e3b0328c30d}'/><EventID>4688</EventID><Version>2</Version><Level>0</Level><Task>13312</Task><Opcode>0</Opcode><Keywords>0x8020000000000000</Keywords><TimeCreated SystemTime='2026-05-18T13:30:45.5465829Z'/><EventRecordID>998159869</EventRecordID><Correlation/><Execution ProcessID='4' ThreadID='18272'/><Channel>Security</Channel><Computer>ppppPWBADDC03.mmm.hhh.ggg</Computer><Security/>,-,0x0,,,-,NULL SID,,,-,,-,13312,'18272',%%1936,%%1936,1936.0,,,,,2,,,,,2026-05-18T09:30:45.546-0400,allowed,win:unknown,,,,,ppppPWBADDC03.mmm.hhh.ggg,,ppppPWBADDC03.mmm.hhh.ggg,ppppPWBADDC03,998159869,endpoint_services_processes windows_endpoint_processes windows_event_signature windows_process_new wineventlog_security wineventlog_windows winsec,,,ppppPWBADDC03,998159869,occs-sss-windows,1,A new process has been created,C:\Windows\System32\where.exe,0x15a0,where.exe,,,,,,,C:\Windows\System32\cmd.exe,0x2c54,cmd.exe,C:\Windows\System32\cmd.exe,C:\Windows\System32\where.exe /Q repadmin,/Q repadmin,where,where.exe,0x15a0,where.exe,C:\Windows\System32\where.exe,Windows,<_='://../////'><><_='---'_='{----}'/><></><></><>,,,,,,,,0x3e7,,,A new process has been created,4688,XmlWinEventLog:Security,XmlWinEventLog,bbbbbsplunkes01,,,MMM,,ppppPWBADDC03$,,success,A new process has been created,failure,,,"execute
os
process
report
security
start
track_event_signatures
windows",,,,"execute
os
process
report
security
start
track_event_signatures
windows",,,ppppPWBADDC03$,-,,,,,Microsoft,,Microsoft Windows
,,,,,MMM,,,ppppPWBADDC03$,,,Security,,,,,,where  /Q repadmin,ppppPWBADDC03.mmm.hhh.ggg,,,,-,4688,<Data Name='SubjectUserSid'>NT AUTHORITY\SYSTEM</Data><Data Name='SubjectUserName'>ppppPWBADDC03$</Data><Data Name='SubjectDomainName'>MMM</Data><Data Name='SubjectLogonId'>0x3e7</Data><Data Name='NewProcessId'>0x15c4</Data><Data Name='NewProcessName'>C:\Windows\System32\where.exe</Data><Data Name='TokenElevationType'>%%1936</Data><Data Name='ProcessId'>0x3af0</Data><Data Name='CommandLine'>where  /Q repadmin </Data><Data Name='TargetUserSid'>NULL SID</Data><Data Name='TargetUserName'>-</Data><Data Name='TargetDomainName'>-</Data><Data Name='TargetLogonId'>0x0</Data><Data Name='ParentProcessName'>C:\Windows\System32\cmd.exe</Data><Data Name='MandatoryLabel'>Mandatory Label\System Mandatory Level</Data>,4688.0,998153124,,,,,,,,,,,0x8020000000000000,0,,,,0x3e7,,Mandatory Label\System Mandatory Level,,,,,'Microsoft-Windows-Security-Auditing',0x15c4,C:\Windows\System32\where.exe,,,,,,0,C:\Windows\System32\cmd.exe,,,,'4',0x3af0,,where  /Q repadmin,,998153124,,,,,,,MMM,0x3e7,ppppPWBADDC03$,NT AUTHORITY\SYSTEM,,'2026-05-18T13:25:42.4763786Z',<Provider Name='Microsoft-Windows-Security-Auditing' Guid='{54849625-5478-4994-a5ba-3e3b0328c30d}'/><EventID>4688</EventID><Version>2</Version><Level>0</Level><Task>13312</Task><Opcode>0</Opcode><Keywords>0x8020000000000000</Keywords><TimeCreated SystemTime='2026-05-18T13:25:42.4763786Z'/><EventRecordID>998153124</EventRecordID><Correlation/><Execution ProcessID='4' ThreadID='9424'/><Channel>Security</Channel><Computer>ppppPWBADDC03.mmm.hhh.ggg</Computer><Security/>,-,0x0,,,-,NULL SID,,,-,,-,13312,'9424',%%1936,%%1936,1936.0,,,,,2,,,,,2026-05-18T09:25:42.476-0400,allowed,win:unknown,,,,,ppppPWBADDC03.mmm.hhh.ggg,,ppppPWBADDC03.mmm.hhh.ggg,ppppPWBADDC03,998153124,endpoint_services_processes windows_endpoint_processes windows_event_signature windows_process_new wineventlog_security wineventlog_windows winsec,,,ppppPWBADDC03,998153124,occs-sss-windows,1,A new process has been created,C:\Windows\System32\where.exe,0x15c4,where.exe,,,,,,,C:\Windows\System32\cmd.exe,0x3af0,cmd.exe,C:\Windows\System32\cmd.exe,C:\Windows\System32\where.exe /Q repadmin,/Q repadmin,where,where.exe,0x15c4,where.exe,C:\Windows\System32\where.exe,Windows,<_='://../////'><><_='---'_='{----}'/><></><></><>,,,,,,,,0x3e7,,,A new process has been created,4688,XmlWinEventLog:Security,XmlWinEventLog,bbbbbsplunkes01,,,MMM,,ppppPWBADDC03$,,success,A new process has been created,failure,,,"execute
os
process
report
security
start
track_event_signatures
windows",,,,"execute
os
process
report
security
start
track_event_signatures
windows",,,ppppPWBADDC03$,-,,,,,Microsoft,,Microsoft Windows
,,,,,MMM,,,ppppPWBADDC03$,,,Security,,,,,,where  /Q repadmin,ppppPWBADDC03.mmm.hhh.ggg,,,,-,4688,<Data Name='SubjectUserSid'>NT AUTHORITY\SYSTEM</Data><Data Name='SubjectUserName'>ppppPWBADDC03$</Data><Data Name='SubjectDomainName'>MMM</Data><Data Name='SubjectLogonId'>0x3e7</Data><Data Name='NewProcessId'>0x3c44</Data><Data Name='NewProcessName'>C:\Windows\System32\where.exe</Data><Data Name='TokenElevationType'>%%1936</Data><Data Name='ProcessId'>0x3ea0</Data><Data Name='CommandLine'>where  /Q repadmin </Data><Data Name='TargetUserSid'>NULL SID</Data><Data Name='TargetUserName'>-</Data><Data Name='TargetDomainName'>-</Data><Data Name='TargetLogonId'>0x0</Data><Data Name='ParentProcessName'>C:\Windows\System32\cmd.exe</Data><Data Name='MandatoryLabel'>Mandatory Label\System Mandatory Level</Data>,4688.0,998144044,,,,,,,,,,,0x8020000000000000,0,,,,0x3e7,,Mandatory Label\System Mandatory Level,,,,,'Microsoft-Windows-Security-Auditing',0x3c44,C:\Windows\System32\where.exe,,,,,,0,C:\Windows\System32\cmd.exe,,,,'4',0x3ea0,,where  /Q repadmin,,998144044,,,,,,,MMM,0x3e7,ppppPWBADDC03$,NT AUTHORITY\SYSTEM,,'2026-05-18T13:20:40.0373103Z',<Provider Name='Microsoft-Windows-Security-Auditing' Guid='{54849625-5478-4994-a5ba-3e3b0328c30d}'/><EventID>4688</EventID><Version>2</Version><Level>0</Level><Task>13312</Task><Opcode>0</Opcode><Keywords>0x8020000000000000</Keywords><TimeCreated SystemTime='2026-05-18T13:20:40.0373103Z'/><EventRecordID>998144044</EventRecordID><Correlation/><Execution ProcessID='4' ThreadID='14316'/><Channel>Security</Channel><Computer>ppppPWBADDC03.mmm.hhh.ggg</Computer><Security/>,-,0x0,,,-,NULL SID,,,-,,-,13312,'14316',%%1936,%%1936,1936.0,,,,,2,,,,,2026-05-18T09:20:40.037-0400,allowed,win:unknown,,,,,ppppPWBADDC03.mmm.hhh.ggg,,ppppPWBADDC03.mmm.hhh.ggg,ppppPWBADDC03,998144044,endpoint_services_processes windows_endpoint_processes windows_event_signature windows_process_new wineventlog_security wineventlog_windows winsec,,,ppppPWBADDC03,998144044,occs-sss-windows,1,A new process has been created,C:\Windows\System32\where.exe,0x3c44,where.exe,,,,,,,C:\Windows\System32\cmd.exe,0x3ea0,cmd.exe,C:\Windows\System32\cmd.exe,C:\Windows\System32\where.exe /Q repadmin,/Q repadmin,where,where.exe,0x3c44,where.exe,C:\Windows\System32\where.exe,Windows,<_='://../////'><><_='---'_='{----}'/><></><></><>,,,,,,,,0x3e7,,,A new process has been created,4688,XmlWinEventLog:Security,XmlWinEventLog,bbbbbsplunkes03,,,MMM,,ppppPWBADDC03$,,success,A new process has been created,failure,,,"execute
os
process
report
security
start
track_event_signatures
windows",,,,"execute
os
process
report
security
start
track_event_signatures
windows",,,ppppPWBADDC03$,-,,,,,Microsoft,,Microsoft Windows
,,,,,MMM,,,ppppPWBADDC03$,,,Security,,,,,,where  /Q repadmin,ppppPWBADDC03.mmm.hhh.ggg,,,,-,4688,<Data Name='SubjectUserSid'>NT AUTHORITY\SYSTEM</Data><Data Name='SubjectUserName'>ppppPWBADDC03$</Data><Data Name='SubjectDomainName'>MMM</Data><Data Name='SubjectLogonId'>0x3e7</Data><Data Name='NewProcessId'>0x3bc0</Data><Data Name='NewProcessName'>C:\Windows\System32\where.exe</Data><Data Name='TokenElevationType'>%%1936</Data><Data Name='ProcessId'>0x3628</Data><Data Name='CommandLine'>where  /Q repadmin </Data><Data Name='TargetUserSid'>NULL SID</Data><Data Name='TargetUserName'>-</Data><Data Name='TargetDomainName'>-</Data><Data Name='TargetLogonId'>0x0</Data><Data Name='ParentProcessName'>C:\Windows\System32\cmd.exe</Data><Data Name='MandatoryLabel'>Mandatory Label\System Mandatory Level</Data>,4688.0,998136416,,,,,,,,,,,0x8020000000000000,0,,,,0x3e7,,Mandatory Label\System Mandatory Level,,,,,'Microsoft-Windows-Security-Auditing',0x3bc0,C:\Windows\System32\where.exe,,,,,,0,C:\Windows\System32\cmd.exe,,,,'4',0x3628,,where  /Q repadmin,,998136416,,,,,,,MMM,0x3e7,ppppPWBADDC03$,NT AUTHORITY\SYSTEM,,'2026-05-18T13:15:37.6647776Z',<Provider Name='Microsoft-Windows-Security-Auditing' Guid='{54849625-5478-4994-a5ba-3e3b0328c30d}'/><EventID>4688</EventID><Version>2</Version><Level>0</Level><Task>13312</Task><Opcode>0</Opcode><Keywords>0x8020000000000000</Keywords><TimeCreated SystemTime='2026-05-18T13:15:37.6647776Z'/><EventRecordID>998136416</EventRecordID><Correlation/><Execution ProcessID='4' ThreadID='17236'/><Channel>Security</Channel><Computer>ppppPWBADDC03.mmm.hhh.ggg</Computer><Security/>,-,0x0,,,-,NULL SID,,,-,,-,13312,'17236',%%1936,%%1936,1936.0,,,,,2,,,,,2026-05-18T09:15:37.664-0400,allowed,win:unknown,,,,,ppppPWBADDC03.mmm.hhh.ggg,,ppppPWBADDC03.mmm.hhh.ggg,ppppPWBADDC03,998136416,endpoint_services_processes windows_endpoint_processes windows_event_signature windows_process_new wineventlog_security wineventlog_windows winsec,,,ppppPWBADDC03,998136416,occs-sss-windows,1,A new process has been created,C:\Windows\System32\where.exe,0x3bc0,where.exe,,,,,,,C:\Windows\System32\cmd.exe,0x3628,cmd.exe,C:\Windows\System32\cmd.exe,C:\Windows\System32\where.exe /Q repadmin,/Q repadmin,where,where.exe,0x3bc0,where.exe,C:\Windows\System32\where.exe,Windows,<_='://../////'><><_='---'_='{----}'/><></><></><>,,,,,,,,0x3e7,,,A new process has been created,4688,XmlWinEventLog:Security,XmlWinEventLog,bbbbbsplunkes01,,,MMM,,ppppPWBADDC03$,,success,A new process has been created,failure,,,"execute
os
process
report
security
start
track_event_signatures
windows",,,,"execute
os
process
report
security
start
track_event_signatures
windows",,,ppppPWBADDC03$,-,,,,,Microsoft,,Microsoft Windows
,,,,,MMM,,,ppppPWBADDC03$,,,Security,,,,,,where  /Q repadmin,ppppPWBADDC03.mmm.hhh.ggg,,,,-,4688,<Data Name='SubjectUserSid'>NT AUTHORITY\SYSTEM</Data><Data Name='SubjectUserName'>ppppPWBADDC03$</Data><Data Name='SubjectDomainName'>MMM</Data><Data Name='SubjectLogonId'>0x3e7</Data><Data Name='NewProcessId'>0x2d44</Data><Data Name='NewProcessName'>C:\Windows\System32\where.exe</Data><Data Name='TokenElevationType'>%%1936</Data><Data Name='ProcessId'>0x37a4</Data><Data Name='CommandLine'>where  /Q repadmin </Data><Data Name='TargetUserSid'>NULL SID</Data><Data Name='TargetUserName'>-</Data><Data Name='TargetDomainName'>-</Data><Data Name='TargetLogonId'>0x0</Data><Data Name='ParentProcessName'>C:\Windows\System32\cmd.exe</Data><Data Name='MandatoryLabel'>Mandatory Label\System Mandatory Level</Data>,4688.0,998119429,,,,,,,,,,,0x8020000000000000,0,,,,0x3e7,,Mandatory Label\System Mandatory Level,,,,,'Microsoft-Windows-Security-Auditing',0x2d44,C:\Windows\System32\where.exe,,,,,,0,C:\Windows\System32\cmd.exe,,,,'4',0x37a4,,where  /Q repadmin,,998119429,,,,,,,MMM,0x3e7,ppppPWBADDC03$,NT AUTHORITY\SYSTEM,,'2026-05-18T13:10:35.2922108Z',<Provider Name='Microsoft-Windows-Security-Auditing' Guid='{54849625-5478-4994-a5ba-3e3b0328c30d}'/><EventID>4688</EventID><Version>2</Version><Level>0</Level><Task>13312</Task><Opcode>0</Opcode><Keywords>0x8020000000000000</Keywords><TimeCreated SystemTime='2026-05-18T13:10:35.2922108Z'/><EventRecordID>998119429</EventRecordID><Correlation/><Execution ProcessID='4' ThreadID='15408'/><Channel>Security</Channel><Computer>ppppPWBADDC03.mmm.hhh.ggg</Computer><Security/>,-,0x0,,,-,NULL SID,,,-,,-,13312,'15408',%%1936,%%1936,1936.0,,,,,2,,,,,2026-05-18T09:10:35.292-0400,allowed,win:unknown,,,,,ppppPWBADDC03.mmm.hhh.ggg,,ppppPWBADDC03.mmm.hhh.ggg,ppppPWBADDC03,998119429,endpoint_services_processes windows_endpoint_processes windows_event_signature windows_process_new wineventlog_security wineventlog_windows winsec,,,ppppPWBADDC03,998119429,occs-sss-windows,1,A new process has been created,C:\Windows\System32\where.exe,0x2d44,where.exe,,,,,,,C:\Windows\System32\cmd.exe,0x37a4,cmd.exe,C:\Windows\System32\cmd.exe,C:\Windows\System32\where.exe /Q repadmin,/Q repadmin,where,where.exe,0x2d44,where.exe,C:\Windows\System32\where.exe,Windows,<_='://../////'><><_='---'_='{----}'/><></><></><>,,,,,,,,0x3e7,,,A new process has been created,4688,XmlWinEventLog:Security,XmlWinEventLog,bbbbbsplunkes02,,,MMM,,ppppPWBADDC03$,,success,A new process has been created,failure,,,"execute
os
process
report
security
start
track_event_signatures
windows",,,,"execute
os
process
report
security
start
track_event_signatures
windows",,,ppppPWBADDC03$,-,,,,,Microsoft,,Microsoft Windows
,,,,,MMM,,,ppppPWBADDC03$,,,Security,,,,,,where  /Q repadmin,ppppPWBADDC03.mmm.hhh.ggg,,,,-,4688,<Data Name='SubjectUserSid'>NT AUTHORITY\SYSTEM</Data><Data Name='SubjectUserName'>ppppPWBADDC03$</Data><Data Name='SubjectDomainName'>MMM</Data><Data Name='SubjectLogonId'>0x3e7</Data><Data Name='NewProcessId'>0x234c</Data><Data Name='NewProcessName'>C:\Windows\System32\where.exe</Data><Data Name='TokenElevationType'>%%1936</Data><Data Name='ProcessId'>0x4060</Data><Data Name='CommandLine'>where  /Q repadmin </Data><Data Name='TargetUserSid'>NULL SID</Data><Data Name='TargetUserName'>-</Data><Data Name='TargetDomainName'>-</Data><Data Name='TargetLogonId'>0x0</Data><Data Name='ParentProcessName'>C:\Windows\System32\cmd.exe</Data><Data Name='MandatoryLabel'>Mandatory Label\System Mandatory Level</Data>,4688.0,998090163,,,,,,,,,,,0x8020000000000000,0,,,,0x3e7,,Mandatory Label\System Mandatory Level,,,,,'Microsoft-Windows-Security-Auditing',0x234c,C:\Windows\System32\where.exe,,,,,,0,C:\Windows\System32\cmd.exe,,,,'4',0x4060,,where  /Q repadmin,,998090163,,,,,,,MMM,0x3e7,ppppPWBADDC03$,NT AUTHORITY\SYSTEM,,'2026-05-18T13:05:32.1244054Z',<Provider Name='Microsoft-Windows-Security-Auditing' Guid='{54849625-5478-4994-a5ba-3e3b0328c30d}'/><EventID>4688</EventID><Version>2</Version><Level>0</Level><Task>13312</Task><Opcode>0</Opcode><Keywords>0x8020000000000000</Keywords><TimeCreated SystemTime='2026-05-18T13:05:32.1244054Z'/><EventRecordID>998090163</EventRecordID><Correlation/><Execution ProcessID='4' ThreadID='2948'/><Channel>Security</Channel><Computer>ppppPWBADDC03.mmm.hhh.ggg</Computer><Security/>,-,0x0,,,-,NULL SID,,,-,,-,13312,'2948',%%1936,%%1936,1936.0,,,,,2,,,,,2026-05-18T09:05:32.124-0400,allowed,win:unknown,,,,,ppppPWBADDC03.mmm.hhh.ggg,,ppppPWBADDC03.mmm.hhh.ggg,ppppPWBADDC03,998090163,endpoint_services_processes windows_endpoint_processes windows_event_signature windows_process_new wineventlog_security wineventlog_windows winsec,,,ppppPWBADDC03,998090163,occs-sss-windows,1,A new process has been created,C:\Windows\System32\where.exe,0x234c,where.exe,,,,,,,C:\Windows\System32\cmd.exe,0x4060,cmd.exe,C:\Windows\System32\cmd.exe,C:\Windows\System32\where.exe /Q repadmin,/Q repadmin,where,where.exe,0x234c,where.exe,C:\Windows\System32\where.exe,Windows,<_='://../////'><><_='---'_='{----}'/><></><></><>,,,,,,,,0x3e7,,,A new process has been created,4688,XmlWinEventLog:Security,XmlWinEventLog,bbbbbsplunkes03,,,MMM,,ppppPWBADDC03$,,success,A new process has been created,failure,,,"execute
os
process
report
security
start
track_event_signatures
windows",,,,"execute
os
process
report
security
start
track_event_signatures
windows",,,ppppPWBADDC03$,-,,,,,Microsoft,,Microsoft Windows
,,,,,MMM,,,ppppPWBADDC03$,,,Security,,,,,,where  /Q repadmin,ppppPWBADDC03.mmm.hhh.ggg,,,,-,4688,<Data Name='SubjectUserSid'>NT AUTHORITY\SYSTEM</Data><Data Name='SubjectUserName'>ppppPWBADDC03$</Data><Data Name='SubjectDomainName'>MMM</Data><Data Name='SubjectLogonId'>0x3e7</Data><Data Name='NewProcessId'>0x424</Data><Data Name='NewProcessName'>C:\Windows\System32\where.exe</Data><Data Name='TokenElevationType'>%%1936</Data><Data Name='ProcessId'>0x2af8</Data><Data Name='CommandLine'>where  /Q repadmin </Data><Data Name='TargetUserSid'>NULL SID</Data><Data Name='TargetUserName'>-</Data><Data Name='TargetDomainName'>-</Data><Data Name='TargetLogonId'>0x0</Data><Data Name='ParentProcessName'>C:\Windows\System32\cmd.exe</Data><Data Name='MandatoryLabel'>Mandatory Label\System Mandatory Level</Data>,4688.0,998061557,,,,,,,,,,,0x8020000000000000,0,,,,0x3e7,,Mandatory Label\System Mandatory Level,,,,,'Microsoft-Windows-Security-Auditing',0x424,C:\Windows\System32\where.exe,,,,,,0,C:\Windows\System32\cmd.exe,,,,'4',0x2af8,,where  /Q repadmin,,998061557,,,,,,,MMM,0x3e7,ppppPWBADDC03$,NT AUTHORITY\SYSTEM,,'2026-05-18T13:00:29.7669983Z',<Provider Name='Microsoft-Windows-Security-Auditing' Guid='{54849625-5478-4994-a5ba-3e3b0328c30d}'/><EventID>4688</EventID><Version>2</Version><Level>0</Level><Task>13312</Task><Opcode>0</Opcode><Keywords>0x8020000000000000</Keywords><TimeCreated SystemTime='2026-05-18T13:00:29.7669983Z'/><EventRecordID>998061557</EventRecordID><Correlation/><Execution ProcessID='4' ThreadID='4088'/><Channel>Security</Channel><Computer>ppppPWBADDC03.mmm.hhh.ggg</Computer><Security/>,-,0x0,,,-,NULL SID,,,-,,-,13312,'4088',%%1936,%%1936,1936.0,,,,,2,,,,,2026-05-18T09:00:29.766-0400,allowed,win:unknown,,,,,ppppPWBADDC03.mmm.hhh.ggg,,ppppPWBADDC03.mmm.hhh.ggg,ppppPWBADDC03,998061557,endpoint_services_processes windows_endpoint_processes windows_event_signature windows_process_new wineventlog_security wineventlog_windows winsec,,,ppppPWBADDC03,998061557,occs-sss-windows,1,A new process has been created,C:\Windows\System32\where.exe,0x424,where.exe,,,,,,,C:\Windows\System32\cmd.exe,0x2af8,cmd.exe,C:\Windows\System32\cmd.exe,C:\Windows\System32\where.exe /Q repadmin,/Q repadmin,where,where.exe,0x424,where.exe,C:\Windows\System32\where.exe,Windows,<_='://../////'><><_='---'_='{----}'/><></><></><>,,,,,,,,0x3e7,,,A new process has been created,4688,XmlWinEventLog:Security,XmlWinEventLog,bbbbbsplunkes03,,,MMM,,ppppPWBADDC03$,,success,A new process has been created,failure,,,"execute
os
process
report
security
start
track_event_signatures
windows",,,,"execute
os
process
report
security
start
track_event_signatures
windows",,,ppppPWBADDC03$,-,,,,,Microsoft,,Microsoft Windows
,,,,,MMM,,,ppppPWBADDC03$,,,Security,,,,,,where  /Q repadmin,ppppPWBADDC03.mmm.hhh.ggg,,,,-,4688,<Data Name='SubjectUserSid'>NT AUTHORITY\SYSTEM</Data><Data Name='SubjectUserName'>ppppPWBADDC03$</Data><Data Name='SubjectDomainName'>MMM</Data><Data Name='SubjectLogonId'>0x3e7</Data><Data Name='NewProcessId'>0x40c0</Data><Data Name='NewProcessName'>C:\Windows\System32\where.exe</Data><Data Name='TokenElevationType'>%%1936</Data><Data Name='ProcessId'>0x2e80</Data><Data Name='CommandLine'>where  /Q repadmin </Data><Data Name='TargetUserSid'>NULL SID</Data><Data Name='TargetUserName'>-</Data><Data Name='TargetDomainName'>-</Data><Data Name='TargetLogonId'>0x0</Data><Data Name='ParentProcessName'>C:\Windows\System32\cmd.exe</Data><Data Name='MandatoryLabel'>Mandatory Label\System Mandatory Level</Data>,4688.0,998033955,,,,,,,,,,,0x8020000000000000,0,,,,0x3e7,,Mandatory Label\System Mandatory Level,,,,,'Microsoft-Windows-Security-Auditing',0x40c0,C:\Windows\System32\where.exe,,,,,,0,C:\Windows\System32\cmd.exe,,,,'4',0x2e80,,where  /Q repadmin,,998033955,,,,,,,MMM,0x3e7,ppppPWBADDC03$,NT AUTHORITY\SYSTEM,,'2026-05-18T12:55:27.3932690Z',<Provider Name='Microsoft-Windows-Security-Auditing' Guid='{54849625-5478-4994-a5ba-3e3b0328c30d}'/><EventID>4688</EventID><Version>2</Version><Level>0</Level><Task>13312</Task><Opcode>0</Opcode><Keywords>0x8020000000000000</Keywords><TimeCreated SystemTime='2026-05-18T12:55:27.3932690Z'/><EventRecordID>998033955</EventRecordID><Correlation/><Execution ProcessID='4' ThreadID='14316'/><Channel>Security</Channel><Computer>ppppPWBADDC03.mmm.hhh.ggg</Computer><Security/>,-,0x0,,,-,NULL SID,,,-,,-,13312,'14316',%%1936,%%1936,1936.0,,,,,2,,,,,2026-05-18T08:55:27.393-0400,allowed,win:unknown,,,,,ppppPWBADDC03.mmm.hhh.ggg,,ppppPWBADDC03.mmm.hhh.ggg,ppppPWBADDC03,998033955,endpoint_services_processes windows_endpoint_processes windows_event_signature windows_process_new wineventlog_security wineventlog_windows winsec,,,ppppPWBADDC03,998033955,occs-sss-windows,1,A new process has been created,C:\Windows\System32\where.exe,0x40c0,where.exe,,,,,,,C:\Windows\System32\cmd.exe,0x2e80,cmd.exe,C:\Windows\System32\cmd.exe,C:\Windows\System32\where.exe /Q repadmin,/Q repadmin,where,where.exe,0x40c0,where.exe,C:\Windows\System32\where.exe,Windows,<_='://../////'><><_='---'_='{----}'/><></><></><>,,,,,,,,0x3e7,,,A new process has been created,4688,XmlWinEventLog:Security,XmlWinEventLog,bbbbbsplunkes01,,,MMM,,ppppPWBADDC03$,,success,A new process has been created,failure,,,"execute
os
process
report
security
start
track_event_signatures
windows",,,,"execute
os
process
report
security
start
track_event_signatures
windows",,,ppppPWBADDC03$,-,,,,,Microsoft,,Microsoft Windows
,,,,,MMM,,,ppppPWBADDC03$,,,Security,,,,,,where  /Q repadmin,ppppPWBADDC03.mmm.hhh.ggg,,,,-,4688,<Data Name='SubjectUserSid'>NT AUTHORITY\SYSTEM</Data><Data Name='SubjectUserName'>ppppPWBADDC03$</Data><Data Name='SubjectDomainName'>MMM</Data><Data Name='SubjectLogonId'>0x3e7</Data><Data Name='NewProcessId'>0x1640</Data><Data Name='NewProcessName'>C:\Windows\System32\where.exe</Data><Data Name='TokenElevationType'>%%1936</Data><Data Name='ProcessId'>0x3cbc</Data><Data Name='CommandLine'>where  /Q repadmin </Data><Data Name='TargetUserSid'>NULL SID</Data><Data Name='TargetUserName'>-</Data><Data Name='TargetDomainName'>-</Data><Data Name='TargetLogonId'>0x0</Data><Data Name='ParentProcessName'>C:\Windows\System32\cmd.exe</Data><Data Name='MandatoryLabel'>Mandatory Label\System Mandatory Level</Data>,4688.0,998004516,,,,,,,,,,,0x8020000000000000,0,,,,0x3e7,,Mandatory Label\System Mandatory Level,,,,,'Microsoft-Windows-Security-Auditing',0x1640,C:\Windows\System32\where.exe,,,,,,0,C:\Windows\System32\cmd.exe,,,,'4',0x3cbc,,where  /Q repadmin,,998004516,,,,,,,MMM,0x3e7,ppppPWBADDC03$,NT AUTHORITY\SYSTEM,,'2026-05-18T12:50:25.0519838Z',<Provider Name='Microsoft-Windows-Security-Auditing' Guid='{54849625-5478-4994-a5ba-3e3b0328c30d}'/><EventID>4688</EventID><Version>2</Version><Level>0</Level><Task>13312</Task><Opcode>0</Opcode><Keywords>0x8020000000000000</Keywords><TimeCreated SystemTime='2026-05-18T12:50:25.0519838Z'/><EventRecordID>998004516</EventRecordID><Correlation/><Execution ProcessID='4' ThreadID='12296'/><Channel>Security</Channel><Computer>ppppPWBADDC03.mmm.hhh.ggg</Computer><Security/>,-,0x0,,,-,NULL SID,,,-,,-,13312,'12296',%%1936,%%1936,1936.0,,,,,2,,,,,2026-05-18T08:50:25.051-0400,allowed,win:unknown,,,,,ppppPWBADDC03.mmm.hhh.ggg,,ppppPWBADDC03.mmm.hhh.ggg,ppppPWBADDC03,998004516,endpoint_services_processes windows_endpoint_processes windows_event_signature windows_process_new wineventlog_security wineventlog_windows winsec,,,ppppPWBADDC03,998004516,occs-sss-windows,1,A new process has been created,C:\Windows\System32\where.exe,0x1640,where.exe,,,,,,,C:\Windows\System32\cmd.exe,0x3cbc,cmd.exe,C:\Windows\System32\cmd.exe,C:\Windows\System32\where.exe /Q repadmin,/Q repadmin,where,where.exe,0x1640,where.exe,C:\Windows\System32\where.exe,Windows,<_='://../////'><><_='---'_='{----}'/><></><></><>,,,,,,,,0x3e7,,,A new process has been created,4688,XmlWinEventLog:Security,XmlWinEventLog,bbbbbsplunkes02,,,MMM,,ppppPWBADDC03$,,success,A new process has been created,failure,,,"execute
os
process
report
security
start
track_event_signatures
windows",,,,"execute
os
process
report
security
start
track_event_signatures
windows",,,ppppPWBADDC03$,-,,,,,Microsoft,,Microsoft Windows
,,,,,MMM,,,ppppPWBADDC03$,,,Security,,,,,,where  /Q repadmin,ppppPWBADDC03.mmm.hhh.ggg,,,,-,4688,<Data Name='SubjectUserSid'>NT AUTHORITY\SYSTEM</Data><Data Name='SubjectUserName'>ppppPWBADDC03$</Data><Data Name='SubjectDomainName'>MMM</Data><Data Name='SubjectLogonId'>0x3e7</Data><Data Name='NewProcessId'>0x473c</Data><Data Name='NewProcessName'>C:\Windows\System32\where.exe</Data><Data Name='TokenElevationType'>%%1936</Data><Data Name='ProcessId'>0x34e8</Data><Data Name='CommandLine'>where  /Q repadmin </Data><Data Name='TargetUserSid'>NULL SID</Data><Data Name='TargetUserName'>-</Data><Data Name='TargetDomainName'>-</Data><Data Name='TargetLogonId'>0x0</Data><Data Name='ParentProcessName'>C:\Windows\System32\cmd.exe</Data><Data Name='MandatoryLabel'>Mandatory Label\System Mandatory Level</Data>,4688.0,997974634,,,,,,,,,,,0x8020000000000000,0,,,,0x3e7,,Mandatory Label\System Mandatory Level,,,,,'Microsoft-Windows-Security-Auditing',0x473c,C:\Windows\System32\where.exe,,,,,,0,C:\Windows\System32\cmd.exe,,,,'4',0x34e8,,where  /Q repadmin,,997974634,,,,,,,MMM,0x3e7,ppppPWBADDC03$,NT AUTHORITY\SYSTEM,,'2026-05-18T12:45:21.8079313Z',<Provider Name='Microsoft-Windows-Security-Auditing' Guid='{54849625-5478-4994-a5ba-3e3b0328c30d}'/><EventID>4688</EventID><Version>2</Version><Level>0</Level><Task>13312</Task><Opcode>0</Opcode><Keywords>0x8020000000000000</Keywords><TimeCreated SystemTime='2026-05-18T12:45:21.8079313Z'/><EventRecordID>997974634</EventRecordID><Correlation/><Execution ProcessID='4' ThreadID='14316'/><Channel>Security</Channel><Computer>ppppPWBADDC03.mmm.hhh.ggg</Computer><Security/>,-,0x0,,,-,NULL SID,,,-,,-,13312,'14316',%%1936,%%1936,1936.0,,,,,2,,,,,2026-05-18T08:45:21.807-0400,allowed,win:unknown,,,,,ppppPWBADDC03.mmm.hhh.ggg,,ppppPWBADDC03.mmm.hhh.ggg,ppppPWBADDC03,997974634,endpoint_services_processes windows_endpoint_processes windows_event_signature windows_process_new wineventlog_security wineventlog_windows winsec,,,ppppPWBADDC03,997974634,occs-sss-windows,1,A new process has been created,C:\Windows\System32\where.exe,0x473c,where.exe,,,,,,,C:\Windows\System32\cmd.exe,0x34e8,cmd.exe,C:\Windows\System32\cmd.exe,C:\Windows\System32\where.exe /Q repadmin,/Q repadmin,where,where.exe,0x473c,where.exe,C:\Windows\System32\where.exe,Windows,<_='://../////'><><_='---'_='{----}'/><></><></><>,,,,,,,,0x3e7,,,A new process has been created,4688,XmlWinEventLog:Security,XmlWinEventLog,bbbbbsplunkes03,,,MMM,,ppppPWBADDC03$,,success,A new process has been created,failure,,,"execute
os
process
report
security
start
track_event_signatures
windows",,,,"execute
os
process
report
security
start
track_event_signatures
windows",,,ppppPWBADDC03$,-,,,,,Microsoft,,Microsoft Windows
,,,,,MMM,,,ppppPWBADDC03$,,,Security,,,,,,where  /Q repadmin,ppppPWBADDC03.mmm.hhh.ggg,,,,-,4688,<Data Name='SubjectUserSid'>NT AUTHORITY\SYSTEM</Data><Data Name='SubjectUserName'>ppppPWBADDC03$</Data><Data Name='SubjectDomainName'>MMM</Data><Data Name='SubjectLogonId'>0x3e7</Data><Data Name='NewProcessId'>0x3ff4</Data><Data Name='NewProcessName'>C:\Windows\System32\where.exe</Data><Data Name='TokenElevationType'>%%1936</Data><Data Name='ProcessId'>0x37a0</Data><Data Name='CommandLine'>where  /Q repadmin </Data><Data Name='TargetUserSid'>NULL SID</Data><Data Name='TargetUserName'>-</Data><Data Name='TargetDomainName'>-</Data><Data Name='TargetLogonId'>0x0</Data><Data Name='ParentProcessName'>C:\Windows\System32\cmd.exe</Data><Data Name='MandatoryLabel'>Mandatory Label\System Mandatory Level</Data>,4688.0,997944667,,,,,,,,,,,0x8020000000000000,0,,,,0x3e7,,Mandatory Label\System Mandatory Level,,,,,'Microsoft-Windows-Security-Auditing',0x3ff4,C:\Windows\System32\where.exe,,,,,,0,C:\Windows\System32\cmd.exe,,,,'4',0x37a0,,where  /Q repadmin,,997944667,,,,,,,MMM,0x3e7,ppppPWBADDC03$,NT AUTHORITY\SYSTEM,,'2026-05-18T12:40:19.4475508Z',<Provider Name='Microsoft-Windows-Security-Auditing' Guid='{54849625-5478-4994-a5ba-3e3b0328c30d}'/><EventID>4688</EventID><Version>2</Version><Level>0</Level><Task>13312</Task><Opcode>0</Opcode><Keywords>0x8020000000000000</Keywords><TimeCreated SystemTime='2026-05-18T12:40:19.4475508Z'/><EventRecordID>997944667</EventRecordID><Correlation/><Execution ProcessID='4' ThreadID='5532'/><Channel>Security</Channel><Computer>ppppPWBADDC03.mmm.hhh.ggg</Computer><Security/>,-,0x0,,,-,NULL SID,,,-,,-,13312,'5532',%%1936,%%1936,1936.0,,,,,2,,,,,2026-05-18T08:40:19.447-0400,allowed,win:unknown,,,,,ppppPWBADDC03.mmm.hhh.ggg,,ppppPWBADDC03.mmm.hhh.ggg,ppppPWBADDC03,997944667,endpoint_services_processes windows_endpoint_processes windows_event_signature windows_process_new wineventlog_security wineventlog_windows winsec,,,ppppPWBADDC03,997944667,occs-sss-windows,1,A new process has been created,C:\Windows\System32\where.exe,0x3ff4,where.exe,,,,,,,C:\Windows\System32\cmd.exe,0x37a0,cmd.exe,C:\Windows\System32\cmd.exe,C:\Windows\System32\where.exe /Q repadmin,/Q repadmin,where,where.exe,0x3ff4,where.exe,C:\Windows\System32\where.exe,Windows,<_='://../////'><><_='---'_='{----}'/><></><></><>,,,,,,,,0x3e7,,,A new process has been created,4688,XmlWinEventLog:Security,XmlWinEventLog,bbbbbsplunkes02,,,MMM,,ppppPWBADDC03$,,success,A new process has been created,failure,,,"execute
os
process
report
security
start
track_event_signatures
windows",,,,"execute
os
process
report
security
start
track_event_signatures
windows",,,ppppPWBADDC03$,-,,,,,Microsoft,,Microsoft Windows
,,,,,MMM,,,ppppPWBADDC03$,,,Security,,,,,,where  /Q repadmin,ppppPWBADDC03.mmm.hhh.ggg,,,,-,4688,<Data Name='SubjectUserSid'>NT AUTHORITY\SYSTEM</Data><Data Name='SubjectUserName'>ppppPWBADDC03$</Data><Data Name='SubjectDomainName'>MMM</Data><Data Name='SubjectLogonId'>0x3e7</Data><Data Name='NewProcessId'>0x2124</Data><Data Name='NewProcessName'>C:\Windows\System32\where.exe</Data><Data Name='TokenElevationType'>%%1936</Data><Data Name='ProcessId'>0x4380</Data><Data Name='CommandLine'>where  /Q repadmin </Data><Data Name='TargetUserSid'>NULL SID</Data><Data Name='TargetUserName'>-</Data><Data Name='TargetDomainName'>-</Data><Data Name='TargetLogonId'>0x0</Data><Data Name='ParentProcessName'>C:\Windows\System32\cmd.exe</Data><Data Name='MandatoryLabel'>Mandatory Label\System Mandatory Level</Data>,4688.0,997917213,,,,,,,,,,,0x8020000000000000,0,,,,0x3e7,,Mandatory Label\System Mandatory Level,,,,,'Microsoft-Windows-Security-Auditing',0x2124,C:\Windows\System32\where.exe,,,,,,0,C:\Windows\System32\cmd.exe,,,,'4',0x4380,,where  /Q repadmin,,997917213,,,,,,,MMM,0x3e7,ppppPWBADDC03$,NT AUTHORITY\SYSTEM,,'2026-05-18T12:35:17.0313232Z',<Provider Name='Microsoft-Windows-Security-Auditing' Guid='{54849625-5478-4994-a5ba-3e3b0328c30d}'/><EventID>4688</EventID><Version>2</Version><Level>0</Level><Task>13312</Task><Opcode>0</Opcode><Keywords>0x8020000000000000</Keywords><TimeCreated SystemTime='2026-05-18T12:35:17.0313232Z'/><EventRecordID>997917213</EventRecordID><Correlation/><Execution ProcessID='4' ThreadID='18272'/><Channel>Security</Channel><Computer>ppppPWBADDC03.mmm.hhh.ggg</Computer><Security/>,-,0x0,,,-,NULL SID,,,-,,-,13312,'18272',%%1936,%%1936,1936.0,,,,,2,,,,,2026-05-18T08:35:17.031-0400,allowed,win:unknown,,,,,ppppPWBADDC03.mmm.hhh.ggg,,ppppPWBADDC03.mmm.hhh.ggg,ppppPWBADDC03,997917213,endpoint_services_processes windows_endpoint_processes windows_event_signature windows_process_new wineventlog_security wineventlog_windows winsec,,,ppppPWBADDC03,997917213,occs-sss-windows,1,A new process has been created,C:\Windows\System32\where.exe,0x2124,where.exe,,,,,,,C:\Windows\System32\cmd.exe,0x4380,cmd.exe,C:\Windows\System32\cmd.exe,C:\Windows\System32\where.exe /Q repadmin,/Q repadmin,where,where.exe,0x2124,where.exe,C:\Windows\System32\where.exe,Windows,<_='://../////'><><_='---'_='{----}'/><></><></><>,,,,,,,,0x3e7,,,A new process has been created,4688,XmlWinEventLog:Security,XmlWinEventLog,bbbbbsplunkes03,,,MMM,,ppppPWBADDC03$,,success,A new process has been created,failure,,,"execute
os
process
report
security
start
track_event_signatures
windows",,,,"execute
os
process
report
security
start
track_event_signatures
windows",,,ppppPWBADDC03$,-,,,,,Microsoft,,Microsoft Windows
,,,,,MMM,,,ppppPWBADDC03$,,,Security,,,,,,where  /Q repadmin,ppppPWBADDC03.mmm.hhh.ggg,,,,-,4688,<Data Name='SubjectUserSid'>NT AUTHORITY\SYSTEM</Data><Data Name='SubjectUserName'>ppppPWBADDC03$</Data><Data Name='SubjectDomainName'>MMM</Data><Data Name='SubjectLogonId'>0x3e7</Data><Data Name='NewProcessId'>0x4470</Data><Data Name='NewProcessName'>C:\Windows\System32\where.exe</Data><Data Name='TokenElevationType'>%%1936</Data><Data Name='ProcessId'>0xb60</Data><Data Name='CommandLine'>where  /Q repadmin </Data><Data Name='TargetUserSid'>NULL SID</Data><Data Name='TargetUserName'>-</Data><Data Name='TargetDomainName'>-</Data><Data Name='TargetLogonId'>0x0</Data><Data Name='ParentProcessName'>C:\Windows\System32\cmd.exe</Data><Data Name='MandatoryLabel'>Mandatory Label\System Mandatory Level</Data>,4688.0,997888116,,,,,,,,,,,0x8020000000000000,0,,,,0x3e7,,Mandatory Label\System Mandatory Level,,,,,'Microsoft-Windows-Security-Auditing',0x4470,C:\Windows\System32\where.exe,,,,,,0,C:\Windows\System32\cmd.exe,,,,'4',0xb60,,where  /Q repadmin,,997888116,,,,,,,MMM,0x3e7,ppppPWBADDC03$,NT AUTHORITY\SYSTEM,,'2026-05-18T12:30:14.6689832Z',<Provider Name='Microsoft-Windows-Security-Auditing' Guid='{54849625-5478-4994-a5ba-3e3b0328c30d}'/><EventID>4688</EventID><Version>2</Version><Level>0</Level><Task>13312</Task><Opcode>0</Opcode><Keywords>0x8020000000000000</Keywords><TimeCreated SystemTime='2026-05-18T12:30:14.6689832Z'/><EventRecordID>997888116</EventRecordID><Correlation/><Execution ProcessID='4' ThreadID='14380'/><Channel>Security</Channel><Computer>ppppPWBADDC03.mmm.hhh.ggg</Computer><Security/>,-,0x0,,,-,NULL SID,,,-,,-,13312,'14380',%%1936,%%1936,1936.0,,,,,2,,,,,2026-05-18T08:30:14.668-0400,allowed,win:unknown,,,,,ppppPWBADDC03.mmm.hhh.ggg,,ppppPWBADDC03.mmm.hhh.ggg,ppppPWBADDC03,997888116,endpoint_services_processes windows_endpoint_processes windows_event_signature windows_process_new wineventlog_security wineventlog_windows winsec,,,ppppPWBADDC03,997888116,occs-sss-windows,1,A new process has been created,C:\Windows\System32\where.exe,0x4470,where.exe,,,,,,,C:\Windows\System32\cmd.exe,0xb60,cmd.exe,C:\Windows\System32\cmd.exe,C:\Windows\System32\where.exe /Q repadmin,/Q repadmin,where,where.exe,0x4470,where.exe,C:\Windows\System32\where.exe,Windows,<_='://../////'><><_='---'_='{----}'/><></><></><>,,,,,,,,0x3e7,,,A new process has been created,4688,XmlWinEventLog:Security,XmlWinEventLog,bbbbbsplunkes03,,,MMM,,ppppPWBADDC03$,,success,A new process has been created,failure,,,"execute
os
process
report
security
start
track_event_signatures
windows",,,,"execute
os
process
report
security
start
track_event_signatures
windows",,,ppppPWBADDC03$,-,,,,,Microsoft,,Microsoft Windows
,,,,,MMM,,,ppppPWBADDC03$,,,Security,,,,,,where  /Q repadmin,ppppPWBADDC03.mmm.hhh.ggg,,,,-,4688,<Data Name='SubjectUserSid'>NT AUTHORITY\SYSTEM</Data><Data Name='SubjectUserName'>ppppPWBADDC03$</Data><Data Name='SubjectDomainName'>MMM</Data><Data Name='SubjectLogonId'>0x3e7</Data><Data Name='NewProcessId'>0x3958</Data><Data Name='NewProcessName'>C:\Windows\System32\where.exe</Data><Data Name='TokenElevationType'>%%1936</Data><Data Name='ProcessId'>0x4308</Data><Data Name='CommandLine'>where  /Q repadmin </Data><Data Name='TargetUserSid'>NULL SID</Data><Data Name='TargetUserName'>-</Data><Data Name='TargetDomainName'>-</Data><Data Name='TargetLogonId'>0x0</Data><Data Name='ParentProcessName'>C:\Windows\System32\cmd.exe</Data><Data Name='MandatoryLabel'>Mandatory Label\System Mandatory Level</Data>,4688.0,997858592,,,,,,,,,,,0x8020000000000000,0,,,,0x3e7,,Mandatory Label\System Mandatory Level,,,,,'Microsoft-Windows-Security-Auditing',0x3958,C:\Windows\System32\where.exe,,,,,,0,C:\Windows\System32\cmd.exe,,,,'4',0x4308,,where  /Q repadmin,,997858592,,,,,,,MMM,0x3e7,ppppPWBADDC03$,NT AUTHORITY\SYSTEM,,'2026-05-18T12:25:11.6036277Z',<Provider Name='Microsoft-Windows-Security-Auditing' Guid='{54849625-5478-4994-a5ba-3e3b0328c30d}'/><EventID>4688</EventID><Version>2</Version><Level>0</Level><Task>13312</Task><Opcode>0</Opcode><Keywords>0x8020000000000000</Keywords><TimeCreated SystemTime='2026-05-18T12:25:11.6036277Z'/><EventRecordID>997858592</EventRecordID><Correlation/><Execution ProcessID='4' ThreadID='14316'/><Channel>Security</Channel><Computer>ppppPWBADDC03.mmm.hhh.ggg</Computer><Security/>,-,0x0,,,-,NULL SID,,,-,,-,13312,'14316',%%1936,%%1936,1936.0,,,,,2,,,,,2026-05-18T08:25:11.603-0400,allowed,win:unknown,,,,,ppppPWBADDC03.mmm.hhh.ggg,,ppppPWBADDC03.mmm.hhh.ggg,ppppPWBADDC03,997858592,endpoint_services_processes windows_endpoint_processes windows_event_signature windows_process_new wineventlog_security wineventlog_windows winsec,,,ppppPWBADDC03,997858592,occs-sss-windows,1,A new process has been created,C:\Windows\System32\where.exe,0x3958,where.exe,,,,,,,C:\Windows\System32\cmd.exe,0x4308,cmd.exe,C:\Windows\System32\cmd.exe,C:\Windows\System32\where.exe /Q repadmin,/Q repadmin,where,where.exe,0x3958,where.exe,C:\Windows\System32\where.exe,Windows,<_='://../////'><><_='---'_='{----}'/><></><></><>,,,,,,,,0x3e7,,,A new process has been created,4688,XmlWinEventLog:Security,XmlWinEventLog,bbbbbsplunkes01,,,MMM,,ppppPWBADDC03$,,success,A new process has been created,failure,,,"execute
os
process
report
security
start
track_event_signatures
windows",,,,"execute
os
process
report
security
start
track_event_signatures
windows",,,ppppPWBADDC03$,-,,,,,Microsoft,,Microsoft Windows
,,,,,MMM,,,ppppPWBADDC03$,,,Security,,,,,,where  /Q repadmin,ppppPWBADDC03.mmm.hhh.ggg,,,,-,4688,<Data Name='SubjectUserSid'>NT AUTHORITY\SYSTEM</Data><Data Name='SubjectUserName'>ppppPWBADDC03$</Data><Data Name='SubjectDomainName'>MMM</Data><Data Name='SubjectLogonId'>0x3e7</Data><Data Name='NewProcessId'>0x4598</Data><Data Name='NewProcessName'>C:\Windows\System32\where.exe</Data><Data Name='TokenElevationType'>%%1936</Data><Data Name='ProcessId'>0x2058</Data><Data Name='CommandLine'>where  /Q repadmin </Data><Data Name='TargetUserSid'>NULL SID</Data><Data Name='TargetUserName'>-</Data><Data Name='TargetDomainName'>-</Data><Data Name='TargetLogonId'>0x0</Data><Data Name='ParentProcessName'>C:\Windows\System32\cmd.exe</Data><Data Name='MandatoryLabel'>Mandatory Label\System Mandatory Level</Data>,4688.0,997829838,,,,,,,,,,,0x8020000000000000,0,,,,0x3e7,,Mandatory Label\System Mandatory Level,,,,,'Microsoft-Windows-Security-Auditing',0x4598,C:\Windows\System32\where.exe,,,,,,0,C:\Windows\System32\cmd.exe,,,,'4',0x2058,,where  /Q repadmin,,997829838,,,,,,,MMM,0x3e7,ppppPWBADDC03$,NT AUTHORITY\SYSTEM,,'2026-05-18T12:20:09.2514174Z',<Provider Name='Microsoft-Windows-Security-Auditing' Guid='{54849625-5478-4994-a5ba-3e3b0328c30d}'/><EventID>4688</EventID><Version>2</Version><Level>0</Level><Task>13312</Task><Opcode>0</Opcode><Keywords>0x8020000000000000</Keywords><TimeCreated SystemTime='2026-05-18T12:20:09.2514174Z'/><EventRecordID>997829838</EventRecordID><Correlation/><Execution ProcessID='4' ThreadID='14152'/><Channel>Security</Channel><Computer>ppppPWBADDC03.mmm.hhh.ggg</Computer><Security/>,-,0x0,,,-,NULL SID,,,-,,-,13312,'14152',%%1936,%%1936,1936.0,,,,,2,,,,,2026-05-18T08:20:09.251-0400,allowed,win:unknown,,,,,ppppPWBADDC03.mmm.hhh.ggg,,ppppPWBADDC03.mmm.hhh.ggg,ppppPWBADDC03,997829838,endpoint_services_processes windows_endpoint_processes windows_event_signature windows_process_new wineventlog_security wineventlog_windows winsec,,,ppppPWBADDC03,997829838,occs-sss-windows,1,A new process has been created,C:\Windows\System32\where.exe,0x4598,where.exe,,,,,,,C:\Windows\System32\cmd.exe,0x2058,cmd.exe,C:\Windows\System32\cmd.exe,C:\Windows\System32\where.exe /Q repadmin,/Q repadmin,where,where.exe,0x4598,where.exe,C:\Windows\System32\where.exe,Windows,<_='://../////'><><_='---'_='{----}'/><></><></><>,,,,,,,,0x3e7,,,A new process has been created,4688,XmlWinEventLog:Security,XmlWinEventLog,bbbbbsplunkes02,,,MMM,,ppppPWBADDC03$,,success,A new process has been created,failure,,,"execute
os
process
report
security
start
track_event_signatures
windows",,,,"execute
os
process
report
security
start
track_event_signatures
windows",,,ppppPWBADDC03$,-,,,,,Microsoft,,Microsoft Windows
,,,,,MMM,,,ppppPWBADDC03$,,,Security,,,,,,where  /Q repadmin,ppppPWBADDC03.mmm.hhh.ggg,,,,-,4688,<Data Name='SubjectUserSid'>NT AUTHORITY\SYSTEM</Data><Data Name='SubjectUserName'>ppppPWBADDC03$</Data><Data Name='SubjectDomainName'>MMM</Data><Data Name='SubjectLogonId'>0x3e7</Data><Data Name='NewProcessId'>0x1a00</Data><Data Name='NewProcessName'>C:\Windows\System32\where.exe</Data><Data Name='TokenElevationType'>%%1936</Data><Data Name='ProcessId'>0x3f78</Data><Data Name='CommandLine'>where  /Q repadmin </Data><Data Name='TargetUserSid'>NULL SID</Data><Data Name='TargetUserName'>-</Data><Data Name='TargetDomainName'>-</Data><Data Name='TargetLogonId'>0x0</Data><Data Name='ParentProcessName'>C:\Windows\System32\cmd.exe</Data><Data Name='MandatoryLabel'>Mandatory Label\System Mandatory Level</Data>,4688.0,997801283,,,,,,,,,,,0x8020000000000000,0,,,,0x3e7,,Mandatory Label\System Mandatory Level,,,,,'Microsoft-Windows-Security-Auditing',0x1a00,C:\Windows\System32\where.exe,,,,,,0,C:\Windows\System32\cmd.exe,,,,'4',0x3f78,,where  /Q repadmin,,997801283,,,,,,,MMM,0x3e7,ppppPWBADDC03$,NT AUTHORITY\SYSTEM,,'2026-05-18T12:15:06.9003556Z',<Provider Name='Microsoft-Windows-Security-Auditing' Guid='{54849625-5478-4994-a5ba-3e3b0328c30d}'/><EventID>4688</EventID><Version>2</Version><Level>0</Level><Task>13312</Task><Opcode>0</Opcode><Keywords>0x8020000000000000</Keywords><TimeCreated SystemTime='2026-05-18T12:15:06.9003556Z'/><EventRecordID>997801283</EventRecordID><Correlation/><Execution ProcessID='4' ThreadID='12296'/><Channel>Security</Channel><Computer>ppppPWBADDC03.mmm.hhh.ggg</Computer><Security/>,-,0x0,,,-,NULL SID,,,-,,-,13312,'12296',%%1936,%%1936,1936.0,,,,,2,,,,,2026-05-18T08:15:06.900-0400,allowed,win:unknown,,,,,ppppPWBADDC03.mmm.hhh.ggg,,ppppPWBADDC03.mmm.hhh.ggg,ppppPWBADDC03,997801283,endpoint_services_processes windows_endpoint_processes windows_event_signature windows_process_new wineventlog_security wineventlog_windows winsec,,,ppppPWBADDC03,997801283,occs-sss-windows,1,A new process has been created,C:\Windows\System32\where.exe,0x1a00,where.exe,,,,,,,C:\Windows\System32\cmd.exe,0x3f78,cmd.exe,C:\Windows\System32\cmd.exe,C:\Windows\System32\where.exe /Q repadmin,/Q repadmin,where,where.exe,0x1a00,where.exe,C:\Windows\System32\where.exe,Windows,<_='://../////'><><_='---'_='{----}'/><></><></><>,,,,,,,,0x3e7,,,A new process has been created,4688,XmlWinEventLog:Security,XmlWinEventLog,bbbbbsplunkes03,,,MMM,,ppppPWBADDC03$,,success,A new process has been created,failure,,,"execute
os
process
report
security
start
track_event_signatures
windows",,,,"execute
os
process
report
security
start
track_event_signatures
windows",,,ppppPWBADDC03$,-,,,,,Microsoft,,Microsoft Windows
,,,,,MMM,,,ppppPWBADDC03$,,,Security,,,,,,where  /Q repadmin,ppppPWBADDC03.mmm.hhh.ggg,,,,-,4688,<Data Name='SubjectUserSid'>NT AUTHORITY\SYSTEM</Data><Data Name='SubjectUserName'>ppppPWBADDC03$</Data><Data Name='SubjectDomainName'>MMM</Data><Data Name='SubjectLogonId'>0x3e7</Data><Data Name='NewProcessId'>0x27b8</Data><Data Name='NewProcessName'>C:\Windows\System32\where.exe</Data><Data Name='TokenElevationType'>%%1936</Data><Data Name='ProcessId'>0x3bd8</Data><Data Name='CommandLine'>where  /Q repadmin </Data><Data Name='TargetUserSid'>NULL SID</Data><Data Name='TargetUserName'>-</Data><Data Name='TargetDomainName'>-</Data><Data Name='TargetLogonId'>0x0</Data><Data Name='ParentProcessName'>C:\Windows\System32\cmd.exe</Data><Data Name='MandatoryLabel'>Mandatory Label\System Mandatory Level</Data>,4688.0,997761152,,,,,,,,,,,0x8020000000000000,0,,,,0x3e7,,Mandatory Label\System Mandatory Level,,,,,'Microsoft-Windows-Security-Auditing',0x27b8,C:\Windows\System32\where.exe,,,,,,0,C:\Windows\System32\cmd.exe,,,,'4',0x3bd8,,where  /Q repadmin,,997761152,,,,,,,MMM,0x3e7,ppppPWBADDC03$,NT AUTHORITY\SYSTEM,,'2026-05-18T12:10:04.5205953Z',<Provider Name='Microsoft-Windows-Security-Auditing' Guid='{54849625-5478-4994-a5ba-3e3b0328c30d}'/><EventID>4688</EventID><Version>2</Version><Level>0</Level><Task>13312</Task><Opcode>0</Opcode><Keywords>0x8020000000000000</Keywords><TimeCreated SystemTime='2026-05-18T12:10:04.5205953Z'/><EventRecordID>997761152</EventRecordID><Correlation/><Execution ProcessID='4' ThreadID='16328'/><Channel>Security</Channel><Computer>ppppPWBADDC03.mmm.hhh.ggg</Computer><Security/>,-,0x0,,,-,NULL SID,,,-,,-,13312,'16328',%%1936,%%1936,1936.0,,,,,2,,,,,2026-05-18T08:10:04.520-0400,allowed,win:unknown,,,,,ppppPWBADDC03.mmm.hhh.ggg,,ppppPWBADDC03.mmm.hhh.ggg,ppppPWBADDC03,997761152,endpoint_services_processes windows_endpoint_processes windows_event_signature windows_process_new wineventlog_security wineventlog_windows winsec,,,ppppPWBADDC03,997761152,occs-sss-windows,1,A new process has been created,C:\Windows\System32\where.exe,0x27b8,where.exe,,,,,,,C:\Windows\System32\cmd.exe,0x3bd8,cmd.exe,C:\Windows\System32\cmd.exe,C:\Windows\System32\where.exe /Q repadmin,/Q repadmin,where,where.exe,0x27b8,where.exe,C:\Windows\System32\where.exe,Windows,<_='://../////'><><_='---'_='{----}'/><></><></><>,,,,,,,,0x3e7,,,A new process has been created,4688,XmlWinEventLog:Security,XmlWinEventLog,bbbbbsplunkes02,,,MMM,,ppppPWBADDC03$,,success,A new process has been created,failure,,,"execute
os
process
report
security
start
track_event_signatures
windows",,,,"execute
os
process
report
security
start
track_event_signatures
windows",,,ppppPWBADDC03$,-,,,,,Microsoft,,Microsoft Windows
,,,,,MMM,,,ppppPWBADDC03$,,,Security,,,,,,where  /Q repadmin,ppppPWBADDC03.mmm.hhh.ggg,,,,-,4688,<Data Name='SubjectUserSid'>NT AUTHORITY\SYSTEM</Data><Data Name='SubjectUserName'>ppppPWBADDC03$</Data><Data Name='SubjectDomainName'>MMM</Data><Data Name='SubjectLogonId'>0x3e7</Data><Data Name='NewProcessId'>0x3120</Data><Data Name='NewProcessName'>C:\Windows\System32\where.exe</Data><Data Name='TokenElevationType'>%%1936</Data><Data Name='ProcessId'>0x3a04</Data><Data Name='CommandLine'>where  /Q repadmin </Data><Data Name='TargetUserSid'>NULL SID</Data><Data Name='TargetUserName'>-</Data><Data Name='TargetDomainName'>-</Data><Data Name='TargetLogonId'>0x0</Data><Data Name='ParentProcessName'>C:\Windows\System32\cmd.exe</Data><Data Name='MandatoryLabel'>Mandatory Label\System Mandatory Level</Data>,4688.0,997737583,,,,,,,,,,,0x8020000000000000,0,,,,0x3e7,,Mandatory Label\System Mandatory Level,,,,,'Microsoft-Windows-Security-Auditing',0x3120,C:\Windows\System32\where.exe,,,,,,0,C:\Windows\System32\cmd.exe,,,,'4',0x3a04,,where  /Q repadmin,,997737583,,,,,,,MMM,0x3e7,ppppPWBADDC03$,NT AUTHORITY\SYSTEM,,'2026-05-18T12:05:01.3894201Z',<Provider Name='Microsoft-Windows-Security-Auditing' Guid='{54849625-5478-4994-a5ba-3e3b0328c30d}'/><EventID>4688</EventID><Version>2</Version><Level>0</Level><Task>13312</Task><Opcode>0</Opcode><Keywords>0x8020000000000000</Keywords><TimeCreated SystemTime='2026-05-18T12:05:01.3894201Z'/><EventRecordID>997737583</EventRecordID><Correlation/><Execution ProcessID='4' ThreadID='16444'/><Channel>Security</Channel><Computer>ppppPWBADDC03.mmm.hhh.ggg</Computer><Security/>,-,0x0,,,-,NULL SID,,,-,,-,13312,'16444',%%1936,%%1936,1936.0,,,,,2,,,,,2026-05-18T08:05:01.389-0400,allowed,win:unknown,,,,,ppppPWBADDC03.mmm.hhh.ggg,,ppppPWBADDC03.mmm.hhh.ggg,ppppPWBADDC03,997737583,endpoint_services_processes windows_endpoint_processes windows_event_signature windows_process_new wineventlog_security wineventlog_windows winsec,,,ppppPWBADDC03,997737583,occs-sss-windows,1,A new process has been created,C:\Windows\System32\where.exe,0x3120,where.exe,,,,,,,C:\Windows\System32\cmd.exe,0x3a04,cmd.exe,C:\Windows\System32\cmd.exe,C:\Windows\System32\where.exe /Q repadmin,/Q repadmin,where,where.exe,0x3120,where.exe,C:\Windows\System32\where.exe,Windows,<_='://../////'><><_='---'_='{----}'/><></><></><>,,,,,,,,0x3e7,,,A new process has been created,4688,XmlWinEventLog:Security,XmlWinEventLog,bbbbbsplunkes01,,,MMM,,ppppPWBADDC03$,,success,A new process has been created,failure,,,"execute
os
process
report
security
start
track_event_signatures
windows",,,,"execute
os
process
report
security
start
track_event_signatures
windows",,,ppppPWBADDC03$,-,,,,,Microsoft,,Microsoft Windows
