AccessList,AccessMask,Account_Domain,Account_Name,Caller_Computer_Name,Caller_Domain,Caller_Logon_ID,Caller_Machine_Name,Caller_User_Name,CategoryString,Change_Type,Channel,Client_Address,Client_Domain,Client_Logon_ID,Client_Machine_Name,Client_User_Name,CommandLine,Computer,ComputerName,Description,Domain,Error_Code,EventCode,EventData_Xml,EventID,EventRecordID,FileName,Group_Domain,Group_Name,Group_Type_Change,Guid,HandleId,Image_File_Name,IpAddress,IpPort,KeyFilePath,Keywords,Level,LogFileCleared_Xml,LogonType,Logon_Account,Logon_ID,Logon_account,MandatoryLabel,MemberName,Member_ID,Member_Name,Message,Name,NewProcessId,NewProcessName,New_Account_Name,New_Domain,ObjectName,ObjectServer,ObjectType,Opcode,ParentProcessName,Primary_Domain,Primary_User_Name,PrivilegeList,ProcessID,ProcessId,ProcessName,Process_Command_Line,Qualifiers,RecordNumber,RenderingInfo_Xml,ResourceAttributes,Security_ID,Source_Network_Address,Source_Workstation,SubStatus,SubjectDomainName,SubjectLogonId,SubjectUserName,SubjectUserSid,Supplied_Realm_Name,SystemTime,System_Props_Xml,TargetDomainName,TargetLogonId,TargetProcessName,TargetServerName,TargetUserName,TargetUserSid,Target_Account_ID,Target_Account_Name,Target_Domain,Target_Server_Name,Target_User_Name,Task,ThreadID,TokenElevationType,Token_Elevation_Type,Token_Elevation_Type_id,User,UserData_Xml,User_ID,User_Name,Version,Workstation,WorkstationName,Workstation_Name,_raw,_time,action,app,authentication_method,body,category,change_type,dest,dest_nt_domain,dvc,dvc_nt_host,event_id,eventtype,file_name,file_path,host,id,index,linecount,name,new_process,new_process_id,new_process_name,object,object_attrs,object_category,object_file_name,object_file_path,object_id,parent_process,parent_process_id,parent_process_name,parent_process_path,process,process_command_line_arguments,process_command_line_process,process_exec,process_id,process_name,process_path,product,punct,registry_path,registry_value_name,registry_value_type,result,service,service_id,service_name,session_id,severity,severity_id,signature,signature_id,source,sourcetype,splunk_server,splunk_server_group,src,src_nt_domain,src_port,src_user,src_user_name,status,subject,ta_windows_action,ta_windows_security_CategoryString,ta_windows_status,tag,tag::Token_Elevation_Type_id,tag::action,tag::app,tag::eventtype,tag::object_category,tag::sourcetype,user,user_group,user_group_id,user_id,user_name,user_type,vendor,vendor_privilege,vendor_product
,,,,,MMM,,,ppppPWBADDC03$,,,Security,,,,,,where  /Q repadmin,ppppPWBADDC03.mmm.hhh.ggg,,,,-,4688,<Data Name='SubjectUserSid'>NT AUTHORITY\SYSTEM</Data><Data Name='SubjectUserName'>ppppPWBADDC03$</Data><Data Name='SubjectDomainName'>MMM</Data><Data Name='SubjectLogonId'>0x3e7</Data><Data Name='NewProcessId'>0x4050</Data><Data Name='NewProcessName'>C:\Windows\System32\where.exe</Data><Data Name='TokenElevationType'>%%1936</Data><Data Name='ProcessId'>0x15fc</Data><Data Name='CommandLine'>where  /Q repadmin </Data><Data Name='TargetUserSid'>NULL SID</Data><Data Name='TargetUserName'>-</Data><Data Name='TargetDomainName'>-</Data><Data Name='TargetLogonId'>0x0</Data><Data Name='ParentProcessName'>C:\Windows\System32\cmd.exe</Data><Data Name='MandatoryLabel'>Mandatory Label\System Mandatory Level</Data>,4688.0,999712978,,,,,,,,,,,0x8020000000000000,0,,,,0x3e7,,Mandatory Label\System Mandatory Level,,,,,'Microsoft-Windows-Security-Auditing',0x4050,C:\Windows\System32\where.exe,,,,,,0,C:\Windows\System32\cmd.exe,,,,'4',0x15fc,,where  /Q repadmin,,999712978,,,,,,,MMM,0x3e7,ppppPWBADDC03$,NT AUTHORITY\SYSTEM,,'2026-05-19T12:38:38.7349015Z',<Provider Name='Microsoft-Windows-Security-Auditing' Guid='{54849625-5478-4994-a5ba-3e3b0328c30d}'/><EventID>4688</EventID><Version>2</Version><Level>0</Level><Task>13312</Task><Opcode>0</Opcode><Keywords>0x8020000000000000</Keywords><TimeCreated SystemTime='2026-05-19T12:38:38.7349015Z'/><EventRecordID>999712978</EventRecordID><Correlation/><Execution ProcessID='4' ThreadID='15704'/><Channel>Security</Channel><Computer>ppppPWBADDC03.mmm.hhh.ggg</Computer><Security/>,-,0x0,,,-,NULL SID,,,-,,-,13312,'15704',%%1936,%%1936,1936.0,,,,,2,,,,,2026-05-19T08:38:38.734-0400,allowed,win:unknown,,,,,ppppPWBADDC03.mmm.hhh.ggg,,ppppPWBADDC03.mmm.hhh.ggg,ppppPWBADDC03,999712978,endpoint_services_processes windows_endpoint_processes windows_event_signature windows_process_new wineventlog_security wineventlog_windows winsec,,,ppppPWBADDC03,999712978,occs-sss-windows,1,A new process has been created,C:\Windows\System32\where.exe,0x4050,where.exe,,,,,,,C:\Windows\System32\cmd.exe,0x15fc,cmd.exe,C:\Windows\System32\cmd.exe,C:\Windows\System32\where.exe /Q repadmin,/Q repadmin,where,where.exe,0x4050,where.exe,C:\Windows\System32\where.exe,Windows,<_='://../////'><><_='---'_='{----}'/><></><></><>,,,,,,,,0x3e7,,,A new process has been created,4688,XmlWinEventLog:Security,XmlWinEventLog,bbbbbsplunkes03,,,MMM,,ppppPWBADDC03$,,success,A new process has been created,failure,,,"execute
os
process
report
security
start
track_event_signatures
windows",,,,"execute
os
process
report
security
start
track_event_signatures
windows",,,ppppPWBADDC03$,-,,,,,Microsoft,,Microsoft Windows
,,,,,MMM,,,ppppPWBADDC03$,,,Security,,,,,,where  /Q repadmin,ppppPWBADDC03.mmm.hhh.ggg,,,,-,4688,<Data Name='SubjectUserSid'>NT AUTHORITY\SYSTEM</Data><Data Name='SubjectUserName'>ppppPWBADDC03$</Data><Data Name='SubjectDomainName'>MMM</Data><Data Name='SubjectLogonId'>0x3e7</Data><Data Name='NewProcessId'>0x6fc</Data><Data Name='NewProcessName'>C:\Windows\System32\where.exe</Data><Data Name='TokenElevationType'>%%1936</Data><Data Name='ProcessId'>0x176c</Data><Data Name='CommandLine'>where  /Q repadmin </Data><Data Name='TargetUserSid'>NULL SID</Data><Data Name='TargetUserName'>-</Data><Data Name='TargetDomainName'>-</Data><Data Name='TargetLogonId'>0x0</Data><Data Name='ParentProcessName'>C:\Windows\System32\cmd.exe</Data><Data Name='MandatoryLabel'>Mandatory Label\System Mandatory Level</Data>,4688.0,999706510,,,,,,,,,,,0x8020000000000000,0,,,,0x3e7,,Mandatory Label\System Mandatory Level,,,,,'Microsoft-Windows-Security-Auditing',0x6fc,C:\Windows\System32\where.exe,,,,,,0,C:\Windows\System32\cmd.exe,,,,'4',0x176c,,where  /Q repadmin,,999706510,,,,,,,MMM,0x3e7,ppppPWBADDC03$,NT AUTHORITY\SYSTEM,,'2026-05-19T12:33:36.0502808Z',<Provider Name='Microsoft-Windows-Security-Auditing' Guid='{54849625-5478-4994-a5ba-3e3b0328c30d}'/><EventID>4688</EventID><Version>2</Version><Level>0</Level><Task>13312</Task><Opcode>0</Opcode><Keywords>0x8020000000000000</Keywords><TimeCreated SystemTime='2026-05-19T12:33:36.0502808Z'/><EventRecordID>999706510</EventRecordID><Correlation/><Execution ProcessID='4' ThreadID='13988'/><Channel>Security</Channel><Computer>ppppPWBADDC03.mmm.hhh.ggg</Computer><Security/>,-,0x0,,,-,NULL SID,,,-,,-,13312,'13988',%%1936,%%1936,1936.0,,,,,2,,,,,2026-05-19T08:33:36.050-0400,allowed,win:unknown,,,,,ppppPWBADDC03.mmm.hhh.ggg,,ppppPWBADDC03.mmm.hhh.ggg,ppppPWBADDC03,999706510,endpoint_services_processes windows_endpoint_processes windows_event_signature windows_process_new wineventlog_security wineventlog_windows winsec,,,ppppPWBADDC03,999706510,occs-sss-windows,1,A new process has been created,C:\Windows\System32\where.exe,0x6fc,where.exe,,,,,,,C:\Windows\System32\cmd.exe,0x176c,cmd.exe,C:\Windows\System32\cmd.exe,C:\Windows\System32\where.exe /Q repadmin,/Q repadmin,where,where.exe,0x6fc,where.exe,C:\Windows\System32\where.exe,Windows,<_='://../////'><><_='---'_='{----}'/><></><></><>,,,,,,,,0x3e7,,,A new process has been created,4688,XmlWinEventLog:Security,XmlWinEventLog,bbbbbsplunkes03,,,MMM,,ppppPWBADDC03$,,success,A new process has been created,failure,,,"execute
os
process
report
security
start
track_event_signatures
windows",,,,"execute
os
process
report
security
start
track_event_signatures
windows",,,ppppPWBADDC03$,-,,,,,Microsoft,,Microsoft Windows
,,,,,MMM,,,ppppPWBADDC03$,,,Security,,,,,,where  /Q repadmin,ppppPWBADDC03.mmm.hhh.ggg,,,,-,4688,<Data Name='SubjectUserSid'>NT AUTHORITY\SYSTEM</Data><Data Name='SubjectUserName'>ppppPWBADDC03$</Data><Data Name='SubjectDomainName'>MMM</Data><Data Name='SubjectLogonId'>0x3e7</Data><Data Name='NewProcessId'>0x419c</Data><Data Name='NewProcessName'>C:\Windows\System32\where.exe</Data><Data Name='TokenElevationType'>%%1936</Data><Data Name='ProcessId'>0x3668</Data><Data Name='CommandLine'>where  /Q repadmin </Data><Data Name='TargetUserSid'>NULL SID</Data><Data Name='TargetUserName'>-</Data><Data Name='TargetDomainName'>-</Data><Data Name='TargetLogonId'>0x0</Data><Data Name='ParentProcessName'>C:\Windows\System32\cmd.exe</Data><Data Name='MandatoryLabel'>Mandatory Label\System Mandatory Level</Data>,4688.0,999701101,,,,,,,,,,,0x8020000000000000,0,,,,0x3e7,,Mandatory Label\System Mandatory Level,,,,,'Microsoft-Windows-Security-Auditing',0x419c,C:\Windows\System32\where.exe,,,,,,0,C:\Windows\System32\cmd.exe,,,,'4',0x3668,,where  /Q repadmin,,999701101,,,,,,,MMM,0x3e7,ppppPWBADDC03$,NT AUTHORITY\SYSTEM,,'2026-05-19T12:28:32.5619414Z',<Provider Name='Microsoft-Windows-Security-Auditing' Guid='{54849625-5478-4994-a5ba-3e3b0328c30d}'/><EventID>4688</EventID><Version>2</Version><Level>0</Level><Task>13312</Task><Opcode>0</Opcode><Keywords>0x8020000000000000</Keywords><TimeCreated SystemTime='2026-05-19T12:28:32.5619414Z'/><EventRecordID>999701101</EventRecordID><Correlation/><Execution ProcessID='4' ThreadID='12280'/><Channel>Security</Channel><Computer>ppppPWBADDC03.mmm.hhh.ggg</Computer><Security/>,-,0x0,,,-,NULL SID,,,-,,-,13312,'12280',%%1936,%%1936,1936.0,,,,,2,,,,,2026-05-19T08:28:32.561-0400,allowed,win:unknown,,,,,ppppPWBADDC03.mmm.hhh.ggg,,ppppPWBADDC03.mmm.hhh.ggg,ppppPWBADDC03,999701101,endpoint_services_processes windows_endpoint_processes windows_event_signature windows_process_new wineventlog_security wineventlog_windows winsec,,,ppppPWBADDC03,999701101,occs-sss-windows,1,A new process has been created,C:\Windows\System32\where.exe,0x419c,where.exe,,,,,,,C:\Windows\System32\cmd.exe,0x3668,cmd.exe,C:\Windows\System32\cmd.exe,C:\Windows\System32\where.exe /Q repadmin,/Q repadmin,where,where.exe,0x419c,where.exe,C:\Windows\System32\where.exe,Windows,<_='://../////'><><_='---'_='{----}'/><></><></><>,,,,,,,,0x3e7,,,A new process has been created,4688,XmlWinEventLog:Security,XmlWinEventLog,bbbbbsplunkes03,,,MMM,,ppppPWBADDC03$,,success,A new process has been created,failure,,,"execute
os
process
report
security
start
track_event_signatures
windows",,,,"execute
os
process
report
security
start
track_event_signatures
windows",,,ppppPWBADDC03$,-,,,,,Microsoft,,Microsoft Windows
,,,,,MMM,,,ppppPWBADDC03$,,,Security,,,,,,where  /Q repadmin,ppppPWBADDC03.mmm.hhh.ggg,,,,-,4688,<Data Name='SubjectUserSid'>NT AUTHORITY\SYSTEM</Data><Data Name='SubjectUserName'>ppppPWBADDC03$</Data><Data Name='SubjectDomainName'>MMM</Data><Data Name='SubjectLogonId'>0x3e7</Data><Data Name='NewProcessId'>0x435c</Data><Data Name='NewProcessName'>C:\Windows\System32\where.exe</Data><Data Name='TokenElevationType'>%%1936</Data><Data Name='ProcessId'>0x3c40</Data><Data Name='CommandLine'>where  /Q repadmin </Data><Data Name='TargetUserSid'>NULL SID</Data><Data Name='TargetUserName'>-</Data><Data Name='TargetDomainName'>-</Data><Data Name='TargetLogonId'>0x0</Data><Data Name='ParentProcessName'>C:\Windows\System32\cmd.exe</Data><Data Name='MandatoryLabel'>Mandatory Label\System Mandatory Level</Data>,4688.0,999695010,,,,,,,,,,,0x8020000000000000,0,,,,0x3e7,,Mandatory Label\System Mandatory Level,,,,,'Microsoft-Windows-Security-Auditing',0x435c,C:\Windows\System32\where.exe,,,,,,0,C:\Windows\System32\cmd.exe,,,,'4',0x3c40,,where  /Q repadmin,,999695010,,,,,,,MMM,0x3e7,ppppPWBADDC03$,NT AUTHORITY\SYSTEM,,'2026-05-19T12:23:29.9690863Z',<Provider Name='Microsoft-Windows-Security-Auditing' Guid='{54849625-5478-4994-a5ba-3e3b0328c30d}'/><EventID>4688</EventID><Version>2</Version><Level>0</Level><Task>13312</Task><Opcode>0</Opcode><Keywords>0x8020000000000000</Keywords><TimeCreated SystemTime='2026-05-19T12:23:29.9690863Z'/><EventRecordID>999695010</EventRecordID><Correlation/><Execution ProcessID='4' ThreadID='5720'/><Channel>Security</Channel><Computer>ppppPWBADDC03.mmm.hhh.ggg</Computer><Security/>,-,0x0,,,-,NULL SID,,,-,,-,13312,'5720',%%1936,%%1936,1936.0,,,,,2,,,,,2026-05-19T08:23:29.969-0400,allowed,win:unknown,,,,,ppppPWBADDC03.mmm.hhh.ggg,,ppppPWBADDC03.mmm.hhh.ggg,ppppPWBADDC03,999695010,endpoint_services_processes windows_endpoint_processes windows_event_signature windows_process_new wineventlog_security wineventlog_windows winsec,,,ppppPWBADDC03,999695010,occs-sss-windows,1,A new process has been created,C:\Windows\System32\where.exe,0x435c,where.exe,,,,,,,C:\Windows\System32\cmd.exe,0x3c40,cmd.exe,C:\Windows\System32\cmd.exe,C:\Windows\System32\where.exe /Q repadmin,/Q repadmin,where,where.exe,0x435c,where.exe,C:\Windows\System32\where.exe,Windows,<_='://../////'><><_='---'_='{----}'/><></><></><>,,,,,,,,0x3e7,,,A new process has been created,4688,XmlWinEventLog:Security,XmlWinEventLog,bbbbbsplunkes01,,,MMM,,ppppPWBADDC03$,,success,A new process has been created,failure,,,"execute
os
process
report
security
start
track_event_signatures
windows",,,,"execute
os
process
report
security
start
track_event_signatures
windows",,,ppppPWBADDC03$,-,,,,,Microsoft,,Microsoft Windows
,,,,,MMM,,,ppppPWBADDC03$,,,Security,,,,,,where  /Q repadmin,ppppPWBADDC03.mmm.hhh.ggg,,,,-,4688,<Data Name='SubjectUserSid'>NT AUTHORITY\SYSTEM</Data><Data Name='SubjectUserName'>ppppPWBADDC03$</Data><Data Name='SubjectDomainName'>MMM</Data><Data Name='SubjectLogonId'>0x3e7</Data><Data Name='NewProcessId'>0x363c</Data><Data Name='NewProcessName'>C:\Windows\System32\where.exe</Data><Data Name='TokenElevationType'>%%1936</Data><Data Name='ProcessId'>0x43e0</Data><Data Name='CommandLine'>where  /Q repadmin </Data><Data Name='TargetUserSid'>NULL SID</Data><Data Name='TargetUserName'>-</Data><Data Name='TargetDomainName'>-</Data><Data Name='TargetLogonId'>0x0</Data><Data Name='ParentProcessName'>C:\Windows\System32\cmd.exe</Data><Data Name='MandatoryLabel'>Mandatory Label\System Mandatory Level</Data>,4688.0,999687956,,,,,,,,,,,0x8020000000000000,0,,,,0x3e7,,Mandatory Label\System Mandatory Level,,,,,'Microsoft-Windows-Security-Auditing',0x363c,C:\Windows\System32\where.exe,,,,,,0,C:\Windows\System32\cmd.exe,,,,'4',0x43e0,,where  /Q repadmin,,999687956,,,,,,,MMM,0x3e7,ppppPWBADDC03$,NT AUTHORITY\SYSTEM,,'2026-05-19T12:18:27.3008170Z',<Provider Name='Microsoft-Windows-Security-Auditing' Guid='{54849625-5478-4994-a5ba-3e3b0328c30d}'/><EventID>4688</EventID><Version>2</Version><Level>0</Level><Task>13312</Task><Opcode>0</Opcode><Keywords>0x8020000000000000</Keywords><TimeCreated SystemTime='2026-05-19T12:18:27.3008170Z'/><EventRecordID>999687956</EventRecordID><Correlation/><Execution ProcessID='4' ThreadID='44'/><Channel>Security</Channel><Computer>ppppPWBADDC03.mmm.hhh.ggg</Computer><Security/>,-,0x0,,,-,NULL SID,,,-,,-,13312,'44',%%1936,%%1936,1936.0,,,,,2,,,,,2026-05-19T08:18:27.300-0400,allowed,win:unknown,,,,,ppppPWBADDC03.mmm.hhh.ggg,,ppppPWBADDC03.mmm.hhh.ggg,ppppPWBADDC03,999687956,endpoint_services_processes windows_endpoint_processes windows_event_signature windows_process_new wineventlog_security wineventlog_windows winsec,,,ppppPWBADDC03,999687956,occs-sss-windows,1,A new process has been created,C:\Windows\System32\where.exe,0x363c,where.exe,,,,,,,C:\Windows\System32\cmd.exe,0x43e0,cmd.exe,C:\Windows\System32\cmd.exe,C:\Windows\System32\where.exe /Q repadmin,/Q repadmin,where,where.exe,0x363c,where.exe,C:\Windows\System32\where.exe,Windows,<_='://../////'><><_='---'_='{----}'/><></><></><>,,,,,,,,0x3e7,,,A new process has been created,4688,XmlWinEventLog:Security,XmlWinEventLog,bbbbbsplunkes01,,,MMM,,ppppPWBADDC03$,,success,A new process has been created,failure,,,"execute
os
process
report
security
start
track_event_signatures
windows",,,,"execute
os
process
report
security
start
track_event_signatures
windows",,,ppppPWBADDC03$,-,,,,,Microsoft,,Microsoft Windows
,,,,,MMM,,,ppppPWBADDC03$,,,Security,,,,,,where  /Q repadmin,ppppPWBADDC03.mmm.hhh.ggg,,,,-,4688,<Data Name='SubjectUserSid'>NT AUTHORITY\SYSTEM</Data><Data Name='SubjectUserName'>ppppPWBADDC03$</Data><Data Name='SubjectDomainName'>MMM</Data><Data Name='SubjectLogonId'>0x3e7</Data><Data Name='NewProcessId'>0x2ff4</Data><Data Name='NewProcessName'>C:\Windows\System32\where.exe</Data><Data Name='TokenElevationType'>%%1936</Data><Data Name='ProcessId'>0x1f3c</Data><Data Name='CommandLine'>where  /Q repadmin </Data><Data Name='TargetUserSid'>NULL SID</Data><Data Name='TargetUserName'>-</Data><Data Name='TargetDomainName'>-</Data><Data Name='TargetLogonId'>0x0</Data><Data Name='ParentProcessName'>C:\Windows\System32\cmd.exe</Data><Data Name='MandatoryLabel'>Mandatory Label\System Mandatory Level</Data>,4688.0,999682437,,,,,,,,,,,0x8020000000000000,0,,,,0x3e7,,Mandatory Label\System Mandatory Level,,,,,'Microsoft-Windows-Security-Auditing',0x2ff4,C:\Windows\System32\where.exe,,,,,,0,C:\Windows\System32\cmd.exe,,,,'4',0x1f3c,,where  /Q repadmin,,999682437,,,,,,,MMM,0x3e7,ppppPWBADDC03$,NT AUTHORITY\SYSTEM,,'2026-05-19T12:13:24.6134134Z',<Provider Name='Microsoft-Windows-Security-Auditing' Guid='{54849625-5478-4994-a5ba-3e3b0328c30d}'/><EventID>4688</EventID><Version>2</Version><Level>0</Level><Task>13312</Task><Opcode>0</Opcode><Keywords>0x8020000000000000</Keywords><TimeCreated SystemTime='2026-05-19T12:13:24.6134134Z'/><EventRecordID>999682437</EventRecordID><Correlation/><Execution ProcessID='4' ThreadID='4208'/><Channel>Security</Channel><Computer>ppppPWBADDC03.mmm.hhh.ggg</Computer><Security/>,-,0x0,,,-,NULL SID,,,-,,-,13312,'4208',%%1936,%%1936,1936.0,,,,,2,,,,,2026-05-19T08:13:24.613-0400,allowed,win:unknown,,,,,ppppPWBADDC03.mmm.hhh.ggg,,ppppPWBADDC03.mmm.hhh.ggg,ppppPWBADDC03,999682437,endpoint_services_processes windows_endpoint_processes windows_event_signature windows_process_new wineventlog_security wineventlog_windows winsec,,,ppppPWBADDC03,999682437,occs-sss-windows,1,A new process has been created,C:\Windows\System32\where.exe,0x2ff4,where.exe,,,,,,,C:\Windows\System32\cmd.exe,0x1f3c,cmd.exe,C:\Windows\System32\cmd.exe,C:\Windows\System32\where.exe /Q repadmin,/Q repadmin,where,where.exe,0x2ff4,where.exe,C:\Windows\System32\where.exe,Windows,<_='://../////'><><_='---'_='{----}'/><></><></><>,,,,,,,,0x3e7,,,A new process has been created,4688,XmlWinEventLog:Security,XmlWinEventLog,bbbbbsplunkes03,,,MMM,,ppppPWBADDC03$,,success,A new process has been created,failure,,,"execute
os
process
report
security
start
track_event_signatures
windows",,,,"execute
os
process
report
security
start
track_event_signatures
windows",,,ppppPWBADDC03$,-,,,,,Microsoft,,Microsoft Windows
,,,,,MMM,,,ppppPWBADDC03$,,,Security,,,,,,where  /Q repadmin,ppppPWBADDC03.mmm.hhh.ggg,,,,-,4688,<Data Name='SubjectUserSid'>NT AUTHORITY\SYSTEM</Data><Data Name='SubjectUserName'>ppppPWBADDC03$</Data><Data Name='SubjectDomainName'>MMM</Data><Data Name='SubjectLogonId'>0x3e7</Data><Data Name='NewProcessId'>0x17c4</Data><Data Name='NewProcessName'>C:\Windows\System32\where.exe</Data><Data Name='TokenElevationType'>%%1936</Data><Data Name='ProcessId'>0x2710</Data><Data Name='CommandLine'>where  /Q repadmin </Data><Data Name='TargetUserSid'>NULL SID</Data><Data Name='TargetUserName'>-</Data><Data Name='TargetDomainName'>-</Data><Data Name='TargetLogonId'>0x0</Data><Data Name='ParentProcessName'>C:\Windows\System32\cmd.exe</Data><Data Name='MandatoryLabel'>Mandatory Label\System Mandatory Level</Data>,4688.0,999675444,,,,,,,,,,,0x8020000000000000,0,,,,0x3e7,,Mandatory Label\System Mandatory Level,,,,,'Microsoft-Windows-Security-Auditing',0x17c4,C:\Windows\System32\where.exe,,,,,,0,C:\Windows\System32\cmd.exe,,,,'4',0x2710,,where  /Q repadmin,,999675444,,,,,,,MMM,0x3e7,ppppPWBADDC03$,NT AUTHORITY\SYSTEM,,'2026-05-19T12:08:21.2684671Z',<Provider Name='Microsoft-Windows-Security-Auditing' Guid='{54849625-5478-4994-a5ba-3e3b0328c30d}'/><EventID>4688</EventID><Version>2</Version><Level>0</Level><Task>13312</Task><Opcode>0</Opcode><Keywords>0x8020000000000000</Keywords><TimeCreated SystemTime='2026-05-19T12:08:21.2684671Z'/><EventRecordID>999675444</EventRecordID><Correlation/><Execution ProcessID='4' ThreadID='17340'/><Channel>Security</Channel><Computer>ppppPWBADDC03.mmm.hhh.ggg</Computer><Security/>,-,0x0,,,-,NULL SID,,,-,,-,13312,'17340',%%1936,%%1936,1936.0,,,,,2,,,,,2026-05-19T08:08:21.268-0400,allowed,win:unknown,,,,,ppppPWBADDC03.mmm.hhh.ggg,,ppppPWBADDC03.mmm.hhh.ggg,ppppPWBADDC03,999675444,endpoint_services_processes windows_endpoint_processes windows_event_signature windows_process_new wineventlog_security wineventlog_windows winsec,,,ppppPWBADDC03,999675444,occs-sss-windows,1,A new process has been created,C:\Windows\System32\where.exe,0x17c4,where.exe,,,,,,,C:\Windows\System32\cmd.exe,0x2710,cmd.exe,C:\Windows\System32\cmd.exe,C:\Windows\System32\where.exe /Q repadmin,/Q repadmin,where,where.exe,0x17c4,where.exe,C:\Windows\System32\where.exe,Windows,<_='://../////'><><_='---'_='{----}'/><></><></><>,,,,,,,,0x3e7,,,A new process has been created,4688,XmlWinEventLog:Security,XmlWinEventLog,bbbbbsplunkes03,,,MMM,,ppppPWBADDC03$,,success,A new process has been created,failure,,,"execute
os
process
report
security
start
track_event_signatures
windows",,,,"execute
os
process
report
security
start
track_event_signatures
windows",,,ppppPWBADDC03$,-,,,,,Microsoft,,Microsoft Windows
,,,,,MMM,,,ppppPWBADDC03$,,,Security,,,,,,where  /Q repadmin,ppppPWBADDC03.mmm.hhh.ggg,,,,-,4688,<Data Name='SubjectUserSid'>NT AUTHORITY\SYSTEM</Data><Data Name='SubjectUserName'>ppppPWBADDC03$</Data><Data Name='SubjectDomainName'>MMM</Data><Data Name='SubjectLogonId'>0x3e7</Data><Data Name='NewProcessId'>0x1258</Data><Data Name='NewProcessName'>C:\Windows\System32\where.exe</Data><Data Name='TokenElevationType'>%%1936</Data><Data Name='ProcessId'>0x4108</Data><Data Name='CommandLine'>where  /Q repadmin </Data><Data Name='TargetUserSid'>NULL SID</Data><Data Name='TargetUserName'>-</Data><Data Name='TargetDomainName'>-</Data><Data Name='TargetLogonId'>0x0</Data><Data Name='ParentProcessName'>C:\Windows\System32\cmd.exe</Data><Data Name='MandatoryLabel'>Mandatory Label\System Mandatory Level</Data>,4688.0,999669807,,,,,,,,,,,0x8020000000000000,0,,,,0x3e7,,Mandatory Label\System Mandatory Level,,,,,'Microsoft-Windows-Security-Auditing',0x1258,C:\Windows\System32\where.exe,,,,,,0,C:\Windows\System32\cmd.exe,,,,'4',0x4108,,where  /Q repadmin,,999669807,,,,,,,MMM,0x3e7,ppppPWBADDC03$,NT AUTHORITY\SYSTEM,,'2026-05-19T12:03:18.6150842Z',<Provider Name='Microsoft-Windows-Security-Auditing' Guid='{54849625-5478-4994-a5ba-3e3b0328c30d}'/><EventID>4688</EventID><Version>2</Version><Level>0</Level><Task>13312</Task><Opcode>0</Opcode><Keywords>0x8020000000000000</Keywords><TimeCreated SystemTime='2026-05-19T12:03:18.6150842Z'/><EventRecordID>999669807</EventRecordID><Correlation/><Execution ProcessID='4' ThreadID='8388'/><Channel>Security</Channel><Computer>ppppPWBADDC03.mmm.hhh.ggg</Computer><Security/>,-,0x0,,,-,NULL SID,,,-,,-,13312,'8388',%%1936,%%1936,1936.0,,,,,2,,,,,2026-05-19T08:03:18.615-0400,allowed,win:unknown,,,,,ppppPWBADDC03.mmm.hhh.ggg,,ppppPWBADDC03.mmm.hhh.ggg,ppppPWBADDC03,999669807,endpoint_services_processes windows_endpoint_processes windows_event_signature windows_process_new wineventlog_security wineventlog_windows winsec,,,ppppPWBADDC03,999669807,occs-sss-windows,1,A new process has been created,C:\Windows\System32\where.exe,0x1258,where.exe,,,,,,,C:\Windows\System32\cmd.exe,0x4108,cmd.exe,C:\Windows\System32\cmd.exe,C:\Windows\System32\where.exe /Q repadmin,/Q repadmin,where,where.exe,0x1258,where.exe,C:\Windows\System32\where.exe,Windows,<_='://../////'><><_='---'_='{----}'/><></><></><>,,,,,,,,0x3e7,,,A new process has been created,4688,XmlWinEventLog:Security,XmlWinEventLog,bbbbbsplunkes03,,,MMM,,ppppPWBADDC03$,,success,A new process has been created,failure,,,"execute
os
process
report
security
start
track_event_signatures
windows",,,,"execute
os
process
report
security
start
track_event_signatures
windows",,,ppppPWBADDC03$,-,,,,,Microsoft,,Microsoft Windows
,,,,,MMM,,,ppppPWBADDC03$,,,Security,,,,,,where  /Q repadmin,ppppPWBADDC03.mmm.hhh.ggg,,,,-,4688,<Data Name='SubjectUserSid'>NT AUTHORITY\SYSTEM</Data><Data Name='SubjectUserName'>ppppPWBADDC03$</Data><Data Name='SubjectDomainName'>MMM</Data><Data Name='SubjectLogonId'>0x3e7</Data><Data Name='NewProcessId'>0x111c</Data><Data Name='NewProcessName'>C:\Windows\System32\where.exe</Data><Data Name='TokenElevationType'>%%1936</Data><Data Name='ProcessId'>0x387c</Data><Data Name='CommandLine'>where  /Q repadmin </Data><Data Name='TargetUserSid'>NULL SID</Data><Data Name='TargetUserName'>-</Data><Data Name='TargetDomainName'>-</Data><Data Name='TargetLogonId'>0x0</Data><Data Name='ParentProcessName'>C:\Windows\System32\cmd.exe</Data><Data Name='MandatoryLabel'>Mandatory Label\System Mandatory Level</Data>,4688.0,999663637,,,,,,,,,,,0x8020000000000000,0,,,,0x3e7,,Mandatory Label\System Mandatory Level,,,,,'Microsoft-Windows-Security-Auditing',0x111c,C:\Windows\System32\where.exe,,,,,,0,C:\Windows\System32\cmd.exe,,,,'4',0x387c,,where  /Q repadmin,,999663637,,,,,,,MMM,0x3e7,ppppPWBADDC03$,NT AUTHORITY\SYSTEM,,'2026-05-19T11:58:15.9570653Z',<Provider Name='Microsoft-Windows-Security-Auditing' Guid='{54849625-5478-4994-a5ba-3e3b0328c30d}'/><EventID>4688</EventID><Version>2</Version><Level>0</Level><Task>13312</Task><Opcode>0</Opcode><Keywords>0x8020000000000000</Keywords><TimeCreated SystemTime='2026-05-19T11:58:15.9570653Z'/><EventRecordID>999663637</EventRecordID><Correlation/><Execution ProcessID='4' ThreadID='14804'/><Channel>Security</Channel><Computer>ppppPWBADDC03.mmm.hhh.ggg</Computer><Security/>,-,0x0,,,-,NULL SID,,,-,,-,13312,'14804',%%1936,%%1936,1936.0,,,,,2,,,,,2026-05-19T07:58:15.957-0400,allowed,win:unknown,,,,,ppppPWBADDC03.mmm.hhh.ggg,,ppppPWBADDC03.mmm.hhh.ggg,ppppPWBADDC03,999663637,endpoint_services_processes windows_endpoint_processes windows_event_signature windows_process_new wineventlog_security wineventlog_windows winsec,,,ppppPWBADDC03,999663637,occs-sss-windows,1,A new process has been created,C:\Windows\System32\where.exe,0x111c,where.exe,,,,,,,C:\Windows\System32\cmd.exe,0x387c,cmd.exe,C:\Windows\System32\cmd.exe,C:\Windows\System32\where.exe /Q repadmin,/Q repadmin,where,where.exe,0x111c,where.exe,C:\Windows\System32\where.exe,Windows,<_='://../////'><><_='---'_='{----}'/><></><></><>,,,,,,,,0x3e7,,,A new process has been created,4688,XmlWinEventLog:Security,XmlWinEventLog,bbbbbsplunkes03,,,MMM,,ppppPWBADDC03$,,success,A new process has been created,failure,,,"execute
os
process
report
security
start
track_event_signatures
windows",,,,"execute
os
process
report
security
start
track_event_signatures
windows",,,ppppPWBADDC03$,-,,,,,Microsoft,,Microsoft Windows
,,,,,MMM,,,ppppPWBADDC03$,,,Security,,,,,,where  /Q repadmin,ppppPWBADDC03.mmm.hhh.ggg,,,,-,4688,<Data Name='SubjectUserSid'>NT AUTHORITY\SYSTEM</Data><Data Name='SubjectUserName'>ppppPWBADDC03$</Data><Data Name='SubjectDomainName'>MMM</Data><Data Name='SubjectLogonId'>0x3e7</Data><Data Name='NewProcessId'>0x4274</Data><Data Name='NewProcessName'>C:\Windows\System32\where.exe</Data><Data Name='TokenElevationType'>%%1936</Data><Data Name='ProcessId'>0x13e4</Data><Data Name='CommandLine'>where  /Q repadmin </Data><Data Name='TargetUserSid'>NULL SID</Data><Data Name='TargetUserName'>-</Data><Data Name='TargetDomainName'>-</Data><Data Name='TargetLogonId'>0x0</Data><Data Name='ParentProcessName'>C:\Windows\System32\cmd.exe</Data><Data Name='MandatoryLabel'>Mandatory Label\System Mandatory Level</Data>,4688.0,999658310,,,,,,,,,,,0x8020000000000000,0,,,,0x3e7,,Mandatory Label\System Mandatory Level,,,,,'Microsoft-Windows-Security-Auditing',0x4274,C:\Windows\System32\where.exe,,,,,,0,C:\Windows\System32\cmd.exe,,,,'4',0x13e4,,where  /Q repadmin,,999658310,,,,,,,MMM,0x3e7,ppppPWBADDC03$,NT AUTHORITY\SYSTEM,,'2026-05-19T11:53:13.2620489Z',<Provider Name='Microsoft-Windows-Security-Auditing' Guid='{54849625-5478-4994-a5ba-3e3b0328c30d}'/><EventID>4688</EventID><Version>2</Version><Level>0</Level><Task>13312</Task><Opcode>0</Opcode><Keywords>0x8020000000000000</Keywords><TimeCreated SystemTime='2026-05-19T11:53:13.2620489Z'/><EventRecordID>999658310</EventRecordID><Correlation/><Execution ProcessID='4' ThreadID='15596'/><Channel>Security</Channel><Computer>ppppPWBADDC03.mmm.hhh.ggg</Computer><Security/>,-,0x0,,,-,NULL SID,,,-,,-,13312,'15596',%%1936,%%1936,1936.0,,,,,2,,,,,2026-05-19T07:53:13.262-0400,allowed,win:unknown,,,,,ppppPWBADDC03.mmm.hhh.ggg,,ppppPWBADDC03.mmm.hhh.ggg,ppppPWBADDC03,999658310,endpoint_services_processes windows_endpoint_processes windows_event_signature windows_process_new wineventlog_security wineventlog_windows winsec,,,ppppPWBADDC03,999658310,occs-sss-windows,1,A new process has been created,C:\Windows\System32\where.exe,0x4274,where.exe,,,,,,,C:\Windows\System32\cmd.exe,0x13e4,cmd.exe,C:\Windows\System32\cmd.exe,C:\Windows\System32\where.exe /Q repadmin,/Q repadmin,where,where.exe,0x4274,where.exe,C:\Windows\System32\where.exe,Windows,<_='://../////'><><_='---'_='{----}'/><></><></><>,,,,,,,,0x3e7,,,A new process has been created,4688,XmlWinEventLog:Security,XmlWinEventLog,bbbbbsplunkes03,,,MMM,,ppppPWBADDC03$,,success,A new process has been created,failure,,,"execute
os
process
report
security
start
track_event_signatures
windows",,,,"execute
os
process
report
security
start
track_event_signatures
windows",,,ppppPWBADDC03$,-,,,,,Microsoft,,Microsoft Windows
,,,,,MMM,,,ppppPWBADDC03$,,,Security,,,,,,where  /Q repadmin,ppppPWBADDC03.mmm.hhh.ggg,,,,-,4688,<Data Name='SubjectUserSid'>NT AUTHORITY\SYSTEM</Data><Data Name='SubjectUserName'>ppppPWBADDC03$</Data><Data Name='SubjectDomainName'>MMM</Data><Data Name='SubjectLogonId'>0x3e7</Data><Data Name='NewProcessId'>0x880</Data><Data Name='NewProcessName'>C:\Windows\System32\where.exe</Data><Data Name='TokenElevationType'>%%1936</Data><Data Name='ProcessId'>0x27f8</Data><Data Name='CommandLine'>where  /Q repadmin </Data><Data Name='TargetUserSid'>NULL SID</Data><Data Name='TargetUserName'>-</Data><Data Name='TargetDomainName'>-</Data><Data Name='TargetLogonId'>0x0</Data><Data Name='ParentProcessName'>C:\Windows\System32\cmd.exe</Data><Data Name='MandatoryLabel'>Mandatory Label\System Mandatory Level</Data>,4688.0,999652093,,,,,,,,,,,0x8020000000000000,0,,,,0x3e7,,Mandatory Label\System Mandatory Level,,,,,'Microsoft-Windows-Security-Auditing',0x880,C:\Windows\System32\where.exe,,,,,,0,C:\Windows\System32\cmd.exe,,,,'4',0x27f8,,where  /Q repadmin,,999652093,,,,,,,MMM,0x3e7,ppppPWBADDC03$,NT AUTHORITY\SYSTEM,,'2026-05-19T11:48:09.8608038Z',<Provider Name='Microsoft-Windows-Security-Auditing' Guid='{54849625-5478-4994-a5ba-3e3b0328c30d}'/><EventID>4688</EventID><Version>2</Version><Level>0</Level><Task>13312</Task><Opcode>0</Opcode><Keywords>0x8020000000000000</Keywords><TimeCreated SystemTime='2026-05-19T11:48:09.8608038Z'/><EventRecordID>999652093</EventRecordID><Correlation/><Execution ProcessID='4' ThreadID='10416'/><Channel>Security</Channel><Computer>ppppPWBADDC03.mmm.hhh.ggg</Computer><Security/>,-,0x0,,,-,NULL SID,,,-,,-,13312,'10416',%%1936,%%1936,1936.0,,,,,2,,,,,2026-05-19T07:48:09.860-0400,allowed,win:unknown,,,,,ppppPWBADDC03.mmm.hhh.ggg,,ppppPWBADDC03.mmm.hhh.ggg,ppppPWBADDC03,999652093,endpoint_services_processes windows_endpoint_processes windows_event_signature windows_process_new wineventlog_security wineventlog_windows winsec,,,ppppPWBADDC03,999652093,occs-sss-windows,1,A new process has been created,C:\Windows\System32\where.exe,0x880,where.exe,,,,,,,C:\Windows\System32\cmd.exe,0x27f8,cmd.exe,C:\Windows\System32\cmd.exe,C:\Windows\System32\where.exe /Q repadmin,/Q repadmin,where,where.exe,0x880,where.exe,C:\Windows\System32\where.exe,Windows,<_='://../////'><><_='---'_='{----}'/><></><></><>,,,,,,,,0x3e7,,,A new process has been created,4688,XmlWinEventLog:Security,XmlWinEventLog,bbbbbsplunkes03,,,MMM,,ppppPWBADDC03$,,success,A new process has been created,failure,,,"execute
os
process
report
security
start
track_event_signatures
windows",,,,"execute
os
process
report
security
start
track_event_signatures
windows",,,ppppPWBADDC03$,-,,,,,Microsoft,,Microsoft Windows
,,,,,MMM,,,ppppPWBADDC03$,,,Security,,,,,,where  /Q repadmin,ppppPWBADDC03.mmm.hhh.ggg,,,,-,4688,<Data Name='SubjectUserSid'>NT AUTHORITY\SYSTEM</Data><Data Name='SubjectUserName'>ppppPWBADDC03$</Data><Data Name='SubjectDomainName'>MMM</Data><Data Name='SubjectLogonId'>0x3e7</Data><Data Name='NewProcessId'>0x2050</Data><Data Name='NewProcessName'>C:\Windows\System32\where.exe</Data><Data Name='TokenElevationType'>%%1936</Data><Data Name='ProcessId'>0x3cc4</Data><Data Name='CommandLine'>where  /Q repadmin </Data><Data Name='TargetUserSid'>NULL SID</Data><Data Name='TargetUserName'>-</Data><Data Name='TargetDomainName'>-</Data><Data Name='TargetLogonId'>0x0</Data><Data Name='ParentProcessName'>C:\Windows\System32\cmd.exe</Data><Data Name='MandatoryLabel'>Mandatory Label\System Mandatory Level</Data>,4688.0,999647355,,,,,,,,,,,0x8020000000000000,0,,,,0x3e7,,Mandatory Label\System Mandatory Level,,,,,'Microsoft-Windows-Security-Auditing',0x2050,C:\Windows\System32\where.exe,,,,,,0,C:\Windows\System32\cmd.exe,,,,'4',0x3cc4,,where  /Q repadmin,,999647355,,,,,,,MMM,0x3e7,ppppPWBADDC03$,NT AUTHORITY\SYSTEM,,'2026-05-19T11:43:07.1218952Z',<Provider Name='Microsoft-Windows-Security-Auditing' Guid='{54849625-5478-4994-a5ba-3e3b0328c30d}'/><EventID>4688</EventID><Version>2</Version><Level>0</Level><Task>13312</Task><Opcode>0</Opcode><Keywords>0x8020000000000000</Keywords><TimeCreated SystemTime='2026-05-19T11:43:07.1218952Z'/><EventRecordID>999647355</EventRecordID><Correlation/><Execution ProcessID='4' ThreadID='10416'/><Channel>Security</Channel><Computer>ppppPWBADDC03.mmm.hhh.ggg</Computer><Security/>,-,0x0,,,-,NULL SID,,,-,,-,13312,'10416',%%1936,%%1936,1936.0,,,,,2,,,,,2026-05-19T07:43:07.121-0400,allowed,win:unknown,,,,,ppppPWBADDC03.mmm.hhh.ggg,,ppppPWBADDC03.mmm.hhh.ggg,ppppPWBADDC03,999647355,endpoint_services_processes windows_endpoint_processes windows_event_signature windows_process_new wineventlog_security wineventlog_windows winsec,,,ppppPWBADDC03,999647355,occs-sss-windows,1,A new process has been created,C:\Windows\System32\where.exe,0x2050,where.exe,,,,,,,C:\Windows\System32\cmd.exe,0x3cc4,cmd.exe,C:\Windows\System32\cmd.exe,C:\Windows\System32\where.exe /Q repadmin,/Q repadmin,where,where.exe,0x2050,where.exe,C:\Windows\System32\where.exe,Windows,<_='://../////'><><_='---'_='{----}'/><></><></><>,,,,,,,,0x3e7,,,A new process has been created,4688,XmlWinEventLog:Security,XmlWinEventLog,bbbbbsplunkes03,,,MMM,,ppppPWBADDC03$,,success,A new process has been created,failure,,,"execute
os
process
report
security
start
track_event_signatures
windows",,,,"execute
os
process
report
security
start
track_event_signatures
windows",,,ppppPWBADDC03$,-,,,,,Microsoft,,Microsoft Windows
,,,,,MMM,,,ppppPWBADDC03$,,,Security,,,,,,where  /Q repadmin,ppppPWBADDC03.mmm.hhh.ggg,,,,-,4688,<Data Name='SubjectUserSid'>NT AUTHORITY\SYSTEM</Data><Data Name='SubjectUserName'>ppppPWBADDC03$</Data><Data Name='SubjectDomainName'>MMM</Data><Data Name='SubjectLogonId'>0x3e7</Data><Data Name='NewProcessId'>0x2c98</Data><Data Name='NewProcessName'>C:\Windows\System32\where.exe</Data><Data Name='TokenElevationType'>%%1936</Data><Data Name='ProcessId'>0x216c</Data><Data Name='CommandLine'>where  /Q repadmin </Data><Data Name='TargetUserSid'>NULL SID</Data><Data Name='TargetUserName'>-</Data><Data Name='TargetDomainName'>-</Data><Data Name='TargetLogonId'>0x0</Data><Data Name='ParentProcessName'>C:\Windows\System32\cmd.exe</Data><Data Name='MandatoryLabel'>Mandatory Label\System Mandatory Level</Data>,4688.0,999641804,,,,,,,,,,,0x8020000000000000,0,,,,0x3e7,,Mandatory Label\System Mandatory Level,,,,,'Microsoft-Windows-Security-Auditing',0x2c98,C:\Windows\System32\where.exe,,,,,,0,C:\Windows\System32\cmd.exe,,,,'4',0x216c,,where  /Q repadmin,,999641804,,,,,,,MMM,0x3e7,ppppPWBADDC03$,NT AUTHORITY\SYSTEM,,'2026-05-19T11:38:04.4389400Z',<Provider Name='Microsoft-Windows-Security-Auditing' Guid='{54849625-5478-4994-a5ba-3e3b0328c30d}'/><EventID>4688</EventID><Version>2</Version><Level>0</Level><Task>13312</Task><Opcode>0</Opcode><Keywords>0x8020000000000000</Keywords><TimeCreated SystemTime='2026-05-19T11:38:04.4389400Z'/><EventRecordID>999641804</EventRecordID><Correlation/><Execution ProcessID='4' ThreadID='15064'/><Channel>Security</Channel><Computer>ppppPWBADDC03.mmm.hhh.ggg</Computer><Security/>,-,0x0,,,-,NULL SID,,,-,,-,13312,'15064',%%1936,%%1936,1936.0,,,,,2,,,,,2026-05-19T07:38:04.438-0400,allowed,win:unknown,,,,,ppppPWBADDC03.mmm.hhh.ggg,,ppppPWBADDC03.mmm.hhh.ggg,ppppPWBADDC03,999641804,endpoint_services_processes windows_endpoint_processes windows_event_signature windows_process_new wineventlog_security wineventlog_windows winsec,,,ppppPWBADDC03,999641804,occs-sss-windows,1,A new process has been created,C:\Windows\System32\where.exe,0x2c98,where.exe,,,,,,,C:\Windows\System32\cmd.exe,0x216c,cmd.exe,C:\Windows\System32\cmd.exe,C:\Windows\System32\where.exe /Q repadmin,/Q repadmin,where,where.exe,0x2c98,where.exe,C:\Windows\System32\where.exe,Windows,<_='://../////'><><_='---'_='{----}'/><></><></><>,,,,,,,,0x3e7,,,A new process has been created,4688,XmlWinEventLog:Security,XmlWinEventLog,bbbbbsplunkes02,,,MMM,,ppppPWBADDC03$,,success,A new process has been created,failure,,,"execute
os
process
report
security
start
track_event_signatures
windows",,,,"execute
os
process
report
security
start
track_event_signatures
windows",,,ppppPWBADDC03$,-,,,,,Microsoft,,Microsoft Windows
,,,,,MMM,,,ppppPWBADDC03$,,,Security,,,,,,where  /Q repadmin,ppppPWBADDC03.mmm.hhh.ggg,,,,-,4688,<Data Name='SubjectUserSid'>NT AUTHORITY\SYSTEM</Data><Data Name='SubjectUserName'>ppppPWBADDC03$</Data><Data Name='SubjectDomainName'>MMM</Data><Data Name='SubjectLogonId'>0x3e7</Data><Data Name='NewProcessId'>0x2054</Data><Data Name='NewProcessName'>C:\Windows\System32\where.exe</Data><Data Name='TokenElevationType'>%%1936</Data><Data Name='ProcessId'>0x402c</Data><Data Name='CommandLine'>where  /Q repadmin </Data><Data Name='TargetUserSid'>NULL SID</Data><Data Name='TargetUserName'>-</Data><Data Name='TargetDomainName'>-</Data><Data Name='TargetLogonId'>0x0</Data><Data Name='ParentProcessName'>C:\Windows\System32\cmd.exe</Data><Data Name='MandatoryLabel'>Mandatory Label\System Mandatory Level</Data>,4688.0,999634779,,,,,,,,,,,0x8020000000000000,0,,,,0x3e7,,Mandatory Label\System Mandatory Level,,,,,'Microsoft-Windows-Security-Auditing',0x2054,C:\Windows\System32\where.exe,,,,,,0,C:\Windows\System32\cmd.exe,,,,'4',0x402c,,where  /Q repadmin,,999634779,,,,,,,MMM,0x3e7,ppppPWBADDC03$,NT AUTHORITY\SYSTEM,,'2026-05-19T11:33:01.7929031Z',<Provider Name='Microsoft-Windows-Security-Auditing' Guid='{54849625-5478-4994-a5ba-3e3b0328c30d}'/><EventID>4688</EventID><Version>2</Version><Level>0</Level><Task>13312</Task><Opcode>0</Opcode><Keywords>0x8020000000000000</Keywords><TimeCreated SystemTime='2026-05-19T11:33:01.7929031Z'/><EventRecordID>999634779</EventRecordID><Correlation/><Execution ProcessID='4' ThreadID='14908'/><Channel>Security</Channel><Computer>ppppPWBADDC03.mmm.hhh.ggg</Computer><Security/>,-,0x0,,,-,NULL SID,,,-,,-,13312,'14908',%%1936,%%1936,1936.0,,,,,2,,,,,2026-05-19T07:33:01.792-0400,allowed,win:unknown,,,,,ppppPWBADDC03.mmm.hhh.ggg,,ppppPWBADDC03.mmm.hhh.ggg,ppppPWBADDC03,999634779,endpoint_services_processes windows_endpoint_processes windows_event_signature windows_process_new wineventlog_security wineventlog_windows winsec,,,ppppPWBADDC03,999634779,occs-sss-windows,1,A new process has been created,C:\Windows\System32\where.exe,0x2054,where.exe,,,,,,,C:\Windows\System32\cmd.exe,0x402c,cmd.exe,C:\Windows\System32\cmd.exe,C:\Windows\System32\where.exe /Q repadmin,/Q repadmin,where,where.exe,0x2054,where.exe,C:\Windows\System32\where.exe,Windows,<_='://../////'><><_='---'_='{----}'/><></><></><>,,,,,,,,0x3e7,,,A new process has been created,4688,XmlWinEventLog:Security,XmlWinEventLog,bbbbbsplunkes02,,,MMM,,ppppPWBADDC03$,,success,A new process has been created,failure,,,"execute
os
process
report
security
start
track_event_signatures
windows",,,,"execute
os
process
report
security
start
track_event_signatures
windows",,,ppppPWBADDC03$,-,,,,,Microsoft,,Microsoft Windows
,,,,,MMM,,,ppppPWBADDC03$,,,Security,,,,,,where  /Q repadmin,ppppPWBADDC03.mmm.hhh.ggg,,,,-,4688,<Data Name='SubjectUserSid'>NT AUTHORITY\SYSTEM</Data><Data Name='SubjectUserName'>ppppPWBADDC03$</Data><Data Name='SubjectDomainName'>MMM</Data><Data Name='SubjectLogonId'>0x3e7</Data><Data Name='NewProcessId'>0xf30</Data><Data Name='NewProcessName'>C:\Windows\System32\where.exe</Data><Data Name='TokenElevationType'>%%1936</Data><Data Name='ProcessId'>0x379c</Data><Data Name='CommandLine'>where  /Q repadmin </Data><Data Name='TargetUserSid'>NULL SID</Data><Data Name='TargetUserName'>-</Data><Data Name='TargetDomainName'>-</Data><Data Name='TargetLogonId'>0x0</Data><Data Name='ParentProcessName'>C:\Windows\System32\cmd.exe</Data><Data Name='MandatoryLabel'>Mandatory Label\System Mandatory Level</Data>,4688.0,999629205,,,,,,,,,,,0x8020000000000000,0,,,,0x3e7,,Mandatory Label\System Mandatory Level,,,,,'Microsoft-Windows-Security-Auditing',0xf30,C:\Windows\System32\where.exe,,,,,,0,C:\Windows\System32\cmd.exe,,,,'4',0x379c,,where  /Q repadmin,,999629205,,,,,,,MMM,0x3e7,ppppPWBADDC03$,NT AUTHORITY\SYSTEM,,'2026-05-19T11:27:58.3266820Z',<Provider Name='Microsoft-Windows-Security-Auditing' Guid='{54849625-5478-4994-a5ba-3e3b0328c30d}'/><EventID>4688</EventID><Version>2</Version><Level>0</Level><Task>13312</Task><Opcode>0</Opcode><Keywords>0x8020000000000000</Keywords><TimeCreated SystemTime='2026-05-19T11:27:58.3266820Z'/><EventRecordID>999629205</EventRecordID><Correlation/><Execution ProcessID='4' ThreadID='9832'/><Channel>Security</Channel><Computer>ppppPWBADDC03.mmm.hhh.ggg</Computer><Security/>,-,0x0,,,-,NULL SID,,,-,,-,13312,'9832',%%1936,%%1936,1936.0,,,,,2,,,,,2026-05-19T07:27:58.326-0400,allowed,win:unknown,,,,,ppppPWBADDC03.mmm.hhh.ggg,,ppppPWBADDC03.mmm.hhh.ggg,ppppPWBADDC03,999629205,endpoint_services_processes windows_endpoint_processes windows_event_signature windows_process_new wineventlog_security wineventlog_windows winsec,,,ppppPWBADDC03,999629205,occs-sss-windows,1,A new process has been created,C:\Windows\System32\where.exe,0xf30,where.exe,,,,,,,C:\Windows\System32\cmd.exe,0x379c,cmd.exe,C:\Windows\System32\cmd.exe,C:\Windows\System32\where.exe /Q repadmin,/Q repadmin,where,where.exe,0xf30,where.exe,C:\Windows\System32\where.exe,Windows,<_='://../////'><><_='---'_='{----}'/><></><></><>,,,,,,,,0x3e7,,,A new process has been created,4688,XmlWinEventLog:Security,XmlWinEventLog,bbbbbsplunkes03,,,MMM,,ppppPWBADDC03$,,success,A new process has been created,failure,,,"execute
os
process
report
security
start
track_event_signatures
windows",,,,"execute
os
process
report
security
start
track_event_signatures
windows",,,ppppPWBADDC03$,-,,,,,Microsoft,,Microsoft Windows
,,,,,MMM,,,ppppPWBADDC03$,,,Security,,,,,,where  /Q repadmin,ppppPWBADDC03.mmm.hhh.ggg,,,,-,4688,<Data Name='SubjectUserSid'>NT AUTHORITY\SYSTEM</Data><Data Name='SubjectUserName'>ppppPWBADDC03$</Data><Data Name='SubjectDomainName'>MMM</Data><Data Name='SubjectLogonId'>0x3e7</Data><Data Name='NewProcessId'>0x3934</Data><Data Name='NewProcessName'>C:\Windows\System32\where.exe</Data><Data Name='TokenElevationType'>%%1936</Data><Data Name='ProcessId'>0x408</Data><Data Name='CommandLine'>where  /Q repadmin </Data><Data Name='TargetUserSid'>NULL SID</Data><Data Name='TargetUserName'>-</Data><Data Name='TargetDomainName'>-</Data><Data Name='TargetLogonId'>0x0</Data><Data Name='ParentProcessName'>C:\Windows\System32\cmd.exe</Data><Data Name='MandatoryLabel'>Mandatory Label\System Mandatory Level</Data>,4688.0,999624056,,,,,,,,,,,0x8020000000000000,0,,,,0x3e7,,Mandatory Label\System Mandatory Level,,,,,'Microsoft-Windows-Security-Auditing',0x3934,C:\Windows\System32\where.exe,,,,,,0,C:\Windows\System32\cmd.exe,,,,'4',0x408,,where  /Q repadmin,,999624056,,,,,,,MMM,0x3e7,ppppPWBADDC03$,NT AUTHORITY\SYSTEM,,'2026-05-19T11:22:55.6563807Z',<Provider Name='Microsoft-Windows-Security-Auditing' Guid='{54849625-5478-4994-a5ba-3e3b0328c30d}'/><EventID>4688</EventID><Version>2</Version><Level>0</Level><Task>13312</Task><Opcode>0</Opcode><Keywords>0x8020000000000000</Keywords><TimeCreated SystemTime='2026-05-19T11:22:55.6563807Z'/><EventRecordID>999624056</EventRecordID><Correlation/><Execution ProcessID='4' ThreadID='13988'/><Channel>Security</Channel><Computer>ppppPWBADDC03.mmm.hhh.ggg</Computer><Security/>,-,0x0,,,-,NULL SID,,,-,,-,13312,'13988',%%1936,%%1936,1936.0,,,,,2,,,,,2026-05-19T07:22:55.656-0400,allowed,win:unknown,,,,,ppppPWBADDC03.mmm.hhh.ggg,,ppppPWBADDC03.mmm.hhh.ggg,ppppPWBADDC03,999624056,endpoint_services_processes windows_endpoint_processes windows_event_signature windows_process_new wineventlog_security wineventlog_windows winsec,,,ppppPWBADDC03,999624056,occs-sss-windows,1,A new process has been created,C:\Windows\System32\where.exe,0x3934,where.exe,,,,,,,C:\Windows\System32\cmd.exe,0x408,cmd.exe,C:\Windows\System32\cmd.exe,C:\Windows\System32\where.exe /Q repadmin,/Q repadmin,where,where.exe,0x3934,where.exe,C:\Windows\System32\where.exe,Windows,<_='://../////'><><_='---'_='{----}'/><></><></><>,,,,,,,,0x3e7,,,A new process has been created,4688,XmlWinEventLog:Security,XmlWinEventLog,bbbbbsplunkes01,,,MMM,,ppppPWBADDC03$,,success,A new process has been created,failure,,,"execute
os
process
report
security
start
track_event_signatures
windows",,,,"execute
os
process
report
security
start
track_event_signatures
windows",,,ppppPWBADDC03$,-,,,,,Microsoft,,Microsoft Windows
,,,,,MMM,,,ppppPWBADDC03$,,,Security,,,,,,where  /Q repadmin,ppppPWBADDC03.mmm.hhh.ggg,,,,-,4688,<Data Name='SubjectUserSid'>NT AUTHORITY\SYSTEM</Data><Data Name='SubjectUserName'>ppppPWBADDC03$</Data><Data Name='SubjectDomainName'>MMM</Data><Data Name='SubjectLogonId'>0x3e7</Data><Data Name='NewProcessId'>0x4130</Data><Data Name='NewProcessName'>C:\Windows\System32\where.exe</Data><Data Name='TokenElevationType'>%%1936</Data><Data Name='ProcessId'>0x3524</Data><Data Name='CommandLine'>where  /Q repadmin </Data><Data Name='TargetUserSid'>NULL SID</Data><Data Name='TargetUserName'>-</Data><Data Name='TargetDomainName'>-</Data><Data Name='TargetLogonId'>0x0</Data><Data Name='ParentProcessName'>C:\Windows\System32\cmd.exe</Data><Data Name='MandatoryLabel'>Mandatory Label\System Mandatory Level</Data>,4688.0,999618719,,,,,,,,,,,0x8020000000000000,0,,,,0x3e7,,Mandatory Label\System Mandatory Level,,,,,'Microsoft-Windows-Security-Auditing',0x4130,C:\Windows\System32\where.exe,,,,,,0,C:\Windows\System32\cmd.exe,,,,'4',0x3524,,where  /Q repadmin,,999618719,,,,,,,MMM,0x3e7,ppppPWBADDC03$,NT AUTHORITY\SYSTEM,,'2026-05-19T11:17:52.9846034Z',<Provider Name='Microsoft-Windows-Security-Auditing' Guid='{54849625-5478-4994-a5ba-3e3b0328c30d}'/><EventID>4688</EventID><Version>2</Version><Level>0</Level><Task>13312</Task><Opcode>0</Opcode><Keywords>0x8020000000000000</Keywords><TimeCreated SystemTime='2026-05-19T11:17:52.9846034Z'/><EventRecordID>999618719</EventRecordID><Correlation/><Execution ProcessID='4' ThreadID='44'/><Channel>Security</Channel><Computer>ppppPWBADDC03.mmm.hhh.ggg</Computer><Security/>,-,0x0,,,-,NULL SID,,,-,,-,13312,'44',%%1936,%%1936,1936.0,,,,,2,,,,,2026-05-19T07:17:52.984-0400,allowed,win:unknown,,,,,ppppPWBADDC03.mmm.hhh.ggg,,ppppPWBADDC03.mmm.hhh.ggg,ppppPWBADDC03,999618719,endpoint_services_processes windows_endpoint_processes windows_event_signature windows_process_new wineventlog_security wineventlog_windows winsec,,,ppppPWBADDC03,999618719,occs-sss-windows,1,A new process has been created,C:\Windows\System32\where.exe,0x4130,where.exe,,,,,,,C:\Windows\System32\cmd.exe,0x3524,cmd.exe,C:\Windows\System32\cmd.exe,C:\Windows\System32\where.exe /Q repadmin,/Q repadmin,where,where.exe,0x4130,where.exe,C:\Windows\System32\where.exe,Windows,<_='://../////'><><_='---'_='{----}'/><></><></><>,,,,,,,,0x3e7,,,A new process has been created,4688,XmlWinEventLog:Security,XmlWinEventLog,bbbbbsplunkes01,,,MMM,,ppppPWBADDC03$,,success,A new process has been created,failure,,,"execute
os
process
report
security
start
track_event_signatures
windows",,,,"execute
os
process
report
security
start
track_event_signatures
windows",,,ppppPWBADDC03$,-,,,,,Microsoft,,Microsoft Windows
