,,,,,MMM,,,ppppPWBADDC03$,,,Security,,,,,,where  /Q repadmin,ppppPWBADDC03.mmm.hhh.ggg,,,,-,4688,<Data Name='SubjectUserSid'>NT AUTHORITY\SYSTEM</Data><Data Name='SubjectUserName'>ppppPWBADDC03$</Data><Data Name='SubjectDomainName'>MMM</Data><Data Name='SubjectLogonId'>0x3e7</Data><Data Name='NewProcessId'>0x3b40</Data><Data Name='NewProcessName'>C:\Windows\System32\where.exe</Data><Data Name='TokenElevationType'>%%1936</Data><Data Name='ProcessId'>0x35e0</Data><Data Name='CommandLine'>where  /Q repadmin </Data><Data Name='TargetUserSid'>NULL SID</Data><Data Name='TargetUserName'>-</Data><Data Name='TargetDomainName'>-</Data><Data Name='TargetLogonId'>0x0</Data><Data Name='ParentProcessName'>C:\Windows\System32\cmd.exe</Data><Data Name='MandatoryLabel'>Mandatory Label\System Mandatory Level</Data>,4688.0,999431710,,,,,,,,,,,0x8020000000000000,0,,,,0x3e7,,Mandatory Label\System Mandatory Level,,,,,'Microsoft-Windows-Security-Auditing',0x3b40,C:\Windows\System32\where.exe,,,,,,0,C:\Windows\System32\cmd.exe,,,,'4',0x35e0,,where  /Q repadmin,,999431710,,,,,,,MMM,0x3e7,ppppPWBADDC03$,NT AUTHORITY\SYSTEM,,'2026-05-19T07:35:57.0355814Z',<Provider Name='Microsoft-Windows-Security-Auditing' Guid='{54849625-5478-4994-a5ba-3e3b0328c30d}'/><EventID>4688</EventID><Version>2</Version><Level>0</Level><Task>13312</Task><Opcode>0</Opcode><Keywords>0x8020000000000000</Keywords><TimeCreated SystemTime='2026-05-19T07:35:57.0355814Z'/><EventRecordID>999431710</EventRecordID><Correlation/><Execution ProcessID='4' ThreadID='14804'/><Channel>Security</Channel><Computer>ppppPWBADDC03.mmm.hhh.ggg</Computer><Security/>,-,0x0,,,-,NULL SID,,,-,,-,13312,'14804',%%1936,%%1936,1936.0,,,,,2,,,,,2026-05-19T03:35:57.035-0400,allowed,win:unknown,,,,,ppppPWBADDC03.mmm.hhh.ggg,,ppppPWBADDC03.mmm.hhh.ggg,ppppPWBADDC03,999431710,endpoint_services_processes windows_endpoint_processes windows_event_signature windows_process_new wineventlog_security wineventlog_windows winsec,,,ppppPWBADDC03,999431710,occs-sss-windows,1,A new process has been created,C:\Windows\System32\where.exe,0x3b40,where.exe,,,,,,,C:\Windows\System32\cmd.exe,0x35e0,cmd.exe,C:\Windows\System32\cmd.exe,C:\Windows\System32\where.exe /Q repadmin,/Q repadmin,where,where.exe,0x3b40,where.exe,C:\Windows\System32\where.exe,Windows,<_='://../////'><><_='---'_='{----}'/><></><></><>,,,,,,,,0x3e7,,,A new process has been created,4688,XmlWinEventLog:Security,XmlWinEventLog,bbbbbsplunkes02,,,MMM,,ppppPWBADDC03$,,success,A new process has been created,failure,,,"execute
os
process
report
security
start
track_event_signatures
windows",,,,"execute
os
process
report
security
start
track_event_signatures
windows",,,ppppPWBADDC03$,-,,,,,Microsoft,,Microsoft Windows
,,,,,MMM,,,ppppPWBADDC03$,,,Security,,,,,,where  /Q repadmin,ppppPWBADDC03.mmm.hhh.ggg,,,,-,4688,<Data Name='SubjectUserSid'>NT AUTHORITY\SYSTEM</Data><Data Name='SubjectUserName'>ppppPWBADDC03$</Data><Data Name='SubjectDomainName'>MMM</Data><Data Name='SubjectLogonId'>0x3e7</Data><Data Name='NewProcessId'>0xfbc</Data><Data Name='NewProcessName'>C:\Windows\System32\where.exe</Data><Data Name='TokenElevationType'>%%1936</Data><Data Name='ProcessId'>0x3fa8</Data><Data Name='CommandLine'>where  /Q repadmin </Data><Data Name='TargetUserSid'>NULL SID</Data><Data Name='TargetUserName'>-</Data><Data Name='TargetDomainName'>-</Data><Data Name='TargetLogonId'>0x0</Data><Data Name='ParentProcessName'>C:\Windows\System32\cmd.exe</Data><Data Name='MandatoryLabel'>Mandatory Label\System Mandatory Level</Data>,4688.0,999428980,,,,,,,,,,,0x8020000000000000,0,,,,0x3e7,,Mandatory Label\System Mandatory Level,,,,,'Microsoft-Windows-Security-Auditing',0xfbc,C:\Windows\System32\where.exe,,,,,,0,C:\Windows\System32\cmd.exe,,,,'4',0x3fa8,,where  /Q repadmin,,999428980,,,,,,,MMM,0x3e7,ppppPWBADDC03$,NT AUTHORITY\SYSTEM,,'2026-05-19T07:30:54.6146848Z',<Provider Name='Microsoft-Windows-Security-Auditing' Guid='{54849625-5478-4994-a5ba-3e3b0328c30d}'/><EventID>4688</EventID><Version>2</Version><Level>0</Level><Task>13312</Task><Opcode>0</Opcode><Keywords>0x8020000000000000</Keywords><TimeCreated SystemTime='2026-05-19T07:30:54.6146848Z'/><EventRecordID>999428980</EventRecordID><Correlation/><Execution ProcessID='4' ThreadID='1080'/><Channel>Security</Channel><Computer>ppppPWBADDC03.mmm.hhh.ggg</Computer><Security/>,-,0x0,,,-,NULL SID,,,-,,-,13312,'1080',%%1936,%%1936,1936.0,,,,,2,,,,,2026-05-19T03:30:54.614-0400,allowed,win:unknown,,,,,ppppPWBADDC03.mmm.hhh.ggg,,ppppPWBADDC03.mmm.hhh.ggg,ppppPWBADDC03,999428980,endpoint_services_processes windows_endpoint_processes windows_event_signature windows_process_new wineventlog_security wineventlog_windows winsec,,,ppppPWBADDC03,999428980,occs-sss-windows,1,A new process has been created,C:\Windows\System32\where.exe,0xfbc,where.exe,,,,,,,C:\Windows\System32\cmd.exe,0x3fa8,cmd.exe,C:\Windows\System32\cmd.exe,C:\Windows\System32\where.exe /Q repadmin,/Q repadmin,where,where.exe,0xfbc,where.exe,C:\Windows\System32\where.exe,Windows,<_='://../////'><><_='---'_='{----}'/><></><></><>,,,,,,,,0x3e7,,,A new process has been created,4688,XmlWinEventLog:Security,XmlWinEventLog,bbbbbsplunkes02,,,MMM,,ppppPWBADDC03$,,success,A new process has been created,failure,,,"execute
os
process
report
security
start
track_event_signatures
windows",,,,"execute
os
process
report
security
start
track_event_signatures
windows",,,ppppPWBADDC03$,-,,,,,Microsoft,,Microsoft Windows
,,,,,MMM,,,ppppPWBADDC03$,,,Security,,,,,,where  /Q repadmin,ppppPWBADDC03.mmm.hhh.ggg,,,,-,4688,<Data Name='SubjectUserSid'>NT AUTHORITY\SYSTEM</Data><Data Name='SubjectUserName'>ppppPWBADDC03$</Data><Data Name='SubjectDomainName'>MMM</Data><Data Name='SubjectLogonId'>0x3e7</Data><Data Name='NewProcessId'>0x3cf0</Data><Data Name='NewProcessName'>C:\Windows\System32\where.exe</Data><Data Name='TokenElevationType'>%%1936</Data><Data Name='ProcessId'>0x4398</Data><Data Name='CommandLine'>where  /Q repadmin </Data><Data Name='TargetUserSid'>NULL SID</Data><Data Name='TargetUserName'>-</Data><Data Name='TargetDomainName'>-</Data><Data Name='TargetLogonId'>0x0</Data><Data Name='ParentProcessName'>C:\Windows\System32\cmd.exe</Data><Data Name='MandatoryLabel'>Mandatory Label\System Mandatory Level</Data>,4688.0,999426413,,,,,,,,,,,0x8020000000000000,0,,,,0x3e7,,Mandatory Label\System Mandatory Level,,,,,'Microsoft-Windows-Security-Auditing',0x3cf0,C:\Windows\System32\where.exe,,,,,,0,C:\Windows\System32\cmd.exe,,,,'4',0x4398,,where  /Q repadmin,,999426413,,,,,,,MMM,0x3e7,ppppPWBADDC03$,NT AUTHORITY\SYSTEM,,'2026-05-19T07:25:51.3328467Z',<Provider Name='Microsoft-Windows-Security-Auditing' Guid='{54849625-5478-4994-a5ba-3e3b0328c30d}'/><EventID>4688</EventID><Version>2</Version><Level>0</Level><Task>13312</Task><Opcode>0</Opcode><Keywords>0x8020000000000000</Keywords><TimeCreated SystemTime='2026-05-19T07:25:51.3328467Z'/><EventRecordID>999426413</EventRecordID><Correlation/><Execution ProcessID='4' ThreadID='2716'/><Channel>Security</Channel><Computer>ppppPWBADDC03.mmm.hhh.ggg</Computer><Security/>,-,0x0,,,-,NULL SID,,,-,,-,13312,'2716',%%1936,%%1936,1936.0,,,,,2,,,,,2026-05-19T03:25:51.332-0400,allowed,win:unknown,,,,,ppppPWBADDC03.mmm.hhh.ggg,,ppppPWBADDC03.mmm.hhh.ggg,ppppPWBADDC03,999426413,endpoint_services_processes windows_endpoint_processes windows_event_signature windows_process_new wineventlog_security wineventlog_windows winsec,,,ppppPWBADDC03,999426413,occs-sss-windows,1,A new process has been created,C:\Windows\System32\where.exe,0x3cf0,where.exe,,,,,,,C:\Windows\System32\cmd.exe,0x4398,cmd.exe,C:\Windows\System32\cmd.exe,C:\Windows\System32\where.exe /Q repadmin,/Q repadmin,where,where.exe,0x3cf0,where.exe,C:\Windows\System32\where.exe,Windows,<_='://../////'><><_='---'_='{----}'/><></><></><>,,,,,,,,0x3e7,,,A new process has been created,4688,XmlWinEventLog:Security,XmlWinEventLog,bbbbbsplunkes02,,,MMM,,ppppPWBADDC03$,,success,A new process has been created,failure,,,"execute
os
process
report
security
start
track_event_signatures
windows",,,,"execute
os
process
report
security
start
track_event_signatures
windows",,,ppppPWBADDC03$,-,,,,,Microsoft,,Microsoft Windows
,,,,,MMM,,,ppppPWBADDC03$,,,Security,,,,,,where  /Q repadmin,ppppPWBADDC03.mmm.hhh.ggg,,,,-,4688,<Data Name='SubjectUserSid'>NT AUTHORITY\SYSTEM</Data><Data Name='SubjectUserName'>ppppPWBADDC03$</Data><Data Name='SubjectDomainName'>MMM</Data><Data Name='SubjectLogonId'>0x3e7</Data><Data Name='NewProcessId'>0x35f4</Data><Data Name='NewProcessName'>C:\Windows\System32\where.exe</Data><Data Name='TokenElevationType'>%%1936</Data><Data Name='ProcessId'>0x402c</Data><Data Name='CommandLine'>where  /Q repadmin </Data><Data Name='TargetUserSid'>NULL SID</Data><Data Name='TargetUserName'>-</Data><Data Name='TargetDomainName'>-</Data><Data Name='TargetLogonId'>0x0</Data><Data Name='ParentProcessName'>C:\Windows\System32\cmd.exe</Data><Data Name='MandatoryLabel'>Mandatory Label\System Mandatory Level</Data>,4688.0,999422609,,,,,,,,,,,0x8020000000000000,0,,,,0x3e7,,Mandatory Label\System Mandatory Level,,,,,'Microsoft-Windows-Security-Auditing',0x35f4,C:\Windows\System32\where.exe,,,,,,0,C:\Windows\System32\cmd.exe,,,,'4',0x402c,,where  /Q repadmin,,999422609,,,,,,,MMM,0x3e7,ppppPWBADDC03$,NT AUTHORITY\SYSTEM,,'2026-05-19T07:20:49.0061104Z',<Provider Name='Microsoft-Windows-Security-Auditing' Guid='{54849625-5478-4994-a5ba-3e3b0328c30d}'/><EventID>4688</EventID><Version>2</Version><Level>0</Level><Task>13312</Task><Opcode>0</Opcode><Keywords>0x8020000000000000</Keywords><TimeCreated SystemTime='2026-05-19T07:20:49.0061104Z'/><EventRecordID>999422609</EventRecordID><Correlation/><Execution ProcessID='4' ThreadID='15232'/><Channel>Security</Channel><Computer>ppppPWBADDC03.mmm.hhh.ggg</Computer><Security/>,-,0x0,,,-,NULL SID,,,-,,-,13312,'15232',%%1936,%%1936,1936.0,,,,,2,,,,,2026-05-19T03:20:49.006-0400,allowed,win:unknown,,,,,ppppPWBADDC03.mmm.hhh.ggg,,ppppPWBADDC03.mmm.hhh.ggg,ppppPWBADDC03,999422609,endpoint_services_processes windows_endpoint_processes windows_event_signature windows_process_new wineventlog_security wineventlog_windows winsec,,,ppppPWBADDC03,999422609,occs-sss-windows,1,A new process has been created,C:\Windows\System32\where.exe,0x35f4,where.exe,,,,,,,C:\Windows\System32\cmd.exe,0x402c,cmd.exe,C:\Windows\System32\cmd.exe,C:\Windows\System32\where.exe /Q repadmin,/Q repadmin,where,where.exe,0x35f4,where.exe,C:\Windows\System32\where.exe,Windows,<_='://../////'><><_='---'_='{----}'/><></><></><>,,,,,,,,0x3e7,,,A new process has been created,4688,XmlWinEventLog:Security,XmlWinEventLog,bbbbbsplunkes03,,,MMM,,ppppPWBADDC03$,,success,A new process has been created,failure,,,"execute
os
process
report
security
start
track_event_signatures
windows",,,,"execute
os
process
report
security
start
track_event_signatures
windows",,,ppppPWBADDC03$,-,,,,,Microsoft,,Microsoft Windows
,,,,,MMM,,,ppppPWBADDC03$,,,Security,,,,,,where  /Q repadmin,ppppPWBADDC03.mmm.hhh.ggg,,,,-,4688,<Data Name='SubjectUserSid'>NT AUTHORITY\SYSTEM</Data><Data Name='SubjectUserName'>ppppPWBADDC03$</Data><Data Name='SubjectDomainName'>MMM</Data><Data Name='SubjectLogonId'>0x3e7</Data><Data Name='NewProcessId'>0x41c8</Data><Data Name='NewProcessName'>C:\Windows\System32\where.exe</Data><Data Name='TokenElevationType'>%%1936</Data><Data Name='ProcessId'>0x3cb8</Data><Data Name='CommandLine'>where  /Q repadmin </Data><Data Name='TargetUserSid'>NULL SID</Data><Data Name='TargetUserName'>-</Data><Data Name='TargetDomainName'>-</Data><Data Name='TargetLogonId'>0x0</Data><Data Name='ParentProcessName'>C:\Windows\System32\cmd.exe</Data><Data Name='MandatoryLabel'>Mandatory Label\System Mandatory Level</Data>,4688.0,999419929,,,,,,,,,,,0x8020000000000000,0,,,,0x3e7,,Mandatory Label\System Mandatory Level,,,,,'Microsoft-Windows-Security-Auditing',0x41c8,C:\Windows\System32\where.exe,,,,,,0,C:\Windows\System32\cmd.exe,,,,'4',0x3cb8,,where  /Q repadmin,,999419929,,,,,,,MMM,0x3e7,ppppPWBADDC03$,NT AUTHORITY\SYSTEM,,'2026-05-19T07:15:46.6525397Z',<Provider Name='Microsoft-Windows-Security-Auditing' Guid='{54849625-5478-4994-a5ba-3e3b0328c30d}'/><EventID>4688</EventID><Version>2</Version><Level>0</Level><Task>13312</Task><Opcode>0</Opcode><Keywords>0x8020000000000000</Keywords><TimeCreated SystemTime='2026-05-19T07:15:46.6525397Z'/><EventRecordID>999419929</EventRecordID><Correlation/><Execution ProcessID='4' ThreadID='16732'/><Channel>Security</Channel><Computer>ppppPWBADDC03.mmm.hhh.ggg</Computer><Security/>,-,0x0,,,-,NULL SID,,,-,,-,13312,'16732',%%1936,%%1936,1936.0,,,,,2,,,,,2026-05-19T03:15:46.652-0400,allowed,win:unknown,,,,,ppppPWBADDC03.mmm.hhh.ggg,,ppppPWBADDC03.mmm.hhh.ggg,ppppPWBADDC03,999419929,endpoint_services_processes windows_endpoint_processes windows_event_signature windows_process_new wineventlog_security wineventlog_windows winsec,,,ppppPWBADDC03,999419929,occs-sss-windows,1,A new process has been created,C:\Windows\System32\where.exe,0x41c8,where.exe,,,,,,,C:\Windows\System32\cmd.exe,0x3cb8,cmd.exe,C:\Windows\System32\cmd.exe,C:\Windows\System32\where.exe /Q repadmin,/Q repadmin,where,where.exe,0x41c8,where.exe,C:\Windows\System32\where.exe,Windows,<_='://../////'><><_='---'_='{----}'/><></><></><>,,,,,,,,0x3e7,,,A new process has been created,4688,XmlWinEventLog:Security,XmlWinEventLog,bbbbbsplunkes03,,,MMM,,ppppPWBADDC03$,,success,A new process has been created,failure,,,"execute
os
process
report
security
start
track_event_signatures
windows",,,,"execute
os
process
report
security
start
track_event_signatures
windows",,,ppppPWBADDC03$,-,,,,,Microsoft,,Microsoft Windows
,,,,,MMM,,,ppppPWBADDC03$,,,Security,,,,,,where  /Q repadmin,ppppPWBADDC03.mmm.hhh.ggg,,,,-,4688,<Data Name='SubjectUserSid'>NT AUTHORITY\SYSTEM</Data><Data Name='SubjectUserName'>ppppPWBADDC03$</Data><Data Name='SubjectDomainName'>MMM</Data><Data Name='SubjectLogonId'>0x3e7</Data><Data Name='NewProcessId'>0x2a90</Data><Data Name='NewProcessName'>C:\Windows\System32\where.exe</Data><Data Name='TokenElevationType'>%%1936</Data><Data Name='ProcessId'>0x1230</Data><Data Name='CommandLine'>where  /Q repadmin </Data><Data Name='TargetUserSid'>NULL SID</Data><Data Name='TargetUserName'>-</Data><Data Name='TargetDomainName'>-</Data><Data Name='TargetLogonId'>0x0</Data><Data Name='ParentProcessName'>C:\Windows\System32\cmd.exe</Data><Data Name='MandatoryLabel'>Mandatory Label\System Mandatory Level</Data>,4688.0,999416923,,,,,,,,,,,0x8020000000000000,0,,,,0x3e7,,Mandatory Label\System Mandatory Level,,,,,'Microsoft-Windows-Security-Auditing',0x2a90,C:\Windows\System32\where.exe,,,,,,0,C:\Windows\System32\cmd.exe,,,,'4',0x1230,,where  /Q repadmin,,999416923,,,,,,,MMM,0x3e7,ppppPWBADDC03$,NT AUTHORITY\SYSTEM,,'2026-05-19T07:10:44.2569065Z',<Provider Name='Microsoft-Windows-Security-Auditing' Guid='{54849625-5478-4994-a5ba-3e3b0328c30d}'/><EventID>4688</EventID><Version>2</Version><Level>0</Level><Task>13312</Task><Opcode>0</Opcode><Keywords>0x8020000000000000</Keywords><TimeCreated SystemTime='2026-05-19T07:10:44.2569065Z'/><EventRecordID>999416923</EventRecordID><Correlation/><Execution ProcessID='4' ThreadID='12728'/><Channel>Security</Channel><Computer>ppppPWBADDC03.mmm.hhh.ggg</Computer><Security/>,-,0x0,,,-,NULL SID,,,-,,-,13312,'12728',%%1936,%%1936,1936.0,,,,,2,,,,,2026-05-19T03:10:44.256-0400,allowed,win:unknown,,,,,ppppPWBADDC03.mmm.hhh.ggg,,ppppPWBADDC03.mmm.hhh.ggg,ppppPWBADDC03,999416923,endpoint_services_processes windows_endpoint_processes windows_event_signature windows_process_new wineventlog_security wineventlog_windows winsec,,,ppppPWBADDC03,999416923,occs-sss-windows,1,A new process has been created,C:\Windows\System32\where.exe,0x2a90,where.exe,,,,,,,C:\Windows\System32\cmd.exe,0x1230,cmd.exe,C:\Windows\System32\cmd.exe,C:\Windows\System32\where.exe /Q repadmin,/Q repadmin,where,where.exe,0x2a90,where.exe,C:\Windows\System32\where.exe,Windows,<_='://../////'><><_='---'_='{----}'/><></><></><>,,,,,,,,0x3e7,,,A new process has been created,4688,XmlWinEventLog:Security,XmlWinEventLog,bbbbbsplunkes01,,,MMM,,ppppPWBADDC03$,,success,A new process has been created,failure,,,"execute
os
process
report
security
start
track_event_signatures
windows",,,,"execute
os
process
report
security
start
track_event_signatures
windows",,,ppppPWBADDC03$,-,,,,,Microsoft,,Microsoft Windows
,,,,,MMM,,,ppppPWBADDC03$,,,Security,,,,,,where  /Q repadmin,ppppPWBADDC03.mmm.hhh.ggg,,,,-,4688,<Data Name='SubjectUserSid'>NT AUTHORITY\SYSTEM</Data><Data Name='SubjectUserName'>ppppPWBADDC03$</Data><Data Name='SubjectDomainName'>MMM</Data><Data Name='SubjectLogonId'>0x3e7</Data><Data Name='NewProcessId'>0x37b8</Data><Data Name='NewProcessName'>C:\Windows\System32\where.exe</Data><Data Name='TokenElevationType'>%%1936</Data><Data Name='ProcessId'>0x118c</Data><Data Name='CommandLine'>where  /Q repadmin </Data><Data Name='TargetUserSid'>NULL SID</Data><Data Name='TargetUserName'>-</Data><Data Name='TargetDomainName'>-</Data><Data Name='TargetLogonId'>0x0</Data><Data Name='ParentProcessName'>C:\Windows\System32\cmd.exe</Data><Data Name='MandatoryLabel'>Mandatory Label\System Mandatory Level</Data>,4688.0,999414015,,,,,,,,,,,0x8020000000000000,0,,,,0x3e7,,Mandatory Label\System Mandatory Level,,,,,'Microsoft-Windows-Security-Auditing',0x37b8,C:\Windows\System32\where.exe,,,,,,0,C:\Windows\System32\cmd.exe,,,,'4',0x118c,,where  /Q repadmin,,999414015,,,,,,,MMM,0x3e7,ppppPWBADDC03$,NT AUTHORITY\SYSTEM,,'2026-05-19T07:05:41.0875427Z',<Provider Name='Microsoft-Windows-Security-Auditing' Guid='{54849625-5478-4994-a5ba-3e3b0328c30d}'/><EventID>4688</EventID><Version>2</Version><Level>0</Level><Task>13312</Task><Opcode>0</Opcode><Keywords>0x8020000000000000</Keywords><TimeCreated SystemTime='2026-05-19T07:05:41.0875427Z'/><EventRecordID>999414015</EventRecordID><Correlation/><Execution ProcessID='4' ThreadID='17336'/><Channel>Security</Channel><Computer>ppppPWBADDC03.mmm.hhh.ggg</Computer><Security/>,-,0x0,,,-,NULL SID,,,-,,-,13312,'17336',%%1936,%%1936,1936.0,,,,,2,,,,,2026-05-19T03:05:41.087-0400,allowed,win:unknown,,,,,ppppPWBADDC03.mmm.hhh.ggg,,ppppPWBADDC03.mmm.hhh.ggg,ppppPWBADDC03,999414015,endpoint_services_processes windows_endpoint_processes windows_event_signature windows_process_new wineventlog_security wineventlog_windows winsec,,,ppppPWBADDC03,999414015,occs-sss-windows,1,A new process has been created,C:\Windows\System32\where.exe,0x37b8,where.exe,,,,,,,C:\Windows\System32\cmd.exe,0x118c,cmd.exe,C:\Windows\System32\cmd.exe,C:\Windows\System32\where.exe /Q repadmin,/Q repadmin,where,where.exe,0x37b8,where.exe,C:\Windows\System32\where.exe,Windows,<_='://../////'><><_='---'_='{----}'/><></><></><>,,,,,,,,0x3e7,,,A new process has been created,4688,XmlWinEventLog:Security,XmlWinEventLog,bbbbbsplunkes03,,,MMM,,ppppPWBADDC03$,,success,A new process has been created,failure,,,"execute
os
process
report
security
start
track_event_signatures
windows",,,,"execute
os
process
report
security
start
track_event_signatures
windows",,,ppppPWBADDC03$,-,,,,,Microsoft,,Microsoft Windows
,,,,,MMM,,,ppppPWBADDC03$,,,Security,,,,,,where  /Q repadmin,ppppPWBADDC03.mmm.hhh.ggg,,,,-,4688,<Data Name='SubjectUserSid'>NT AUTHORITY\SYSTEM</Data><Data Name='SubjectUserName'>ppppPWBADDC03$</Data><Data Name='SubjectDomainName'>MMM</Data><Data Name='SubjectLogonId'>0x3e7</Data><Data Name='NewProcessId'>0x3a18</Data><Data Name='NewProcessName'>C:\Windows\System32\where.exe</Data><Data Name='TokenElevationType'>%%1936</Data><Data Name='ProcessId'>0x413c</Data><Data Name='CommandLine'>where  /Q repadmin </Data><Data Name='TargetUserSid'>NULL SID</Data><Data Name='TargetUserName'>-</Data><Data Name='TargetDomainName'>-</Data><Data Name='TargetLogonId'>0x0</Data><Data Name='ParentProcessName'>C:\Windows\System32\cmd.exe</Data><Data Name='MandatoryLabel'>Mandatory Label\System Mandatory Level</Data>,4688.0,999410299,,,,,,,,,,,0x8020000000000000,0,,,,0x3e7,,Mandatory Label\System Mandatory Level,,,,,'Microsoft-Windows-Security-Auditing',0x3a18,C:\Windows\System32\where.exe,,,,,,0,C:\Windows\System32\cmd.exe,,,,'4',0x413c,,where  /Q repadmin,,999410299,,,,,,,MMM,0x3e7,ppppPWBADDC03$,NT AUTHORITY\SYSTEM,,'2026-05-19T07:00:38.7648222Z',<Provider Name='Microsoft-Windows-Security-Auditing' Guid='{54849625-5478-4994-a5ba-3e3b0328c30d}'/><EventID>4688</EventID><Version>2</Version><Level>0</Level><Task>13312</Task><Opcode>0</Opcode><Keywords>0x8020000000000000</Keywords><TimeCreated SystemTime='2026-05-19T07:00:38.7648222Z'/><EventRecordID>999410299</EventRecordID><Correlation/><Execution ProcessID='4' ThreadID='9184'/><Channel>Security</Channel><Computer>ppppPWBADDC03.mmm.hhh.ggg</Computer><Security/>,-,0x0,,,-,NULL SID,,,-,,-,13312,'9184',%%1936,%%1936,1936.0,,,,,2,,,,,2026-05-19T03:00:38.764-0400,allowed,win:unknown,,,,,ppppPWBADDC03.mmm.hhh.ggg,,ppppPWBADDC03.mmm.hhh.ggg,ppppPWBADDC03,999410299,endpoint_services_processes windows_endpoint_processes windows_event_signature windows_process_new wineventlog_security wineventlog_windows winsec,,,ppppPWBADDC03,999410299,occs-sss-windows,1,A new process has been created,C:\Windows\System32\where.exe,0x3a18,where.exe,,,,,,,C:\Windows\System32\cmd.exe,0x413c,cmd.exe,C:\Windows\System32\cmd.exe,C:\Windows\System32\where.exe /Q repadmin,/Q repadmin,where,where.exe,0x3a18,where.exe,C:\Windows\System32\where.exe,Windows,<_='://../////'><><_='---'_='{----}'/><></><></><>,,,,,,,,0x3e7,,,A new process has been created,4688,XmlWinEventLog:Security,XmlWinEventLog,bbbbbsplunkes01,,,MMM,,ppppPWBADDC03$,,success,A new process has been created,failure,,,"execute
os
process
report
security
start
track_event_signatures
windows",,,,"execute
os
process
report
security
start
track_event_signatures
windows",,,ppppPWBADDC03$,-,,,,,Microsoft,,Microsoft Windows
,,,,,MMM,,,ppppPWBADDC03$,,,Security,,,,,,where  /Q repadmin,ppppPWBADDC03.mmm.hhh.ggg,,,,-,4688,<Data Name='SubjectUserSid'>NT AUTHORITY\SYSTEM</Data><Data Name='SubjectUserName'>ppppPWBADDC03$</Data><Data Name='SubjectDomainName'>MMM</Data><Data Name='SubjectLogonId'>0x3e7</Data><Data Name='NewProcessId'>0x2ae4</Data><Data Name='NewProcessName'>C:\Windows\System32\where.exe</Data><Data Name='TokenElevationType'>%%1936</Data><Data Name='ProcessId'>0x1118</Data><Data Name='CommandLine'>where  /Q repadmin </Data><Data Name='TargetUserSid'>NULL SID</Data><Data Name='TargetUserName'>-</Data><Data Name='TargetDomainName'>-</Data><Data Name='TargetLogonId'>0x0</Data><Data Name='ParentProcessName'>C:\Windows\System32\cmd.exe</Data><Data Name='MandatoryLabel'>Mandatory Label\System Mandatory Level</Data>,4688.0,999406543,,,,,,,,,,,0x8020000000000000,0,,,,0x3e7,,Mandatory Label\System Mandatory Level,,,,,'Microsoft-Windows-Security-Auditing',0x2ae4,C:\Windows\System32\where.exe,,,,,,0,C:\Windows\System32\cmd.exe,,,,'4',0x1118,,where  /Q repadmin,,999406543,,,,,,,MMM,0x3e7,ppppPWBADDC03$,NT AUTHORITY\SYSTEM,,'2026-05-19T06:55:36.4447804Z',<Provider Name='Microsoft-Windows-Security-Auditing' Guid='{54849625-5478-4994-a5ba-3e3b0328c30d}'/><EventID>4688</EventID><Version>2</Version><Level>0</Level><Task>13312</Task><Opcode>0</Opcode><Keywords>0x8020000000000000</Keywords><TimeCreated SystemTime='2026-05-19T06:55:36.4447804Z'/><EventRecordID>999406543</EventRecordID><Correlation/><Execution ProcessID='4' ThreadID='10104'/><Channel>Security</Channel><Computer>ppppPWBADDC03.mmm.hhh.ggg</Computer><Security/>,-,0x0,,,-,NULL SID,,,-,,-,13312,'10104',%%1936,%%1936,1936.0,,,,,2,,,,,2026-05-19T02:55:36.444-0400,allowed,win:unknown,,,,,ppppPWBADDC03.mmm.hhh.ggg,,ppppPWBADDC03.mmm.hhh.ggg,ppppPWBADDC03,999406543,endpoint_services_processes windows_endpoint_processes windows_event_signature windows_process_new wineventlog_security wineventlog_windows winsec,,,ppppPWBADDC03,999406543,occs-sss-windows,1,A new process has been created,C:\Windows\System32\where.exe,0x2ae4,where.exe,,,,,,,C:\Windows\System32\cmd.exe,0x1118,cmd.exe,C:\Windows\System32\cmd.exe,C:\Windows\System32\where.exe /Q repadmin,/Q repadmin,where,where.exe,0x2ae4,where.exe,C:\Windows\System32\where.exe,Windows,<_='://../////'><><_='---'_='{----}'/><></><></><>,,,,,,,,0x3e7,,,A new process has been created,4688,XmlWinEventLog:Security,XmlWinEventLog,bbbbbsplunkes01,,,MMM,,ppppPWBADDC03$,,success,A new process has been created,failure,,,"execute
os
process
report
security
start
track_event_signatures
windows",,,,"execute
os
process
report
security
start
track_event_signatures
windows",,,ppppPWBADDC03$,-,,,,,Microsoft,,Microsoft Windows
,,,,,MMM,,,ppppPWBADDC03$,,,Security,,,,,,where  /Q repadmin,ppppPWBADDC03.mmm.hhh.ggg,,,,-,4688,<Data Name='SubjectUserSid'>NT AUTHORITY\SYSTEM</Data><Data Name='SubjectUserName'>ppppPWBADDC03$</Data><Data Name='SubjectDomainName'>MMM</Data><Data Name='SubjectLogonId'>0x3e7</Data><Data Name='NewProcessId'>0x3290</Data><Data Name='NewProcessName'>C:\Windows\System32\where.exe</Data><Data Name='TokenElevationType'>%%1936</Data><Data Name='ProcessId'>0x3bf8</Data><Data Name='CommandLine'>where  /Q repadmin </Data><Data Name='TargetUserSid'>NULL SID</Data><Data Name='TargetUserName'>-</Data><Data Name='TargetDomainName'>-</Data><Data Name='TargetLogonId'>0x0</Data><Data Name='ParentProcessName'>C:\Windows\System32\cmd.exe</Data><Data Name='MandatoryLabel'>Mandatory Label\System Mandatory Level</Data>,4688.0,999403198,,,,,,,,,,,0x8020000000000000,0,,,,0x3e7,,Mandatory Label\System Mandatory Level,,,,,'Microsoft-Windows-Security-Auditing',0x3290,C:\Windows\System32\where.exe,,,,,,0,C:\Windows\System32\cmd.exe,,,,'4',0x3bf8,,where  /Q repadmin,,999403198,,,,,,,MMM,0x3e7,ppppPWBADDC03$,NT AUTHORITY\SYSTEM,,'2026-05-19T06:50:34.1192719Z',<Provider Name='Microsoft-Windows-Security-Auditing' Guid='{54849625-5478-4994-a5ba-3e3b0328c30d}'/><EventID>4688</EventID><Version>2</Version><Level>0</Level><Task>13312</Task><Opcode>0</Opcode><Keywords>0x8020000000000000</Keywords><TimeCreated SystemTime='2026-05-19T06:50:34.1192719Z'/><EventRecordID>999403198</EventRecordID><Correlation/><Execution ProcessID='4' ThreadID='4188'/><Channel>Security</Channel><Computer>ppppPWBADDC03.mmm.hhh.ggg</Computer><Security/>,-,0x0,,,-,NULL SID,,,-,,-,13312,'4188',%%1936,%%1936,1936.0,,,,,2,,,,,2026-05-19T02:50:34.119-0400,allowed,win:unknown,,,,,ppppPWBADDC03.mmm.hhh.ggg,,ppppPWBADDC03.mmm.hhh.ggg,ppppPWBADDC03,999403198,endpoint_services_processes windows_endpoint_processes windows_event_signature windows_process_new wineventlog_security wineventlog_windows winsec,,,ppppPWBADDC03,999403198,occs-sss-windows,1,A new process has been created,C:\Windows\System32\where.exe,0x3290,where.exe,,,,,,,C:\Windows\System32\cmd.exe,0x3bf8,cmd.exe,C:\Windows\System32\cmd.exe,C:\Windows\System32\where.exe /Q repadmin,/Q repadmin,where,where.exe,0x3290,where.exe,C:\Windows\System32\where.exe,Windows,<_='://../////'><><_='---'_='{----}'/><></><></><>,,,,,,,,0x3e7,,,A new process has been created,4688,XmlWinEventLog:Security,XmlWinEventLog,bbbbbsplunkes01,,,MMM,,ppppPWBADDC03$,,success,A new process has been created,failure,,,"execute
os
process
report
security
start
track_event_signatures
windows",,,,"execute
os
process
report
security
start
track_event_signatures
windows",,,ppppPWBADDC03$,-,,,,,Microsoft,,Microsoft Windows
,,,,,MMM,,,ppppPWBADDC03$,,,Security,,,,,,where  /Q repadmin,ppppPWBADDC03.mmm.hhh.ggg,,,,-,4688,<Data Name='SubjectUserSid'>NT AUTHORITY\SYSTEM</Data><Data Name='SubjectUserName'>ppppPWBADDC03$</Data><Data Name='SubjectDomainName'>MMM</Data><Data Name='SubjectLogonId'>0x3e7</Data><Data Name='NewProcessId'>0x3d9c</Data><Data Name='NewProcessName'>C:\Windows\System32\where.exe</Data><Data Name='TokenElevationType'>%%1936</Data><Data Name='ProcessId'>0x3fc0</Data><Data Name='CommandLine'>where  /Q repadmin </Data><Data Name='TargetUserSid'>NULL SID</Data><Data Name='TargetUserName'>-</Data><Data Name='TargetDomainName'>-</Data><Data Name='TargetLogonId'>0x0</Data><Data Name='ParentProcessName'>C:\Windows\System32\cmd.exe</Data><Data Name='MandatoryLabel'>Mandatory Label\System Mandatory Level</Data>,4688.0,999399801,,,,,,,,,,,0x8020000000000000,0,,,,0x3e7,,Mandatory Label\System Mandatory Level,,,,,'Microsoft-Windows-Security-Auditing',0x3d9c,C:\Windows\System32\where.exe,,,,,,0,C:\Windows\System32\cmd.exe,,,,'4',0x3fc0,,where  /Q repadmin,,999399801,,,,,,,MMM,0x3e7,ppppPWBADDC03$,NT AUTHORITY\SYSTEM,,'2026-05-19T06:45:30.9165355Z',<Provider Name='Microsoft-Windows-Security-Auditing' Guid='{54849625-5478-4994-a5ba-3e3b0328c30d}'/><EventID>4688</EventID><Version>2</Version><Level>0</Level><Task>13312</Task><Opcode>0</Opcode><Keywords>0x8020000000000000</Keywords><TimeCreated SystemTime='2026-05-19T06:45:30.9165355Z'/><EventRecordID>999399801</EventRecordID><Correlation/><Execution ProcessID='4' ThreadID='10104'/><Channel>Security</Channel><Computer>ppppPWBADDC03.mmm.hhh.ggg</Computer><Security/>,-,0x0,,,-,NULL SID,,,-,,-,13312,'10104',%%1936,%%1936,1936.0,,,,,2,,,,,2026-05-19T02:45:30.916-0400,allowed,win:unknown,,,,,ppppPWBADDC03.mmm.hhh.ggg,,ppppPWBADDC03.mmm.hhh.ggg,ppppPWBADDC03,999399801,endpoint_services_processes windows_endpoint_processes windows_event_signature windows_process_new wineventlog_security wineventlog_windows winsec,,,ppppPWBADDC03,999399801,occs-sss-windows,1,A new process has been created,C:\Windows\System32\where.exe,0x3d9c,where.exe,,,,,,,C:\Windows\System32\cmd.exe,0x3fc0,cmd.exe,C:\Windows\System32\cmd.exe,C:\Windows\System32\where.exe /Q repadmin,/Q repadmin,where,where.exe,0x3d9c,where.exe,C:\Windows\System32\where.exe,Windows,<_='://../////'><><_='---'_='{----}'/><></><></><>,,,,,,,,0x3e7,,,A new process has been created,4688,XmlWinEventLog:Security,XmlWinEventLog,bbbbbsplunkes03,,,MMM,,ppppPWBADDC03$,,success,A new process has been created,failure,,,"execute
os
process
report
security
start
track_event_signatures
windows",,,,"execute
os
process
report
security
start
track_event_signatures
windows",,,ppppPWBADDC03$,-,,,,,Microsoft,,Microsoft Windows
,,,,,MMM,,,ppppPWBADDC03$,,,Security,,,,,,where  /Q repadmin,ppppPWBADDC03.mmm.hhh.ggg,,,,-,4688,<Data Name='SubjectUserSid'>NT AUTHORITY\SYSTEM</Data><Data Name='SubjectUserName'>ppppPWBADDC03$</Data><Data Name='SubjectDomainName'>MMM</Data><Data Name='SubjectLogonId'>0x3e7</Data><Data Name='NewProcessId'>0x3640</Data><Data Name='NewProcessName'>C:\Windows\System32\where.exe</Data><Data Name='TokenElevationType'>%%1936</Data><Data Name='ProcessId'>0x2ff8</Data><Data Name='CommandLine'>where  /Q repadmin </Data><Data Name='TargetUserSid'>NULL SID</Data><Data Name='TargetUserName'>-</Data><Data Name='TargetDomainName'>-</Data><Data Name='TargetLogonId'>0x0</Data><Data Name='ParentProcessName'>C:\Windows\System32\cmd.exe</Data><Data Name='MandatoryLabel'>Mandatory Label\System Mandatory Level</Data>,4688.0,999395626,,,,,,,,,,,0x8020000000000000,0,,,,0x3e7,,Mandatory Label\System Mandatory Level,,,,,'Microsoft-Windows-Security-Auditing',0x3640,C:\Windows\System32\where.exe,,,,,,0,C:\Windows\System32\cmd.exe,,,,'4',0x2ff8,,where  /Q repadmin,,999395626,,,,,,,MMM,0x3e7,ppppPWBADDC03$,NT AUTHORITY\SYSTEM,,'2026-05-19T06:40:28.7802590Z',<Provider Name='Microsoft-Windows-Security-Auditing' Guid='{54849625-5478-4994-a5ba-3e3b0328c30d}'/><EventID>4688</EventID><Version>2</Version><Level>0</Level><Task>13312</Task><Opcode>0</Opcode><Keywords>0x8020000000000000</Keywords><TimeCreated SystemTime='2026-05-19T06:40:28.7802590Z'/><EventRecordID>999395626</EventRecordID><Correlation/><Execution ProcessID='4' ThreadID='1032'/><Channel>Security</Channel><Computer>ppppPWBADDC03.mmm.hhh.ggg</Computer><Security/>,-,0x0,,,-,NULL SID,,,-,,-,13312,'1032',%%1936,%%1936,1936.0,,,,,2,,,,,2026-05-19T02:40:28.780-0400,allowed,win:unknown,,,,,ppppPWBADDC03.mmm.hhh.ggg,,ppppPWBADDC03.mmm.hhh.ggg,ppppPWBADDC03,999395626,endpoint_services_processes windows_endpoint_processes windows_event_signature windows_process_new wineventlog_security wineventlog_windows winsec,,,ppppPWBADDC03,999395626,occs-sss-windows,1,A new process has been created,C:\Windows\System32\where.exe,0x3640,where.exe,,,,,,,C:\Windows\System32\cmd.exe,0x2ff8,cmd.exe,C:\Windows\System32\cmd.exe,C:\Windows\System32\where.exe /Q repadmin,/Q repadmin,where,where.exe,0x3640,where.exe,C:\Windows\System32\where.exe,Windows,<_='://../////'><><_='---'_='{----}'/><></><></><>,,,,,,,,0x3e7,,,A new process has been created,4688,XmlWinEventLog:Security,XmlWinEventLog,bbbbbsplunkes03,,,MMM,,ppppPWBADDC03$,,success,A new process has been created,failure,,,"execute
os
process
report
security
start
track_event_signatures
windows",,,,"execute
os
process
report
security
start
track_event_signatures
windows",,,ppppPWBADDC03$,-,,,,,Microsoft,,Microsoft Windows
,,,,,MMM,,,ppppPWBADDC03$,,,Security,,,,,,where  /Q repadmin,ppppPWBADDC03.mmm.hhh.ggg,,,,-,4688,<Data Name='SubjectUserSid'>NT AUTHORITY\SYSTEM</Data><Data Name='SubjectUserName'>ppppPWBADDC03$</Data><Data Name='SubjectDomainName'>MMM</Data><Data Name='SubjectLogonId'>0x3e7</Data><Data Name='NewProcessId'>0x3cac</Data><Data Name='NewProcessName'>C:\Windows\System32\where.exe</Data><Data Name='TokenElevationType'>%%1936</Data><Data Name='ProcessId'>0x3c18</Data><Data Name='CommandLine'>where  /Q repadmin </Data><Data Name='TargetUserSid'>NULL SID</Data><Data Name='TargetUserName'>-</Data><Data Name='TargetDomainName'>-</Data><Data Name='TargetLogonId'>0x0</Data><Data Name='ParentProcessName'>C:\Windows\System32\cmd.exe</Data><Data Name='MandatoryLabel'>Mandatory Label\System Mandatory Level</Data>,4688.0,999392482,,,,,,,,,,,0x8020000000000000,0,,,,0x3e7,,Mandatory Label\System Mandatory Level,,,,,'Microsoft-Windows-Security-Auditing',0x3cac,C:\Windows\System32\where.exe,,,,,,0,C:\Windows\System32\cmd.exe,,,,'4',0x3c18,,where  /Q repadmin,,999392482,,,,,,,MMM,0x3e7,ppppPWBADDC03$,NT AUTHORITY\SYSTEM,,'2026-05-19T06:35:26.4007118Z',<Provider Name='Microsoft-Windows-Security-Auditing' Guid='{54849625-5478-4994-a5ba-3e3b0328c30d}'/><EventID>4688</EventID><Version>2</Version><Level>0</Level><Task>13312</Task><Opcode>0</Opcode><Keywords>0x8020000000000000</Keywords><TimeCreated SystemTime='2026-05-19T06:35:26.4007118Z'/><EventRecordID>999392482</EventRecordID><Correlation/><Execution ProcessID='4' ThreadID='964'/><Channel>Security</Channel><Computer>ppppPWBADDC03.mmm.hhh.ggg</Computer><Security/>,-,0x0,,,-,NULL SID,,,-,,-,13312,'964',%%1936,%%1936,1936.0,,,,,2,,,,,2026-05-19T02:35:26.400-0400,allowed,win:unknown,,,,,ppppPWBADDC03.mmm.hhh.ggg,,ppppPWBADDC03.mmm.hhh.ggg,ppppPWBADDC03,999392482,endpoint_services_processes windows_endpoint_processes windows_event_signature windows_process_new wineventlog_security wineventlog_windows winsec,,,ppppPWBADDC03,999392482,occs-sss-windows,1,A new process has been created,C:\Windows\System32\where.exe,0x3cac,where.exe,,,,,,,C:\Windows\System32\cmd.exe,0x3c18,cmd.exe,C:\Windows\System32\cmd.exe,C:\Windows\System32\where.exe /Q repadmin,/Q repadmin,where,where.exe,0x3cac,where.exe,C:\Windows\System32\where.exe,Windows,<_='://../////'><><_='---'_='{----}'/><></><></><>,,,,,,,,0x3e7,,,A new process has been created,4688,XmlWinEventLog:Security,XmlWinEventLog,bbbbbsplunkes03,,,MMM,,ppppPWBADDC03$,,success,A new process has been created,failure,,,"execute
os
process
report
security
start
track_event_signatures
windows",,,,"execute
os
process
report
security
start
track_event_signatures
windows",,,ppppPWBADDC03$,-,,,,,Microsoft,,Microsoft Windows
,,,,,MMM,,,ppppPWBADDC03$,,,Security,,,,,,where  /Q repadmin,ppppPWBADDC03.mmm.hhh.ggg,,,,-,4688,<Data Name='SubjectUserSid'>NT AUTHORITY\SYSTEM</Data><Data Name='SubjectUserName'>ppppPWBADDC03$</Data><Data Name='SubjectDomainName'>MMM</Data><Data Name='SubjectLogonId'>0x3e7</Data><Data Name='NewProcessId'>0x379c</Data><Data Name='NewProcessName'>C:\Windows\System32\where.exe</Data><Data Name='TokenElevationType'>%%1936</Data><Data Name='ProcessId'>0x12cc</Data><Data Name='CommandLine'>where  /Q repadmin </Data><Data Name='TargetUserSid'>NULL SID</Data><Data Name='TargetUserName'>-</Data><Data Name='TargetDomainName'>-</Data><Data Name='TargetLogonId'>0x0</Data><Data Name='ParentProcessName'>C:\Windows\System32\cmd.exe</Data><Data Name='MandatoryLabel'>Mandatory Label\System Mandatory Level</Data>,4688.0,999388784,,,,,,,,,,,0x8020000000000000,0,,,,0x3e7,,Mandatory Label\System Mandatory Level,,,,,'Microsoft-Windows-Security-Auditing',0x379c,C:\Windows\System32\where.exe,,,,,,0,C:\Windows\System32\cmd.exe,,,,'4',0x12cc,,where  /Q repadmin,,999388784,,,,,,,MMM,0x3e7,ppppPWBADDC03$,NT AUTHORITY\SYSTEM,,'2026-05-19T06:30:23.7389019Z',<Provider Name='Microsoft-Windows-Security-Auditing' Guid='{54849625-5478-4994-a5ba-3e3b0328c30d}'/><EventID>4688</EventID><Version>2</Version><Level>0</Level><Task>13312</Task><Opcode>0</Opcode><Keywords>0x8020000000000000</Keywords><TimeCreated SystemTime='2026-05-19T06:30:23.7389019Z'/><EventRecordID>999388784</EventRecordID><Correlation/><Execution ProcessID='4' ThreadID='10088'/><Channel>Security</Channel><Computer>ppppPWBADDC03.mmm.hhh.ggg</Computer><Security/>,-,0x0,,,-,NULL SID,,,-,,-,13312,'10088',%%1936,%%1936,1936.0,,,,,2,,,,,2026-05-19T02:30:23.738-0400,allowed,win:unknown,,,,,ppppPWBADDC03.mmm.hhh.ggg,,ppppPWBADDC03.mmm.hhh.ggg,ppppPWBADDC03,999388784,endpoint_services_processes windows_endpoint_processes windows_event_signature windows_process_new wineventlog_security wineventlog_windows winsec,,,ppppPWBADDC03,999388784,occs-sss-windows,1,A new process has been created,C:\Windows\System32\where.exe,0x379c,where.exe,,,,,,,C:\Windows\System32\cmd.exe,0x12cc,cmd.exe,C:\Windows\System32\cmd.exe,C:\Windows\System32\where.exe /Q repadmin,/Q repadmin,where,where.exe,0x379c,where.exe,C:\Windows\System32\where.exe,Windows,<_='://../////'><><_='---'_='{----}'/><></><></><>,,,,,,,,0x3e7,,,A new process has been created,4688,XmlWinEventLog:Security,XmlWinEventLog,bbbbbsplunkes01,,,MMM,,ppppPWBADDC03$,,success,A new process has been created,failure,,,"execute
os
process
report
security
start
track_event_signatures
windows",,,,"execute
os
process
report
security
start
track_event_signatures
windows",,,ppppPWBADDC03$,-,,,,,Microsoft,,Microsoft Windows
,,,,,MMM,,,ppppPWBADDC03$,,,Security,,,,,,where  /Q repadmin,ppppPWBADDC03.mmm.hhh.ggg,,,,-,4688,<Data Name='SubjectUserSid'>NT AUTHORITY\SYSTEM</Data><Data Name='SubjectUserName'>ppppPWBADDC03$</Data><Data Name='SubjectDomainName'>MMM</Data><Data Name='SubjectLogonId'>0x3e7</Data><Data Name='NewProcessId'>0x1224</Data><Data Name='NewProcessName'>C:\Windows\System32\where.exe</Data><Data Name='TokenElevationType'>%%1936</Data><Data Name='ProcessId'>0x36fc</Data><Data Name='CommandLine'>where  /Q repadmin </Data><Data Name='TargetUserSid'>NULL SID</Data><Data Name='TargetUserName'>-</Data><Data Name='TargetDomainName'>-</Data><Data Name='TargetLogonId'>0x0</Data><Data Name='ParentProcessName'>C:\Windows\System32\cmd.exe</Data><Data Name='MandatoryLabel'>Mandatory Label\System Mandatory Level</Data>,4688.0,999385268,,,,,,,,,,,0x8020000000000000,0,,,,0x3e7,,Mandatory Label\System Mandatory Level,,,,,'Microsoft-Windows-Security-Auditing',0x1224,C:\Windows\System32\where.exe,,,,,,0,C:\Windows\System32\cmd.exe,,,,'4',0x36fc,,where  /Q repadmin,,999385268,,,,,,,MMM,0x3e7,ppppPWBADDC03$,NT AUTHORITY\SYSTEM,,'2026-05-19T06:25:20.1426303Z',<Provider Name='Microsoft-Windows-Security-Auditing' Guid='{54849625-5478-4994-a5ba-3e3b0328c30d}'/><EventID>4688</EventID><Version>2</Version><Level>0</Level><Task>13312</Task><Opcode>0</Opcode><Keywords>0x8020000000000000</Keywords><TimeCreated SystemTime='2026-05-19T06:25:20.1426303Z'/><EventRecordID>999385268</EventRecordID><Correlation/><Execution ProcessID='4' ThreadID='2608'/><Channel>Security</Channel><Computer>ppppPWBADDC03.mmm.hhh.ggg</Computer><Security/>,-,0x0,,,-,NULL SID,,,-,,-,13312,'2608',%%1936,%%1936,1936.0,,,,,2,,,,,2026-05-19T02:25:20.142-0400,allowed,win:unknown,,,,,ppppPWBADDC03.mmm.hhh.ggg,,ppppPWBADDC03.mmm.hhh.ggg,ppppPWBADDC03,999385268,endpoint_services_processes windows_endpoint_processes windows_event_signature windows_process_new wineventlog_security wineventlog_windows winsec,,,ppppPWBADDC03,999385268,occs-sss-windows,1,A new process has been created,C:\Windows\System32\where.exe,0x1224,where.exe,,,,,,,C:\Windows\System32\cmd.exe,0x36fc,cmd.exe,C:\Windows\System32\cmd.exe,C:\Windows\System32\where.exe /Q repadmin,/Q repadmin,where,where.exe,0x1224,where.exe,C:\Windows\System32\where.exe,Windows,<_='://../////'><><_='---'_='{----}'/><></><></><>,,,,,,,,0x3e7,,,A new process has been created,4688,XmlWinEventLog:Security,XmlWinEventLog,bbbbbsplunkes03,,,MMM,,ppppPWBADDC03$,,success,A new process has been created,failure,,,"execute
os
process
report
security
start
track_event_signatures
windows",,,,"execute
os
process
report
security
start
track_event_signatures
windows",,,ppppPWBADDC03$,-,,,,,Microsoft,,Microsoft Windows
,,,,,MMM,,,ppppPWBADDC03$,,,Security,,,,,,where  /Q repadmin,ppppPWBADDC03.mmm.hhh.ggg,,,,-,4688,<Data Name='SubjectUserSid'>NT AUTHORITY\SYSTEM</Data><Data Name='SubjectUserName'>ppppPWBADDC03$</Data><Data Name='SubjectDomainName'>MMM</Data><Data Name='SubjectLogonId'>0x3e7</Data><Data Name='NewProcessId'>0x1144</Data><Data Name='NewProcessName'>C:\Windows\System32\where.exe</Data><Data Name='TokenElevationType'>%%1936</Data><Data Name='ProcessId'>0x3ab8</Data><Data Name='CommandLine'>where  /Q repadmin </Data><Data Name='TargetUserSid'>NULL SID</Data><Data Name='TargetUserName'>-</Data><Data Name='TargetDomainName'>-</Data><Data Name='TargetLogonId'>0x0</Data><Data Name='ParentProcessName'>C:\Windows\System32\cmd.exe</Data><Data Name='MandatoryLabel'>Mandatory Label\System Mandatory Level</Data>,4688.0,999381747,,,,,,,,,,,0x8020000000000000,0,,,,0x3e7,,Mandatory Label\System Mandatory Level,,,,,'Microsoft-Windows-Security-Auditing',0x1144,C:\Windows\System32\where.exe,,,,,,0,C:\Windows\System32\cmd.exe,,,,'4',0x3ab8,,where  /Q repadmin,,999381747,,,,,,,MMM,0x3e7,ppppPWBADDC03$,NT AUTHORITY\SYSTEM,,'2026-05-19T06:20:17.8661175Z',<Provider Name='Microsoft-Windows-Security-Auditing' Guid='{54849625-5478-4994-a5ba-3e3b0328c30d}'/><EventID>4688</EventID><Version>2</Version><Level>0</Level><Task>13312</Task><Opcode>0</Opcode><Keywords>0x8020000000000000</Keywords><TimeCreated SystemTime='2026-05-19T06:20:17.8661175Z'/><EventRecordID>999381747</EventRecordID><Correlation/><Execution ProcessID='4' ThreadID='964'/><Channel>Security</Channel><Computer>ppppPWBADDC03.mmm.hhh.ggg</Computer><Security/>,-,0x0,,,-,NULL SID,,,-,,-,13312,'964',%%1936,%%1936,1936.0,,,,,2,,,,,2026-05-19T02:20:17.866-0400,allowed,win:unknown,,,,,ppppPWBADDC03.mmm.hhh.ggg,,ppppPWBADDC03.mmm.hhh.ggg,ppppPWBADDC03,999381747,endpoint_services_processes windows_endpoint_processes windows_event_signature windows_process_new wineventlog_security wineventlog_windows winsec,,,ppppPWBADDC03,999381747,occs-sss-windows,1,A new process has been created,C:\Windows\System32\where.exe,0x1144,where.exe,,,,,,,C:\Windows\System32\cmd.exe,0x3ab8,cmd.exe,C:\Windows\System32\cmd.exe,C:\Windows\System32\where.exe /Q repadmin,/Q repadmin,where,where.exe,0x1144,where.exe,C:\Windows\System32\where.exe,Windows,<_='://../////'><><_='---'_='{----}'/><></><></><>,,,,,,,,0x3e7,,,A new process has been created,4688,XmlWinEventLog:Security,XmlWinEventLog,bbbbbsplunkes01,,,MMM,,ppppPWBADDC03$,,success,A new process has been created,failure,,,"execute
os
process
report
security
start
track_event_signatures
windows",,,,"execute
os
process
report
security
start
track_event_signatures
windows",,,ppppPWBADDC03$,-,,,,,Microsoft,,Microsoft Windows
,,,,,MMM,,,ppppPWBADDC03$,,,Security,,,,,,where  /Q repadmin,ppppPWBADDC03.mmm.hhh.ggg,,,,-,4688,<Data Name='SubjectUserSid'>NT AUTHORITY\SYSTEM</Data><Data Name='SubjectUserName'>ppppPWBADDC03$</Data><Data Name='SubjectDomainName'>MMM</Data><Data Name='SubjectLogonId'>0x3e7</Data><Data Name='NewProcessId'>0x141c</Data><Data Name='NewProcessName'>C:\Windows\System32\where.exe</Data><Data Name='TokenElevationType'>%%1936</Data><Data Name='ProcessId'>0x39c0</Data><Data Name='CommandLine'>where  /Q repadmin </Data><Data Name='TargetUserSid'>NULL SID</Data><Data Name='TargetUserName'>-</Data><Data Name='TargetDomainName'>-</Data><Data Name='TargetLogonId'>0x0</Data><Data Name='ParentProcessName'>C:\Windows\System32\cmd.exe</Data><Data Name='MandatoryLabel'>Mandatory Label\System Mandatory Level</Data>,4688.0,999378748,,,,,,,,,,,0x8020000000000000,0,,,,0x3e7,,Mandatory Label\System Mandatory Level,,,,,'Microsoft-Windows-Security-Auditing',0x141c,C:\Windows\System32\where.exe,,,,,,0,C:\Windows\System32\cmd.exe,,,,'4',0x39c0,,where  /Q repadmin,,999378748,,,,,,,MMM,0x3e7,ppppPWBADDC03$,NT AUTHORITY\SYSTEM,,'2026-05-19T06:15:15.2379106Z',<Provider Name='Microsoft-Windows-Security-Auditing' Guid='{54849625-5478-4994-a5ba-3e3b0328c30d}'/><EventID>4688</EventID><Version>2</Version><Level>0</Level><Task>13312</Task><Opcode>0</Opcode><Keywords>0x8020000000000000</Keywords><TimeCreated SystemTime='2026-05-19T06:15:15.2379106Z'/><EventRecordID>999378748</EventRecordID><Correlation/><Execution ProcessID='4' ThreadID='764'/><Channel>Security</Channel><Computer>ppppPWBADDC03.mmm.hhh.ggg</Computer><Security/>,-,0x0,,,-,NULL SID,,,-,,-,13312,'764',%%1936,%%1936,1936.0,,,,,2,,,,,2026-05-19T02:15:15.237-0400,allowed,win:unknown,,,,,ppppPWBADDC03.mmm.hhh.ggg,,ppppPWBADDC03.mmm.hhh.ggg,ppppPWBADDC03,999378748,endpoint_services_processes windows_endpoint_processes windows_event_signature windows_process_new wineventlog_security wineventlog_windows winsec,,,ppppPWBADDC03,999378748,occs-sss-windows,1,A new process has been created,C:\Windows\System32\where.exe,0x141c,where.exe,,,,,,,C:\Windows\System32\cmd.exe,0x39c0,cmd.exe,C:\Windows\System32\cmd.exe,C:\Windows\System32\where.exe /Q repadmin,/Q repadmin,where,where.exe,0x141c,where.exe,C:\Windows\System32\where.exe,Windows,<_='://../////'><><_='---'_='{----}'/><></><></><>,,,,,,,,0x3e7,,,A new process has been created,4688,XmlWinEventLog:Security,XmlWinEventLog,bbbbbsplunkes01,,,MMM,,ppppPWBADDC03$,,success,A new process has been created,failure,,,"execute
os
process
report
security
start
track_event_signatures
windows",,,,"execute
os
process
report
security
start
track_event_signatures
windows",,,ppppPWBADDC03$,-,,,,,Microsoft,,Microsoft Windows
,,,,,MMM,,,ppppPWBADDC03$,,,Security,,,,,,where  /Q repadmin,ppppPWBADDC03.mmm.hhh.ggg,,,,-,4688,<Data Name='SubjectUserSid'>NT AUTHORITY\SYSTEM</Data><Data Name='SubjectUserName'>ppppPWBADDC03$</Data><Data Name='SubjectDomainName'>MMM</Data><Data Name='SubjectLogonId'>0x3e7</Data><Data Name='NewProcessId'>0x2fb0</Data><Data Name='NewProcessName'>C:\Windows\System32\where.exe</Data><Data Name='TokenElevationType'>%%1936</Data><Data Name='ProcessId'>0x10f4</Data><Data Name='CommandLine'>where  /Q repadmin </Data><Data Name='TargetUserSid'>NULL SID</Data><Data Name='TargetUserName'>-</Data><Data Name='TargetDomainName'>-</Data><Data Name='TargetLogonId'>0x0</Data><Data Name='ParentProcessName'>C:\Windows\System32\cmd.exe</Data><Data Name='MandatoryLabel'>Mandatory Label\System Mandatory Level</Data>,4688.0,999375728,,,,,,,,,,,0x8020000000000000,0,,,,0x3e7,,Mandatory Label\System Mandatory Level,,,,,'Microsoft-Windows-Security-Auditing',0x2fb0,C:\Windows\System32\where.exe,,,,,,0,C:\Windows\System32\cmd.exe,,,,'4',0x10f4,,where  /Q repadmin,,999375728,,,,,,,MMM,0x3e7,ppppPWBADDC03$,NT AUTHORITY\SYSTEM,,'2026-05-19T06:10:12.4798991Z',<Provider Name='Microsoft-Windows-Security-Auditing' Guid='{54849625-5478-4994-a5ba-3e3b0328c30d}'/><EventID>4688</EventID><Version>2</Version><Level>0</Level><Task>13312</Task><Opcode>0</Opcode><Keywords>0x8020000000000000</Keywords><TimeCreated SystemTime='2026-05-19T06:10:12.4798991Z'/><EventRecordID>999375728</EventRecordID><Correlation/><Execution ProcessID='4' ThreadID='1004'/><Channel>Security</Channel><Computer>ppppPWBADDC03.mmm.hhh.ggg</Computer><Security/>,-,0x0,,,-,NULL SID,,,-,,-,13312,'1004',%%1936,%%1936,1936.0,,,,,2,,,,,2026-05-19T02:10:12.479-0400,allowed,win:unknown,,,,,ppppPWBADDC03.mmm.hhh.ggg,,ppppPWBADDC03.mmm.hhh.ggg,ppppPWBADDC03,999375728,endpoint_services_processes windows_endpoint_processes windows_event_signature windows_process_new wineventlog_security wineventlog_windows winsec,,,ppppPWBADDC03,999375728,occs-sss-windows,1,A new process has been created,C:\Windows\System32\where.exe,0x2fb0,where.exe,,,,,,,C:\Windows\System32\cmd.exe,0x10f4,cmd.exe,C:\Windows\System32\cmd.exe,C:\Windows\System32\where.exe /Q repadmin,/Q repadmin,where,where.exe,0x2fb0,where.exe,C:\Windows\System32\where.exe,Windows,<_='://../////'><><_='---'_='{----}'/><></><></><>,,,,,,,,0x3e7,,,A new process has been created,4688,XmlWinEventLog:Security,XmlWinEventLog,bbbbbsplunkes01,,,MMM,,ppppPWBADDC03$,,success,A new process has been created,failure,,,"execute
os
process
report
security
start
track_event_signatures
windows",,,,"execute
os
process
report
security
start
track_event_signatures
windows",,,ppppPWBADDC03$,-,,,,,Microsoft,,Microsoft Windows
