,,,,,MMM,,,ppppPWBADDC03$,,,Security,,,,,,"C:\Windows\System32\WindowsPowershell\v1.0\powershell  -NoProfile -Command ""&amp; {$j = sajb {$ErrorActionPreference = 'SilentlyContinue';$ErrorActionPreference = 'SilentlyContinue';$jars = $(Get-ChildItem -Path 'C:\*', 'F:\*' -Recurse -Include '*.jar','*.war','*.ear'| Where-Object Attributes -NotLike ""*ReparsePoint*""| Where-Object { -not $_.PSIsContainer }| % {$_.FullName});try{Add-Type -AssemblyName System.IO.Compression.FileSystem;}catch{'no_archive_inspection'};$num_jars_found = 0;$num_jars_insp = 0;$jars_mod = 0;$rxp_log4j = '(?:\\|\/)(log4j-?(?:core-?)?(\d[.\d]+)?(?:-?((?:rc|alpha|beta)-?\d*))?\.jar)';$rgx_log4j = [Regex]::new($rxp_log4j);$rxp_class = '(.*JndiLookup.class)?(.*JMSAppender.class)?(.*JdbcAppender.class)?';$rgx_class = [Regex]::new($rxp_class,[System.Text.RegularExpressions.RegexOptions]::IgnoreCase);foreach($jar in $jars){$num_jars_found++;};-join('num_jars_found:',$num_jars_found);foreach($jar in $jars){$jars_count++;$jars_mod = $jars_count % 100;if($jars_mod -eq 0){-join('# jars processed marker: ',$jars_count, ' of ',$num_jars_found);};$l4jf = $l4jd = $l4je = $jdlc = $jmsa = $jdbc = $null;$inspect = $true;if($rgx_log4j.IsMatch($jar)){$l4jf=$jar};$jar_open_read = [IO.Compression.ZipFile]::OpenRead($jar);$entries = try{$jar_open_read;}catch{$inspect=$false;};if($inspect){foreach($e in $entries.Entries){$fn = $e.Fullname;if($rgx_class.Match($fn).Groups[1].Value){$jdlc = 'Found'};if($rgx_class.Match($fn).Groups[2].Value){$jmsa = 'Found'};if($rgx_class.Match($fn).Groups[3].Value){$jdbc = 'Found'};if($rgx_log4j.IsMatch($fn)){$l4jd = $fn;$l4jd_zip = [IO.Compression.ZipArchive]::new($e.Open());foreach ($l4jdE in $l4jd_zip.Entries){$le = $l4jdE.FullName;if($rgx_class.Match($le).Groups[1].Value){$jdlc = 'Found'};if($rgx_class.Match($le).Groups[2].Value){$jmsa = 'Found'};if($rgx_class.Match($le).Groups[3].Value){$jdbc = 'Found'};};$l4jd_zip.Dispose();$e.Archive.Dispose();[GC]::Collect();};if(!$jdlc){$jdlc = 'Not Found';};if(!$jmsa){$jmsa = 'Not Found';};if(!$jdbc){$jdbc = 'Not Found';};};if(!$jdlc){$jdlc = 'Unknown';};if(!$jmsa){$jmsa = 'Unknown';};if(!$jdbc){$jdbc = 'Unknown';};};if($l4jf){-join('f|',$l4jf,'|',$jdlc,'|',$jmsa,'|',$jdbc,\""`r\"")| Write-Host};if($l4jd){-join('d|',$jar,'|',$l4jd,'|',$jdlc,'|',$jmsa,'|',$jdbc,\""`r\"")| Write-Host};if($l4je){-join($l4je,'|',$jdlc,'|',$jmsa,'|',$jdbc,\""`r\"")| Write-Host};[GC]::Collect();[System.Threading.Thread]::Sleep(250);};-join('# jars processed marker: ',$jars_count, ' of ',$num_jars_found);-join('num_jars_found:',$num_jars_found);};$r = wjb $j -Timeout 2880; rcjb $j;}""",ppppPWBADDC03.mmm.hhh.ggg,,,,-,4688,"<Data Name='SubjectUserSid'>NT AUTHORITY\SYSTEM</Data><Data Name='SubjectUserName'>ppppPWBADDC03$</Data><Data Name='SubjectDomainName'>MMM</Data><Data Name='SubjectLogonId'>0x3e7</Data><Data Name='NewProcessId'>0x4050</Data><Data Name='NewProcessName'>C:\Windows\System32\WindowsPowerShell\v1.0\powershell.exe</Data><Data Name='TokenElevationType'>%%1936</Data><Data Name='ProcessId'>0x20ac</Data><Data Name='CommandLine'>C:\Windows\System32\WindowsPowershell\v1.0\powershell  -NoProfile -Command ""&amp; {$j = sajb {$ErrorActionPreference = 'SilentlyContinue';$ErrorActionPreference = 'SilentlyContinue';$jars = $(Get-ChildItem -Path 'C:\*', 'F:\*' -Recurse -Include '*.jar','*.war','*.ear'| Where-Object Attributes -NotLike ""*ReparsePoint*""| Where-Object { -not $_.PSIsContainer }| % {$_.FullName});try{Add-Type -AssemblyName System.IO.Compression.FileSystem;}catch{'no_archive_inspection'};$num_jars_found = 0;$num_jars_insp = 0;$jars_mod = 0;$rxp_log4j = '(?:\\|\/)(log4j-?(?:core-?)?(\d[.\d]+)?(?:-?((?:rc|alpha|beta)-?\d*))?\.jar)';$rgx_log4j = [Regex]::new($rxp_log4j);$rxp_class = '(.*JndiLookup.class)?(.*JMSAppender.class)?(.*JdbcAppender.class)?';$rgx_class = [Regex]::new($rxp_class,[System.Text.RegularExpressions.RegexOptions]::IgnoreCase);foreach($jar in $jars){$num_jars_found++;};-join('num_jars_found:',$num_jars_found);foreach($jar in $jars){$jars_count++;$jars_mod = $jars_count % 100;if($jars_mod -eq 0){-join('# jars processed marker: ',$jars_count, ' of ',$num_jars_found);};$l4jf = $l4jd = $l4je = $jdlc = $jmsa = $jdbc = $null;$inspect = $true;if($rgx_log4j.IsMatch($jar)){$l4jf=$jar};$jar_open_read = [IO.Compression.ZipFile]::OpenRead($jar);$entries = try{$jar_open_read;}catch{$inspect=$false;};if($inspect){foreach($e in $entries.Entries){$fn = $e.Fullname;if($rgx_class.Match($fn).Groups[1].Value){$jdlc = 'Found'};if($rgx_class.Match($fn).Groups[2].Value){$jmsa = 'Found'};if($rgx_class.Match($fn).Groups[3].Value){$jdbc = 'Found'};if($rgx_log4j.IsMatch($fn)){$l4jd = $fn;$l4jd_zip = [IO.Compression.ZipArchive]::new($e.Open());foreach ($l4jdE in $l4jd_zip.Entries){$le = $l4jdE.FullName;if($rgx_class.Match($le).Groups[1].Value){$jdlc = 'Found'};if($rgx_class.Match($le).Groups[2].Value){$jmsa = 'Found'};if($rgx_class.Match($le).Groups[3].Value){$jdbc = 'Found'};};$l4jd_zip.Dispose();$e.Archive.Dispose();[GC]::Collect();};if(!$jdlc){$jdlc = 'Not Found';};if(!$jmsa){$jmsa = 'Not Found';};if(!$jdbc){$jdbc = 'Not Found';};};if(!$jdlc){$jdlc = 'Unknown';};if(!$jmsa){$jmsa = 'Unknown';};if(!$jdbc){$jdbc = 'Unknown';};};if($l4jf){-join('f|',$l4jf,'|',$jdlc,'|',$jmsa,'|',$jdbc,\""`r\"")| Write-Host};if($l4jd){-join('d|',$jar,'|',$l4jd,'|',$jdlc,'|',$jmsa,'|',$jdbc,\""`r\"")| Write-Host};if($l4je){-join($l4je,'|',$jdlc,'|',$jmsa,'|',$jdbc,\""`r\"")| Write-Host};[GC]::Collect();[System.Threading.Thread]::Sleep(250);};-join('# jars processed marker: ',$jars_count, ' of ',$num_jars_found);-join('num_jars_found:',$num_jars_found);};$r = wjb $j -Timeout 2880; rcjb $j;}""</Data><Data Name='TargetUserSid'>NULL SID</Data><Data Name='TargetUserName'>-</Data><Data Name='TargetDomainName'>-</Data><Data Name='TargetLogonId'>0x0</Data><Data Name='ParentProcessName'>C:\Windows\System32\cmd.exe</Data><Data Name='MandatoryLabel'>Mandatory Label\System Mandatory Level</Data>",4688.0,999474905,,,,,,,,,,,0x8020000000000000,0,,,,0x3e7,,Mandatory Label\System Mandatory Level,,,,,'Microsoft-Windows-Security-Auditing',0x4050,C:\Windows\System32\WindowsPowerShell\v1.0\powershell.exe,,,,,,0,C:\Windows\System32\cmd.exe,,,,'4',0x20ac,,"C:\Windows\System32\WindowsPowershell\v1.0\powershell  -NoProfile -Command ""&amp; {$j = sajb {$ErrorActionPreference = 'SilentlyContinue';$ErrorActionPreference = 'SilentlyContinue';$jars = $(Get-ChildItem -Path 'C:\*', 'F:\*' -Recurse -Include '*.jar','*.war','*.ear'| Where-Object Attributes -NotLike ""*ReparsePoint*""| Where-Object { -not $_.PSIsContainer }| % {$_.FullName});try{Add-Type -AssemblyName System.IO.Compression.FileSystem;}catch{'no_archive_inspection'};$num_jars_found = 0;$num_jars_insp = 0;$jars_mod = 0;$rxp_log4j = '(?:\\|\/)(log4j-?(?:core-?)?(\d[.\d]+)?(?:-?((?:rc|alpha|beta)-?\d*))?\.jar)';$rgx_log4j = [Regex]::new($rxp_log4j);$rxp_class = '(.*JndiLookup.class)?(.*JMSAppender.class)?(.*JdbcAppender.class)?';$rgx_class = [Regex]::new($rxp_class,[System.Text.RegularExpressions.RegexOptions]::IgnoreCase);foreach($jar in $jars){$num_jars_found++;};-join('num_jars_found:',$num_jars_found);foreach($jar in $jars){$jars_count++;$jars_mod = $jars_count % 100;if($jars_mod -eq 0){-join('# jars processed marker: ',$jars_count, ' of ',$num_jars_found);};$l4jf = $l4jd = $l4je = $jdlc = $jmsa = $jdbc = $null;$inspect = $true;if($rgx_log4j.IsMatch($jar)){$l4jf=$jar};$jar_open_read = [IO.Compression.ZipFile]::OpenRead($jar);$entries = try{$jar_open_read;}catch{$inspect=$false;};if($inspect){foreach($e in $entries.Entries){$fn = $e.Fullname;if($rgx_class.Match($fn).Groups[1].Value){$jdlc = 'Found'};if($rgx_class.Match($fn).Groups[2].Value){$jmsa = 'Found'};if($rgx_class.Match($fn).Groups[3].Value){$jdbc = 'Found'};if($rgx_log4j.IsMatch($fn)){$l4jd = $fn;$l4jd_zip = [IO.Compression.ZipArchive]::new($e.Open());foreach ($l4jdE in $l4jd_zip.Entries){$le = $l4jdE.FullName;if($rgx_class.Match($le).Groups[1].Value){$jdlc = 'Found'};if($rgx_class.Match($le).Groups[2].Value){$jmsa = 'Found'};if($rgx_class.Match($le).Groups[3].Value){$jdbc = 'Found'};};$l4jd_zip.Dispose();$e.Archive.Dispose();[GC]::Collect();};if(!$jdlc){$jdlc = 'Not Found';};if(!$jmsa){$jmsa = 'Not Found';};if(!$jdbc){$jdbc = 'Not Found';};};if(!$jdlc){$jdlc = 'Unknown';};if(!$jmsa){$jmsa = 'Unknown';};if(!$jdbc){$jdbc = 'Unknown';};};if($l4jf){-join('f|',$l4jf,'|',$jdlc,'|',$jmsa,'|',$jdbc,\""`r\"")| Write-Host};if($l4jd){-join('d|',$jar,'|',$l4jd,'|',$jdlc,'|',$jmsa,'|',$jdbc,\""`r\"")| Write-Host};if($l4je){-join($l4je,'|',$jdlc,'|',$jmsa,'|',$jdbc,\""`r\"")| Write-Host};[GC]::Collect();[System.Threading.Thread]::Sleep(250);};-join('# jars processed marker: ',$jars_count, ' of ',$num_jars_found);-join('num_jars_found:',$num_jars_found);};$r = wjb $j -Timeout 2880; rcjb $j;}""",,999474905,,,,,,,MMM,0x3e7,ppppPWBADDC03$,NT AUTHORITY\SYSTEM,,'2026-05-19T08:41:48.6138360Z',<Provider Name='Microsoft-Windows-Security-Auditing' Guid='{54849625-5478-4994-a5ba-3e3b0328c30d}'/><EventID>4688</EventID><Version>2</Version><Level>0</Level><Task>13312</Task><Opcode>0</Opcode><Keywords>0x8020000000000000</Keywords><TimeCreated SystemTime='2026-05-19T08:41:48.6138360Z'/><EventRecordID>999474905</EventRecordID><Correlation/><Execution ProcessID='4' ThreadID='10248'/><Channel>Security</Channel><Computer>ppppPWBADDC03.mmm.hhh.ggg</Computer><Security/>,-,0x0,,,-,NULL SID,,,-,,-,13312,'10248',%%1936,%%1936,1936.0,,,,,2,,,,,2026-05-19T04:41:48.613-0400,allowed,win:unknown,,,,,ppppPWBADDC03.mmm.hhh.ggg,,ppppPWBADDC03.mmm.hhh.ggg,ppppPWBADDC03,999474905,endpoint_services_processes windows_endpoint_processes windows_event_signature windows_process_new wineventlog_security wineventlog_windows winsec,,,ppppPWBADDC03,999474905,occs-sss-windows,1,A new process has been created,C:\Windows\System32\WindowsPowerShell\v1.0\powershell.exe,0x4050,powershell.exe,,,,,,,C:\Windows\System32\cmd.exe,0x20ac,cmd.exe,C:\Windows\System32\cmd.exe,"C:\Windows\System32\WindowsPowershell\v1.0\powershell  -NoProfile -Command ""&amp; {$j = sajb {$ErrorActionPreference = 'SilentlyContinue';$ErrorActionPreference = 'SilentlyContinue';$jars = $(Get-ChildItem -Path 'C:\*', 'F:\*' -Recurse -Include '*.jar','*.war','*.ear'| Where-Object Attributes -NotLike ""*ReparsePoint*""| Where-Object { -not $_.PSIsContainer }| % {$_.FullName});try{Add-Type -AssemblyName System.IO.Compression.FileSystem;}catch{'no_archive_inspection'};$num_jars_found = 0;$num_jars_insp = 0;$jars_mod = 0;$rxp_log4j = '(?:\\|\/)(log4j-?(?:core-?)?(\d[.\d]+)?(?:-?((?:rc|alpha|beta)-?\d*))?\.jar)';$rgx_log4j = [Regex]::new($rxp_log4j);$rxp_class = '(.*JndiLookup.class)?(.*JMSAppender.class)?(.*JdbcAppender.class)?';$rgx_class = [Regex]::new($rxp_class,[System.Text.RegularExpressions.RegexOptions]::IgnoreCase);foreach($jar in $jars){$num_jars_found++;};-join('num_jars_found:',$num_jars_found);foreach($jar in $jars){$jars_count++;$jars_mod = $jars_count % 100;if($jars_mod -eq 0){-join('# jars processed marker: ',$jars_count, ' of ',$num_jars_found);};$l4jf = $l4jd = $l4je = $jdlc = $jmsa = $jdbc = $null;$inspect = $true;if($rgx_log4j.IsMatch($jar)){$l4jf=$jar};$jar_open_read = [IO.Compression.ZipFile]::OpenRead($jar);$entries = try{$jar_open_read;}catch{$inspect=$false;};if($inspect){foreach($e in $entries.Entries){$fn = $e.Fullname;if($rgx_class.Match($fn).Groups[1].Value){$jdlc = 'Found'};if($rgx_class.Match($fn).Groups[2].Value){$jmsa = 'Found'};if($rgx_class.Match($fn).Groups[3].Value){$jdbc = 'Found'};if($rgx_log4j.IsMatch($fn)){$l4jd = $fn;$l4jd_zip = [IO.Compression.ZipArchive]::new($e.Open());foreach ($l4jdE in $l4jd_zip.Entries){$le = $l4jdE.FullName;if($rgx_class.Match($le).Groups[1].Value){$jdlc = 'Found'};if($rgx_class.Match($le).Groups[2].Value){$jmsa = 'Found'};if($rgx_class.Match($le).Groups[3].Value){$jdbc = 'Found'};};$l4jd_zip.Dispose();$e.Archive.Dispose();[GC]::Collect();};if(!$jdlc){$jdlc = 'Not Found';};if(!$jmsa){$jmsa = 'Not Found';};if(!$jdbc){$jdbc = 'Not Found';};};if(!$jdlc){$jdlc = 'Unknown';};if(!$jmsa){$jmsa = 'Unknown';};if(!$jdbc){$jdbc = 'Unknown';};};if($l4jf){-join('f|',$l4jf,'|',$jdlc,'|',$jmsa,'|',$jdbc,\""`r\"")| Write-Host};if($l4jd){-join('d|',$jar,'|',$l4jd,'|',$jdlc,'|',$jmsa,'|',$jdbc,\""`r\"")| Write-Host};if($l4je){-join($l4je,'|',$jdlc,'|',$jmsa,'|',$jdbc,\""`r\"")| Write-Host};[GC]::Collect();[System.Threading.Thread]::Sleep(250);};-join('# jars processed marker: ',$jars_count, ' of ',$num_jars_found);-join('num_jars_found:',$num_jars_found);};$r = wjb $j -Timeout 2880; rcjb $j;}""","-NoProfile -Command ""&amp; {$j = sajb {$ErrorActionPreference = 'SilentlyContinue';$ErrorActionPreference = 'SilentlyContinue';$jars = $(Get-ChildItem -Path 'C:\*', 'F:\*' -Recurse -Include '*.jar','*.war','*.ear'| Where-Object Attributes -NotLike ""*ReparsePoint*""| Where-Object { -not $_.PSIsContainer }| % {$_.FullName});try{Add-Type -AssemblyName System.IO.Compression.FileSystem;}catch{'no_archive_inspection'};$num_jars_found = 0;$num_jars_insp = 0;$jars_mod = 0;$rxp_log4j = '(?:\\|\/)(log4j-?(?:core-?)?(\d[.\d]+)?(?:-?((?:rc|alpha|beta)-?\d*))?\.jar)';$rgx_log4j = [Regex]::new($rxp_log4j);$rxp_class = '(.*JndiLookup.class)?(.*JMSAppender.class)?(.*JdbcAppender.class)?';$rgx_class = [Regex]::new($rxp_class,[System.Text.RegularExpressions.RegexOptions]::IgnoreCase);foreach($jar in $jars){$num_jars_found++;};-join('num_jars_found:',$num_jars_found);foreach($jar in $jars){$jars_count++;$jars_mod = $jars_count % 100;if($jars_mod -eq 0){-join('# jars processed marker: ',$jars_count, ' of ',$num_jars_found);};$l4jf = $l4jd = $l4je = $jdlc = $jmsa = $jdbc = $null;$inspect = $true;if($rgx_log4j.IsMatch($jar)){$l4jf=$jar};$jar_open_read = [IO.Compression.ZipFile]::OpenRead($jar);$entries = try{$jar_open_read;}catch{$inspect=$false;};if($inspect){foreach($e in $entries.Entries){$fn = $e.Fullname;if($rgx_class.Match($fn).Groups[1].Value){$jdlc = 'Found'};if($rgx_class.Match($fn).Groups[2].Value){$jmsa = 'Found'};if($rgx_class.Match($fn).Groups[3].Value){$jdbc = 'Found'};if($rgx_log4j.IsMatch($fn)){$l4jd = $fn;$l4jd_zip = [IO.Compression.ZipArchive]::new($e.Open());foreach ($l4jdE in $l4jd_zip.Entries){$le = $l4jdE.FullName;if($rgx_class.Match($le).Groups[1].Value){$jdlc = 'Found'};if($rgx_class.Match($le).Groups[2].Value){$jmsa = 'Found'};if($rgx_class.Match($le).Groups[3].Value){$jdbc = 'Found'};};$l4jd_zip.Dispose();$e.Archive.Dispose();[GC]::Collect();};if(!$jdlc){$jdlc = 'Not Found';};if(!$jmsa){$jmsa = 'Not Found';};if(!$jdbc){$jdbc = 'Not Found';};};if(!$jdlc){$jdlc = 'Unknown';};if(!$jmsa){$jmsa = 'Unknown';};if(!$jdbc){$jdbc = 'Unknown';};};if($l4jf){-join('f|',$l4jf,'|',$jdlc,'|',$jmsa,'|',$jdbc,\""`r\"")| Write-Host};if($l4jd){-join('d|',$jar,'|',$l4jd,'|',$jdlc,'|',$jmsa,'|',$jdbc,\""`r\"")| Write-Host};if($l4je){-join($l4je,'|',$jdlc,'|',$jmsa,'|',$jdbc,\""`r\"")| Write-Host};[GC]::Collect();[System.Threading.Thread]::Sleep(250);};-join('# jars processed marker: ',$jars_count, ' of ',$num_jars_found);-join('num_jars_found:',$num_jars_found);};$r = wjb $j -Timeout 2880; rcjb $j;}""",C:\Windows\System32\WindowsPowershell\v1.0\powershell,powershell.exe,0x4050,powershell.exe,C:\Windows\System32\WindowsPowerShell\v1.0\powershell.exe,Windows,<_='://../////'><><_='---'_='{----}'/><></><></><>,,,,,,,,0x3e7,,,A new process has been created,4688,XmlWinEventLog:Security,XmlWinEventLog,bbbbbsplunkes02,,,MMM,,ppppPWBADDC03$,,success,A new process has been created,failure,,,"execute
os
process
report
security
start
track_event_signatures
windows",,,,"execute
os
process
report
security
start
track_event_signatures
windows",,,ppppPWBADDC03$,-,,,,,Microsoft,,Microsoft Windows
,,,,,MMM,,,ppppPWBADDC03$,,,Security,,,,,,"C:\Windows\System32\cmd.exe /c C:\Windows\System32\WindowsPowershell\v1.0\powershell -NoProfile -Command ""&amp; {$j = sajb {$ErrorActionPreference = 'SilentlyContinue';$ErrorActionPreference = 'SilentlyContinue';$jars = $(Get-ChildItem -Path 'C:\*', 'F:\*' -Recurse -Include '*.jar','*.war','*.ear'| Where-Object Attributes -NotLike ""*ReparsePoint*""| Where-Object { -not $_.PSIsContainer }| % {$_.FullName});try{Add-Type -AssemblyName System.IO.Compression.FileSystem;}catch{'no_archive_inspection'};$num_jars_found = 0;$num_jars_insp = 0;$jars_mod = 0;$rxp_log4j = '(?:\\|\/)(log4j-?(?:core-?)?(\d[.\d]+)?(?:-?((?:rc|alpha|beta)-?\d*))?\.jar)';$rgx_log4j = [Regex]::new($rxp_log4j);$rxp_class = '(.*JndiLookup.class)?(.*JMSAppender.class)?(.*JdbcAppender.class)?';$rgx_class = [Regex]::new($rxp_class,[System.Text.RegularExpressions.RegexOptions]::IgnoreCase);foreach($jar in $jars){$num_jars_found++;};-join('num_jars_found:',$num_jars_found);foreach($jar in $jars){$jars_count++;$jars_mod = $jars_count % 100;if($jars_mod -eq 0){-join('# jars processed marker: ',$jars_count, ' of ',$num_jars_found);};$l4jf = $l4jd = $l4je = $jdlc = $jmsa = $jdbc = $null;$inspect = $true;if($rgx_log4j.IsMatch($jar)){$l4jf=$jar};$jar_open_read = [IO.Compression.ZipFile]::OpenRead($jar);$entries = try{$jar_open_read;}catch{$inspect=$false;};if($inspect){foreach($e in $entries.Entries){$fn = $e.Fullname;if($rgx_class.Match($fn).Groups[1].Value){$jdlc = 'Found'};if($rgx_class.Match($fn).Groups[2].Value){$jmsa = 'Found'};if($rgx_class.Match($fn).Groups[3].Value){$jdbc = 'Found'};if($rgx_log4j.IsMatch($fn)){$l4jd = $fn;$l4jd_zip = [IO.Compression.ZipArchive]::new($e.Open());foreach ($l4jdE in $l4jd_zip.Entries){$le = $l4jdE.FullName;if($rgx_class.Match($le).Groups[1].Value){$jdlc = 'Found'};if($rgx_class.Match($le).Groups[2].Value){$jmsa = 'Found'};if($rgx_class.Match($le).Groups[3].Value){$jdbc = 'Found'};};$l4jd_zip.Dispose();$e.Archive.Dispose();[GC]::Collect();};if(!$jdlc){$jdlc = 'Not Found';};if(!$jmsa){$jmsa = 'Not Found';};if(!$jdbc){$jdbc = 'Not Found';};};if(!$jdlc){$jdlc = 'Unknown';};if(!$jmsa){$jmsa = 'Unknown';};if(!$jdbc){$jdbc = 'Unknown';};};if($l4jf){-join('f|',$l4jf,'|',$jdlc,'|',$jmsa,'|',$jdbc,\""`r\"")| Write-Host};if($l4jd){-join('d|',$jar,'|',$l4jd,'|',$jdlc,'|',$jmsa,'|',$jdbc,\""`r\"")| Write-Host};if($l4je){-join($l4je,'|',$jdlc,'|',$jmsa,'|',$jdbc,\""`r\"")| Write-Host};[GC]::Collect();[System.Threading.Thread]::Sleep(250);};-join('# jars processed marker: ',$jars_count, ' of ',$num_jars_found);-join('num_jars_found:',$num_jars_found);};$r = wjb $j -Timeout 2880; rcjb $j;}""",ppppPWBADDC03.mmm.hhh.ggg,,,,-,4688,"<Data Name='SubjectUserSid'>NT AUTHORITY\SYSTEM</Data><Data Name='SubjectUserName'>ppppPWBADDC03$</Data><Data Name='SubjectDomainName'>MMM</Data><Data Name='SubjectLogonId'>0x3e7</Data><Data Name='NewProcessId'>0x20ac</Data><Data Name='NewProcessName'>C:\Windows\System32\cmd.exe</Data><Data Name='TokenElevationType'>%%1936</Data><Data Name='ProcessId'>0x25bc</Data><Data Name='CommandLine'>C:\Windows\System32\cmd.exe /c C:\Windows\System32\WindowsPowershell\v1.0\powershell -NoProfile -Command ""&amp; {$j = sajb {$ErrorActionPreference = 'SilentlyContinue';$ErrorActionPreference = 'SilentlyContinue';$jars = $(Get-ChildItem -Path 'C:\*', 'F:\*' -Recurse -Include '*.jar','*.war','*.ear'| Where-Object Attributes -NotLike ""*ReparsePoint*""| Where-Object { -not $_.PSIsContainer }| % {$_.FullName});try{Add-Type -AssemblyName System.IO.Compression.FileSystem;}catch{'no_archive_inspection'};$num_jars_found = 0;$num_jars_insp = 0;$jars_mod = 0;$rxp_log4j = '(?:\\|\/)(log4j-?(?:core-?)?(\d[.\d]+)?(?:-?((?:rc|alpha|beta)-?\d*))?\.jar)';$rgx_log4j = [Regex]::new($rxp_log4j);$rxp_class = '(.*JndiLookup.class)?(.*JMSAppender.class)?(.*JdbcAppender.class)?';$rgx_class = [Regex]::new($rxp_class,[System.Text.RegularExpressions.RegexOptions]::IgnoreCase);foreach($jar in $jars){$num_jars_found++;};-join('num_jars_found:',$num_jars_found);foreach($jar in $jars){$jars_count++;$jars_mod = $jars_count % 100;if($jars_mod -eq 0){-join('# jars processed marker: ',$jars_count, ' of ',$num_jars_found);};$l4jf = $l4jd = $l4je = $jdlc = $jmsa = $jdbc = $null;$inspect = $true;if($rgx_log4j.IsMatch($jar)){$l4jf=$jar};$jar_open_read = [IO.Compression.ZipFile]::OpenRead($jar);$entries = try{$jar_open_read;}catch{$inspect=$false;};if($inspect){foreach($e in $entries.Entries){$fn = $e.Fullname;if($rgx_class.Match($fn).Groups[1].Value){$jdlc = 'Found'};if($rgx_class.Match($fn).Groups[2].Value){$jmsa = 'Found'};if($rgx_class.Match($fn).Groups[3].Value){$jdbc = 'Found'};if($rgx_log4j.IsMatch($fn)){$l4jd = $fn;$l4jd_zip = [IO.Compression.ZipArchive]::new($e.Open());foreach ($l4jdE in $l4jd_zip.Entries){$le = $l4jdE.FullName;if($rgx_class.Match($le).Groups[1].Value){$jdlc = 'Found'};if($rgx_class.Match($le).Groups[2].Value){$jmsa = 'Found'};if($rgx_class.Match($le).Groups[3].Value){$jdbc = 'Found'};};$l4jd_zip.Dispose();$e.Archive.Dispose();[GC]::Collect();};if(!$jdlc){$jdlc = 'Not Found';};if(!$jmsa){$jmsa = 'Not Found';};if(!$jdbc){$jdbc = 'Not Found';};};if(!$jdlc){$jdlc = 'Unknown';};if(!$jmsa){$jmsa = 'Unknown';};if(!$jdbc){$jdbc = 'Unknown';};};if($l4jf){-join('f|',$l4jf,'|',$jdlc,'|',$jmsa,'|',$jdbc,\""`r\"")| Write-Host};if($l4jd){-join('d|',$jar,'|',$l4jd,'|',$jdlc,'|',$jmsa,'|',$jdbc,\""`r\"")| Write-Host};if($l4je){-join($l4je,'|',$jdlc,'|',$jmsa,'|',$jdbc,\""`r\"")| Write-Host};[GC]::Collect();[System.Threading.Thread]::Sleep(250);};-join('# jars processed marker: ',$jars_count, ' of ',$num_jars_found);-join('num_jars_found:',$num_jars_found);};$r = wjb $j -Timeout 2880; rcjb $j;}""</Data><Data Name='TargetUserSid'>NULL SID</Data><Data Name='TargetUserName'>-</Data><Data Name='TargetDomainName'>-</Data><Data Name='TargetLogonId'>0x0</Data><Data Name='ParentProcessName'>C:\Program Files\Tenable\Nessus Agent\nessus-agent-module.exe</Data><Data Name='MandatoryLabel'>Mandatory Label\System Mandatory Level</Data>",4688.0,999474904,,,,,,,,,,,0x8020000000000000,0,,,,0x3e7,,Mandatory Label\System Mandatory Level,,,,,'Microsoft-Windows-Security-Auditing',0x20ac,C:\Windows\System32\cmd.exe,,,,,,0,C:\Program Files\Tenable\Nessus Agent\nessus-agent-module.exe,,,,'4',0x25bc,,"C:\Windows\System32\cmd.exe /c C:\Windows\System32\WindowsPowershell\v1.0\powershell -NoProfile -Command ""&amp; {$j = sajb {$ErrorActionPreference = 'SilentlyContinue';$ErrorActionPreference = 'SilentlyContinue';$jars = $(Get-ChildItem -Path 'C:\*', 'F:\*' -Recurse -Include '*.jar','*.war','*.ear'| Where-Object Attributes -NotLike ""*ReparsePoint*""| Where-Object { -not $_.PSIsContainer }| % {$_.FullName});try{Add-Type -AssemblyName System.IO.Compression.FileSystem;}catch{'no_archive_inspection'};$num_jars_found = 0;$num_jars_insp = 0;$jars_mod = 0;$rxp_log4j = '(?:\\|\/)(log4j-?(?:core-?)?(\d[.\d]+)?(?:-?((?:rc|alpha|beta)-?\d*))?\.jar)';$rgx_log4j = [Regex]::new($rxp_log4j);$rxp_class = '(.*JndiLookup.class)?(.*JMSAppender.class)?(.*JdbcAppender.class)?';$rgx_class = [Regex]::new($rxp_class,[System.Text.RegularExpressions.RegexOptions]::IgnoreCase);foreach($jar in $jars){$num_jars_found++;};-join('num_jars_found:',$num_jars_found);foreach($jar in $jars){$jars_count++;$jars_mod = $jars_count % 100;if($jars_mod -eq 0){-join('# jars processed marker: ',$jars_count, ' of ',$num_jars_found);};$l4jf = $l4jd = $l4je = $jdlc = $jmsa = $jdbc = $null;$inspect = $true;if($rgx_log4j.IsMatch($jar)){$l4jf=$jar};$jar_open_read = [IO.Compression.ZipFile]::OpenRead($jar);$entries = try{$jar_open_read;}catch{$inspect=$false;};if($inspect){foreach($e in $entries.Entries){$fn = $e.Fullname;if($rgx_class.Match($fn).Groups[1].Value){$jdlc = 'Found'};if($rgx_class.Match($fn).Groups[2].Value){$jmsa = 'Found'};if($rgx_class.Match($fn).Groups[3].Value){$jdbc = 'Found'};if($rgx_log4j.IsMatch($fn)){$l4jd = $fn;$l4jd_zip = [IO.Compression.ZipArchive]::new($e.Open());foreach ($l4jdE in $l4jd_zip.Entries){$le = $l4jdE.FullName;if($rgx_class.Match($le).Groups[1].Value){$jdlc = 'Found'};if($rgx_class.Match($le).Groups[2].Value){$jmsa = 'Found'};if($rgx_class.Match($le).Groups[3].Value){$jdbc = 'Found'};};$l4jd_zip.Dispose();$e.Archive.Dispose();[GC]::Collect();};if(!$jdlc){$jdlc = 'Not Found';};if(!$jmsa){$jmsa = 'Not Found';};if(!$jdbc){$jdbc = 'Not Found';};};if(!$jdlc){$jdlc = 'Unknown';};if(!$jmsa){$jmsa = 'Unknown';};if(!$jdbc){$jdbc = 'Unknown';};};if($l4jf){-join('f|',$l4jf,'|',$jdlc,'|',$jmsa,'|',$jdbc,\""`r\"")| Write-Host};if($l4jd){-join('d|',$jar,'|',$l4jd,'|',$jdlc,'|',$jmsa,'|',$jdbc,\""`r\"")| Write-Host};if($l4je){-join($l4je,'|',$jdlc,'|',$jmsa,'|',$jdbc,\""`r\"")| Write-Host};[GC]::Collect();[System.Threading.Thread]::Sleep(250);};-join('# jars processed marker: ',$jars_count, ' of ',$num_jars_found);-join('num_jars_found:',$num_jars_found);};$r = wjb $j -Timeout 2880; rcjb $j;}""",,999474904,,,,,,,MMM,0x3e7,ppppPWBADDC03$,NT AUTHORITY\SYSTEM,,'2026-05-19T08:41:48.5995439Z',<Provider Name='Microsoft-Windows-Security-Auditing' Guid='{54849625-5478-4994-a5ba-3e3b0328c30d}'/><EventID>4688</EventID><Version>2</Version><Level>0</Level><Task>13312</Task><Opcode>0</Opcode><Keywords>0x8020000000000000</Keywords><TimeCreated SystemTime='2026-05-19T08:41:48.5995439Z'/><EventRecordID>999474904</EventRecordID><Correlation/><Execution ProcessID='4' ThreadID='10248'/><Channel>Security</Channel><Computer>ppppPWBADDC03.mmm.hhh.ggg</Computer><Security/>,-,0x0,,,-,NULL SID,,,-,,-,13312,'10248',%%1936,%%1936,1936.0,,,,,2,,,,,2026-05-19T04:41:48.599-0400,allowed,win:unknown,,,,,ppppPWBADDC03.mmm.hhh.ggg,,ppppPWBADDC03.mmm.hhh.ggg,ppppPWBADDC03,999474904,endpoint_services_processes windows_endpoint_processes windows_event_signature windows_process_new wineventlog_security wineventlog_windows winsec,,,ppppPWBADDC03,999474904,occs-sss-windows,1,A new process has been created,C:\Windows\System32\cmd.exe,0x20ac,cmd.exe,,,,,,,C:\Program Files\Tenable\Nessus Agent\nessus-agent-module.exe,0x25bc,nessus-agent-module.exe,C:\Program Files\Tenable\Nessus Agent\nessus-agent-module.exe,"C:\Windows\System32\cmd.exe /c C:\Windows\System32\WindowsPowershell\v1.0\powershell -NoProfile -Command ""&amp; {$j = sajb {$ErrorActionPreference = 'SilentlyContinue';$ErrorActionPreference = 'SilentlyContinue';$jars = $(Get-ChildItem -Path 'C:\*', 'F:\*' -Recurse -Include '*.jar','*.war','*.ear'| Where-Object Attributes -NotLike ""*ReparsePoint*""| Where-Object { -not $_.PSIsContainer }| % {$_.FullName});try{Add-Type -AssemblyName System.IO.Compression.FileSystem;}catch{'no_archive_inspection'};$num_jars_found = 0;$num_jars_insp = 0;$jars_mod = 0;$rxp_log4j = '(?:\\|\/)(log4j-?(?:core-?)?(\d[.\d]+)?(?:-?((?:rc|alpha|beta)-?\d*))?\.jar)';$rgx_log4j = [Regex]::new($rxp_log4j);$rxp_class = '(.*JndiLookup.class)?(.*JMSAppender.class)?(.*JdbcAppender.class)?';$rgx_class = [Regex]::new($rxp_class,[System.Text.RegularExpressions.RegexOptions]::IgnoreCase);foreach($jar in $jars){$num_jars_found++;};-join('num_jars_found:',$num_jars_found);foreach($jar in $jars){$jars_count++;$jars_mod = $jars_count % 100;if($jars_mod -eq 0){-join('# jars processed marker: ',$jars_count, ' of ',$num_jars_found);};$l4jf = $l4jd = $l4je = $jdlc = $jmsa = $jdbc = $null;$inspect = $true;if($rgx_log4j.IsMatch($jar)){$l4jf=$jar};$jar_open_read = [IO.Compression.ZipFile]::OpenRead($jar);$entries = try{$jar_open_read;}catch{$inspect=$false;};if($inspect){foreach($e in $entries.Entries){$fn = $e.Fullname;if($rgx_class.Match($fn).Groups[1].Value){$jdlc = 'Found'};if($rgx_class.Match($fn).Groups[2].Value){$jmsa = 'Found'};if($rgx_class.Match($fn).Groups[3].Value){$jdbc = 'Found'};if($rgx_log4j.IsMatch($fn)){$l4jd = $fn;$l4jd_zip = [IO.Compression.ZipArchive]::new($e.Open());foreach ($l4jdE in $l4jd_zip.Entries){$le = $l4jdE.FullName;if($rgx_class.Match($le).Groups[1].Value){$jdlc = 'Found'};if($rgx_class.Match($le).Groups[2].Value){$jmsa = 'Found'};if($rgx_class.Match($le).Groups[3].Value){$jdbc = 'Found'};};$l4jd_zip.Dispose();$e.Archive.Dispose();[GC]::Collect();};if(!$jdlc){$jdlc = 'Not Found';};if(!$jmsa){$jmsa = 'Not Found';};if(!$jdbc){$jdbc = 'Not Found';};};if(!$jdlc){$jdlc = 'Unknown';};if(!$jmsa){$jmsa = 'Unknown';};if(!$jdbc){$jdbc = 'Unknown';};};if($l4jf){-join('f|',$l4jf,'|',$jdlc,'|',$jmsa,'|',$jdbc,\""`r\"")| Write-Host};if($l4jd){-join('d|',$jar,'|',$l4jd,'|',$jdlc,'|',$jmsa,'|',$jdbc,\""`r\"")| Write-Host};if($l4je){-join($l4je,'|',$jdlc,'|',$jmsa,'|',$jdbc,\""`r\"")| Write-Host};[GC]::Collect();[System.Threading.Thread]::Sleep(250);};-join('# jars processed marker: ',$jars_count, ' of ',$num_jars_found);-join('num_jars_found:',$num_jars_found);};$r = wjb $j -Timeout 2880; rcjb $j;}""","/c C:\Windows\System32\WindowsPowershell\v1.0\powershell -NoProfile -Command ""&amp; {$j = sajb {$ErrorActionPreference = 'SilentlyContinue';$ErrorActionPreference = 'SilentlyContinue';$jars = $(Get-ChildItem -Path 'C:\*', 'F:\*' -Recurse -Include '*.jar','*.war','*.ear'| Where-Object Attributes -NotLike ""*ReparsePoint*""| Where-Object { -not $_.PSIsContainer }| % {$_.FullName});try{Add-Type -AssemblyName System.IO.Compression.FileSystem;}catch{'no_archive_inspection'};$num_jars_found = 0;$num_jars_insp = 0;$jars_mod = 0;$rxp_log4j = '(?:\\|\/)(log4j-?(?:core-?)?(\d[.\d]+)?(?:-?((?:rc|alpha|beta)-?\d*))?\.jar)';$rgx_log4j = [Regex]::new($rxp_log4j);$rxp_class = '(.*JndiLookup.class)?(.*JMSAppender.class)?(.*JdbcAppender.class)?';$rgx_class = [Regex]::new($rxp_class,[System.Text.RegularExpressions.RegexOptions]::IgnoreCase);foreach($jar in $jars){$num_jars_found++;};-join('num_jars_found:',$num_jars_found);foreach($jar in $jars){$jars_count++;$jars_mod = $jars_count % 100;if($jars_mod -eq 0){-join('# jars processed marker: ',$jars_count, ' of ',$num_jars_found);};$l4jf = $l4jd = $l4je = $jdlc = $jmsa = $jdbc = $null;$inspect = $true;if($rgx_log4j.IsMatch($jar)){$l4jf=$jar};$jar_open_read = [IO.Compression.ZipFile]::OpenRead($jar);$entries = try{$jar_open_read;}catch{$inspect=$false;};if($inspect){foreach($e in $entries.Entries){$fn = $e.Fullname;if($rgx_class.Match($fn).Groups[1].Value){$jdlc = 'Found'};if($rgx_class.Match($fn).Groups[2].Value){$jmsa = 'Found'};if($rgx_class.Match($fn).Groups[3].Value){$jdbc = 'Found'};if($rgx_log4j.IsMatch($fn)){$l4jd = $fn;$l4jd_zip = [IO.Compression.ZipArchive]::new($e.Open());foreach ($l4jdE in $l4jd_zip.Entries){$le = $l4jdE.FullName;if($rgx_class.Match($le).Groups[1].Value){$jdlc = 'Found'};if($rgx_class.Match($le).Groups[2].Value){$jmsa = 'Found'};if($rgx_class.Match($le).Groups[3].Value){$jdbc = 'Found'};};$l4jd_zip.Dispose();$e.Archive.Dispose();[GC]::Collect();};if(!$jdlc){$jdlc = 'Not Found';};if(!$jmsa){$jmsa = 'Not Found';};if(!$jdbc){$jdbc = 'Not Found';};};if(!$jdlc){$jdlc = 'Unknown';};if(!$jmsa){$jmsa = 'Unknown';};if(!$jdbc){$jdbc = 'Unknown';};};if($l4jf){-join('f|',$l4jf,'|',$jdlc,'|',$jmsa,'|',$jdbc,\""`r\"")| Write-Host};if($l4jd){-join('d|',$jar,'|',$l4jd,'|',$jdlc,'|',$jmsa,'|',$jdbc,\""`r\"")| Write-Host};if($l4je){-join($l4je,'|',$jdlc,'|',$jmsa,'|',$jdbc,\""`r\"")| Write-Host};[GC]::Collect();[System.Threading.Thread]::Sleep(250);};-join('# jars processed marker: ',$jars_count, ' of ',$num_jars_found);-join('num_jars_found:',$num_jars_found);};$r = wjb $j -Timeout 2880; rcjb $j;}""",C:\Windows\System32\cmd.exe,cmd.exe,0x20ac,cmd.exe,C:\Windows\System32\cmd.exe,Windows,<_='://../////'><><_='---'_='{----}'/><></><></><>,,,,,,,,0x3e7,,,A new process has been created,4688,XmlWinEventLog:Security,XmlWinEventLog,bbbbbsplunkes02,,,MMM,,ppppPWBADDC03$,,success,A new process has been created,failure,,,"execute
os
process
report
security
start
track_event_signatures
windows",,,,"execute
os
process
report
security
start
track_event_signatures
windows",,,ppppPWBADDC03$,-,,,,,Microsoft,,Microsoft Windows
,,,,,MMM,,,ppppPWBADDC03$,,,Security,,,,,,where  /Q repadmin,ppppPWBADDC03.mmm.hhh.ggg,,,,-,4688,<Data Name='SubjectUserSid'>NT AUTHORITY\SYSTEM</Data><Data Name='SubjectUserName'>ppppPWBADDC03$</Data><Data Name='SubjectDomainName'>MMM</Data><Data Name='SubjectLogonId'>0x3e7</Data><Data Name='NewProcessId'>0x1300</Data><Data Name='NewProcessName'>C:\Windows\System32\where.exe</Data><Data Name='TokenElevationType'>%%1936</Data><Data Name='ProcessId'>0x30cc</Data><Data Name='CommandLine'>where  /Q repadmin </Data><Data Name='TargetUserSid'>NULL SID</Data><Data Name='TargetUserName'>-</Data><Data Name='TargetDomainName'>-</Data><Data Name='TargetLogonId'>0x0</Data><Data Name='ParentProcessName'>C:\Windows\System32\cmd.exe</Data><Data Name='MandatoryLabel'>Mandatory Label\System Mandatory Level</Data>,4688.0,999474745,,,,,,,,,,,0x8020000000000000,0,,,,0x3e7,,Mandatory Label\System Mandatory Level,,,,,'Microsoft-Windows-Security-Auditing',0x1300,C:\Windows\System32\where.exe,,,,,,0,C:\Windows\System32\cmd.exe,,,,'4',0x30cc,,where  /Q repadmin,,999474745,,,,,,,MMM,0x3e7,ppppPWBADDC03$,NT AUTHORITY\SYSTEM,,'2026-05-19T08:41:29.9873411Z',<Provider Name='Microsoft-Windows-Security-Auditing' Guid='{54849625-5478-4994-a5ba-3e3b0328c30d}'/><EventID>4688</EventID><Version>2</Version><Level>0</Level><Task>13312</Task><Opcode>0</Opcode><Keywords>0x8020000000000000</Keywords><TimeCreated SystemTime='2026-05-19T08:41:29.9873411Z'/><EventRecordID>999474745</EventRecordID><Correlation/><Execution ProcessID='4' ThreadID='14804'/><Channel>Security</Channel><Computer>ppppPWBADDC03.mmm.hhh.ggg</Computer><Security/>,-,0x0,,,-,NULL SID,,,-,,-,13312,'14804',%%1936,%%1936,1936.0,,,,,2,,,,,2026-05-19T04:41:29.987-0400,allowed,win:unknown,,,,,ppppPWBADDC03.mmm.hhh.ggg,,ppppPWBADDC03.mmm.hhh.ggg,ppppPWBADDC03,999474745,endpoint_services_processes windows_endpoint_processes windows_event_signature windows_process_new wineventlog_security wineventlog_windows winsec,,,ppppPWBADDC03,999474745,occs-sss-windows,1,A new process has been created,C:\Windows\System32\where.exe,0x1300,where.exe,,,,,,,C:\Windows\System32\cmd.exe,0x30cc,cmd.exe,C:\Windows\System32\cmd.exe,C:\Windows\System32\where.exe /Q repadmin,/Q repadmin,where,where.exe,0x1300,where.exe,C:\Windows\System32\where.exe,Windows,<_='://../////'><><_='---'_='{----}'/><></><></><>,,,,,,,,0x3e7,,,A new process has been created,4688,XmlWinEventLog:Security,XmlWinEventLog,bbbbbsplunkes02,,,MMM,,ppppPWBADDC03$,,success,A new process has been created,failure,,,"execute
os
process
report
security
start
track_event_signatures
windows",,,,"execute
os
process
report
security
start
track_event_signatures
windows",,,ppppPWBADDC03$,-,,,,,Microsoft,,Microsoft Windows
,,,,,MMM,,,ppppPWBADDC03$,,,Security,,,,,,where  /Q repadmin,ppppPWBADDC03.mmm.hhh.ggg,,,,-,4688,<Data Name='SubjectUserSid'>NT AUTHORITY\SYSTEM</Data><Data Name='SubjectUserName'>ppppPWBADDC03$</Data><Data Name='SubjectDomainName'>MMM</Data><Data Name='SubjectLogonId'>0x3e7</Data><Data Name='NewProcessId'>0x718</Data><Data Name='NewProcessName'>C:\Windows\System32\where.exe</Data><Data Name='TokenElevationType'>%%1936</Data><Data Name='ProcessId'>0xf90</Data><Data Name='CommandLine'>where  /Q repadmin </Data><Data Name='TargetUserSid'>NULL SID</Data><Data Name='TargetUserName'>-</Data><Data Name='TargetDomainName'>-</Data><Data Name='TargetLogonId'>0x0</Data><Data Name='ParentProcessName'>C:\Windows\System32\cmd.exe</Data><Data Name='MandatoryLabel'>Mandatory Label\System Mandatory Level</Data>,4688.0,999471487,,,,,,,,,,,0x8020000000000000,0,,,,0x3e7,,Mandatory Label\System Mandatory Level,,,,,'Microsoft-Windows-Security-Auditing',0x718,C:\Windows\System32\where.exe,,,,,,0,C:\Windows\System32\cmd.exe,,,,'4',0xf90,,where  /Q repadmin,,999471487,,,,,,,MMM,0x3e7,ppppPWBADDC03$,NT AUTHORITY\SYSTEM,,'2026-05-19T08:36:27.6658299Z',<Provider Name='Microsoft-Windows-Security-Auditing' Guid='{54849625-5478-4994-a5ba-3e3b0328c30d}'/><EventID>4688</EventID><Version>2</Version><Level>0</Level><Task>13312</Task><Opcode>0</Opcode><Keywords>0x8020000000000000</Keywords><TimeCreated SystemTime='2026-05-19T08:36:27.6658299Z'/><EventRecordID>999471487</EventRecordID><Correlation/><Execution ProcessID='4' ThreadID='17340'/><Channel>Security</Channel><Computer>ppppPWBADDC03.mmm.hhh.ggg</Computer><Security/>,-,0x0,,,-,NULL SID,,,-,,-,13312,'17340',%%1936,%%1936,1936.0,,,,,2,,,,,2026-05-19T04:36:27.665-0400,allowed,win:unknown,,,,,ppppPWBADDC03.mmm.hhh.ggg,,ppppPWBADDC03.mmm.hhh.ggg,ppppPWBADDC03,999471487,endpoint_services_processes windows_endpoint_processes windows_event_signature windows_process_new wineventlog_security wineventlog_windows winsec,,,ppppPWBADDC03,999471487,occs-sss-windows,1,A new process has been created,C:\Windows\System32\where.exe,0x718,where.exe,,,,,,,C:\Windows\System32\cmd.exe,0xf90,cmd.exe,C:\Windows\System32\cmd.exe,C:\Windows\System32\where.exe /Q repadmin,/Q repadmin,where,where.exe,0x718,where.exe,C:\Windows\System32\where.exe,Windows,<_='://../////'><><_='---'_='{----}'/><></><></><>,,,,,,,,0x3e7,,,A new process has been created,4688,XmlWinEventLog:Security,XmlWinEventLog,bbbbbsplunkes02,,,MMM,,ppppPWBADDC03$,,success,A new process has been created,failure,,,"execute
os
process
report
security
start
track_event_signatures
windows",,,,"execute
os
process
report
security
start
track_event_signatures
windows",,,ppppPWBADDC03$,-,,,,,Microsoft,,Microsoft Windows
,,,,,MMM,,,ppppPWBADDC03$,,,Security,,,,,,where  /Q repadmin,ppppPWBADDC03.mmm.hhh.ggg,,,,-,4688,<Data Name='SubjectUserSid'>NT AUTHORITY\SYSTEM</Data><Data Name='SubjectUserName'>ppppPWBADDC03$</Data><Data Name='SubjectDomainName'>MMM</Data><Data Name='SubjectLogonId'>0x3e7</Data><Data Name='NewProcessId'>0x3c18</Data><Data Name='NewProcessName'>C:\Windows\System32\where.exe</Data><Data Name='TokenElevationType'>%%1936</Data><Data Name='ProcessId'>0x1600</Data><Data Name='CommandLine'>where  /Q repadmin </Data><Data Name='TargetUserSid'>NULL SID</Data><Data Name='TargetUserName'>-</Data><Data Name='TargetDomainName'>-</Data><Data Name='TargetLogonId'>0x0</Data><Data Name='ParentProcessName'>C:\Windows\System32\cmd.exe</Data><Data Name='MandatoryLabel'>Mandatory Label\System Mandatory Level</Data>,4688.0,999468826,,,,,,,,,,,0x8020000000000000,0,,,,0x3e7,,Mandatory Label\System Mandatory Level,,,,,'Microsoft-Windows-Security-Auditing',0x3c18,C:\Windows\System32\where.exe,,,,,,0,C:\Windows\System32\cmd.exe,,,,'4',0x1600,,where  /Q repadmin,,999468826,,,,,,,MMM,0x3e7,ppppPWBADDC03$,NT AUTHORITY\SYSTEM,,'2026-05-19T08:31:25.3350971Z',<Provider Name='Microsoft-Windows-Security-Auditing' Guid='{54849625-5478-4994-a5ba-3e3b0328c30d}'/><EventID>4688</EventID><Version>2</Version><Level>0</Level><Task>13312</Task><Opcode>0</Opcode><Keywords>0x8020000000000000</Keywords><TimeCreated SystemTime='2026-05-19T08:31:25.3350971Z'/><EventRecordID>999468826</EventRecordID><Correlation/><Execution ProcessID='4' ThreadID='14908'/><Channel>Security</Channel><Computer>ppppPWBADDC03.mmm.hhh.ggg</Computer><Security/>,-,0x0,,,-,NULL SID,,,-,,-,13312,'14908',%%1936,%%1936,1936.0,,,,,2,,,,,2026-05-19T04:31:25.335-0400,allowed,win:unknown,,,,,ppppPWBADDC03.mmm.hhh.ggg,,ppppPWBADDC03.mmm.hhh.ggg,ppppPWBADDC03,999468826,endpoint_services_processes windows_endpoint_processes windows_event_signature windows_process_new wineventlog_security wineventlog_windows winsec,,,ppppPWBADDC03,999468826,occs-sss-windows,1,A new process has been created,C:\Windows\System32\where.exe,0x3c18,where.exe,,,,,,,C:\Windows\System32\cmd.exe,0x1600,cmd.exe,C:\Windows\System32\cmd.exe,C:\Windows\System32\where.exe /Q repadmin,/Q repadmin,where,where.exe,0x3c18,where.exe,C:\Windows\System32\where.exe,Windows,<_='://../////'><><_='---'_='{----}'/><></><></><>,,,,,,,,0x3e7,,,A new process has been created,4688,XmlWinEventLog:Security,XmlWinEventLog,bbbbbsplunkes01,,,MMM,,ppppPWBADDC03$,,success,A new process has been created,failure,,,"execute
os
process
report
security
start
track_event_signatures
windows",,,,"execute
os
process
report
security
start
track_event_signatures
windows",,,ppppPWBADDC03$,-,,,,,Microsoft,,Microsoft Windows
,,,,,MMM,,,ppppPWBADDC03$,,,Security,,,,,,where  /Q repadmin,ppppPWBADDC03.mmm.hhh.ggg,,,,-,4688,<Data Name='SubjectUserSid'>NT AUTHORITY\SYSTEM</Data><Data Name='SubjectUserName'>ppppPWBADDC03$</Data><Data Name='SubjectDomainName'>MMM</Data><Data Name='SubjectLogonId'>0x3e7</Data><Data Name='NewProcessId'>0x425c</Data><Data Name='NewProcessName'>C:\Windows\System32\where.exe</Data><Data Name='TokenElevationType'>%%1936</Data><Data Name='ProcessId'>0x40e4</Data><Data Name='CommandLine'>where  /Q repadmin </Data><Data Name='TargetUserSid'>NULL SID</Data><Data Name='TargetUserName'>-</Data><Data Name='TargetDomainName'>-</Data><Data Name='TargetLogonId'>0x0</Data><Data Name='ParentProcessName'>C:\Windows\System32\cmd.exe</Data><Data Name='MandatoryLabel'>Mandatory Label\System Mandatory Level</Data>,4688.0,999465498,,,,,,,,,,,0x8020000000000000,0,,,,0x3e7,,Mandatory Label\System Mandatory Level,,,,,'Microsoft-Windows-Security-Auditing',0x425c,C:\Windows\System32\where.exe,,,,,,0,C:\Windows\System32\cmd.exe,,,,'4',0x40e4,,where  /Q repadmin,,999465498,,,,,,,MMM,0x3e7,ppppPWBADDC03$,NT AUTHORITY\SYSTEM,,'2026-05-19T08:26:22.1223083Z',<Provider Name='Microsoft-Windows-Security-Auditing' Guid='{54849625-5478-4994-a5ba-3e3b0328c30d}'/><EventID>4688</EventID><Version>2</Version><Level>0</Level><Task>13312</Task><Opcode>0</Opcode><Keywords>0x8020000000000000</Keywords><TimeCreated SystemTime='2026-05-19T08:26:22.1223083Z'/><EventRecordID>999465498</EventRecordID><Correlation/><Execution ProcessID='4' ThreadID='5720'/><Channel>Security</Channel><Computer>ppppPWBADDC03.mmm.hhh.ggg</Computer><Security/>,-,0x0,,,-,NULL SID,,,-,,-,13312,'5720',%%1936,%%1936,1936.0,,,,,2,,,,,2026-05-19T04:26:22.122-0400,allowed,win:unknown,,,,,ppppPWBADDC03.mmm.hhh.ggg,,ppppPWBADDC03.mmm.hhh.ggg,ppppPWBADDC03,999465498,endpoint_services_processes windows_endpoint_processes windows_event_signature windows_process_new wineventlog_security wineventlog_windows winsec,,,ppppPWBADDC03,999465498,occs-sss-windows,1,A new process has been created,C:\Windows\System32\where.exe,0x425c,where.exe,,,,,,,C:\Windows\System32\cmd.exe,0x40e4,cmd.exe,C:\Windows\System32\cmd.exe,C:\Windows\System32\where.exe /Q repadmin,/Q repadmin,where,where.exe,0x425c,where.exe,C:\Windows\System32\where.exe,Windows,<_='://../////'><><_='---'_='{----}'/><></><></><>,,,,,,,,0x3e7,,,A new process has been created,4688,XmlWinEventLog:Security,XmlWinEventLog,bbbbbsplunkes01,,,MMM,,ppppPWBADDC03$,,success,A new process has been created,failure,,,"execute
os
process
report
security
start
track_event_signatures
windows",,,,"execute
os
process
report
security
start
track_event_signatures
windows",,,ppppPWBADDC03$,-,,,,,Microsoft,,Microsoft Windows
,,,,,MMM,,,ppppPWBADDC03$,,,Security,,,,,,where  /Q repadmin,ppppPWBADDC03.mmm.hhh.ggg,,,,-,4688,<Data Name='SubjectUserSid'>NT AUTHORITY\SYSTEM</Data><Data Name='SubjectUserName'>ppppPWBADDC03$</Data><Data Name='SubjectDomainName'>MMM</Data><Data Name='SubjectLogonId'>0x3e7</Data><Data Name='NewProcessId'>0x3954</Data><Data Name='NewProcessName'>C:\Windows\System32\where.exe</Data><Data Name='TokenElevationType'>%%1936</Data><Data Name='ProcessId'>0x3b90</Data><Data Name='CommandLine'>where  /Q repadmin </Data><Data Name='TargetUserSid'>NULL SID</Data><Data Name='TargetUserName'>-</Data><Data Name='TargetDomainName'>-</Data><Data Name='TargetLogonId'>0x0</Data><Data Name='ParentProcessName'>C:\Windows\System32\cmd.exe</Data><Data Name='MandatoryLabel'>Mandatory Label\System Mandatory Level</Data>,4688.0,999461770,,,,,,,,,,,0x8020000000000000,0,,,,0x3e7,,Mandatory Label\System Mandatory Level,,,,,'Microsoft-Windows-Security-Auditing',0x3954,C:\Windows\System32\where.exe,,,,,,0,C:\Windows\System32\cmd.exe,,,,'4',0x3b90,,where  /Q repadmin,,999461770,,,,,,,MMM,0x3e7,ppppPWBADDC03$,NT AUTHORITY\SYSTEM,,'2026-05-19T08:21:19.7938025Z',<Provider Name='Microsoft-Windows-Security-Auditing' Guid='{54849625-5478-4994-a5ba-3e3b0328c30d}'/><EventID>4688</EventID><Version>2</Version><Level>0</Level><Task>13312</Task><Opcode>0</Opcode><Keywords>0x8020000000000000</Keywords><TimeCreated SystemTime='2026-05-19T08:21:19.7938025Z'/><EventRecordID>999461770</EventRecordID><Correlation/><Execution ProcessID='4' ThreadID='12700'/><Channel>Security</Channel><Computer>ppppPWBADDC03.mmm.hhh.ggg</Computer><Security/>,-,0x0,,,-,NULL SID,,,-,,-,13312,'12700',%%1936,%%1936,1936.0,,,,,2,,,,,2026-05-19T04:21:19.793-0400,allowed,win:unknown,,,,,ppppPWBADDC03.mmm.hhh.ggg,,ppppPWBADDC03.mmm.hhh.ggg,ppppPWBADDC03,999461770,endpoint_services_processes windows_endpoint_processes windows_event_signature windows_process_new wineventlog_security wineventlog_windows winsec,,,ppppPWBADDC03,999461770,occs-sss-windows,1,A new process has been created,C:\Windows\System32\where.exe,0x3954,where.exe,,,,,,,C:\Windows\System32\cmd.exe,0x3b90,cmd.exe,C:\Windows\System32\cmd.exe,C:\Windows\System32\where.exe /Q repadmin,/Q repadmin,where,where.exe,0x3954,where.exe,C:\Windows\System32\where.exe,Windows,<_='://../////'><><_='---'_='{----}'/><></><></><>,,,,,,,,0x3e7,,,A new process has been created,4688,XmlWinEventLog:Security,XmlWinEventLog,bbbbbsplunkes01,,,MMM,,ppppPWBADDC03$,,success,A new process has been created,failure,,,"execute
os
process
report
security
start
track_event_signatures
windows",,,,"execute
os
process
report
security
start
track_event_signatures
windows",,,ppppPWBADDC03$,-,,,,,Microsoft,,Microsoft Windows
,,,,,MMM,,,ppppPWBADDC03$,,,Security,,,,,,where  /Q repadmin,ppppPWBADDC03.mmm.hhh.ggg,,,,-,4688,<Data Name='SubjectUserSid'>NT AUTHORITY\SYSTEM</Data><Data Name='SubjectUserName'>ppppPWBADDC03$</Data><Data Name='SubjectDomainName'>MMM</Data><Data Name='SubjectLogonId'>0x3e7</Data><Data Name='NewProcessId'>0x419c</Data><Data Name='NewProcessName'>C:\Windows\System32\where.exe</Data><Data Name='TokenElevationType'>%%1936</Data><Data Name='ProcessId'>0x2420</Data><Data Name='CommandLine'>where  /Q repadmin </Data><Data Name='TargetUserSid'>NULL SID</Data><Data Name='TargetUserName'>-</Data><Data Name='TargetDomainName'>-</Data><Data Name='TargetLogonId'>0x0</Data><Data Name='ParentProcessName'>C:\Windows\System32\cmd.exe</Data><Data Name='MandatoryLabel'>Mandatory Label\System Mandatory Level</Data>,4688.0,999458994,,,,,,,,,,,0x8020000000000000,0,,,,0x3e7,,Mandatory Label\System Mandatory Level,,,,,'Microsoft-Windows-Security-Auditing',0x419c,C:\Windows\System32\where.exe,,,,,,0,C:\Windows\System32\cmd.exe,,,,'4',0x2420,,where  /Q repadmin,,999458994,,,,,,,MMM,0x3e7,ppppPWBADDC03$,NT AUTHORITY\SYSTEM,,'2026-05-19T08:16:17.4173961Z',<Provider Name='Microsoft-Windows-Security-Auditing' Guid='{54849625-5478-4994-a5ba-3e3b0328c30d}'/><EventID>4688</EventID><Version>2</Version><Level>0</Level><Task>13312</Task><Opcode>0</Opcode><Keywords>0x8020000000000000</Keywords><TimeCreated SystemTime='2026-05-19T08:16:17.4173961Z'/><EventRecordID>999458994</EventRecordID><Correlation/><Execution ProcessID='4' ThreadID='16780'/><Channel>Security</Channel><Computer>ppppPWBADDC03.mmm.hhh.ggg</Computer><Security/>,-,0x0,,,-,NULL SID,,,-,,-,13312,'16780',%%1936,%%1936,1936.0,,,,,2,,,,,2026-05-19T04:16:17.417-0400,allowed,win:unknown,,,,,ppppPWBADDC03.mmm.hhh.ggg,,ppppPWBADDC03.mmm.hhh.ggg,ppppPWBADDC03,999458994,endpoint_services_processes windows_endpoint_processes windows_event_signature windows_process_new wineventlog_security wineventlog_windows winsec,,,ppppPWBADDC03,999458994,occs-sss-windows,1,A new process has been created,C:\Windows\System32\where.exe,0x419c,where.exe,,,,,,,C:\Windows\System32\cmd.exe,0x2420,cmd.exe,C:\Windows\System32\cmd.exe,C:\Windows\System32\where.exe /Q repadmin,/Q repadmin,where,where.exe,0x419c,where.exe,C:\Windows\System32\where.exe,Windows,<_='://../////'><><_='---'_='{----}'/><></><></><>,,,,,,,,0x3e7,,,A new process has been created,4688,XmlWinEventLog:Security,XmlWinEventLog,bbbbbsplunkes02,,,MMM,,ppppPWBADDC03$,,success,A new process has been created,failure,,,"execute
os
process
report
security
start
track_event_signatures
windows",,,,"execute
os
process
report
security
start
track_event_signatures
windows",,,ppppPWBADDC03$,-,,,,,Microsoft,,Microsoft Windows
