,,,,,MMM,,,ppppPWBADDC03$,,,Security,,,,,,where  /Q repadmin,ppppPWBADDC03.mmm.hhh.ggg,,,,-,4688,<Data Name='SubjectUserSid'>NT AUTHORITY\SYSTEM</Data><Data Name='SubjectUserName'>ppppPWBADDC03$</Data><Data Name='SubjectDomainName'>MMM</Data><Data Name='SubjectLogonId'>0x3e7</Data><Data Name='NewProcessId'>0x4220</Data><Data Name='NewProcessName'>C:\Windows\System32\where.exe</Data><Data Name='TokenElevationType'>%%1936</Data><Data Name='ProcessId'>0x4070</Data><Data Name='CommandLine'>where  /Q repadmin </Data><Data Name='TargetUserSid'>NULL SID</Data><Data Name='TargetUserName'>-</Data><Data Name='TargetDomainName'>-</Data><Data Name='TargetLogonId'>0x0</Data><Data Name='ParentProcessName'>C:\Windows\System32\cmd.exe</Data><Data Name='MandatoryLabel'>Mandatory Label\System Mandatory Level</Data>,4688.0,999451763,,,,,,,,,,,0x8020000000000000,0,,,,0x3e7,,Mandatory Label\System Mandatory Level,,,,,'Microsoft-Windows-Security-Auditing',0x4220,C:\Windows\System32\where.exe,,,,,,0,C:\Windows\System32\cmd.exe,,,,'4',0x4070,,where  /Q repadmin,,999451763,,,,,,,MMM,0x3e7,ppppPWBADDC03$,NT AUTHORITY\SYSTEM,,'2026-05-19T08:06:11.9180726Z',<Provider Name='Microsoft-Windows-Security-Auditing' Guid='{54849625-5478-4994-a5ba-3e3b0328c30d}'/><EventID>4688</EventID><Version>2</Version><Level>0</Level><Task>13312</Task><Opcode>0</Opcode><Keywords>0x8020000000000000</Keywords><TimeCreated SystemTime='2026-05-19T08:06:11.9180726Z'/><EventRecordID>999451763</EventRecordID><Correlation/><Execution ProcessID='4' ThreadID='11688'/><Channel>Security</Channel><Computer>ppppPWBADDC03.mmm.hhh.ggg</Computer><Security/>,-,0x0,,,-,NULL SID,,,-,,-,13312,'11688',%%1936,%%1936,1936.0,,,,,2,,,,,2026-05-19T04:06:11.918-0400,allowed,win:unknown,,,,,ppppPWBADDC03.mmm.hhh.ggg,,ppppPWBADDC03.mmm.hhh.ggg,ppppPWBADDC03,999451763,endpoint_services_processes windows_endpoint_processes windows_event_signature windows_process_new wineventlog_security wineventlog_windows winsec,,,ppppPWBADDC03,999451763,occs-sss-windows,1,A new process has been created,C:\Windows\System32\where.exe,0x4220,where.exe,,,,,,,C:\Windows\System32\cmd.exe,0x4070,cmd.exe,C:\Windows\System32\cmd.exe,C:\Windows\System32\where.exe /Q repadmin,/Q repadmin,where,where.exe,0x4220,where.exe,C:\Windows\System32\where.exe,Windows,<_='://../////'><><_='---'_='{----}'/><></><></><>,,,,,,,,0x3e7,,,A new process has been created,4688,XmlWinEventLog:Security,XmlWinEventLog,bbbbbsplunkes03,,,MMM,,ppppPWBADDC03$,,success,A new process has been created,failure,,,"execute
os
process
report
security
start
track_event_signatures
windows",,,,"execute
os
process
report
security
start
track_event_signatures
windows",,,ppppPWBADDC03$,-,,,,,Microsoft,,Microsoft Windows
,,,,,MMM,,,ppppPWBADDC03$,,,Security,,,,,,where  /Q repadmin,ppppPWBADDC03.mmm.hhh.ggg,,,,-,4688,<Data Name='SubjectUserSid'>NT AUTHORITY\SYSTEM</Data><Data Name='SubjectUserName'>ppppPWBADDC03$</Data><Data Name='SubjectDomainName'>MMM</Data><Data Name='SubjectLogonId'>0x3e7</Data><Data Name='NewProcessId'>0x4114</Data><Data Name='NewProcessName'>C:\Windows\System32\where.exe</Data><Data Name='TokenElevationType'>%%1936</Data><Data Name='ProcessId'>0x426c</Data><Data Name='CommandLine'>where  /Q repadmin </Data><Data Name='TargetUserSid'>NULL SID</Data><Data Name='TargetUserName'>-</Data><Data Name='TargetDomainName'>-</Data><Data Name='TargetLogonId'>0x0</Data><Data Name='ParentProcessName'>C:\Windows\System32\cmd.exe</Data><Data Name='MandatoryLabel'>Mandatory Label\System Mandatory Level</Data>,4688.0,999448408,,,,,,,,,,,0x8020000000000000,0,,,,0x3e7,,Mandatory Label\System Mandatory Level,,,,,'Microsoft-Windows-Security-Auditing',0x4114,C:\Windows\System32\where.exe,,,,,,0,C:\Windows\System32\cmd.exe,,,,'4',0x426c,,where  /Q repadmin,,999448408,,,,,,,MMM,0x3e7,ppppPWBADDC03$,NT AUTHORITY\SYSTEM,,'2026-05-19T08:01:09.5684358Z',<Provider Name='Microsoft-Windows-Security-Auditing' Guid='{54849625-5478-4994-a5ba-3e3b0328c30d}'/><EventID>4688</EventID><Version>2</Version><Level>0</Level><Task>13312</Task><Opcode>0</Opcode><Keywords>0x8020000000000000</Keywords><TimeCreated SystemTime='2026-05-19T08:01:09.5684358Z'/><EventRecordID>999448408</EventRecordID><Correlation/><Execution ProcessID='4' ThreadID='16732'/><Channel>Security</Channel><Computer>ppppPWBADDC03.mmm.hhh.ggg</Computer><Security/>,-,0x0,,,-,NULL SID,,,-,,-,13312,'16732',%%1936,%%1936,1936.0,,,,,2,,,,,2026-05-19T04:01:09.568-0400,allowed,win:unknown,,,,,ppppPWBADDC03.mmm.hhh.ggg,,ppppPWBADDC03.mmm.hhh.ggg,ppppPWBADDC03,999448408,endpoint_services_processes windows_endpoint_processes windows_event_signature windows_process_new wineventlog_security wineventlog_windows winsec,,,ppppPWBADDC03,999448408,occs-sss-windows,1,A new process has been created,C:\Windows\System32\where.exe,0x4114,where.exe,,,,,,,C:\Windows\System32\cmd.exe,0x426c,cmd.exe,C:\Windows\System32\cmd.exe,C:\Windows\System32\where.exe /Q repadmin,/Q repadmin,where,where.exe,0x4114,where.exe,C:\Windows\System32\where.exe,Windows,<_='://../////'><><_='---'_='{----}'/><></><></><>,,,,,,,,0x3e7,,,A new process has been created,4688,XmlWinEventLog:Security,XmlWinEventLog,bbbbbsplunkes03,,,MMM,,ppppPWBADDC03$,,success,A new process has been created,failure,,,"execute
os
process
report
security
start
track_event_signatures
windows",,,,"execute
os
process
report
security
start
track_event_signatures
windows",,,ppppPWBADDC03$,-,,,,,Microsoft,,Microsoft Windows
,,,,,MMM,,,ppppPWBADDC03$,,,Security,,,,,,where  /Q repadmin,ppppPWBADDC03.mmm.hhh.ggg,,,,-,4688,<Data Name='SubjectUserSid'>NT AUTHORITY\SYSTEM</Data><Data Name='SubjectUserName'>ppppPWBADDC03$</Data><Data Name='SubjectDomainName'>MMM</Data><Data Name='SubjectLogonId'>0x3e7</Data><Data Name='NewProcessId'>0x42c8</Data><Data Name='NewProcessName'>C:\Windows\System32\where.exe</Data><Data Name='TokenElevationType'>%%1936</Data><Data Name='ProcessId'>0x24c8</Data><Data Name='CommandLine'>where  /Q repadmin </Data><Data Name='TargetUserSid'>NULL SID</Data><Data Name='TargetUserName'>-</Data><Data Name='TargetDomainName'>-</Data><Data Name='TargetLogonId'>0x0</Data><Data Name='ParentProcessName'>C:\Windows\System32\cmd.exe</Data><Data Name='MandatoryLabel'>Mandatory Label\System Mandatory Level</Data>,4688.0,999445412,,,,,,,,,,,0x8020000000000000,0,,,,0x3e7,,Mandatory Label\System Mandatory Level,,,,,'Microsoft-Windows-Security-Auditing',0x42c8,C:\Windows\System32\where.exe,,,,,,0,C:\Windows\System32\cmd.exe,,,,'4',0x24c8,,where  /Q repadmin,,999445412,,,,,,,MMM,0x3e7,ppppPWBADDC03$,NT AUTHORITY\SYSTEM,,'2026-05-19T07:56:07.2051830Z',<Provider Name='Microsoft-Windows-Security-Auditing' Guid='{54849625-5478-4994-a5ba-3e3b0328c30d}'/><EventID>4688</EventID><Version>2</Version><Level>0</Level><Task>13312</Task><Opcode>0</Opcode><Keywords>0x8020000000000000</Keywords><TimeCreated SystemTime='2026-05-19T07:56:07.2051830Z'/><EventRecordID>999445412</EventRecordID><Correlation/><Execution ProcessID='4' ThreadID='11688'/><Channel>Security</Channel><Computer>ppppPWBADDC03.mmm.hhh.ggg</Computer><Security/>,-,0x0,,,-,NULL SID,,,-,,-,13312,'11688',%%1936,%%1936,1936.0,,,,,2,,,,,2026-05-19T03:56:07.205-0400,allowed,win:unknown,,,,,ppppPWBADDC03.mmm.hhh.ggg,,ppppPWBADDC03.mmm.hhh.ggg,ppppPWBADDC03,999445412,endpoint_services_processes windows_endpoint_processes windows_event_signature windows_process_new wineventlog_security wineventlog_windows winsec,,,ppppPWBADDC03,999445412,occs-sss-windows,1,A new process has been created,C:\Windows\System32\where.exe,0x42c8,where.exe,,,,,,,C:\Windows\System32\cmd.exe,0x24c8,cmd.exe,C:\Windows\System32\cmd.exe,C:\Windows\System32\where.exe /Q repadmin,/Q repadmin,where,where.exe,0x42c8,where.exe,C:\Windows\System32\where.exe,Windows,<_='://../////'><><_='---'_='{----}'/><></><></><>,,,,,,,,0x3e7,,,A new process has been created,4688,XmlWinEventLog:Security,XmlWinEventLog,bbbbbsplunkes02,,,MMM,,ppppPWBADDC03$,,success,A new process has been created,failure,,,"execute
os
process
report
security
start
track_event_signatures
windows",,,,"execute
os
process
report
security
start
track_event_signatures
windows",,,ppppPWBADDC03$,-,,,,,Microsoft,,Microsoft Windows
,,,,,MMM,,,ppppPWBADDC03$,,,Security,,,,,,where  /Q repadmin,ppppPWBADDC03.mmm.hhh.ggg,,,,-,4688,<Data Name='SubjectUserSid'>NT AUTHORITY\SYSTEM</Data><Data Name='SubjectUserName'>ppppPWBADDC03$</Data><Data Name='SubjectDomainName'>MMM</Data><Data Name='SubjectLogonId'>0x3e7</Data><Data Name='NewProcessId'>0x3590</Data><Data Name='NewProcessName'>C:\Windows\System32\where.exe</Data><Data Name='TokenElevationType'>%%1936</Data><Data Name='ProcessId'>0x2348</Data><Data Name='CommandLine'>where  /Q repadmin </Data><Data Name='TargetUserSid'>NULL SID</Data><Data Name='TargetUserName'>-</Data><Data Name='TargetDomainName'>-</Data><Data Name='TargetLogonId'>0x0</Data><Data Name='ParentProcessName'>C:\Windows\System32\cmd.exe</Data><Data Name='MandatoryLabel'>Mandatory Label\System Mandatory Level</Data>,4688.0,999442041,,,,,,,,,,,0x8020000000000000,0,,,,0x3e7,,Mandatory Label\System Mandatory Level,,,,,'Microsoft-Windows-Security-Auditing',0x3590,C:\Windows\System32\where.exe,,,,,,0,C:\Windows\System32\cmd.exe,,,,'4',0x2348,,where  /Q repadmin,,999442041,,,,,,,MMM,0x3e7,ppppPWBADDC03$,NT AUTHORITY\SYSTEM,,'2026-05-19T07:51:04.8692151Z',<Provider Name='Microsoft-Windows-Security-Auditing' Guid='{54849625-5478-4994-a5ba-3e3b0328c30d}'/><EventID>4688</EventID><Version>2</Version><Level>0</Level><Task>13312</Task><Opcode>0</Opcode><Keywords>0x8020000000000000</Keywords><TimeCreated SystemTime='2026-05-19T07:51:04.8692151Z'/><EventRecordID>999442041</EventRecordID><Correlation/><Execution ProcessID='4' ThreadID='1080'/><Channel>Security</Channel><Computer>ppppPWBADDC03.mmm.hhh.ggg</Computer><Security/>,-,0x0,,,-,NULL SID,,,-,,-,13312,'1080',%%1936,%%1936,1936.0,,,,,2,,,,,2026-05-19T03:51:04.869-0400,allowed,win:unknown,,,,,ppppPWBADDC03.mmm.hhh.ggg,,ppppPWBADDC03.mmm.hhh.ggg,ppppPWBADDC03,999442041,endpoint_services_processes windows_endpoint_processes windows_event_signature windows_process_new wineventlog_security wineventlog_windows winsec,,,ppppPWBADDC03,999442041,occs-sss-windows,1,A new process has been created,C:\Windows\System32\where.exe,0x3590,where.exe,,,,,,,C:\Windows\System32\cmd.exe,0x2348,cmd.exe,C:\Windows\System32\cmd.exe,C:\Windows\System32\where.exe /Q repadmin,/Q repadmin,where,where.exe,0x3590,where.exe,C:\Windows\System32\where.exe,Windows,<_='://../////'><><_='---'_='{----}'/><></><></><>,,,,,,,,0x3e7,,,A new process has been created,4688,XmlWinEventLog:Security,XmlWinEventLog,bbbbbsplunkes02,,,MMM,,ppppPWBADDC03$,,success,A new process has been created,failure,,,"execute
os
process
report
security
start
track_event_signatures
windows",,,,"execute
os
process
report
security
start
track_event_signatures
windows",,,ppppPWBADDC03$,-,,,,,Microsoft,,Microsoft Windows
,,,,,MMM,,,ppppPWBADDC03$,,,Security,,,,,,where  /Q repadmin,ppppPWBADDC03.mmm.hhh.ggg,,,,-,4688,<Data Name='SubjectUserSid'>NT AUTHORITY\SYSTEM</Data><Data Name='SubjectUserName'>ppppPWBADDC03$</Data><Data Name='SubjectDomainName'>MMM</Data><Data Name='SubjectLogonId'>0x3e7</Data><Data Name='NewProcessId'>0x2388</Data><Data Name='NewProcessName'>C:\Windows\System32\where.exe</Data><Data Name='TokenElevationType'>%%1936</Data><Data Name='ProcessId'>0xfbc</Data><Data Name='CommandLine'>where  /Q repadmin </Data><Data Name='TargetUserSid'>NULL SID</Data><Data Name='TargetUserName'>-</Data><Data Name='TargetDomainName'>-</Data><Data Name='TargetLogonId'>0x0</Data><Data Name='ParentProcessName'>C:\Windows\System32\cmd.exe</Data><Data Name='MandatoryLabel'>Mandatory Label\System Mandatory Level</Data>,4688.0,999438720,,,,,,,,,,,0x8020000000000000,0,,,,0x3e7,,Mandatory Label\System Mandatory Level,,,,,'Microsoft-Windows-Security-Auditing',0x2388,C:\Windows\System32\where.exe,,,,,,0,C:\Windows\System32\cmd.exe,,,,'4',0xfbc,,where  /Q repadmin,,999438720,,,,,,,MMM,0x3e7,ppppPWBADDC03$,NT AUTHORITY\SYSTEM,,'2026-05-19T07:46:01.6979499Z',<Provider Name='Microsoft-Windows-Security-Auditing' Guid='{54849625-5478-4994-a5ba-3e3b0328c30d}'/><EventID>4688</EventID><Version>2</Version><Level>0</Level><Task>13312</Task><Opcode>0</Opcode><Keywords>0x8020000000000000</Keywords><TimeCreated SystemTime='2026-05-19T07:46:01.6979499Z'/><EventRecordID>999438720</EventRecordID><Correlation/><Execution ProcessID='4' ThreadID='12700'/><Channel>Security</Channel><Computer>ppppPWBADDC03.mmm.hhh.ggg</Computer><Security/>,-,0x0,,,-,NULL SID,,,-,,-,13312,'12700',%%1936,%%1936,1936.0,,,,,2,,,,,2026-05-19T03:46:01.697-0400,allowed,win:unknown,,,,,ppppPWBADDC03.mmm.hhh.ggg,,ppppPWBADDC03.mmm.hhh.ggg,ppppPWBADDC03,999438720,endpoint_services_processes windows_endpoint_processes windows_event_signature windows_process_new wineventlog_security wineventlog_windows winsec,,,ppppPWBADDC03,999438720,occs-sss-windows,1,A new process has been created,C:\Windows\System32\where.exe,0x2388,where.exe,,,,,,,C:\Windows\System32\cmd.exe,0xfbc,cmd.exe,C:\Windows\System32\cmd.exe,C:\Windows\System32\where.exe /Q repadmin,/Q repadmin,where,where.exe,0x2388,where.exe,C:\Windows\System32\where.exe,Windows,<_='://../////'><><_='---'_='{----}'/><></><></><>,,,,,,,,0x3e7,,,A new process has been created,4688,XmlWinEventLog:Security,XmlWinEventLog,bbbbbsplunkes01,,,MMM,,ppppPWBADDC03$,,success,A new process has been created,failure,,,"execute
os
process
report
security
start
track_event_signatures
windows",,,,"execute
os
process
report
security
start
track_event_signatures
windows",,,ppppPWBADDC03$,-,,,,,Microsoft,,Microsoft Windows
,,,,,MMM,,,ppppPWBADDC03$,,,Security,,,,,,where  /Q repadmin,ppppPWBADDC03.mmm.hhh.ggg,,,,-,4688,<Data Name='SubjectUserSid'>NT AUTHORITY\SYSTEM</Data><Data Name='SubjectUserName'>ppppPWBADDC03$</Data><Data Name='SubjectDomainName'>MMM</Data><Data Name='SubjectLogonId'>0x3e7</Data><Data Name='NewProcessId'>0x2c84</Data><Data Name='NewProcessName'>C:\Windows\System32\where.exe</Data><Data Name='TokenElevationType'>%%1936</Data><Data Name='ProcessId'>0x1224</Data><Data Name='CommandLine'>where  /Q repadmin </Data><Data Name='TargetUserSid'>NULL SID</Data><Data Name='TargetUserName'>-</Data><Data Name='TargetDomainName'>-</Data><Data Name='TargetLogonId'>0x0</Data><Data Name='ParentProcessName'>C:\Windows\System32\cmd.exe</Data><Data Name='MandatoryLabel'>Mandatory Label\System Mandatory Level</Data>,4688.0,999434871,,,,,,,,,,,0x8020000000000000,0,,,,0x3e7,,Mandatory Label\System Mandatory Level,,,,,'Microsoft-Windows-Security-Auditing',0x2c84,C:\Windows\System32\where.exe,,,,,,0,C:\Windows\System32\cmd.exe,,,,'4',0x1224,,where  /Q repadmin,,999434871,,,,,,,MMM,0x3e7,ppppPWBADDC03$,NT AUTHORITY\SYSTEM,,'2026-05-19T07:40:59.3313463Z',<Provider Name='Microsoft-Windows-Security-Auditing' Guid='{54849625-5478-4994-a5ba-3e3b0328c30d}'/><EventID>4688</EventID><Version>2</Version><Level>0</Level><Task>13312</Task><Opcode>0</Opcode><Keywords>0x8020000000000000</Keywords><TimeCreated SystemTime='2026-05-19T07:40:59.3313463Z'/><EventRecordID>999434871</EventRecordID><Correlation/><Execution ProcessID='4' ThreadID='17180'/><Channel>Security</Channel><Computer>ppppPWBADDC03.mmm.hhh.ggg</Computer><Security/>,-,0x0,,,-,NULL SID,,,-,,-,13312,'17180',%%1936,%%1936,1936.0,,,,,2,,,,,2026-05-19T03:40:59.331-0400,allowed,win:unknown,,,,,ppppPWBADDC03.mmm.hhh.ggg,,ppppPWBADDC03.mmm.hhh.ggg,ppppPWBADDC03,999434871,endpoint_services_processes windows_endpoint_processes windows_event_signature windows_process_new wineventlog_security wineventlog_windows winsec,,,ppppPWBADDC03,999434871,occs-sss-windows,1,A new process has been created,C:\Windows\System32\where.exe,0x2c84,where.exe,,,,,,,C:\Windows\System32\cmd.exe,0x1224,cmd.exe,C:\Windows\System32\cmd.exe,C:\Windows\System32\where.exe /Q repadmin,/Q repadmin,where,where.exe,0x2c84,where.exe,C:\Windows\System32\where.exe,Windows,<_='://../////'><><_='---'_='{----}'/><></><></><>,,,,,,,,0x3e7,,,A new process has been created,4688,XmlWinEventLog:Security,XmlWinEventLog,bbbbbsplunkes02,,,MMM,,ppppPWBADDC03$,,success,A new process has been created,failure,,,"execute
os
process
report
security
start
track_event_signatures
windows",,,,"execute
os
process
report
security
start
track_event_signatures
windows",,,ppppPWBADDC03$,-,,,,,Microsoft,,Microsoft Windows
,,,,,MMM,,,ppppPWBADDC03$,,,Security,,,,,,"C:\Windows\System32\WindowsPowershell\v1.0\powershell  -NoProfile -Command ""&amp; {$j = sajb {$ErrorActionPreference = 'SilentlyContinue';$ErrorActionPreference = 'SilentlyContinue';$jars = $(Get-ChildItem -Path 'C:\*', 'F:\*' -Recurse -Include '*.jar','*.war','*.ear'| Where-Object Attributes -NotLike ""*ReparsePoint*""| Where-Object { -not $_.PSIsContainer }| % {$_.FullName});try{Add-Type -AssemblyName System.IO.Compression.FileSystem;}catch{'no_archive_inspection'};$num_jars_found = 0;$num_jars_insp = 0;$jars_mod = 0;$rxp_log4j = '(?:\\|\/)(log4j-?(?:core-?)?(\d[.\d]+)?(?:-?((?:rc|alpha|beta)-?\d*))?\.jar)';$rgx_log4j = [Regex]::new($rxp_log4j);$rxp_class = '(.*JndiLookup.class)?(.*JMSAppender.class)?(.*JdbcAppender.class)?';$rgx_class = [Regex]::new($rxp_class,[System.Text.RegularExpressions.RegexOptions]::IgnoreCase);foreach($jar in $jars){$num_jars_found++;};-join('num_jars_found:',$num_jars_found);foreach($jar in $jars){$jars_count++;$jars_mod = $jars_count % 100;if($jars_mod -eq 0){-join('# jars processed marker: ',$jars_count, ' of ',$num_jars_found);};$l4jf = $l4jd = $l4je = $jdlc = $jmsa = $jdbc = $null;$inspect = $true;if($rgx_log4j.IsMatch($jar)){$l4jf=$jar};$jar_open_read = [IO.Compression.ZipFile]::OpenRead($jar);$entries = try{$jar_open_read;}catch{$inspect=$false;};if($inspect){foreach($e in $entries.Entries){$fn = $e.Fullname;if($rgx_class.Match($fn).Groups[1].Value){$jdlc = 'Found'};if($rgx_class.Match($fn).Groups[2].Value){$jmsa = 'Found'};if($rgx_class.Match($fn).Groups[3].Value){$jdbc = 'Found'};if($rgx_log4j.IsMatch($fn)){$l4jd = $fn;$l4jd_zip = [IO.Compression.ZipArchive]::new($e.Open());foreach ($l4jdE in $l4jd_zip.Entries){$le = $l4jdE.FullName;if($rgx_class.Match($le).Groups[1].Value){$jdlc = 'Found'};if($rgx_class.Match($le).Groups[2].Value){$jmsa = 'Found'};if($rgx_class.Match($le).Groups[3].Value){$jdbc = 'Found'};};$l4jd_zip.Dispose();$e.Archive.Dispose();[GC]::Collect();};if(!$jdlc){$jdlc = 'Not Found';};if(!$jmsa){$jmsa = 'Not Found';};if(!$jdbc){$jdbc = 'Not Found';};};if(!$jdlc){$jdlc = 'Unknown';};if(!$jmsa){$jmsa = 'Unknown';};if(!$jdbc){$jdbc = 'Unknown';};};if($l4jf){-join('f|',$l4jf,'|',$jdlc,'|',$jmsa,'|',$jdbc,\""`r\"")| Write-Host};if($l4jd){-join('d|',$jar,'|',$l4jd,'|',$jdlc,'|',$jmsa,'|',$jdbc,\""`r\"")| Write-Host};if($l4je){-join($l4je,'|',$jdlc,'|',$jmsa,'|',$jdbc,\""`r\"")| Write-Host};[GC]::Collect();[System.Threading.Thread]::Sleep(250);};-join('# jars processed marker: ',$jars_count, ' of ',$num_jars_found);-join('num_jars_found:',$num_jars_found);};$r = wjb $j -Timeout 2880; rcjb $j;}""",ppppPWBADDC03.mmm.hhh.ggg,,,,-,4688,"<Data Name='SubjectUserSid'>NT AUTHORITY\SYSTEM</Data><Data Name='SubjectUserName'>ppppPWBADDC03$</Data><Data Name='SubjectDomainName'>MMM</Data><Data Name='SubjectLogonId'>0x3e7</Data><Data Name='NewProcessId'>0x31e4</Data><Data Name='NewProcessName'>C:\Windows\System32\WindowsPowerShell\v1.0\powershell.exe</Data><Data Name='TokenElevationType'>%%1936</Data><Data Name='ProcessId'>0x4278</Data><Data Name='CommandLine'>C:\Windows\System32\WindowsPowershell\v1.0\powershell  -NoProfile -Command ""&amp; {$j = sajb {$ErrorActionPreference = 'SilentlyContinue';$ErrorActionPreference = 'SilentlyContinue';$jars = $(Get-ChildItem -Path 'C:\*', 'F:\*' -Recurse -Include '*.jar','*.war','*.ear'| Where-Object Attributes -NotLike ""*ReparsePoint*""| Where-Object { -not $_.PSIsContainer }| % {$_.FullName});try{Add-Type -AssemblyName System.IO.Compression.FileSystem;}catch{'no_archive_inspection'};$num_jars_found = 0;$num_jars_insp = 0;$jars_mod = 0;$rxp_log4j = '(?:\\|\/)(log4j-?(?:core-?)?(\d[.\d]+)?(?:-?((?:rc|alpha|beta)-?\d*))?\.jar)';$rgx_log4j = [Regex]::new($rxp_log4j);$rxp_class = '(.*JndiLookup.class)?(.*JMSAppender.class)?(.*JdbcAppender.class)?';$rgx_class = [Regex]::new($rxp_class,[System.Text.RegularExpressions.RegexOptions]::IgnoreCase);foreach($jar in $jars){$num_jars_found++;};-join('num_jars_found:',$num_jars_found);foreach($jar in $jars){$jars_count++;$jars_mod = $jars_count % 100;if($jars_mod -eq 0){-join('# jars processed marker: ',$jars_count, ' of ',$num_jars_found);};$l4jf = $l4jd = $l4je = $jdlc = $jmsa = $jdbc = $null;$inspect = $true;if($rgx_log4j.IsMatch($jar)){$l4jf=$jar};$jar_open_read = [IO.Compression.ZipFile]::OpenRead($jar);$entries = try{$jar_open_read;}catch{$inspect=$false;};if($inspect){foreach($e in $entries.Entries){$fn = $e.Fullname;if($rgx_class.Match($fn).Groups[1].Value){$jdlc = 'Found'};if($rgx_class.Match($fn).Groups[2].Value){$jmsa = 'Found'};if($rgx_class.Match($fn).Groups[3].Value){$jdbc = 'Found'};if($rgx_log4j.IsMatch($fn)){$l4jd = $fn;$l4jd_zip = [IO.Compression.ZipArchive]::new($e.Open());foreach ($l4jdE in $l4jd_zip.Entries){$le = $l4jdE.FullName;if($rgx_class.Match($le).Groups[1].Value){$jdlc = 'Found'};if($rgx_class.Match($le).Groups[2].Value){$jmsa = 'Found'};if($rgx_class.Match($le).Groups[3].Value){$jdbc = 'Found'};};$l4jd_zip.Dispose();$e.Archive.Dispose();[GC]::Collect();};if(!$jdlc){$jdlc = 'Not Found';};if(!$jmsa){$jmsa = 'Not Found';};if(!$jdbc){$jdbc = 'Not Found';};};if(!$jdlc){$jdlc = 'Unknown';};if(!$jmsa){$jmsa = 'Unknown';};if(!$jdbc){$jdbc = 'Unknown';};};if($l4jf){-join('f|',$l4jf,'|',$jdlc,'|',$jmsa,'|',$jdbc,\""`r\"")| Write-Host};if($l4jd){-join('d|',$jar,'|',$l4jd,'|',$jdlc,'|',$jmsa,'|',$jdbc,\""`r\"")| Write-Host};if($l4je){-join($l4je,'|',$jdlc,'|',$jmsa,'|',$jdbc,\""`r\"")| Write-Host};[GC]::Collect();[System.Threading.Thread]::Sleep(250);};-join('# jars processed marker: ',$jars_count, ' of ',$num_jars_found);-join('num_jars_found:',$num_jars_found);};$r = wjb $j -Timeout 2880; rcjb $j;}""</Data><Data Name='TargetUserSid'>NULL SID</Data><Data Name='TargetUserName'>-</Data><Data Name='TargetDomainName'>-</Data><Data Name='TargetLogonId'>0x0</Data><Data Name='ParentProcessName'>C:\Windows\System32\cmd.exe</Data><Data Name='MandatoryLabel'>Mandatory Label\System Mandatory Level</Data>",4688.0,999432986,,,,,,,,,,,0x8020000000000000,0,,,,0x3e7,,Mandatory Label\System Mandatory Level,,,,,'Microsoft-Windows-Security-Auditing',0x31e4,C:\Windows\System32\WindowsPowerShell\v1.0\powershell.exe,,,,,,0,C:\Windows\System32\cmd.exe,,,,'4',0x4278,,"C:\Windows\System32\WindowsPowershell\v1.0\powershell  -NoProfile -Command ""&amp; {$j = sajb {$ErrorActionPreference = 'SilentlyContinue';$ErrorActionPreference = 'SilentlyContinue';$jars = $(Get-ChildItem -Path 'C:\*', 'F:\*' -Recurse -Include '*.jar','*.war','*.ear'| Where-Object Attributes -NotLike ""*ReparsePoint*""| Where-Object { -not $_.PSIsContainer }| % {$_.FullName});try{Add-Type -AssemblyName System.IO.Compression.FileSystem;}catch{'no_archive_inspection'};$num_jars_found = 0;$num_jars_insp = 0;$jars_mod = 0;$rxp_log4j = '(?:\\|\/)(log4j-?(?:core-?)?(\d[.\d]+)?(?:-?((?:rc|alpha|beta)-?\d*))?\.jar)';$rgx_log4j = [Regex]::new($rxp_log4j);$rxp_class = '(.*JndiLookup.class)?(.*JMSAppender.class)?(.*JdbcAppender.class)?';$rgx_class = [Regex]::new($rxp_class,[System.Text.RegularExpressions.RegexOptions]::IgnoreCase);foreach($jar in $jars){$num_jars_found++;};-join('num_jars_found:',$num_jars_found);foreach($jar in $jars){$jars_count++;$jars_mod = $jars_count % 100;if($jars_mod -eq 0){-join('# jars processed marker: ',$jars_count, ' of ',$num_jars_found);};$l4jf = $l4jd = $l4je = $jdlc = $jmsa = $jdbc = $null;$inspect = $true;if($rgx_log4j.IsMatch($jar)){$l4jf=$jar};$jar_open_read = [IO.Compression.ZipFile]::OpenRead($jar);$entries = try{$jar_open_read;}catch{$inspect=$false;};if($inspect){foreach($e in $entries.Entries){$fn = $e.Fullname;if($rgx_class.Match($fn).Groups[1].Value){$jdlc = 'Found'};if($rgx_class.Match($fn).Groups[2].Value){$jmsa = 'Found'};if($rgx_class.Match($fn).Groups[3].Value){$jdbc = 'Found'};if($rgx_log4j.IsMatch($fn)){$l4jd = $fn;$l4jd_zip = [IO.Compression.ZipArchive]::new($e.Open());foreach ($l4jdE in $l4jd_zip.Entries){$le = $l4jdE.FullName;if($rgx_class.Match($le).Groups[1].Value){$jdlc = 'Found'};if($rgx_class.Match($le).Groups[2].Value){$jmsa = 'Found'};if($rgx_class.Match($le).Groups[3].Value){$jdbc = 'Found'};};$l4jd_zip.Dispose();$e.Archive.Dispose();[GC]::Collect();};if(!$jdlc){$jdlc = 'Not Found';};if(!$jmsa){$jmsa = 'Not Found';};if(!$jdbc){$jdbc = 'Not Found';};};if(!$jdlc){$jdlc = 'Unknown';};if(!$jmsa){$jmsa = 'Unknown';};if(!$jdbc){$jdbc = 'Unknown';};};if($l4jf){-join('f|',$l4jf,'|',$jdlc,'|',$jmsa,'|',$jdbc,\""`r\"")| Write-Host};if($l4jd){-join('d|',$jar,'|',$l4jd,'|',$jdlc,'|',$jmsa,'|',$jdbc,\""`r\"")| Write-Host};if($l4je){-join($l4je,'|',$jdlc,'|',$jmsa,'|',$jdbc,\""`r\"")| Write-Host};[GC]::Collect();[System.Threading.Thread]::Sleep(250);};-join('# jars processed marker: ',$jars_count, ' of ',$num_jars_found);-join('num_jars_found:',$num_jars_found);};$r = wjb $j -Timeout 2880; rcjb $j;}""",,999432986,,,,,,,MMM,0x3e7,ppppPWBADDC03$,NT AUTHORITY\SYSTEM,,'2026-05-19T07:38:10.4615252Z',<Provider Name='Microsoft-Windows-Security-Auditing' Guid='{54849625-5478-4994-a5ba-3e3b0328c30d}'/><EventID>4688</EventID><Version>2</Version><Level>0</Level><Task>13312</Task><Opcode>0</Opcode><Keywords>0x8020000000000000</Keywords><TimeCreated SystemTime='2026-05-19T07:38:10.4615252Z'/><EventRecordID>999432986</EventRecordID><Correlation/><Execution ProcessID='4' ThreadID='5720'/><Channel>Security</Channel><Computer>ppppPWBADDC03.mmm.hhh.ggg</Computer><Security/>,-,0x0,,,-,NULL SID,,,-,,-,13312,'5720',%%1936,%%1936,1936.0,,,,,2,,,,,2026-05-19T03:38:10.461-0400,allowed,win:unknown,,,,,ppppPWBADDC03.mmm.hhh.ggg,,ppppPWBADDC03.mmm.hhh.ggg,ppppPWBADDC03,999432986,endpoint_services_processes windows_endpoint_processes windows_event_signature windows_process_new wineventlog_security wineventlog_windows winsec,,,ppppPWBADDC03,999432986,occs-sss-windows,1,A new process has been created,C:\Windows\System32\WindowsPowerShell\v1.0\powershell.exe,0x31e4,powershell.exe,,,,,,,C:\Windows\System32\cmd.exe,0x4278,cmd.exe,C:\Windows\System32\cmd.exe,"C:\Windows\System32\WindowsPowershell\v1.0\powershell  -NoProfile -Command ""&amp; {$j = sajb {$ErrorActionPreference = 'SilentlyContinue';$ErrorActionPreference = 'SilentlyContinue';$jars = $(Get-ChildItem -Path 'C:\*', 'F:\*' -Recurse -Include '*.jar','*.war','*.ear'| Where-Object Attributes -NotLike ""*ReparsePoint*""| Where-Object { -not $_.PSIsContainer }| % {$_.FullName});try{Add-Type -AssemblyName System.IO.Compression.FileSystem;}catch{'no_archive_inspection'};$num_jars_found = 0;$num_jars_insp = 0;$jars_mod = 0;$rxp_log4j = '(?:\\|\/)(log4j-?(?:core-?)?(\d[.\d]+)?(?:-?((?:rc|alpha|beta)-?\d*))?\.jar)';$rgx_log4j = [Regex]::new($rxp_log4j);$rxp_class = '(.*JndiLookup.class)?(.*JMSAppender.class)?(.*JdbcAppender.class)?';$rgx_class = [Regex]::new($rxp_class,[System.Text.RegularExpressions.RegexOptions]::IgnoreCase);foreach($jar in $jars){$num_jars_found++;};-join('num_jars_found:',$num_jars_found);foreach($jar in $jars){$jars_count++;$jars_mod = $jars_count % 100;if($jars_mod -eq 0){-join('# jars processed marker: ',$jars_count, ' of ',$num_jars_found);};$l4jf = $l4jd = $l4je = $jdlc = $jmsa = $jdbc = $null;$inspect = $true;if($rgx_log4j.IsMatch($jar)){$l4jf=$jar};$jar_open_read = [IO.Compression.ZipFile]::OpenRead($jar);$entries = try{$jar_open_read;}catch{$inspect=$false;};if($inspect){foreach($e in $entries.Entries){$fn = $e.Fullname;if($rgx_class.Match($fn).Groups[1].Value){$jdlc = 'Found'};if($rgx_class.Match($fn).Groups[2].Value){$jmsa = 'Found'};if($rgx_class.Match($fn).Groups[3].Value){$jdbc = 'Found'};if($rgx_log4j.IsMatch($fn)){$l4jd = $fn;$l4jd_zip = [IO.Compression.ZipArchive]::new($e.Open());foreach ($l4jdE in $l4jd_zip.Entries){$le = $l4jdE.FullName;if($rgx_class.Match($le).Groups[1].Value){$jdlc = 'Found'};if($rgx_class.Match($le).Groups[2].Value){$jmsa = 'Found'};if($rgx_class.Match($le).Groups[3].Value){$jdbc = 'Found'};};$l4jd_zip.Dispose();$e.Archive.Dispose();[GC]::Collect();};if(!$jdlc){$jdlc = 'Not Found';};if(!$jmsa){$jmsa = 'Not Found';};if(!$jdbc){$jdbc = 'Not Found';};};if(!$jdlc){$jdlc = 'Unknown';};if(!$jmsa){$jmsa = 'Unknown';};if(!$jdbc){$jdbc = 'Unknown';};};if($l4jf){-join('f|',$l4jf,'|',$jdlc,'|',$jmsa,'|',$jdbc,\""`r\"")| Write-Host};if($l4jd){-join('d|',$jar,'|',$l4jd,'|',$jdlc,'|',$jmsa,'|',$jdbc,\""`r\"")| Write-Host};if($l4je){-join($l4je,'|',$jdlc,'|',$jmsa,'|',$jdbc,\""`r\"")| Write-Host};[GC]::Collect();[System.Threading.Thread]::Sleep(250);};-join('# jars processed marker: ',$jars_count, ' of ',$num_jars_found);-join('num_jars_found:',$num_jars_found);};$r = wjb $j -Timeout 2880; rcjb $j;}""","-NoProfile -Command ""&amp; {$j = sajb {$ErrorActionPreference = 'SilentlyContinue';$ErrorActionPreference = 'SilentlyContinue';$jars = $(Get-ChildItem -Path 'C:\*', 'F:\*' -Recurse -Include '*.jar','*.war','*.ear'| Where-Object Attributes -NotLike ""*ReparsePoint*""| Where-Object { -not $_.PSIsContainer }| % {$_.FullName});try{Add-Type -AssemblyName System.IO.Compression.FileSystem;}catch{'no_archive_inspection'};$num_jars_found = 0;$num_jars_insp = 0;$jars_mod = 0;$rxp_log4j = '(?:\\|\/)(log4j-?(?:core-?)?(\d[.\d]+)?(?:-?((?:rc|alpha|beta)-?\d*))?\.jar)';$rgx_log4j = [Regex]::new($rxp_log4j);$rxp_class = '(.*JndiLookup.class)?(.*JMSAppender.class)?(.*JdbcAppender.class)?';$rgx_class = [Regex]::new($rxp_class,[System.Text.RegularExpressions.RegexOptions]::IgnoreCase);foreach($jar in $jars){$num_jars_found++;};-join('num_jars_found:',$num_jars_found);foreach($jar in $jars){$jars_count++;$jars_mod = $jars_count % 100;if($jars_mod -eq 0){-join('# jars processed marker: ',$jars_count, ' of ',$num_jars_found);};$l4jf = $l4jd = $l4je = $jdlc = $jmsa = $jdbc = $null;$inspect = $true;if($rgx_log4j.IsMatch($jar)){$l4jf=$jar};$jar_open_read = [IO.Compression.ZipFile]::OpenRead($jar);$entries = try{$jar_open_read;}catch{$inspect=$false;};if($inspect){foreach($e in $entries.Entries){$fn = $e.Fullname;if($rgx_class.Match($fn).Groups[1].Value){$jdlc = 'Found'};if($rgx_class.Match($fn).Groups[2].Value){$jmsa = 'Found'};if($rgx_class.Match($fn).Groups[3].Value){$jdbc = 'Found'};if($rgx_log4j.IsMatch($fn)){$l4jd = $fn;$l4jd_zip = [IO.Compression.ZipArchive]::new($e.Open());foreach ($l4jdE in $l4jd_zip.Entries){$le = $l4jdE.FullName;if($rgx_class.Match($le).Groups[1].Value){$jdlc = 'Found'};if($rgx_class.Match($le).Groups[2].Value){$jmsa = 'Found'};if($rgx_class.Match($le).Groups[3].Value){$jdbc = 'Found'};};$l4jd_zip.Dispose();$e.Archive.Dispose();[GC]::Collect();};if(!$jdlc){$jdlc = 'Not Found';};if(!$jmsa){$jmsa = 'Not Found';};if(!$jdbc){$jdbc = 'Not Found';};};if(!$jdlc){$jdlc = 'Unknown';};if(!$jmsa){$jmsa = 'Unknown';};if(!$jdbc){$jdbc = 'Unknown';};};if($l4jf){-join('f|',$l4jf,'|',$jdlc,'|',$jmsa,'|',$jdbc,\""`r\"")| Write-Host};if($l4jd){-join('d|',$jar,'|',$l4jd,'|',$jdlc,'|',$jmsa,'|',$jdbc,\""`r\"")| Write-Host};if($l4je){-join($l4je,'|',$jdlc,'|',$jmsa,'|',$jdbc,\""`r\"")| Write-Host};[GC]::Collect();[System.Threading.Thread]::Sleep(250);};-join('# jars processed marker: ',$jars_count, ' of ',$num_jars_found);-join('num_jars_found:',$num_jars_found);};$r = wjb $j -Timeout 2880; rcjb $j;}""",C:\Windows\System32\WindowsPowershell\v1.0\powershell,powershell.exe,0x31e4,powershell.exe,C:\Windows\System32\WindowsPowerShell\v1.0\powershell.exe,Windows,<_='://../////'><><_='---'_='{----}'/><></><></><>,,,,,,,,0x3e7,,,A new process has been created,4688,XmlWinEventLog:Security,XmlWinEventLog,bbbbbsplunkes01,,,MMM,,ppppPWBADDC03$,,success,A new process has been created,failure,,,"execute
os
process
report
security
start
track_event_signatures
windows",,,,"execute
os
process
report
security
start
track_event_signatures
windows",,,ppppPWBADDC03$,-,,,,,Microsoft,,Microsoft Windows
,,,,,MMM,,,ppppPWBADDC03$,,,Security,,,,,,"C:\Windows\System32\cmd.exe /c C:\Windows\System32\WindowsPowershell\v1.0\powershell -NoProfile -Command ""&amp; {$j = sajb {$ErrorActionPreference = 'SilentlyContinue';$ErrorActionPreference = 'SilentlyContinue';$jars = $(Get-ChildItem -Path 'C:\*', 'F:\*' -Recurse -Include '*.jar','*.war','*.ear'| Where-Object Attributes -NotLike ""*ReparsePoint*""| Where-Object { -not $_.PSIsContainer }| % {$_.FullName});try{Add-Type -AssemblyName System.IO.Compression.FileSystem;}catch{'no_archive_inspection'};$num_jars_found = 0;$num_jars_insp = 0;$jars_mod = 0;$rxp_log4j = '(?:\\|\/)(log4j-?(?:core-?)?(\d[.\d]+)?(?:-?((?:rc|alpha|beta)-?\d*))?\.jar)';$rgx_log4j = [Regex]::new($rxp_log4j);$rxp_class = '(.*JndiLookup.class)?(.*JMSAppender.class)?(.*JdbcAppender.class)?';$rgx_class = [Regex]::new($rxp_class,[System.Text.RegularExpressions.RegexOptions]::IgnoreCase);foreach($jar in $jars){$num_jars_found++;};-join('num_jars_found:',$num_jars_found);foreach($jar in $jars){$jars_count++;$jars_mod = $jars_count % 100;if($jars_mod -eq 0){-join('# jars processed marker: ',$jars_count, ' of ',$num_jars_found);};$l4jf = $l4jd = $l4je = $jdlc = $jmsa = $jdbc = $null;$inspect = $true;if($rgx_log4j.IsMatch($jar)){$l4jf=$jar};$jar_open_read = [IO.Compression.ZipFile]::OpenRead($jar);$entries = try{$jar_open_read;}catch{$inspect=$false;};if($inspect){foreach($e in $entries.Entries){$fn = $e.Fullname;if($rgx_class.Match($fn).Groups[1].Value){$jdlc = 'Found'};if($rgx_class.Match($fn).Groups[2].Value){$jmsa = 'Found'};if($rgx_class.Match($fn).Groups[3].Value){$jdbc = 'Found'};if($rgx_log4j.IsMatch($fn)){$l4jd = $fn;$l4jd_zip = [IO.Compression.ZipArchive]::new($e.Open());foreach ($l4jdE in $l4jd_zip.Entries){$le = $l4jdE.FullName;if($rgx_class.Match($le).Groups[1].Value){$jdlc = 'Found'};if($rgx_class.Match($le).Groups[2].Value){$jmsa = 'Found'};if($rgx_class.Match($le).Groups[3].Value){$jdbc = 'Found'};};$l4jd_zip.Dispose();$e.Archive.Dispose();[GC]::Collect();};if(!$jdlc){$jdlc = 'Not Found';};if(!$jmsa){$jmsa = 'Not Found';};if(!$jdbc){$jdbc = 'Not Found';};};if(!$jdlc){$jdlc = 'Unknown';};if(!$jmsa){$jmsa = 'Unknown';};if(!$jdbc){$jdbc = 'Unknown';};};if($l4jf){-join('f|',$l4jf,'|',$jdlc,'|',$jmsa,'|',$jdbc,\""`r\"")| Write-Host};if($l4jd){-join('d|',$jar,'|',$l4jd,'|',$jdlc,'|',$jmsa,'|',$jdbc,\""`r\"")| Write-Host};if($l4je){-join($l4je,'|',$jdlc,'|',$jmsa,'|',$jdbc,\""`r\"")| Write-Host};[GC]::Collect();[System.Threading.Thread]::Sleep(250);};-join('# jars processed marker: ',$jars_count, ' of ',$num_jars_found);-join('num_jars_found:',$num_jars_found);};$r = wjb $j -Timeout 2880; rcjb $j;}""",ppppPWBADDC03.mmm.hhh.ggg,,,,-,4688,"<Data Name='SubjectUserSid'>NT AUTHORITY\SYSTEM</Data><Data Name='SubjectUserName'>ppppPWBADDC03$</Data><Data Name='SubjectDomainName'>MMM</Data><Data Name='SubjectLogonId'>0x3e7</Data><Data Name='NewProcessId'>0x4278</Data><Data Name='NewProcessName'>C:\Windows\System32\cmd.exe</Data><Data Name='TokenElevationType'>%%1936</Data><Data Name='ProcessId'>0x25bc</Data><Data Name='CommandLine'>C:\Windows\System32\cmd.exe /c C:\Windows\System32\WindowsPowershell\v1.0\powershell -NoProfile -Command ""&amp; {$j = sajb {$ErrorActionPreference = 'SilentlyContinue';$ErrorActionPreference = 'SilentlyContinue';$jars = $(Get-ChildItem -Path 'C:\*', 'F:\*' -Recurse -Include '*.jar','*.war','*.ear'| Where-Object Attributes -NotLike ""*ReparsePoint*""| Where-Object { -not $_.PSIsContainer }| % {$_.FullName});try{Add-Type -AssemblyName System.IO.Compression.FileSystem;}catch{'no_archive_inspection'};$num_jars_found = 0;$num_jars_insp = 0;$jars_mod = 0;$rxp_log4j = '(?:\\|\/)(log4j-?(?:core-?)?(\d[.\d]+)?(?:-?((?:rc|alpha|beta)-?\d*))?\.jar)';$rgx_log4j = [Regex]::new($rxp_log4j);$rxp_class = '(.*JndiLookup.class)?(.*JMSAppender.class)?(.*JdbcAppender.class)?';$rgx_class = [Regex]::new($rxp_class,[System.Text.RegularExpressions.RegexOptions]::IgnoreCase);foreach($jar in $jars){$num_jars_found++;};-join('num_jars_found:',$num_jars_found);foreach($jar in $jars){$jars_count++;$jars_mod = $jars_count % 100;if($jars_mod -eq 0){-join('# jars processed marker: ',$jars_count, ' of ',$num_jars_found);};$l4jf = $l4jd = $l4je = $jdlc = $jmsa = $jdbc = $null;$inspect = $true;if($rgx_log4j.IsMatch($jar)){$l4jf=$jar};$jar_open_read = [IO.Compression.ZipFile]::OpenRead($jar);$entries = try{$jar_open_read;}catch{$inspect=$false;};if($inspect){foreach($e in $entries.Entries){$fn = $e.Fullname;if($rgx_class.Match($fn).Groups[1].Value){$jdlc = 'Found'};if($rgx_class.Match($fn).Groups[2].Value){$jmsa = 'Found'};if($rgx_class.Match($fn).Groups[3].Value){$jdbc = 'Found'};if($rgx_log4j.IsMatch($fn)){$l4jd = $fn;$l4jd_zip = [IO.Compression.ZipArchive]::new($e.Open());foreach ($l4jdE in $l4jd_zip.Entries){$le = $l4jdE.FullName;if($rgx_class.Match($le).Groups[1].Value){$jdlc = 'Found'};if($rgx_class.Match($le).Groups[2].Value){$jmsa = 'Found'};if($rgx_class.Match($le).Groups[3].Value){$jdbc = 'Found'};};$l4jd_zip.Dispose();$e.Archive.Dispose();[GC]::Collect();};if(!$jdlc){$jdlc = 'Not Found';};if(!$jmsa){$jmsa = 'Not Found';};if(!$jdbc){$jdbc = 'Not Found';};};if(!$jdlc){$jdlc = 'Unknown';};if(!$jmsa){$jmsa = 'Unknown';};if(!$jdbc){$jdbc = 'Unknown';};};if($l4jf){-join('f|',$l4jf,'|',$jdlc,'|',$jmsa,'|',$jdbc,\""`r\"")| Write-Host};if($l4jd){-join('d|',$jar,'|',$l4jd,'|',$jdlc,'|',$jmsa,'|',$jdbc,\""`r\"")| Write-Host};if($l4je){-join($l4je,'|',$jdlc,'|',$jmsa,'|',$jdbc,\""`r\"")| Write-Host};[GC]::Collect();[System.Threading.Thread]::Sleep(250);};-join('# jars processed marker: ',$jars_count, ' of ',$num_jars_found);-join('num_jars_found:',$num_jars_found);};$r = wjb $j -Timeout 2880; rcjb $j;}""</Data><Data Name='TargetUserSid'>NULL SID</Data><Data Name='TargetUserName'>-</Data><Data Name='TargetDomainName'>-</Data><Data Name='TargetLogonId'>0x0</Data><Data Name='ParentProcessName'>C:\Program Files\Tenable\Nessus Agent\nessus-agent-module.exe</Data><Data Name='MandatoryLabel'>Mandatory Label\System Mandatory Level</Data>",4688.0,999432985,,,,,,,,,,,0x8020000000000000,0,,,,0x3e7,,Mandatory Label\System Mandatory Level,,,,,'Microsoft-Windows-Security-Auditing',0x4278,C:\Windows\System32\cmd.exe,,,,,,0,C:\Program Files\Tenable\Nessus Agent\nessus-agent-module.exe,,,,'4',0x25bc,,"C:\Windows\System32\cmd.exe /c C:\Windows\System32\WindowsPowershell\v1.0\powershell -NoProfile -Command ""&amp; {$j = sajb {$ErrorActionPreference = 'SilentlyContinue';$ErrorActionPreference = 'SilentlyContinue';$jars = $(Get-ChildItem -Path 'C:\*', 'F:\*' -Recurse -Include '*.jar','*.war','*.ear'| Where-Object Attributes -NotLike ""*ReparsePoint*""| Where-Object { -not $_.PSIsContainer }| % {$_.FullName});try{Add-Type -AssemblyName System.IO.Compression.FileSystem;}catch{'no_archive_inspection'};$num_jars_found = 0;$num_jars_insp = 0;$jars_mod = 0;$rxp_log4j = '(?:\\|\/)(log4j-?(?:core-?)?(\d[.\d]+)?(?:-?((?:rc|alpha|beta)-?\d*))?\.jar)';$rgx_log4j = [Regex]::new($rxp_log4j);$rxp_class = '(.*JndiLookup.class)?(.*JMSAppender.class)?(.*JdbcAppender.class)?';$rgx_class = [Regex]::new($rxp_class,[System.Text.RegularExpressions.RegexOptions]::IgnoreCase);foreach($jar in $jars){$num_jars_found++;};-join('num_jars_found:',$num_jars_found);foreach($jar in $jars){$jars_count++;$jars_mod = $jars_count % 100;if($jars_mod -eq 0){-join('# jars processed marker: ',$jars_count, ' of ',$num_jars_found);};$l4jf = $l4jd = $l4je = $jdlc = $jmsa = $jdbc = $null;$inspect = $true;if($rgx_log4j.IsMatch($jar)){$l4jf=$jar};$jar_open_read = [IO.Compression.ZipFile]::OpenRead($jar);$entries = try{$jar_open_read;}catch{$inspect=$false;};if($inspect){foreach($e in $entries.Entries){$fn = $e.Fullname;if($rgx_class.Match($fn).Groups[1].Value){$jdlc = 'Found'};if($rgx_class.Match($fn).Groups[2].Value){$jmsa = 'Found'};if($rgx_class.Match($fn).Groups[3].Value){$jdbc = 'Found'};if($rgx_log4j.IsMatch($fn)){$l4jd = $fn;$l4jd_zip = [IO.Compression.ZipArchive]::new($e.Open());foreach ($l4jdE in $l4jd_zip.Entries){$le = $l4jdE.FullName;if($rgx_class.Match($le).Groups[1].Value){$jdlc = 'Found'};if($rgx_class.Match($le).Groups[2].Value){$jmsa = 'Found'};if($rgx_class.Match($le).Groups[3].Value){$jdbc = 'Found'};};$l4jd_zip.Dispose();$e.Archive.Dispose();[GC]::Collect();};if(!$jdlc){$jdlc = 'Not Found';};if(!$jmsa){$jmsa = 'Not Found';};if(!$jdbc){$jdbc = 'Not Found';};};if(!$jdlc){$jdlc = 'Unknown';};if(!$jmsa){$jmsa = 'Unknown';};if(!$jdbc){$jdbc = 'Unknown';};};if($l4jf){-join('f|',$l4jf,'|',$jdlc,'|',$jmsa,'|',$jdbc,\""`r\"")| Write-Host};if($l4jd){-join('d|',$jar,'|',$l4jd,'|',$jdlc,'|',$jmsa,'|',$jdbc,\""`r\"")| Write-Host};if($l4je){-join($l4je,'|',$jdlc,'|',$jmsa,'|',$jdbc,\""`r\"")| Write-Host};[GC]::Collect();[System.Threading.Thread]::Sleep(250);};-join('# jars processed marker: ',$jars_count, ' of ',$num_jars_found);-join('num_jars_found:',$num_jars_found);};$r = wjb $j -Timeout 2880; rcjb $j;}""",,999432985,,,,,,,MMM,0x3e7,ppppPWBADDC03$,NT AUTHORITY\SYSTEM,,'2026-05-19T07:38:10.4272832Z',<Provider Name='Microsoft-Windows-Security-Auditing' Guid='{54849625-5478-4994-a5ba-3e3b0328c30d}'/><EventID>4688</EventID><Version>2</Version><Level>0</Level><Task>13312</Task><Opcode>0</Opcode><Keywords>0x8020000000000000</Keywords><TimeCreated SystemTime='2026-05-19T07:38:10.4272832Z'/><EventRecordID>999432985</EventRecordID><Correlation/><Execution ProcessID='4' ThreadID='10984'/><Channel>Security</Channel><Computer>ppppPWBADDC03.mmm.hhh.ggg</Computer><Security/>,-,0x0,,,-,NULL SID,,,-,,-,13312,'10984',%%1936,%%1936,1936.0,,,,,2,,,,,2026-05-19T03:38:10.427-0400,allowed,win:unknown,,,,,ppppPWBADDC03.mmm.hhh.ggg,,ppppPWBADDC03.mmm.hhh.ggg,ppppPWBADDC03,999432985,endpoint_services_processes windows_endpoint_processes windows_event_signature windows_process_new wineventlog_security wineventlog_windows winsec,,,ppppPWBADDC03,999432985,occs-sss-windows,1,A new process has been created,C:\Windows\System32\cmd.exe,0x4278,cmd.exe,,,,,,,C:\Program Files\Tenable\Nessus Agent\nessus-agent-module.exe,0x25bc,nessus-agent-module.exe,C:\Program Files\Tenable\Nessus Agent\nessus-agent-module.exe,"C:\Windows\System32\cmd.exe /c C:\Windows\System32\WindowsPowershell\v1.0\powershell -NoProfile -Command ""&amp; {$j = sajb {$ErrorActionPreference = 'SilentlyContinue';$ErrorActionPreference = 'SilentlyContinue';$jars = $(Get-ChildItem -Path 'C:\*', 'F:\*' -Recurse -Include '*.jar','*.war','*.ear'| Where-Object Attributes -NotLike ""*ReparsePoint*""| Where-Object { -not $_.PSIsContainer }| % {$_.FullName});try{Add-Type -AssemblyName System.IO.Compression.FileSystem;}catch{'no_archive_inspection'};$num_jars_found = 0;$num_jars_insp = 0;$jars_mod = 0;$rxp_log4j = '(?:\\|\/)(log4j-?(?:core-?)?(\d[.\d]+)?(?:-?((?:rc|alpha|beta)-?\d*))?\.jar)';$rgx_log4j = [Regex]::new($rxp_log4j);$rxp_class = '(.*JndiLookup.class)?(.*JMSAppender.class)?(.*JdbcAppender.class)?';$rgx_class = [Regex]::new($rxp_class,[System.Text.RegularExpressions.RegexOptions]::IgnoreCase);foreach($jar in $jars){$num_jars_found++;};-join('num_jars_found:',$num_jars_found);foreach($jar in $jars){$jars_count++;$jars_mod = $jars_count % 100;if($jars_mod -eq 0){-join('# jars processed marker: ',$jars_count, ' of ',$num_jars_found);};$l4jf = $l4jd = $l4je = $jdlc = $jmsa = $jdbc = $null;$inspect = $true;if($rgx_log4j.IsMatch($jar)){$l4jf=$jar};$jar_open_read = [IO.Compression.ZipFile]::OpenRead($jar);$entries = try{$jar_open_read;}catch{$inspect=$false;};if($inspect){foreach($e in $entries.Entries){$fn = $e.Fullname;if($rgx_class.Match($fn).Groups[1].Value){$jdlc = 'Found'};if($rgx_class.Match($fn).Groups[2].Value){$jmsa = 'Found'};if($rgx_class.Match($fn).Groups[3].Value){$jdbc = 'Found'};if($rgx_log4j.IsMatch($fn)){$l4jd = $fn;$l4jd_zip = [IO.Compression.ZipArchive]::new($e.Open());foreach ($l4jdE in $l4jd_zip.Entries){$le = $l4jdE.FullName;if($rgx_class.Match($le).Groups[1].Value){$jdlc = 'Found'};if($rgx_class.Match($le).Groups[2].Value){$jmsa = 'Found'};if($rgx_class.Match($le).Groups[3].Value){$jdbc = 'Found'};};$l4jd_zip.Dispose();$e.Archive.Dispose();[GC]::Collect();};if(!$jdlc){$jdlc = 'Not Found';};if(!$jmsa){$jmsa = 'Not Found';};if(!$jdbc){$jdbc = 'Not Found';};};if(!$jdlc){$jdlc = 'Unknown';};if(!$jmsa){$jmsa = 'Unknown';};if(!$jdbc){$jdbc = 'Unknown';};};if($l4jf){-join('f|',$l4jf,'|',$jdlc,'|',$jmsa,'|',$jdbc,\""`r\"")| Write-Host};if($l4jd){-join('d|',$jar,'|',$l4jd,'|',$jdlc,'|',$jmsa,'|',$jdbc,\""`r\"")| Write-Host};if($l4je){-join($l4je,'|',$jdlc,'|',$jmsa,'|',$jdbc,\""`r\"")| Write-Host};[GC]::Collect();[System.Threading.Thread]::Sleep(250);};-join('# jars processed marker: ',$jars_count, ' of ',$num_jars_found);-join('num_jars_found:',$num_jars_found);};$r = wjb $j -Timeout 2880; rcjb $j;}""","/c C:\Windows\System32\WindowsPowershell\v1.0\powershell -NoProfile -Command ""&amp; {$j = sajb {$ErrorActionPreference = 'SilentlyContinue';$ErrorActionPreference = 'SilentlyContinue';$jars = $(Get-ChildItem -Path 'C:\*', 'F:\*' -Recurse -Include '*.jar','*.war','*.ear'| Where-Object Attributes -NotLike ""*ReparsePoint*""| Where-Object { -not $_.PSIsContainer }| % {$_.FullName});try{Add-Type -AssemblyName System.IO.Compression.FileSystem;}catch{'no_archive_inspection'};$num_jars_found = 0;$num_jars_insp = 0;$jars_mod = 0;$rxp_log4j = '(?:\\|\/)(log4j-?(?:core-?)?(\d[.\d]+)?(?:-?((?:rc|alpha|beta)-?\d*))?\.jar)';$rgx_log4j = [Regex]::new($rxp_log4j);$rxp_class = '(.*JndiLookup.class)?(.*JMSAppender.class)?(.*JdbcAppender.class)?';$rgx_class = [Regex]::new($rxp_class,[System.Text.RegularExpressions.RegexOptions]::IgnoreCase);foreach($jar in $jars){$num_jars_found++;};-join('num_jars_found:',$num_jars_found);foreach($jar in $jars){$jars_count++;$jars_mod = $jars_count % 100;if($jars_mod -eq 0){-join('# jars processed marker: ',$jars_count, ' of ',$num_jars_found);};$l4jf = $l4jd = $l4je = $jdlc = $jmsa = $jdbc = $null;$inspect = $true;if($rgx_log4j.IsMatch($jar)){$l4jf=$jar};$jar_open_read = [IO.Compression.ZipFile]::OpenRead($jar);$entries = try{$jar_open_read;}catch{$inspect=$false;};if($inspect){foreach($e in $entries.Entries){$fn = $e.Fullname;if($rgx_class.Match($fn).Groups[1].Value){$jdlc = 'Found'};if($rgx_class.Match($fn).Groups[2].Value){$jmsa = 'Found'};if($rgx_class.Match($fn).Groups[3].Value){$jdbc = 'Found'};if($rgx_log4j.IsMatch($fn)){$l4jd = $fn;$l4jd_zip = [IO.Compression.ZipArchive]::new($e.Open());foreach ($l4jdE in $l4jd_zip.Entries){$le = $l4jdE.FullName;if($rgx_class.Match($le).Groups[1].Value){$jdlc = 'Found'};if($rgx_class.Match($le).Groups[2].Value){$jmsa = 'Found'};if($rgx_class.Match($le).Groups[3].Value){$jdbc = 'Found'};};$l4jd_zip.Dispose();$e.Archive.Dispose();[GC]::Collect();};if(!$jdlc){$jdlc = 'Not Found';};if(!$jmsa){$jmsa = 'Not Found';};if(!$jdbc){$jdbc = 'Not Found';};};if(!$jdlc){$jdlc = 'Unknown';};if(!$jmsa){$jmsa = 'Unknown';};if(!$jdbc){$jdbc = 'Unknown';};};if($l4jf){-join('f|',$l4jf,'|',$jdlc,'|',$jmsa,'|',$jdbc,\""`r\"")| Write-Host};if($l4jd){-join('d|',$jar,'|',$l4jd,'|',$jdlc,'|',$jmsa,'|',$jdbc,\""`r\"")| Write-Host};if($l4je){-join($l4je,'|',$jdlc,'|',$jmsa,'|',$jdbc,\""`r\"")| Write-Host};[GC]::Collect();[System.Threading.Thread]::Sleep(250);};-join('# jars processed marker: ',$jars_count, ' of ',$num_jars_found);-join('num_jars_found:',$num_jars_found);};$r = wjb $j -Timeout 2880; rcjb $j;}""",C:\Windows\System32\cmd.exe,cmd.exe,0x4278,cmd.exe,C:\Windows\System32\cmd.exe,Windows,<_='://../////'><><_='---'_='{----}'/><></><></><>,,,,,,,,0x3e7,,,A new process has been created,4688,XmlWinEventLog:Security,XmlWinEventLog,bbbbbsplunkes01,,,MMM,,ppppPWBADDC03$,,success,A new process has been created,failure,,,"execute
os
process
report
security
start
track_event_signatures
windows",,,,"execute
os
process
report
security
start
track_event_signatures
windows",,,ppppPWBADDC03$,-,,,,,Microsoft,,Microsoft Windows
