,,,,,MMM,,,ppppPWBADDC03$,,,Security,,,,,,where  /Q repadmin,ppppPWBADDC03.mmm.hhh.ggg,,,,-,4688,<Data Name='SubjectUserSid'>NT AUTHORITY\SYSTEM</Data><Data Name='SubjectUserName'>ppppPWBADDC03$</Data><Data Name='SubjectDomainName'>MMM</Data><Data Name='SubjectLogonId'>0x3e7</Data><Data Name='NewProcessId'>0x2e8</Data><Data Name='NewProcessName'>C:\Windows\System32\where.exe</Data><Data Name='TokenElevationType'>%%1936</Data><Data Name='ProcessId'>0x3538</Data><Data Name='CommandLine'>where  /Q repadmin </Data><Data Name='TargetUserSid'>NULL SID</Data><Data Name='TargetUserName'>-</Data><Data Name='TargetDomainName'>-</Data><Data Name='TargetLogonId'>0x0</Data><Data Name='ParentProcessName'>C:\Windows\System32\cmd.exe</Data><Data Name='MandatoryLabel'>Mandatory Label\System Mandatory Level</Data>,4688.0,998787299,,,,,,,,,,,0x8020000000000000,0,,,,0x3e7,,Mandatory Label\System Mandatory Level,,,,,'Microsoft-Windows-Security-Auditing',0x2e8,C:\Windows\System32\where.exe,,,,,,0,C:\Windows\System32\cmd.exe,,,,'4',0x3538,,where  /Q repadmin,,998787299,,,,,,,MMM,0x3e7,ppppPWBADDC03$,NT AUTHORITY\SYSTEM,,'2026-05-18T21:04:33.4353523Z',<Provider Name='Microsoft-Windows-Security-Auditing' Guid='{54849625-5478-4994-a5ba-3e3b0328c30d}'/><EventID>4688</EventID><Version>2</Version><Level>0</Level><Task>13312</Task><Opcode>0</Opcode><Keywords>0x8020000000000000</Keywords><TimeCreated SystemTime='2026-05-18T21:04:33.4353523Z'/><EventRecordID>998787299</EventRecordID><Correlation/><Execution ProcessID='4' ThreadID='2956'/><Channel>Security</Channel><Computer>ppppPWBADDC03.mmm.hhh.ggg</Computer><Security/>,-,0x0,,,-,NULL SID,,,-,,-,13312,'2956',%%1936,%%1936,1936.0,,,,,2,,,,,2026-05-18T17:04:33.435-0400,allowed,win:unknown,,,,,ppppPWBADDC03.mmm.hhh.ggg,,ppppPWBADDC03.mmm.hhh.ggg,ppppPWBADDC03,998787299,endpoint_services_processes windows_endpoint_processes windows_event_signature windows_process_new wineventlog_security wineventlog_windows winsec,,,ppppPWBADDC03,998787299,occs-sss-windows,1,A new process has been created,C:\Windows\System32\where.exe,0x2e8,where.exe,,,,,,,C:\Windows\System32\cmd.exe,0x3538,cmd.exe,C:\Windows\System32\cmd.exe,C:\Windows\System32\where.exe /Q repadmin,/Q repadmin,where,where.exe,0x2e8,where.exe,C:\Windows\System32\where.exe,Windows,<_='://../////'><><_='---'_='{----}'/><></><></><>,,,,,,,,0x3e7,,,A new process has been created,4688,XmlWinEventLog:Security,XmlWinEventLog,bbbbbsplunkes03,,,MMM,,ppppPWBADDC03$,,success,A new process has been created,failure,,,"execute
os
process
report
security
start
track_event_signatures
windows",,,,"execute
os
process
report
security
start
track_event_signatures
windows",,,ppppPWBADDC03$,-,,,,,Microsoft,,Microsoft Windows
,,,,,MMM,,,ppppPWBADDC03$,,,Security,,,,,,where  /Q repadmin,ppppPWBADDC03.mmm.hhh.ggg,,,,-,4688,<Data Name='SubjectUserSid'>NT AUTHORITY\SYSTEM</Data><Data Name='SubjectUserName'>ppppPWBADDC03$</Data><Data Name='SubjectDomainName'>MMM</Data><Data Name='SubjectLogonId'>0x3e7</Data><Data Name='NewProcessId'>0x3710</Data><Data Name='NewProcessName'>C:\Windows\System32\where.exe</Data><Data Name='TokenElevationType'>%%1936</Data><Data Name='ProcessId'>0x2ae4</Data><Data Name='CommandLine'>where  /Q repadmin </Data><Data Name='TargetUserSid'>NULL SID</Data><Data Name='TargetUserName'>-</Data><Data Name='TargetDomainName'>-</Data><Data Name='TargetLogonId'>0x0</Data><Data Name='ParentProcessName'>C:\Windows\System32\cmd.exe</Data><Data Name='MandatoryLabel'>Mandatory Label\System Mandatory Level</Data>,4688.0,998780684,,,,,,,,,,,0x8020000000000000,0,,,,0x3e7,,Mandatory Label\System Mandatory Level,,,,,'Microsoft-Windows-Security-Auditing',0x3710,C:\Windows\System32\where.exe,,,,,,0,C:\Windows\System32\cmd.exe,,,,'4',0x2ae4,,where  /Q repadmin,,998780684,,,,,,,MMM,0x3e7,ppppPWBADDC03$,NT AUTHORITY\SYSTEM,,'2026-05-18T20:59:31.0698229Z',<Provider Name='Microsoft-Windows-Security-Auditing' Guid='{54849625-5478-4994-a5ba-3e3b0328c30d}'/><EventID>4688</EventID><Version>2</Version><Level>0</Level><Task>13312</Task><Opcode>0</Opcode><Keywords>0x8020000000000000</Keywords><TimeCreated SystemTime='2026-05-18T20:59:31.0698229Z'/><EventRecordID>998780684</EventRecordID><Correlation/><Execution ProcessID='4' ThreadID='16784'/><Channel>Security</Channel><Computer>ppppPWBADDC03.mmm.hhh.ggg</Computer><Security/>,-,0x0,,,-,NULL SID,,,-,,-,13312,'16784',%%1936,%%1936,1936.0,,,,,2,,,,,2026-05-18T16:59:31.069-0400,allowed,win:unknown,,,,,ppppPWBADDC03.mmm.hhh.ggg,,ppppPWBADDC03.mmm.hhh.ggg,ppppPWBADDC03,998780684,endpoint_services_processes windows_endpoint_processes windows_event_signature windows_process_new wineventlog_security wineventlog_windows winsec,,,ppppPWBADDC03,998780684,occs-sss-windows,1,A new process has been created,C:\Windows\System32\where.exe,0x3710,where.exe,,,,,,,C:\Windows\System32\cmd.exe,0x2ae4,cmd.exe,C:\Windows\System32\cmd.exe,C:\Windows\System32\where.exe /Q repadmin,/Q repadmin,where,where.exe,0x3710,where.exe,C:\Windows\System32\where.exe,Windows,<_='://../////'><><_='---'_='{----}'/><></><></><>,,,,,,,,0x3e7,,,A new process has been created,4688,XmlWinEventLog:Security,XmlWinEventLog,bbbbbsplunkes02,,,MMM,,ppppPWBADDC03$,,success,A new process has been created,failure,,,"execute
os
process
report
security
start
track_event_signatures
windows",,,,"execute
os
process
report
security
start
track_event_signatures
windows",,,ppppPWBADDC03$,-,,,,,Microsoft,,Microsoft Windows
,,,,,MMM,,,ppppPWBADDC03$,,,Security,,,,,,where  /Q repadmin,ppppPWBADDC03.mmm.hhh.ggg,,,,-,4688,<Data Name='SubjectUserSid'>NT AUTHORITY\SYSTEM</Data><Data Name='SubjectUserName'>ppppPWBADDC03$</Data><Data Name='SubjectDomainName'>MMM</Data><Data Name='SubjectLogonId'>0x3e7</Data><Data Name='NewProcessId'>0x3f88</Data><Data Name='NewProcessName'>C:\Windows\System32\where.exe</Data><Data Name='TokenElevationType'>%%1936</Data><Data Name='ProcessId'>0x4668</Data><Data Name='CommandLine'>where  /Q repadmin </Data><Data Name='TargetUserSid'>NULL SID</Data><Data Name='TargetUserName'>-</Data><Data Name='TargetDomainName'>-</Data><Data Name='TargetLogonId'>0x0</Data><Data Name='ParentProcessName'>C:\Windows\System32\cmd.exe</Data><Data Name='MandatoryLabel'>Mandatory Label\System Mandatory Level</Data>,4688.0,998775471,,,,,,,,,,,0x8020000000000000,0,,,,0x3e7,,Mandatory Label\System Mandatory Level,,,,,'Microsoft-Windows-Security-Auditing',0x3f88,C:\Windows\System32\where.exe,,,,,,0,C:\Windows\System32\cmd.exe,,,,'4',0x4668,,where  /Q repadmin,,998775471,,,,,,,MMM,0x3e7,ppppPWBADDC03$,NT AUTHORITY\SYSTEM,,'2026-05-18T20:54:28.6897829Z',<Provider Name='Microsoft-Windows-Security-Auditing' Guid='{54849625-5478-4994-a5ba-3e3b0328c30d}'/><EventID>4688</EventID><Version>2</Version><Level>0</Level><Task>13312</Task><Opcode>0</Opcode><Keywords>0x8020000000000000</Keywords><TimeCreated SystemTime='2026-05-18T20:54:28.6897829Z'/><EventRecordID>998775471</EventRecordID><Correlation/><Execution ProcessID='4' ThreadID='9372'/><Channel>Security</Channel><Computer>ppppPWBADDC03.mmm.hhh.ggg</Computer><Security/>,-,0x0,,,-,NULL SID,,,-,,-,13312,'9372',%%1936,%%1936,1936.0,,,,,2,,,,,2026-05-18T16:54:28.689-0400,allowed,win:unknown,,,,,ppppPWBADDC03.mmm.hhh.ggg,,ppppPWBADDC03.mmm.hhh.ggg,ppppPWBADDC03,998775471,endpoint_services_processes windows_endpoint_processes windows_event_signature windows_process_new wineventlog_security wineventlog_windows winsec,,,ppppPWBADDC03,998775471,occs-sss-windows,1,A new process has been created,C:\Windows\System32\where.exe,0x3f88,where.exe,,,,,,,C:\Windows\System32\cmd.exe,0x4668,cmd.exe,C:\Windows\System32\cmd.exe,C:\Windows\System32\where.exe /Q repadmin,/Q repadmin,where,where.exe,0x3f88,where.exe,C:\Windows\System32\where.exe,Windows,<_='://../////'><><_='---'_='{----}'/><></><></><>,,,,,,,,0x3e7,,,A new process has been created,4688,XmlWinEventLog:Security,XmlWinEventLog,bbbbbsplunkes01,,,MMM,,ppppPWBADDC03$,,success,A new process has been created,failure,,,"execute
os
process
report
security
start
track_event_signatures
windows",,,,"execute
os
process
report
security
start
track_event_signatures
windows",,,ppppPWBADDC03$,-,,,,,Microsoft,,Microsoft Windows
,,,,,MMM,,,ppppPWBADDC03$,,,Security,,,,,,where  /Q repadmin,ppppPWBADDC03.mmm.hhh.ggg,,,,-,4688,<Data Name='SubjectUserSid'>NT AUTHORITY\SYSTEM</Data><Data Name='SubjectUserName'>ppppPWBADDC03$</Data><Data Name='SubjectDomainName'>MMM</Data><Data Name='SubjectLogonId'>0x3e7</Data><Data Name='NewProcessId'>0x2668</Data><Data Name='NewProcessName'>C:\Windows\System32\where.exe</Data><Data Name='TokenElevationType'>%%1936</Data><Data Name='ProcessId'>0x3740</Data><Data Name='CommandLine'>where  /Q repadmin </Data><Data Name='TargetUserSid'>NULL SID</Data><Data Name='TargetUserName'>-</Data><Data Name='TargetDomainName'>-</Data><Data Name='TargetLogonId'>0x0</Data><Data Name='ParentProcessName'>C:\Windows\System32\cmd.exe</Data><Data Name='MandatoryLabel'>Mandatory Label\System Mandatory Level</Data>,4688.0,998770082,,,,,,,,,,,0x8020000000000000,0,,,,0x3e7,,Mandatory Label\System Mandatory Level,,,,,'Microsoft-Windows-Security-Auditing',0x2668,C:\Windows\System32\where.exe,,,,,,0,C:\Windows\System32\cmd.exe,,,,'4',0x3740,,where  /Q repadmin,,998770082,,,,,,,MMM,0x3e7,ppppPWBADDC03$,NT AUTHORITY\SYSTEM,,'2026-05-18T20:49:25.6442942Z',<Provider Name='Microsoft-Windows-Security-Auditing' Guid='{54849625-5478-4994-a5ba-3e3b0328c30d}'/><EventID>4688</EventID><Version>2</Version><Level>0</Level><Task>13312</Task><Opcode>0</Opcode><Keywords>0x8020000000000000</Keywords><TimeCreated SystemTime='2026-05-18T20:49:25.6442942Z'/><EventRecordID>998770082</EventRecordID><Correlation/><Execution ProcessID='4' ThreadID='14180'/><Channel>Security</Channel><Computer>ppppPWBADDC03.mmm.hhh.ggg</Computer><Security/>,-,0x0,,,-,NULL SID,,,-,,-,13312,'14180',%%1936,%%1936,1936.0,,,,,2,,,,,2026-05-18T16:49:25.644-0400,allowed,win:unknown,,,,,ppppPWBADDC03.mmm.hhh.ggg,,ppppPWBADDC03.mmm.hhh.ggg,ppppPWBADDC03,998770082,endpoint_services_processes windows_endpoint_processes windows_event_signature windows_process_new wineventlog_security wineventlog_windows winsec,,,ppppPWBADDC03,998770082,occs-sss-windows,1,A new process has been created,C:\Windows\System32\where.exe,0x2668,where.exe,,,,,,,C:\Windows\System32\cmd.exe,0x3740,cmd.exe,C:\Windows\System32\cmd.exe,C:\Windows\System32\where.exe /Q repadmin,/Q repadmin,where,where.exe,0x2668,where.exe,C:\Windows\System32\where.exe,Windows,<_='://../////'><><_='---'_='{----}'/><></><></><>,,,,,,,,0x3e7,,,A new process has been created,4688,XmlWinEventLog:Security,XmlWinEventLog,bbbbbsplunkes01,,,MMM,,ppppPWBADDC03$,,success,A new process has been created,failure,,,"execute
os
process
report
security
start
track_event_signatures
windows",,,,"execute
os
process
report
security
start
track_event_signatures
windows",,,ppppPWBADDC03$,-,,,,,Microsoft,,Microsoft Windows
,,,,,MMM,,,ppppPWBADDC03$,,,Security,,,,,,where  /Q repadmin,ppppPWBADDC03.mmm.hhh.ggg,,,,-,4688,<Data Name='SubjectUserSid'>NT AUTHORITY\SYSTEM</Data><Data Name='SubjectUserName'>ppppPWBADDC03$</Data><Data Name='SubjectDomainName'>MMM</Data><Data Name='SubjectLogonId'>0x3e7</Data><Data Name='NewProcessId'>0x2f40</Data><Data Name='NewProcessName'>C:\Windows\System32\where.exe</Data><Data Name='TokenElevationType'>%%1936</Data><Data Name='ProcessId'>0x3ae4</Data><Data Name='CommandLine'>where  /Q repadmin </Data><Data Name='TargetUserSid'>NULL SID</Data><Data Name='TargetUserName'>-</Data><Data Name='TargetDomainName'>-</Data><Data Name='TargetLogonId'>0x0</Data><Data Name='ParentProcessName'>C:\Windows\System32\cmd.exe</Data><Data Name='MandatoryLabel'>Mandatory Label\System Mandatory Level</Data>,4688.0,998764774,,,,,,,,,,,0x8020000000000000,0,,,,0x3e7,,Mandatory Label\System Mandatory Level,,,,,'Microsoft-Windows-Security-Auditing',0x2f40,C:\Windows\System32\where.exe,,,,,,0,C:\Windows\System32\cmd.exe,,,,'4',0x3ae4,,where  /Q repadmin,,998764774,,,,,,,MMM,0x3e7,ppppPWBADDC03$,NT AUTHORITY\SYSTEM,,'2026-05-18T20:44:23.2257867Z',<Provider Name='Microsoft-Windows-Security-Auditing' Guid='{54849625-5478-4994-a5ba-3e3b0328c30d}'/><EventID>4688</EventID><Version>2</Version><Level>0</Level><Task>13312</Task><Opcode>0</Opcode><Keywords>0x8020000000000000</Keywords><TimeCreated SystemTime='2026-05-18T20:44:23.2257867Z'/><EventRecordID>998764774</EventRecordID><Correlation/><Execution ProcessID='4' ThreadID='4840'/><Channel>Security</Channel><Computer>ppppPWBADDC03.mmm.hhh.ggg</Computer><Security/>,-,0x0,,,-,NULL SID,,,-,,-,13312,'4840',%%1936,%%1936,1936.0,,,,,2,,,,,2026-05-18T16:44:23.225-0400,allowed,win:unknown,,,,,ppppPWBADDC03.mmm.hhh.ggg,,ppppPWBADDC03.mmm.hhh.ggg,ppppPWBADDC03,998764774,endpoint_services_processes windows_endpoint_processes windows_event_signature windows_process_new wineventlog_security wineventlog_windows winsec,,,ppppPWBADDC03,998764774,occs-sss-windows,1,A new process has been created,C:\Windows\System32\where.exe,0x2f40,where.exe,,,,,,,C:\Windows\System32\cmd.exe,0x3ae4,cmd.exe,C:\Windows\System32\cmd.exe,C:\Windows\System32\where.exe /Q repadmin,/Q repadmin,where,where.exe,0x2f40,where.exe,C:\Windows\System32\where.exe,Windows,<_='://../////'><><_='---'_='{----}'/><></><></><>,,,,,,,,0x3e7,,,A new process has been created,4688,XmlWinEventLog:Security,XmlWinEventLog,bbbbbsplunkes03,,,MMM,,ppppPWBADDC03$,,success,A new process has been created,failure,,,"execute
os
process
report
security
start
track_event_signatures
windows",,,,"execute
os
process
report
security
start
track_event_signatures
windows",,,ppppPWBADDC03$,-,,,,,Microsoft,,Microsoft Windows
,,,,,MMM,,,ppppPWBADDC03$,,,Security,,,,,,where  /Q repadmin,ppppPWBADDC03.mmm.hhh.ggg,,,,-,4688,<Data Name='SubjectUserSid'>NT AUTHORITY\SYSTEM</Data><Data Name='SubjectUserName'>ppppPWBADDC03$</Data><Data Name='SubjectDomainName'>MMM</Data><Data Name='SubjectLogonId'>0x3e7</Data><Data Name='NewProcessId'>0x3e08</Data><Data Name='NewProcessName'>C:\Windows\System32\where.exe</Data><Data Name='TokenElevationType'>%%1936</Data><Data Name='ProcessId'>0x4240</Data><Data Name='CommandLine'>where  /Q repadmin </Data><Data Name='TargetUserSid'>NULL SID</Data><Data Name='TargetUserName'>-</Data><Data Name='TargetDomainName'>-</Data><Data Name='TargetLogonId'>0x0</Data><Data Name='ParentProcessName'>C:\Windows\System32\cmd.exe</Data><Data Name='MandatoryLabel'>Mandatory Label\System Mandatory Level</Data>,4688.0,998759194,,,,,,,,,,,0x8020000000000000,0,,,,0x3e7,,Mandatory Label\System Mandatory Level,,,,,'Microsoft-Windows-Security-Auditing',0x3e08,C:\Windows\System32\where.exe,,,,,,0,C:\Windows\System32\cmd.exe,,,,'4',0x4240,,where  /Q repadmin,,998759194,,,,,,,MMM,0x3e7,ppppPWBADDC03$,NT AUTHORITY\SYSTEM,,'2026-05-18T20:39:20.8184356Z',<Provider Name='Microsoft-Windows-Security-Auditing' Guid='{54849625-5478-4994-a5ba-3e3b0328c30d}'/><EventID>4688</EventID><Version>2</Version><Level>0</Level><Task>13312</Task><Opcode>0</Opcode><Keywords>0x8020000000000000</Keywords><TimeCreated SystemTime='2026-05-18T20:39:20.8184356Z'/><EventRecordID>998759194</EventRecordID><Correlation/><Execution ProcessID='4' ThreadID='16268'/><Channel>Security</Channel><Computer>ppppPWBADDC03.mmm.hhh.ggg</Computer><Security/>,-,0x0,,,-,NULL SID,,,-,,-,13312,'16268',%%1936,%%1936,1936.0,,,,,2,,,,,2026-05-18T16:39:20.818-0400,allowed,win:unknown,,,,,ppppPWBADDC03.mmm.hhh.ggg,,ppppPWBADDC03.mmm.hhh.ggg,ppppPWBADDC03,998759194,endpoint_services_processes windows_endpoint_processes windows_event_signature windows_process_new wineventlog_security wineventlog_windows winsec,,,ppppPWBADDC03,998759194,occs-sss-windows,1,A new process has been created,C:\Windows\System32\where.exe,0x3e08,where.exe,,,,,,,C:\Windows\System32\cmd.exe,0x4240,cmd.exe,C:\Windows\System32\cmd.exe,C:\Windows\System32\where.exe /Q repadmin,/Q repadmin,where,where.exe,0x3e08,where.exe,C:\Windows\System32\where.exe,Windows,<_='://../////'><><_='---'_='{----}'/><></><></><>,,,,,,,,0x3e7,,,A new process has been created,4688,XmlWinEventLog:Security,XmlWinEventLog,bbbbbsplunkes03,,,MMM,,ppppPWBADDC03$,,success,A new process has been created,failure,,,"execute
os
process
report
security
start
track_event_signatures
windows",,,,"execute
os
process
report
security
start
track_event_signatures
windows",,,ppppPWBADDC03$,-,,,,,Microsoft,,Microsoft Windows
,,,,,MMM,,,ppppPWBADDC03$,,,Security,,,,,,where  /Q repadmin,ppppPWBADDC03.mmm.hhh.ggg,,,,-,4688,<Data Name='SubjectUserSid'>NT AUTHORITY\SYSTEM</Data><Data Name='SubjectUserName'>ppppPWBADDC03$</Data><Data Name='SubjectDomainName'>MMM</Data><Data Name='SubjectLogonId'>0x3e7</Data><Data Name='NewProcessId'>0x3a0c</Data><Data Name='NewProcessName'>C:\Windows\System32\where.exe</Data><Data Name='TokenElevationType'>%%1936</Data><Data Name='ProcessId'>0x372c</Data><Data Name='CommandLine'>where  /Q repadmin </Data><Data Name='TargetUserSid'>NULL SID</Data><Data Name='TargetUserName'>-</Data><Data Name='TargetDomainName'>-</Data><Data Name='TargetLogonId'>0x0</Data><Data Name='ParentProcessName'>C:\Windows\System32\cmd.exe</Data><Data Name='MandatoryLabel'>Mandatory Label\System Mandatory Level</Data>,4688.0,998753551,,,,,,,,,,,0x8020000000000000,0,,,,0x3e7,,Mandatory Label\System Mandatory Level,,,,,'Microsoft-Windows-Security-Auditing',0x3a0c,C:\Windows\System32\where.exe,,,,,,0,C:\Windows\System32\cmd.exe,,,,'4',0x372c,,where  /Q repadmin,,998753551,,,,,,,MMM,0x3e7,ppppPWBADDC03$,NT AUTHORITY\SYSTEM,,'2026-05-18T20:34:18.4153456Z',<Provider Name='Microsoft-Windows-Security-Auditing' Guid='{54849625-5478-4994-a5ba-3e3b0328c30d}'/><EventID>4688</EventID><Version>2</Version><Level>0</Level><Task>13312</Task><Opcode>0</Opcode><Keywords>0x8020000000000000</Keywords><TimeCreated SystemTime='2026-05-18T20:34:18.4153456Z'/><EventRecordID>998753551</EventRecordID><Correlation/><Execution ProcessID='4' ThreadID='10088'/><Channel>Security</Channel><Computer>ppppPWBADDC03.mmm.hhh.ggg</Computer><Security/>,-,0x0,,,-,NULL SID,,,-,,-,13312,'10088',%%1936,%%1936,1936.0,,,,,2,,,,,2026-05-18T16:34:18.415-0400,allowed,win:unknown,,,,,ppppPWBADDC03.mmm.hhh.ggg,,ppppPWBADDC03.mmm.hhh.ggg,ppppPWBADDC03,998753551,endpoint_services_processes windows_endpoint_processes windows_event_signature windows_process_new wineventlog_security wineventlog_windows winsec,,,ppppPWBADDC03,998753551,occs-sss-windows,1,A new process has been created,C:\Windows\System32\where.exe,0x3a0c,where.exe,,,,,,,C:\Windows\System32\cmd.exe,0x372c,cmd.exe,C:\Windows\System32\cmd.exe,C:\Windows\System32\where.exe /Q repadmin,/Q repadmin,where,where.exe,0x3a0c,where.exe,C:\Windows\System32\where.exe,Windows,<_='://../////'><><_='---'_='{----}'/><></><></><>,,,,,,,,0x3e7,,,A new process has been created,4688,XmlWinEventLog:Security,XmlWinEventLog,bbbbbsplunkes02,,,MMM,,ppppPWBADDC03$,,success,A new process has been created,failure,,,"execute
os
process
report
security
start
track_event_signatures
windows",,,,"execute
os
process
report
security
start
track_event_signatures
windows",,,ppppPWBADDC03$,-,,,,,Microsoft,,Microsoft Windows
,,,,,MMM,,,ppppPWBADDC03$,,,Security,,,,,,where  /Q repadmin,ppppPWBADDC03.mmm.hhh.ggg,,,,-,4688,<Data Name='SubjectUserSid'>NT AUTHORITY\SYSTEM</Data><Data Name='SubjectUserName'>ppppPWBADDC03$</Data><Data Name='SubjectDomainName'>MMM</Data><Data Name='SubjectLogonId'>0x3e7</Data><Data Name='NewProcessId'>0x424</Data><Data Name='NewProcessName'>C:\Windows\System32\where.exe</Data><Data Name='TokenElevationType'>%%1936</Data><Data Name='ProcessId'>0x3fa4</Data><Data Name='CommandLine'>where  /Q repadmin </Data><Data Name='TargetUserSid'>NULL SID</Data><Data Name='TargetUserName'>-</Data><Data Name='TargetDomainName'>-</Data><Data Name='TargetLogonId'>0x0</Data><Data Name='ParentProcessName'>C:\Windows\System32\cmd.exe</Data><Data Name='MandatoryLabel'>Mandatory Label\System Mandatory Level</Data>,4688.0,998746583,,,,,,,,,,,0x8020000000000000,0,,,,0x3e7,,Mandatory Label\System Mandatory Level,,,,,'Microsoft-Windows-Security-Auditing',0x424,C:\Windows\System32\where.exe,,,,,,0,C:\Windows\System32\cmd.exe,,,,'4',0x3fa4,,where  /Q repadmin,,998746583,,,,,,,MMM,0x3e7,ppppPWBADDC03$,NT AUTHORITY\SYSTEM,,'2026-05-18T20:29:15.3632918Z',<Provider Name='Microsoft-Windows-Security-Auditing' Guid='{54849625-5478-4994-a5ba-3e3b0328c30d}'/><EventID>4688</EventID><Version>2</Version><Level>0</Level><Task>13312</Task><Opcode>0</Opcode><Keywords>0x8020000000000000</Keywords><TimeCreated SystemTime='2026-05-18T20:29:15.3632918Z'/><EventRecordID>998746583</EventRecordID><Correlation/><Execution ProcessID='4' ThreadID='16200'/><Channel>Security</Channel><Computer>ppppPWBADDC03.mmm.hhh.ggg</Computer><Security/>,-,0x0,,,-,NULL SID,,,-,,-,13312,'16200',%%1936,%%1936,1936.0,,,,,2,,,,,2026-05-18T16:29:15.363-0400,allowed,win:unknown,,,,,ppppPWBADDC03.mmm.hhh.ggg,,ppppPWBADDC03.mmm.hhh.ggg,ppppPWBADDC03,998746583,endpoint_services_processes windows_endpoint_processes windows_event_signature windows_process_new wineventlog_security wineventlog_windows winsec,,,ppppPWBADDC03,998746583,occs-sss-windows,1,A new process has been created,C:\Windows\System32\where.exe,0x424,where.exe,,,,,,,C:\Windows\System32\cmd.exe,0x3fa4,cmd.exe,C:\Windows\System32\cmd.exe,C:\Windows\System32\where.exe /Q repadmin,/Q repadmin,where,where.exe,0x424,where.exe,C:\Windows\System32\where.exe,Windows,<_='://../////'><><_='---'_='{----}'/><></><></><>,,,,,,,,0x3e7,,,A new process has been created,4688,XmlWinEventLog:Security,XmlWinEventLog,bbbbbsplunkes01,,,MMM,,ppppPWBADDC03$,,success,A new process has been created,failure,,,"execute
os
process
report
security
start
track_event_signatures
windows",,,,"execute
os
process
report
security
start
track_event_signatures
windows",,,ppppPWBADDC03$,-,,,,,Microsoft,,Microsoft Windows
,,,,,MMM,,,ppppPWBADDC03$,,,Security,,,,,,where  /Q repadmin,ppppPWBADDC03.mmm.hhh.ggg,,,,-,4688,<Data Name='SubjectUserSid'>NT AUTHORITY\SYSTEM</Data><Data Name='SubjectUserName'>ppppPWBADDC03$</Data><Data Name='SubjectDomainName'>MMM</Data><Data Name='SubjectLogonId'>0x3e7</Data><Data Name='NewProcessId'>0x3e20</Data><Data Name='NewProcessName'>C:\Windows\System32\where.exe</Data><Data Name='TokenElevationType'>%%1936</Data><Data Name='ProcessId'>0x36cc</Data><Data Name='CommandLine'>where  /Q repadmin </Data><Data Name='TargetUserSid'>NULL SID</Data><Data Name='TargetUserName'>-</Data><Data Name='TargetDomainName'>-</Data><Data Name='TargetLogonId'>0x0</Data><Data Name='ParentProcessName'>C:\Windows\System32\cmd.exe</Data><Data Name='MandatoryLabel'>Mandatory Label\System Mandatory Level</Data>,4688.0,998740416,,,,,,,,,,,0x8020000000000000,0,,,,0x3e7,,Mandatory Label\System Mandatory Level,,,,,'Microsoft-Windows-Security-Auditing',0x3e20,C:\Windows\System32\where.exe,,,,,,0,C:\Windows\System32\cmd.exe,,,,'4',0x36cc,,where  /Q repadmin,,998740416,,,,,,,MMM,0x3e7,ppppPWBADDC03$,NT AUTHORITY\SYSTEM,,'2026-05-18T20:24:13.0016097Z',<Provider Name='Microsoft-Windows-Security-Auditing' Guid='{54849625-5478-4994-a5ba-3e3b0328c30d}'/><EventID>4688</EventID><Version>2</Version><Level>0</Level><Task>13312</Task><Opcode>0</Opcode><Keywords>0x8020000000000000</Keywords><TimeCreated SystemTime='2026-05-18T20:24:13.0016097Z'/><EventRecordID>998740416</EventRecordID><Correlation/><Execution ProcessID='4' ThreadID='14180'/><Channel>Security</Channel><Computer>ppppPWBADDC03.mmm.hhh.ggg</Computer><Security/>,-,0x0,,,-,NULL SID,,,-,,-,13312,'14180',%%1936,%%1936,1936.0,,,,,2,,,,,2026-05-18T16:24:13.001-0400,allowed,win:unknown,,,,,ppppPWBADDC03.mmm.hhh.ggg,,ppppPWBADDC03.mmm.hhh.ggg,ppppPWBADDC03,998740416,endpoint_services_processes windows_endpoint_processes windows_event_signature windows_process_new wineventlog_security wineventlog_windows winsec,,,ppppPWBADDC03,998740416,occs-sss-windows,1,A new process has been created,C:\Windows\System32\where.exe,0x3e20,where.exe,,,,,,,C:\Windows\System32\cmd.exe,0x36cc,cmd.exe,C:\Windows\System32\cmd.exe,C:\Windows\System32\where.exe /Q repadmin,/Q repadmin,where,where.exe,0x3e20,where.exe,C:\Windows\System32\where.exe,Windows,<_='://../////'><><_='---'_='{----}'/><></><></><>,,,,,,,,0x3e7,,,A new process has been created,4688,XmlWinEventLog:Security,XmlWinEventLog,bbbbbsplunkes01,,,MMM,,ppppPWBADDC03$,,success,A new process has been created,failure,,,"execute
os
process
report
security
start
track_event_signatures
windows",,,,"execute
os
process
report
security
start
track_event_signatures
windows",,,ppppPWBADDC03$,-,,,,,Microsoft,,Microsoft Windows
,,,,,MMM,,,ppppPWBADDC03$,,,Security,,,,,,where  /Q repadmin,ppppPWBADDC03.mmm.hhh.ggg,,,,-,4688,<Data Name='SubjectUserSid'>NT AUTHORITY\SYSTEM</Data><Data Name='SubjectUserName'>ppppPWBADDC03$</Data><Data Name='SubjectDomainName'>MMM</Data><Data Name='SubjectLogonId'>0x3e7</Data><Data Name='NewProcessId'>0x2b34</Data><Data Name='NewProcessName'>C:\Windows\System32\where.exe</Data><Data Name='TokenElevationType'>%%1936</Data><Data Name='ProcessId'>0x104c</Data><Data Name='CommandLine'>where  /Q repadmin </Data><Data Name='TargetUserSid'>NULL SID</Data><Data Name='TargetUserName'>-</Data><Data Name='TargetDomainName'>-</Data><Data Name='TargetLogonId'>0x0</Data><Data Name='ParentProcessName'>C:\Windows\System32\cmd.exe</Data><Data Name='MandatoryLabel'>Mandatory Label\System Mandatory Level</Data>,4688.0,998734735,,,,,,,,,,,0x8020000000000000,0,,,,0x3e7,,Mandatory Label\System Mandatory Level,,,,,'Microsoft-Windows-Security-Auditing',0x2b34,C:\Windows\System32\where.exe,,,,,,0,C:\Windows\System32\cmd.exe,,,,'4',0x104c,,where  /Q repadmin,,998734735,,,,,,,MMM,0x3e7,ppppPWBADDC03$,NT AUTHORITY\SYSTEM,,'2026-05-18T20:19:10.6273242Z',<Provider Name='Microsoft-Windows-Security-Auditing' Guid='{54849625-5478-4994-a5ba-3e3b0328c30d}'/><EventID>4688</EventID><Version>2</Version><Level>0</Level><Task>13312</Task><Opcode>0</Opcode><Keywords>0x8020000000000000</Keywords><TimeCreated SystemTime='2026-05-18T20:19:10.6273242Z'/><EventRecordID>998734735</EventRecordID><Correlation/><Execution ProcessID='4' ThreadID='10916'/><Channel>Security</Channel><Computer>ppppPWBADDC03.mmm.hhh.ggg</Computer><Security/>,-,0x0,,,-,NULL SID,,,-,,-,13312,'10916',%%1936,%%1936,1936.0,,,,,2,,,,,2026-05-18T16:19:10.627-0400,allowed,win:unknown,,,,,ppppPWBADDC03.mmm.hhh.ggg,,ppppPWBADDC03.mmm.hhh.ggg,ppppPWBADDC03,998734735,endpoint_services_processes windows_endpoint_processes windows_event_signature windows_process_new wineventlog_security wineventlog_windows winsec,,,ppppPWBADDC03,998734735,occs-sss-windows,1,A new process has been created,C:\Windows\System32\where.exe,0x2b34,where.exe,,,,,,,C:\Windows\System32\cmd.exe,0x104c,cmd.exe,C:\Windows\System32\cmd.exe,C:\Windows\System32\where.exe /Q repadmin,/Q repadmin,where,where.exe,0x2b34,where.exe,C:\Windows\System32\where.exe,Windows,<_='://../////'><><_='---'_='{----}'/><></><></><>,,,,,,,,0x3e7,,,A new process has been created,4688,XmlWinEventLog:Security,XmlWinEventLog,bbbbbsplunkes01,,,MMM,,ppppPWBADDC03$,,success,A new process has been created,failure,,,"execute
os
process
report
security
start
track_event_signatures
windows",,,,"execute
os
process
report
security
start
track_event_signatures
windows",,,ppppPWBADDC03$,-,,,,,Microsoft,,Microsoft Windows
,,,,,MMM,,,ppppPWBADDC03$,,,Security,,,,,,where  /Q repadmin,ppppPWBADDC03.mmm.hhh.ggg,,,,-,4688,<Data Name='SubjectUserSid'>NT AUTHORITY\SYSTEM</Data><Data Name='SubjectUserName'>ppppPWBADDC03$</Data><Data Name='SubjectDomainName'>MMM</Data><Data Name='SubjectLogonId'>0x3e7</Data><Data Name='NewProcessId'>0x2ce0</Data><Data Name='NewProcessName'>C:\Windows\System32\where.exe</Data><Data Name='TokenElevationType'>%%1936</Data><Data Name='ProcessId'>0x16dc</Data><Data Name='CommandLine'>where  /Q repadmin </Data><Data Name='TargetUserSid'>NULL SID</Data><Data Name='TargetUserName'>-</Data><Data Name='TargetDomainName'>-</Data><Data Name='TargetLogonId'>0x0</Data><Data Name='ParentProcessName'>C:\Windows\System32\cmd.exe</Data><Data Name='MandatoryLabel'>Mandatory Label\System Mandatory Level</Data>,4688.0,998727652,,,,,,,,,,,0x8020000000000000,0,,,,0x3e7,,Mandatory Label\System Mandatory Level,,,,,'Microsoft-Windows-Security-Auditing',0x2ce0,C:\Windows\System32\where.exe,,,,,,0,C:\Windows\System32\cmd.exe,,,,'4',0x16dc,,where  /Q repadmin,,998727652,,,,,,,MMM,0x3e7,ppppPWBADDC03$,NT AUTHORITY\SYSTEM,,'2026-05-18T20:14:08.2938009Z',<Provider Name='Microsoft-Windows-Security-Auditing' Guid='{54849625-5478-4994-a5ba-3e3b0328c30d}'/><EventID>4688</EventID><Version>2</Version><Level>0</Level><Task>13312</Task><Opcode>0</Opcode><Keywords>0x8020000000000000</Keywords><TimeCreated SystemTime='2026-05-18T20:14:08.2938009Z'/><EventRecordID>998727652</EventRecordID><Correlation/><Execution ProcessID='4' ThreadID='15244'/><Channel>Security</Channel><Computer>ppppPWBADDC03.mmm.hhh.ggg</Computer><Security/>,-,0x0,,,-,NULL SID,,,-,,-,13312,'15244',%%1936,%%1936,1936.0,,,,,2,,,,,2026-05-18T16:14:08.293-0400,allowed,win:unknown,,,,,ppppPWBADDC03.mmm.hhh.ggg,,ppppPWBADDC03.mmm.hhh.ggg,ppppPWBADDC03,998727652,endpoint_services_processes windows_endpoint_processes windows_event_signature windows_process_new wineventlog_security wineventlog_windows winsec,,,ppppPWBADDC03,998727652,occs-sss-windows,1,A new process has been created,C:\Windows\System32\where.exe,0x2ce0,where.exe,,,,,,,C:\Windows\System32\cmd.exe,0x16dc,cmd.exe,C:\Windows\System32\cmd.exe,C:\Windows\System32\where.exe /Q repadmin,/Q repadmin,where,where.exe,0x2ce0,where.exe,C:\Windows\System32\where.exe,Windows,<_='://../////'><><_='---'_='{----}'/><></><></><>,,,,,,,,0x3e7,,,A new process has been created,4688,XmlWinEventLog:Security,XmlWinEventLog,bbbbbsplunkes01,,,MMM,,ppppPWBADDC03$,,success,A new process has been created,failure,,,"execute
os
process
report
security
start
track_event_signatures
windows",,,,"execute
os
process
report
security
start
track_event_signatures
windows",,,ppppPWBADDC03$,-,,,,,Microsoft,,Microsoft Windows
,,,,,MMM,,,ppppPWBADDC03$,,,Security,,,,,,where  /Q repadmin,ppppPWBADDC03.mmm.hhh.ggg,,,,-,4688,<Data Name='SubjectUserSid'>NT AUTHORITY\SYSTEM</Data><Data Name='SubjectUserName'>ppppPWBADDC03$</Data><Data Name='SubjectDomainName'>MMM</Data><Data Name='SubjectLogonId'>0x3e7</Data><Data Name='NewProcessId'>0x3fac</Data><Data Name='NewProcessName'>C:\Windows\System32\where.exe</Data><Data Name='TokenElevationType'>%%1936</Data><Data Name='ProcessId'>0x3cd0</Data><Data Name='CommandLine'>where  /Q repadmin </Data><Data Name='TargetUserSid'>NULL SID</Data><Data Name='TargetUserName'>-</Data><Data Name='TargetDomainName'>-</Data><Data Name='TargetLogonId'>0x0</Data><Data Name='ParentProcessName'>C:\Windows\System32\cmd.exe</Data><Data Name='MandatoryLabel'>Mandatory Label\System Mandatory Level</Data>,4688.0,998720788,,,,,,,,,,,0x8020000000000000,0,,,,0x3e7,,Mandatory Label\System Mandatory Level,,,,,'Microsoft-Windows-Security-Auditing',0x3fac,C:\Windows\System32\where.exe,,,,,,0,C:\Windows\System32\cmd.exe,,,,'4',0x3cd0,,where  /Q repadmin,,998720788,,,,,,,MMM,0x3e7,ppppPWBADDC03$,NT AUTHORITY\SYSTEM,,'2026-05-18T20:09:05.2210986Z',<Provider Name='Microsoft-Windows-Security-Auditing' Guid='{54849625-5478-4994-a5ba-3e3b0328c30d}'/><EventID>4688</EventID><Version>2</Version><Level>0</Level><Task>13312</Task><Opcode>0</Opcode><Keywords>0x8020000000000000</Keywords><TimeCreated SystemTime='2026-05-18T20:09:05.2210986Z'/><EventRecordID>998720788</EventRecordID><Correlation/><Execution ProcessID='4' ThreadID='9072'/><Channel>Security</Channel><Computer>ppppPWBADDC03.mmm.hhh.ggg</Computer><Security/>,-,0x0,,,-,NULL SID,,,-,,-,13312,'9072',%%1936,%%1936,1936.0,,,,,2,,,,,2026-05-18T16:09:05.221-0400,allowed,win:unknown,,,,,ppppPWBADDC03.mmm.hhh.ggg,,ppppPWBADDC03.mmm.hhh.ggg,ppppPWBADDC03,998720788,endpoint_services_processes windows_endpoint_processes windows_event_signature windows_process_new wineventlog_security wineventlog_windows winsec,,,ppppPWBADDC03,998720788,occs-sss-windows,1,A new process has been created,C:\Windows\System32\where.exe,0x3fac,where.exe,,,,,,,C:\Windows\System32\cmd.exe,0x3cd0,cmd.exe,C:\Windows\System32\cmd.exe,C:\Windows\System32\where.exe /Q repadmin,/Q repadmin,where,where.exe,0x3fac,where.exe,C:\Windows\System32\where.exe,Windows,<_='://../////'><><_='---'_='{----}'/><></><></><>,,,,,,,,0x3e7,,,A new process has been created,4688,XmlWinEventLog:Security,XmlWinEventLog,bbbbbsplunkes01,,,MMM,,ppppPWBADDC03$,,success,A new process has been created,failure,,,"execute
os
process
report
security
start
track_event_signatures
windows",,,,"execute
os
process
report
security
start
track_event_signatures
windows",,,ppppPWBADDC03$,-,,,,,Microsoft,,Microsoft Windows
,,,,,MMM,,,ppppPWBADDC03$,,,Security,,,,,,where  /Q repadmin,ppppPWBADDC03.mmm.hhh.ggg,,,,-,4688,<Data Name='SubjectUserSid'>NT AUTHORITY\SYSTEM</Data><Data Name='SubjectUserName'>ppppPWBADDC03$</Data><Data Name='SubjectDomainName'>MMM</Data><Data Name='SubjectLogonId'>0x3e7</Data><Data Name='NewProcessId'>0x1308</Data><Data Name='NewProcessName'>C:\Windows\System32\where.exe</Data><Data Name='TokenElevationType'>%%1936</Data><Data Name='ProcessId'>0x1650</Data><Data Name='CommandLine'>where  /Q repadmin </Data><Data Name='TargetUserSid'>NULL SID</Data><Data Name='TargetUserName'>-</Data><Data Name='TargetDomainName'>-</Data><Data Name='TargetLogonId'>0x0</Data><Data Name='ParentProcessName'>C:\Windows\System32\cmd.exe</Data><Data Name='MandatoryLabel'>Mandatory Label\System Mandatory Level</Data>,4688.0,998713993,,,,,,,,,,,0x8020000000000000,0,,,,0x3e7,,Mandatory Label\System Mandatory Level,,,,,'Microsoft-Windows-Security-Auditing',0x1308,C:\Windows\System32\where.exe,,,,,,0,C:\Windows\System32\cmd.exe,,,,'4',0x1650,,where  /Q repadmin,,998713993,,,,,,,MMM,0x3e7,ppppPWBADDC03$,NT AUTHORITY\SYSTEM,,'2026-05-18T20:04:02.8844508Z',<Provider Name='Microsoft-Windows-Security-Auditing' Guid='{54849625-5478-4994-a5ba-3e3b0328c30d}'/><EventID>4688</EventID><Version>2</Version><Level>0</Level><Task>13312</Task><Opcode>0</Opcode><Keywords>0x8020000000000000</Keywords><TimeCreated SystemTime='2026-05-18T20:04:02.8844508Z'/><EventRecordID>998713993</EventRecordID><Correlation/><Execution ProcessID='4' ThreadID='17596'/><Channel>Security</Channel><Computer>ppppPWBADDC03.mmm.hhh.ggg</Computer><Security/>,-,0x0,,,-,NULL SID,,,-,,-,13312,'17596',%%1936,%%1936,1936.0,,,,,2,,,,,2026-05-18T16:04:02.884-0400,allowed,win:unknown,,,,,ppppPWBADDC03.mmm.hhh.ggg,,ppppPWBADDC03.mmm.hhh.ggg,ppppPWBADDC03,998713993,endpoint_services_processes windows_endpoint_processes windows_event_signature windows_process_new wineventlog_security wineventlog_windows winsec,,,ppppPWBADDC03,998713993,occs-sss-windows,1,A new process has been created,C:\Windows\System32\where.exe,0x1308,where.exe,,,,,,,C:\Windows\System32\cmd.exe,0x1650,cmd.exe,C:\Windows\System32\cmd.exe,C:\Windows\System32\where.exe /Q repadmin,/Q repadmin,where,where.exe,0x1308,where.exe,C:\Windows\System32\where.exe,Windows,<_='://../////'><><_='---'_='{----}'/><></><></><>,,,,,,,,0x3e7,,,A new process has been created,4688,XmlWinEventLog:Security,XmlWinEventLog,bbbbbsplunkes01,,,MMM,,ppppPWBADDC03$,,success,A new process has been created,failure,,,"execute
os
process
report
security
start
track_event_signatures
windows",,,,"execute
os
process
report
security
start
track_event_signatures
windows",,,ppppPWBADDC03$,-,,,,,Microsoft,,Microsoft Windows
,,,,,MMM,,,ppppPWBADDC03$,,,Security,,,,,,where  /Q repadmin,ppppPWBADDC03.mmm.hhh.ggg,,,,-,4688,<Data Name='SubjectUserSid'>NT AUTHORITY\SYSTEM</Data><Data Name='SubjectUserName'>ppppPWBADDC03$</Data><Data Name='SubjectDomainName'>MMM</Data><Data Name='SubjectLogonId'>0x3e7</Data><Data Name='NewProcessId'>0x4774</Data><Data Name='NewProcessName'>C:\Windows\System32\where.exe</Data><Data Name='TokenElevationType'>%%1936</Data><Data Name='ProcessId'>0x200c</Data><Data Name='CommandLine'>where  /Q repadmin </Data><Data Name='TargetUserSid'>NULL SID</Data><Data Name='TargetUserName'>-</Data><Data Name='TargetDomainName'>-</Data><Data Name='TargetLogonId'>0x0</Data><Data Name='ParentProcessName'>C:\Windows\System32\cmd.exe</Data><Data Name='MandatoryLabel'>Mandatory Label\System Mandatory Level</Data>,4688.0,998705650,,,,,,,,,,,0x8020000000000000,0,,,,0x3e7,,Mandatory Label\System Mandatory Level,,,,,'Microsoft-Windows-Security-Auditing',0x4774,C:\Windows\System32\where.exe,,,,,,0,C:\Windows\System32\cmd.exe,,,,'4',0x200c,,where  /Q repadmin,,998705650,,,,,,,MMM,0x3e7,ppppPWBADDC03$,NT AUTHORITY\SYSTEM,,'2026-05-18T19:59:00.5384986Z',<Provider Name='Microsoft-Windows-Security-Auditing' Guid='{54849625-5478-4994-a5ba-3e3b0328c30d}'/><EventID>4688</EventID><Version>2</Version><Level>0</Level><Task>13312</Task><Opcode>0</Opcode><Keywords>0x8020000000000000</Keywords><TimeCreated SystemTime='2026-05-18T19:59:00.5384986Z'/><EventRecordID>998705650</EventRecordID><Correlation/><Execution ProcessID='4' ThreadID='18272'/><Channel>Security</Channel><Computer>ppppPWBADDC03.mmm.hhh.ggg</Computer><Security/>,-,0x0,,,-,NULL SID,,,-,,-,13312,'18272',%%1936,%%1936,1936.0,,,,,2,,,,,2026-05-18T15:59:00.538-0400,allowed,win:unknown,,,,,ppppPWBADDC03.mmm.hhh.ggg,,ppppPWBADDC03.mmm.hhh.ggg,ppppPWBADDC03,998705650,endpoint_services_processes windows_endpoint_processes windows_event_signature windows_process_new wineventlog_security wineventlog_windows winsec,,,ppppPWBADDC03,998705650,occs-sss-windows,1,A new process has been created,C:\Windows\System32\where.exe,0x4774,where.exe,,,,,,,C:\Windows\System32\cmd.exe,0x200c,cmd.exe,C:\Windows\System32\cmd.exe,C:\Windows\System32\where.exe /Q repadmin,/Q repadmin,where,where.exe,0x4774,where.exe,C:\Windows\System32\where.exe,Windows,<_='://../////'><><_='---'_='{----}'/><></><></><>,,,,,,,,0x3e7,,,A new process has been created,4688,XmlWinEventLog:Security,XmlWinEventLog,bbbbbsplunkes01,,,MMM,,ppppPWBADDC03$,,success,A new process has been created,failure,,,"execute
os
process
report
security
start
track_event_signatures
windows",,,,"execute
os
process
report
security
start
track_event_signatures
windows",,,ppppPWBADDC03$,-,,,,,Microsoft,,Microsoft Windows
,,,,,MMM,,,ppppPWBADDC03$,,,Security,,,,,,where  /Q repadmin,ppppPWBADDC03.mmm.hhh.ggg,,,,-,4688,<Data Name='SubjectUserSid'>NT AUTHORITY\SYSTEM</Data><Data Name='SubjectUserName'>ppppPWBADDC03$</Data><Data Name='SubjectDomainName'>MMM</Data><Data Name='SubjectLogonId'>0x3e7</Data><Data Name='NewProcessId'>0x3898</Data><Data Name='NewProcessName'>C:\Windows\System32\where.exe</Data><Data Name='TokenElevationType'>%%1936</Data><Data Name='ProcessId'>0x3cc4</Data><Data Name='CommandLine'>where  /Q repadmin </Data><Data Name='TargetUserSid'>NULL SID</Data><Data Name='TargetUserName'>-</Data><Data Name='TargetDomainName'>-</Data><Data Name='TargetLogonId'>0x0</Data><Data Name='ParentProcessName'>C:\Windows\System32\cmd.exe</Data><Data Name='MandatoryLabel'>Mandatory Label\System Mandatory Level</Data>,4688.0,998699579,,,,,,,,,,,0x8020000000000000,0,,,,0x3e7,,Mandatory Label\System Mandatory Level,,,,,'Microsoft-Windows-Security-Auditing',0x3898,C:\Windows\System32\where.exe,,,,,,0,C:\Windows\System32\cmd.exe,,,,'4',0x3cc4,,where  /Q repadmin,,998699579,,,,,,,MMM,0x3e7,ppppPWBADDC03$,NT AUTHORITY\SYSTEM,,'2026-05-18T19:53:58.1588965Z',<Provider Name='Microsoft-Windows-Security-Auditing' Guid='{54849625-5478-4994-a5ba-3e3b0328c30d}'/><EventID>4688</EventID><Version>2</Version><Level>0</Level><Task>13312</Task><Opcode>0</Opcode><Keywords>0x8020000000000000</Keywords><TimeCreated SystemTime='2026-05-18T19:53:58.1588965Z'/><EventRecordID>998699579</EventRecordID><Correlation/><Execution ProcessID='4' ThreadID='9372'/><Channel>Security</Channel><Computer>ppppPWBADDC03.mmm.hhh.ggg</Computer><Security/>,-,0x0,,,-,NULL SID,,,-,,-,13312,'9372',%%1936,%%1936,1936.0,,,,,2,,,,,2026-05-18T15:53:58.158-0400,allowed,win:unknown,,,,,ppppPWBADDC03.mmm.hhh.ggg,,ppppPWBADDC03.mmm.hhh.ggg,ppppPWBADDC03,998699579,endpoint_services_processes windows_endpoint_processes windows_event_signature windows_process_new wineventlog_security wineventlog_windows winsec,,,ppppPWBADDC03,998699579,occs-sss-windows,1,A new process has been created,C:\Windows\System32\where.exe,0x3898,where.exe,,,,,,,C:\Windows\System32\cmd.exe,0x3cc4,cmd.exe,C:\Windows\System32\cmd.exe,C:\Windows\System32\where.exe /Q repadmin,/Q repadmin,where,where.exe,0x3898,where.exe,C:\Windows\System32\where.exe,Windows,<_='://../////'><><_='---'_='{----}'/><></><></><>,,,,,,,,0x3e7,,,A new process has been created,4688,XmlWinEventLog:Security,XmlWinEventLog,bbbbbsplunkes03,,,MMM,,ppppPWBADDC03$,,success,A new process has been created,failure,,,"execute
os
process
report
security
start
track_event_signatures
windows",,,,"execute
os
process
report
security
start
track_event_signatures
windows",,,ppppPWBADDC03$,-,,,,,Microsoft,,Microsoft Windows
,,,,,MMM,,,ppppPWBADDC03$,,,Security,,,,,,where  /Q repadmin,ppppPWBADDC03.mmm.hhh.ggg,,,,-,4688,<Data Name='SubjectUserSid'>NT AUTHORITY\SYSTEM</Data><Data Name='SubjectUserName'>ppppPWBADDC03$</Data><Data Name='SubjectDomainName'>MMM</Data><Data Name='SubjectLogonId'>0x3e7</Data><Data Name='NewProcessId'>0x3b60</Data><Data Name='NewProcessName'>C:\Windows\System32\where.exe</Data><Data Name='TokenElevationType'>%%1936</Data><Data Name='ProcessId'>0x2394</Data><Data Name='CommandLine'>where  /Q repadmin </Data><Data Name='TargetUserSid'>NULL SID</Data><Data Name='TargetUserName'>-</Data><Data Name='TargetDomainName'>-</Data><Data Name='TargetLogonId'>0x0</Data><Data Name='ParentProcessName'>C:\Windows\System32\cmd.exe</Data><Data Name='MandatoryLabel'>Mandatory Label\System Mandatory Level</Data>,4688.0,998692962,,,,,,,,,,,0x8020000000000000,0,,,,0x3e7,,Mandatory Label\System Mandatory Level,,,,,'Microsoft-Windows-Security-Auditing',0x3b60,C:\Windows\System32\where.exe,,,,,,0,C:\Windows\System32\cmd.exe,,,,'4',0x2394,,where  /Q repadmin,,998692962,,,,,,,MMM,0x3e7,ppppPWBADDC03$,NT AUTHORITY\SYSTEM,,'2026-05-18T19:48:55.1570403Z',<Provider Name='Microsoft-Windows-Security-Auditing' Guid='{54849625-5478-4994-a5ba-3e3b0328c30d}'/><EventID>4688</EventID><Version>2</Version><Level>0</Level><Task>13312</Task><Opcode>0</Opcode><Keywords>0x8020000000000000</Keywords><TimeCreated SystemTime='2026-05-18T19:48:55.1570403Z'/><EventRecordID>998692962</EventRecordID><Correlation/><Execution ProcessID='4' ThreadID='9072'/><Channel>Security</Channel><Computer>ppppPWBADDC03.mmm.hhh.ggg</Computer><Security/>,-,0x0,,,-,NULL SID,,,-,,-,13312,'9072',%%1936,%%1936,1936.0,,,,,2,,,,,2026-05-18T15:48:55.157-0400,allowed,win:unknown,,,,,ppppPWBADDC03.mmm.hhh.ggg,,ppppPWBADDC03.mmm.hhh.ggg,ppppPWBADDC03,998692962,endpoint_services_processes windows_endpoint_processes windows_event_signature windows_process_new wineventlog_security wineventlog_windows winsec,,,ppppPWBADDC03,998692962,occs-sss-windows,1,A new process has been created,C:\Windows\System32\where.exe,0x3b60,where.exe,,,,,,,C:\Windows\System32\cmd.exe,0x2394,cmd.exe,C:\Windows\System32\cmd.exe,C:\Windows\System32\where.exe /Q repadmin,/Q repadmin,where,where.exe,0x3b60,where.exe,C:\Windows\System32\where.exe,Windows,<_='://../////'><><_='---'_='{----}'/><></><></><>,,,,,,,,0x3e7,,,A new process has been created,4688,XmlWinEventLog:Security,XmlWinEventLog,bbbbbsplunkes03,,,MMM,,ppppPWBADDC03$,,success,A new process has been created,failure,,,"execute
os
process
report
security
start
track_event_signatures
windows",,,,"execute
os
process
report
security
start
track_event_signatures
windows",,,ppppPWBADDC03$,-,,,,,Microsoft,,Microsoft Windows
,,,,,MMM,,,ppppPWBADDC03$,,,Security,,,,,,where  /Q repadmin,ppppPWBADDC03.mmm.hhh.ggg,,,,-,4688,<Data Name='SubjectUserSid'>NT AUTHORITY\SYSTEM</Data><Data Name='SubjectUserName'>ppppPWBADDC03$</Data><Data Name='SubjectDomainName'>MMM</Data><Data Name='SubjectLogonId'>0x3e7</Data><Data Name='NewProcessId'>0x27dc</Data><Data Name='NewProcessName'>C:\Windows\System32\where.exe</Data><Data Name='TokenElevationType'>%%1936</Data><Data Name='ProcessId'>0x2540</Data><Data Name='CommandLine'>where  /Q repadmin </Data><Data Name='TargetUserSid'>NULL SID</Data><Data Name='TargetUserName'>-</Data><Data Name='TargetDomainName'>-</Data><Data Name='TargetLogonId'>0x0</Data><Data Name='ParentProcessName'>C:\Windows\System32\cmd.exe</Data><Data Name='MandatoryLabel'>Mandatory Label\System Mandatory Level</Data>,4688.0,998686121,,,,,,,,,,,0x8020000000000000,0,,,,0x3e7,,Mandatory Label\System Mandatory Level,,,,,'Microsoft-Windows-Security-Auditing',0x27dc,C:\Windows\System32\where.exe,,,,,,0,C:\Windows\System32\cmd.exe,,,,'4',0x2540,,where  /Q repadmin,,998686121,,,,,,,MMM,0x3e7,ppppPWBADDC03$,NT AUTHORITY\SYSTEM,,'2026-05-18T19:43:52.7874943Z',<Provider Name='Microsoft-Windows-Security-Auditing' Guid='{54849625-5478-4994-a5ba-3e3b0328c30d}'/><EventID>4688</EventID><Version>2</Version><Level>0</Level><Task>13312</Task><Opcode>0</Opcode><Keywords>0x8020000000000000</Keywords><TimeCreated SystemTime='2026-05-18T19:43:52.7874943Z'/><EventRecordID>998686121</EventRecordID><Correlation/><Execution ProcessID='4' ThreadID='15100'/><Channel>Security</Channel><Computer>ppppPWBADDC03.mmm.hhh.ggg</Computer><Security/>,-,0x0,,,-,NULL SID,,,-,,-,13312,'15100',%%1936,%%1936,1936.0,,,,,2,,,,,2026-05-18T15:43:52.787-0400,allowed,win:unknown,,,,,ppppPWBADDC03.mmm.hhh.ggg,,ppppPWBADDC03.mmm.hhh.ggg,ppppPWBADDC03,998686121,endpoint_services_processes windows_endpoint_processes windows_event_signature windows_process_new wineventlog_security wineventlog_windows winsec,,,ppppPWBADDC03,998686121,occs-sss-windows,1,A new process has been created,C:\Windows\System32\where.exe,0x27dc,where.exe,,,,,,,C:\Windows\System32\cmd.exe,0x2540,cmd.exe,C:\Windows\System32\cmd.exe,C:\Windows\System32\where.exe /Q repadmin,/Q repadmin,where,where.exe,0x27dc,where.exe,C:\Windows\System32\where.exe,Windows,<_='://../////'><><_='---'_='{----}'/><></><></><>,,,,,,,,0x3e7,,,A new process has been created,4688,XmlWinEventLog:Security,XmlWinEventLog,bbbbbsplunkes02,,,MMM,,ppppPWBADDC03$,,success,A new process has been created,failure,,,"execute
os
process
report
security
start
track_event_signatures
windows",,,,"execute
os
process
report
security
start
track_event_signatures
windows",,,ppppPWBADDC03$,-,,,,,Microsoft,,Microsoft Windows
,,,,,MMM,,,ppppPWBADDC03$,,,Security,,,,,,where  /Q repadmin,ppppPWBADDC03.mmm.hhh.ggg,,,,-,4688,<Data Name='SubjectUserSid'>NT AUTHORITY\SYSTEM</Data><Data Name='SubjectUserName'>ppppPWBADDC03$</Data><Data Name='SubjectDomainName'>MMM</Data><Data Name='SubjectLogonId'>0x3e7</Data><Data Name='NewProcessId'>0x3878</Data><Data Name='NewProcessName'>C:\Windows\System32\where.exe</Data><Data Name='TokenElevationType'>%%1936</Data><Data Name='ProcessId'>0x13f0</Data><Data Name='CommandLine'>where  /Q repadmin </Data><Data Name='TargetUserSid'>NULL SID</Data><Data Name='TargetUserName'>-</Data><Data Name='TargetDomainName'>-</Data><Data Name='TargetLogonId'>0x0</Data><Data Name='ParentProcessName'>C:\Windows\System32\cmd.exe</Data><Data Name='MandatoryLabel'>Mandatory Label\System Mandatory Level</Data>,4688.0,998680384,,,,,,,,,,,0x8020000000000000,0,,,,0x3e7,,Mandatory Label\System Mandatory Level,,,,,'Microsoft-Windows-Security-Auditing',0x3878,C:\Windows\System32\where.exe,,,,,,0,C:\Windows\System32\cmd.exe,,,,'4',0x13f0,,where  /Q repadmin,,998680384,,,,,,,MMM,0x3e7,ppppPWBADDC03$,NT AUTHORITY\SYSTEM,,'2026-05-18T19:38:50.4273767Z',<Provider Name='Microsoft-Windows-Security-Auditing' Guid='{54849625-5478-4994-a5ba-3e3b0328c30d}'/><EventID>4688</EventID><Version>2</Version><Level>0</Level><Task>13312</Task><Opcode>0</Opcode><Keywords>0x8020000000000000</Keywords><TimeCreated SystemTime='2026-05-18T19:38:50.4273767Z'/><EventRecordID>998680384</EventRecordID><Correlation/><Execution ProcessID='4' ThreadID='14180'/><Channel>Security</Channel><Computer>ppppPWBADDC03.mmm.hhh.ggg</Computer><Security/>,-,0x0,,,-,NULL SID,,,-,,-,13312,'14180',%%1936,%%1936,1936.0,,,,,2,,,,,2026-05-18T15:38:50.427-0400,allowed,win:unknown,,,,,ppppPWBADDC03.mmm.hhh.ggg,,ppppPWBADDC03.mmm.hhh.ggg,ppppPWBADDC03,998680384,endpoint_services_processes windows_endpoint_processes windows_event_signature windows_process_new wineventlog_security wineventlog_windows winsec,,,ppppPWBADDC03,998680384,occs-sss-windows,1,A new process has been created,C:\Windows\System32\where.exe,0x3878,where.exe,,,,,,,C:\Windows\System32\cmd.exe,0x13f0,cmd.exe,C:\Windows\System32\cmd.exe,C:\Windows\System32\where.exe /Q repadmin,/Q repadmin,where,where.exe,0x3878,where.exe,C:\Windows\System32\where.exe,Windows,<_='://../////'><><_='---'_='{----}'/><></><></><>,,,,,,,,0x3e7,,,A new process has been created,4688,XmlWinEventLog:Security,XmlWinEventLog,bbbbbsplunkes01,,,MMM,,ppppPWBADDC03$,,success,A new process has been created,failure,,,"execute
os
process
report
security
start
track_event_signatures
windows",,,,"execute
os
process
report
security
start
track_event_signatures
windows",,,ppppPWBADDC03$,-,,,,,Microsoft,,Microsoft Windows
